****                   ADMIXTURE Version 1.3.0                  ****
****                    Copyright 2008-2015                     ****
****           David Alexander, Suyash Shringarpure,            ****
****                John  Novembre, Ken Lange                   ****
****                                                            ****
****                 Please cite our paper!                     ****
****   Information at www.genetics.ucla.edu/software/admixture  ****

Cross-validation will be performed.  Folds=5.
Parallel execution requested.  Will use 10 threads.
Random seed: 1722617486
Point estimation method: Block relaxation algorithm
Convergence acceleration algorithm: QuasiNewton, 3 secant conditions
Point estimation will terminate when objective function delta < 0.0001
Estimation of standard errors disabled; will compute point estimates only.
Size of G: 364x3412
Performing five EM steps to prime main algorithm
1 (EM) 	Elapsed: 0.057	Loglikelihood: -450448	(delta): 1.17365e+06
2 (EM) 	Elapsed: 0.054	Loglikelihood: -422153	(delta): 28295.1
3 (EM) 	Elapsed: 0.054	Loglikelihood: -417725	(delta): 4427.87
4 (EM) 	Elapsed: 0.054	Loglikelihood: -415197	(delta): 2527.61
5 (EM) 	Elapsed: 0.054	Loglikelihood: -413270	(delta): 1926.93
Initial loglikelihood: -413270
Starting main algorithm
1 (QN/Block) 	Elapsed: 0.17	Loglikelihood: -342324	(delta): 70946.1
2 (QN/Block) 	Elapsed: 0.202	Loglikelihood: -311282	(delta): 31042
3 (QN/Block) 	Elapsed: 0.175	Loglikelihood: -301763	(delta): 9518.83
4 (QN/Block) 	Elapsed: 0.174	Loglikelihood: -295980	(delta): 5783.4
5 (QN/Block) 	Elapsed: 0.158	Loglikelihood: -294172	(delta): 1807.73
6 (QN/Block) 	Elapsed: 0.159	Loglikelihood: -293738	(delta): 434.266
7 (QN/Block) 	Elapsed: 0.176	Loglikelihood: -293670	(delta): 67.4361
8 (QN/Block) 	Elapsed: 0.162	Loglikelihood: -293653	(delta): 17.9094
9 (QN/Block) 	Elapsed: 0.158	Loglikelihood: -293648	(delta): 4.596
10 (QN/Block) 	Elapsed: 0.158	Loglikelihood: -293647	(delta): 0.646018
11 (QN/Block) 	Elapsed: 0.162	Loglikelihood: -293647	(delta): 0.0281933
12 (QN/Block) 	Elapsed: 0.167	Loglikelihood: -293647	(delta): 0.012972
13 (QN/Block) 	Elapsed: 0.165	Loglikelihood: -293647	(delta): 0.0054116
14 (QN/Block) 	Elapsed: 0.161	Loglikelihood: -293647	(delta): 0.00207488
15 (QN/Block) 	Elapsed: 0.172	Loglikelihood: -293647	(delta): 0.00477287
16 (QN/Block) 	Elapsed: 0.16	Loglikelihood: -293647	(delta): 0.00106129
17 (QN/Block) 	Elapsed: 0.184	Loglikelihood: -293647	(delta): 0.000965652
18 (QN/Block) 	Elapsed: 0.164	Loglikelihood: -293647	(delta): 8.0061e-05
Summary: 
Converged in 18 iterations (3.341 sec)
Loglikelihood: -293647.223867
Fst divergences between estimated populations: 
	Pop0	Pop1	Pop2	Pop3	
Pop0	
Pop1	0.425	
Pop2	0.393	0.407	
Pop3	0.398	0.292	0.348	
Pop4	0.394	0.302	0.362	0.101	
CV error (K=5): 0.17872
Writing output files.
