****                   ADMIXTURE Version 1.3.0                  ****
****                    Copyright 2008-2015                     ****
****           David Alexander, Suyash Shringarpure,            ****
****                John  Novembre, Ken Lange                   ****
****                                                            ****
****                 Please cite our paper!                     ****
****   Information at www.genetics.ucla.edu/software/admixture  ****

Cross-validation will be performed.  Folds=5.
Parallel execution requested.  Will use 10 threads.
Random seed: 1722617494
Point estimation method: Block relaxation algorithm
Convergence acceleration algorithm: QuasiNewton, 3 secant conditions
Point estimation will terminate when objective function delta < 0.0001
Estimation of standard errors disabled; will compute point estimates only.
Size of G: 364x3412
Performing five EM steps to prime main algorithm
1 (EM) 	Elapsed: 0.044	Loglikelihood: -448421	(delta): 1.21803e+06
2 (EM) 	Elapsed: 0.042	Loglikelihood: -421776	(delta): 26644.9
3 (EM) 	Elapsed: 0.043	Loglikelihood: -417399	(delta): 4376.9
4 (EM) 	Elapsed: 0.042	Loglikelihood: -414834	(delta): 2565.09
5 (EM) 	Elapsed: 0.042	Loglikelihood: -412931	(delta): 1902.48
Initial loglikelihood: -412931
Starting main algorithm
1 (QN/Block) 	Elapsed: 0.13	Loglikelihood: -345714	(delta): 67217.4
2 (QN/Block) 	Elapsed: 0.13	Loglikelihood: -320751	(delta): 24962.4
3 (QN/Block) 	Elapsed: 0.133	Loglikelihood: -309301	(delta): 11450
4 (QN/Block) 	Elapsed: 0.132	Loglikelihood: -303088	(delta): 6213.89
5 (QN/Block) 	Elapsed: 0.134	Loglikelihood: -300603	(delta): 2484.36
6 (QN/Block) 	Elapsed: 0.133	Loglikelihood: -300014	(delta): 589.325
7 (QN/Block) 	Elapsed: 0.132	Loglikelihood: -299917	(delta): 97.2473
8 (QN/Block) 	Elapsed: 0.132	Loglikelihood: -299896	(delta): 20.4401
9 (QN/Block) 	Elapsed: 0.133	Loglikelihood: -299894	(delta): 2.5891
10 (QN/Block) 	Elapsed: 0.134	Loglikelihood: -299893	(delta): 0.139599
11 (QN/Block) 	Elapsed: 0.134	Loglikelihood: -299893	(delta): 0.0568425
12 (QN/Block) 	Elapsed: 0.133	Loglikelihood: -299893	(delta): 0.00404683
13 (QN/Block) 	Elapsed: 0.132	Loglikelihood: -299893	(delta): 0.000959691
14 (QN/Block) 	Elapsed: 0.132	Loglikelihood: -299893	(delta): 0.000349163
15 (QN/Block) 	Elapsed: 0.132	Loglikelihood: -299893	(delta): 0.000116031
16 (QN/Block) 	Elapsed: 0.132	Loglikelihood: -299893	(delta): 1.44726e-05
Summary: 
Converged in 16 iterations (2.365 sec)
Loglikelihood: -299893.429920
Fst divergences between estimated populations: 
	Pop0	Pop1	Pop2	
Pop0	
Pop1	0.420	
Pop2	0.382	0.279	
Pop3	0.390	0.406	0.338	
CV error (K=4): 0.18100
Writing output files.
