****                   ADMIXTURE Version 1.3.0                  ****
****                    Copyright 2008-2015                     ****
****           David Alexander, Suyash Shringarpure,            ****
****                John  Novembre, Ken Lange                   ****
****                                                            ****
****                 Please cite our paper!                     ****
****   Information at www.genetics.ucla.edu/software/admixture  ****

Cross-validation will be performed.  Folds=5.
Parallel execution requested.  Will use 10 threads.
Random seed: 1722617389
Point estimation method: Block relaxation algorithm
Convergence acceleration algorithm: QuasiNewton, 3 secant conditions
Point estimation will terminate when objective function delta < 0.0001
Estimation of standard errors disabled; will compute point estimates only.
Size of G: 364x3412
Performing five EM steps to prime main algorithm
1 (EM) 	Elapsed: 0.071	Loglikelihood: -450607	(delta): 1.20035e+06
2 (EM) 	Elapsed: 0.067	Loglikelihood: -422602	(delta): 28005.1
3 (EM) 	Elapsed: 0.066	Loglikelihood: -417717	(delta): 4885.59
4 (EM) 	Elapsed: 0.066	Loglikelihood: -415032	(delta): 2684.8
5 (EM) 	Elapsed: 0.066	Loglikelihood: -413150	(delta): 1882.24
Initial loglikelihood: -413150
Starting main algorithm
1 (QN/Block) 	Elapsed: 0.177	Loglikelihood: -346359	(delta): 66791.1
2 (QN/Block) 	Elapsed: 0.179	Loglikelihood: -317995	(delta): 28363.4
3 (QN/Block) 	Elapsed: 0.187	Loglikelihood: -301209	(delta): 16786.2
4 (QN/Block) 	Elapsed: 0.185	Loglikelihood: -291860	(delta): 9349.19
5 (QN/Block) 	Elapsed: 0.186	Loglikelihood: -288165	(delta): 3695.14
6 (QN/Block) 	Elapsed: 0.185	Loglikelihood: -287270	(delta): 894.605
7 (QN/Block) 	Elapsed: 0.187	Loglikelihood: -287109	(delta): 161.224
8 (QN/Block) 	Elapsed: 0.184	Loglikelihood: -287044	(delta): 65.0327
9 (QN/Block) 	Elapsed: 0.184	Loglikelihood: -287021	(delta): 23.0978
10 (QN/Block) 	Elapsed: 0.189	Loglikelihood: -287012	(delta): 8.32321
11 (QN/Block) 	Elapsed: 0.184	Loglikelihood: -287012	(delta): 0.420947
12 (QN/Block) 	Elapsed: 0.183	Loglikelihood: -287012	(delta): 0.0078245
13 (QN/Block) 	Elapsed: 0.185	Loglikelihood: -287012	(delta): 0.00397354
14 (QN/Block) 	Elapsed: 0.184	Loglikelihood: -287012	(delta): 0.00395944
15 (QN/Block) 	Elapsed: 0.183	Loglikelihood: -287012	(delta): 0.000317336
16 (QN/Block) 	Elapsed: 0.185	Loglikelihood: -287012	(delta): 0.000393451
17 (QN/Block) 	Elapsed: 0.183	Loglikelihood: -287012	(delta): 3.75573e-05
Summary: 
Converged in 17 iterations (3.528 sec)
Loglikelihood: -287011.921058
Fst divergences between estimated populations: 
	Pop0	Pop1	Pop2	Pop3	
Pop0	
Pop1	0.362	
Pop2	0.436	0.418	
Pop3	0.340	0.307	0.428	
Pop4	0.407	0.394	0.467	0.280	
CV error (K=5): 0.17216
Writing output files.
