****                   ADMIXTURE Version 1.3.0                  ****
****                    Copyright 2008-2015                     ****
****           David Alexander, Suyash Shringarpure,            ****
****                John  Novembre, Ken Lange                   ****
****                                                            ****
****                 Please cite our paper!                     ****
****   Information at www.genetics.ucla.edu/software/admixture  ****

Cross-validation will be performed.  Folds=5.
Parallel execution requested.  Will use 10 threads.
Random seed: 1722617335
Point estimation method: Block relaxation algorithm
Convergence acceleration algorithm: QuasiNewton, 3 secant conditions
Point estimation will terminate when objective function delta < 0.0001
Estimation of standard errors disabled; will compute point estimates only.
Size of G: 364x3412
Performing five EM steps to prime main algorithm
1 (EM) 	Elapsed: 0.041	Loglikelihood: -447445	(delta): 1.28921e+06
2 (EM) 	Elapsed: 0.039	Loglikelihood: -421200	(delta): 26244.5
3 (EM) 	Elapsed: 0.038	Loglikelihood: -416774	(delta): 4425.95
4 (EM) 	Elapsed: 0.038	Loglikelihood: -414304	(delta): 2470.13
5 (EM) 	Elapsed: 0.037	Loglikelihood: -412563	(delta): 1740.8
Initial loglikelihood: -412563
Starting main algorithm
1 (QN/Block) 	Elapsed: 0.102	Loglikelihood: -356130	(delta): 56432.8
2 (QN/Block) 	Elapsed: 0.104	Loglikelihood: -340422	(delta): 15708
3 (QN/Block) 	Elapsed: 0.109	Loglikelihood: -333372	(delta): 7050.78
4 (QN/Block) 	Elapsed: 0.108	Loglikelihood: -328919	(delta): 4452.79
5 (QN/Block) 	Elapsed: 0.109	Loglikelihood: -327083	(delta): 1835.42
6 (QN/Block) 	Elapsed: 0.11	Loglikelihood: -326821	(delta): 262.252
7 (QN/Block) 	Elapsed: 0.108	Loglikelihood: -326801	(delta): 20.4901
8 (QN/Block) 	Elapsed: 0.109	Loglikelihood: -326796	(delta): 4.10424
9 (QN/Block) 	Elapsed: 0.108	Loglikelihood: -326795	(delta): 1.08617
10 (QN/Block) 	Elapsed: 0.113	Loglikelihood: -326795	(delta): 0.0393838
11 (QN/Block) 	Elapsed: 0.108	Loglikelihood: -326795	(delta): 0.018955
12 (QN/Block) 	Elapsed: 0.108	Loglikelihood: -326795	(delta): 0.00451875
13 (QN/Block) 	Elapsed: 0.109	Loglikelihood: -326795	(delta): 0.00246941
14 (QN/Block) 	Elapsed: 0.11	Loglikelihood: -326795	(delta): 0.000351799
15 (QN/Block) 	Elapsed: 0.111	Loglikelihood: -326795	(delta): 4.63531e-05
Summary: 
Converged in 15 iterations (1.867 sec)
Loglikelihood: -326795.294081
Fst divergences between estimated populations: 
	Pop0	Pop1	
Pop0	
Pop1	0.285	
Pop2	0.276	0.227	
CV error (K=3): 0.20364
Writing output files.
