****                   ADMIXTURE Version 1.3.0                  ****
****                    Copyright 2008-2015                     ****
****           David Alexander, Suyash Shringarpure,            ****
****                John  Novembre, Ken Lange                   ****
****                                                            ****
****                 Please cite our paper!                     ****
****   Information at www.genetics.ucla.edu/software/admixture  ****

Cross-validation will be performed.  Folds=5.
Parallel execution requested.  Will use 10 threads.
Random seed: 1722617305
Point estimation method: Block relaxation algorithm
Convergence acceleration algorithm: QuasiNewton, 3 secant conditions
Point estimation will terminate when objective function delta < 0.0001
Estimation of standard errors disabled; will compute point estimates only.
Size of G: 364x3412
Performing five EM steps to prime main algorithm
1 (EM) 	Elapsed: 0.052	Loglikelihood: -448439	(delta): 1.23579e+06
2 (EM) 	Elapsed: 0.051	Loglikelihood: -422142	(delta): 26297.4
3 (EM) 	Elapsed: 0.051	Loglikelihood: -417844	(delta): 4297.92
4 (EM) 	Elapsed: 0.051	Loglikelihood: -415525	(delta): 2319.4
5 (EM) 	Elapsed: 0.051	Loglikelihood: -413909	(delta): 1615.87
Initial loglikelihood: -413909
Starting main algorithm
1 (QN/Block) 	Elapsed: 0.147	Loglikelihood: -366622	(delta): 47287
2 (QN/Block) 	Elapsed: 0.148	Loglikelihood: -331457	(delta): 35164.4
3 (QN/Block) 	Elapsed: 0.153	Loglikelihood: -320866	(delta): 10591.4
4 (QN/Block) 	Elapsed: 0.151	Loglikelihood: -314171	(delta): 6694.64
5 (QN/Block) 	Elapsed: 0.136	Loglikelihood: -309199	(delta): 4972.56
6 (QN/Block) 	Elapsed: 0.128	Loglikelihood: -307789	(delta): 1409.84
7 (QN/Block) 	Elapsed: 0.128	Loglikelihood: -307581	(delta): 207.779
8 (QN/Block) 	Elapsed: 0.128	Loglikelihood: -307522	(delta): 58.6279
9 (QN/Block) 	Elapsed: 0.127	Loglikelihood: -307515	(delta): 7.50061
10 (QN/Block) 	Elapsed: 0.138	Loglikelihood: -307514	(delta): 1.13251
11 (QN/Block) 	Elapsed: 0.137	Loglikelihood: -307513	(delta): 0.660569
12 (QN/Block) 	Elapsed: 0.137	Loglikelihood: -307513	(delta): 0.106615
13 (QN/Block) 	Elapsed: 0.136	Loglikelihood: -307513	(delta): 0.0202269
14 (QN/Block) 	Elapsed: 0.143	Loglikelihood: -307513	(delta): 0.00386134
15 (QN/Block) 	Elapsed: 0.145	Loglikelihood: -307513	(delta): 0.00262729
16 (QN/Block) 	Elapsed: 0.132	Loglikelihood: -307513	(delta): 0.00233363
17 (QN/Block) 	Elapsed: 0.132	Loglikelihood: -307513	(delta): 0.000472484
18 (QN/Block) 	Elapsed: 0.136	Loglikelihood: -307513	(delta): 0.000323609
19 (QN/Block) 	Elapsed: 0.138	Loglikelihood: -307513	(delta): 0.000273577
20 (QN/Block) 	Elapsed: 0.137	Loglikelihood: -307513	(delta): 0.000104297
21 (QN/Block) 	Elapsed: 0.137	Loglikelihood: -307513	(delta): 0.000335436
22 (QN/Block) 	Elapsed: 0.134	Loglikelihood: -307513	(delta): 8.04086e-05
Summary: 
Converged in 22 iterations (3.338 sec)
Loglikelihood: -307513.065249
Fst divergences between estimated populations: 
	Pop0	Pop1	Pop2	
Pop0	
Pop1	0.334	
Pop2	0.339	0.358	
Pop3	0.307	0.336	0.362	
CV error (K=4): 0.18815
Writing output files.
