****                   ADMIXTURE Version 1.3.0                  ****
****                    Copyright 2008-2015                     ****
****           David Alexander, Suyash Shringarpure,            ****
****                John  Novembre, Ken Lange                   ****
****                                                            ****
****                 Please cite our paper!                     ****
****   Information at www.genetics.ucla.edu/software/admixture  ****

Cross-validation will be performed.  Folds=5.
Parallel execution requested.  Will use 10 threads.
Random seed: 1722617342
Point estimation method: Block relaxation algorithm
Convergence acceleration algorithm: QuasiNewton, 3 secant conditions
Point estimation will terminate when objective function delta < 0.0001
Estimation of standard errors disabled; will compute point estimates only.
Size of G: 364x3412
Performing five EM steps to prime main algorithm
1 (EM) 	Elapsed: 0.042	Loglikelihood: -445572	(delta): 1.27544e+06
2 (EM) 	Elapsed: 0.039	Loglikelihood: -421360	(delta): 24212.2
3 (EM) 	Elapsed: 0.039	Loglikelihood: -416827	(delta): 4533.31
4 (EM) 	Elapsed: 0.038	Loglikelihood: -414451	(delta): 2376.09
5 (EM) 	Elapsed: 0.038	Loglikelihood: -412977	(delta): 1474.18
Initial loglikelihood: -412977
Starting main algorithm
1 (QN/Block) 	Elapsed: 0.134	Loglikelihood: -368770	(delta): 44206.9
2 (QN/Block) 	Elapsed: 0.127	Loglikelihood: -343661	(delta): 25108.9
3 (QN/Block) 	Elapsed: 0.118	Loglikelihood: -332474	(delta): 11186.5
4 (QN/Block) 	Elapsed: 0.131	Loglikelihood: -324706	(delta): 7768
5 (QN/Block) 	Elapsed: 0.129	Loglikelihood: -321612	(delta): 3094.17
6 (QN/Block) 	Elapsed: 0.131	Loglikelihood: -321101	(delta): 511.018
7 (QN/Block) 	Elapsed: 0.137	Loglikelihood: -321003	(delta): 98.032
8 (QN/Block) 	Elapsed: 0.142	Loglikelihood: -320976	(delta): 26.6797
9 (QN/Block) 	Elapsed: 0.125	Loglikelihood: -320972	(delta): 4.05185
10 (QN/Block) 	Elapsed: 0.121	Loglikelihood: -320972	(delta): 0.334646
11 (QN/Block) 	Elapsed: 0.126	Loglikelihood: -320972	(delta): 0.0488652
12 (QN/Block) 	Elapsed: 0.129	Loglikelihood: -320972	(delta): 0.0304257
13 (QN/Block) 	Elapsed: 0.134	Loglikelihood: -320972	(delta): 0.0137623
14 (QN/Block) 	Elapsed: 0.14	Loglikelihood: -320972	(delta): 0.00503226
15 (QN/Block) 	Elapsed: 0.125	Loglikelihood: -320972	(delta): 0.000229171
16 (QN/Block) 	Elapsed: 0.122	Loglikelihood: -320972	(delta): 0.00013968
17 (QN/Block) 	Elapsed: 0.116	Loglikelihood: -320972	(delta): 0.000143801
18 (QN/Block) 	Elapsed: 0.119	Loglikelihood: -320972	(delta): 0.000189595
19 (QN/Block) 	Elapsed: 0.119	Loglikelihood: -320972	(delta): 0.000199877
20 (QN/Block) 	Elapsed: 0.109	Loglikelihood: -320972	(delta): 8.45199e-06
Summary: 
Converged in 20 iterations (2.786 sec)
Loglikelihood: -320971.942157
Fst divergences between estimated populations: 
	Pop0	Pop1	
Pop0	
Pop1	0.319	
Pop2	0.338	0.296	
CV error (K=3): 0.19730
Writing output files.
