****                   ADMIXTURE Version 1.3.0                  ****
****                    Copyright 2008-2015                     ****
****           David Alexander, Suyash Shringarpure,            ****
****                John  Novembre, Ken Lange                   ****
****                                                            ****
****                 Please cite our paper!                     ****
****   Information at www.genetics.ucla.edu/software/admixture  ****

Cross-validation will be performed.  Folds=5.
Parallel execution requested.  Will use 10 threads.
Random seed: 1722617321
Point estimation method: Block relaxation algorithm
Convergence acceleration algorithm: QuasiNewton, 3 secant conditions
Point estimation will terminate when objective function delta < 0.0001
Estimation of standard errors disabled; will compute point estimates only.
Size of G: 364x3412
Performing five EM steps to prime main algorithm
1 (EM) 	Elapsed: 0.03	Loglikelihood: -435011	(delta): 1.39831e+06
2 (EM) 	Elapsed: 0.029	Loglikelihood: -418796	(delta): 16214.8
3 (EM) 	Elapsed: 0.029	Loglikelihood: -415955	(delta): 2841.45
4 (EM) 	Elapsed: 0.029	Loglikelihood: -414502	(delta): 1452.23
5 (EM) 	Elapsed: 0.029	Loglikelihood: -413711	(delta): 791.865
Initial loglikelihood: -413711
Starting main algorithm
1 (QN/Block) 	Elapsed: 0.098	Loglikelihood: -378319	(delta): 35391.1
2 (QN/Block) 	Elapsed: 0.09	Loglikelihood: -365145	(delta): 13174.3
3 (QN/Block) 	Elapsed: 0.112	Loglikelihood: -357991	(delta): 7154.46
4 (QN/Block) 	Elapsed: 0.117	Loglikelihood: -353965	(delta): 4026.13
5 (QN/Block) 	Elapsed: 0.099	Loglikelihood: -351601	(delta): 2363.85
6 (QN/Block) 	Elapsed: 0.095	Loglikelihood: -351039	(delta): 561.842
7 (QN/Block) 	Elapsed: 0.092	Loglikelihood: -350981	(delta): 58.3699
8 (QN/Block) 	Elapsed: 0.075	Loglikelihood: -350979	(delta): 1.53367
9 (QN/Block) 	Elapsed: 0.084	Loglikelihood: -350979	(delta): 0.0579927
10 (QN/Block) 	Elapsed: 0.083	Loglikelihood: -350979	(delta): 0.0268684
11 (QN/Block) 	Elapsed: 0.084	Loglikelihood: -350979	(delta): 0.00726716
12 (QN/Block) 	Elapsed: 0.078	Loglikelihood: -350979	(delta): 0.0065384
13 (QN/Block) 	Elapsed: 0.072	Loglikelihood: -350979	(delta): 0.000245647
14 (QN/Block) 	Elapsed: 0.071	Loglikelihood: -350979	(delta): 0.000625731
15 (QN/Block) 	Elapsed: 0.073	Loglikelihood: -350979	(delta): 9.21672e-06
Summary: 
Converged in 15 iterations (1.512 sec)
Loglikelihood: -350978.902632
Fst divergences between estimated populations: 
	Pop0	
Pop0	
Pop1	0.247	
CV error (K=2): 0.22213
Writing output files.
