****                   ADMIXTURE Version 1.3.0                  ****
****                    Copyright 2008-2015                     ****
****           David Alexander, Suyash Shringarpure,            ****
****                John  Novembre, Ken Lange                   ****
****                                                            ****
****                 Please cite our paper!                     ****
****   Information at www.genetics.ucla.edu/software/admixture  ****

Cross-validation will be performed.  Folds=5.
Parallel execution requested.  Will use 10 threads.
Random seed: 1722617293
Point estimation method: Block relaxation algorithm
Convergence acceleration algorithm: QuasiNewton, 3 secant conditions
Point estimation will terminate when objective function delta < 0.0001
Estimation of standard errors disabled; will compute point estimates only.
Size of G: 364x3412
Performing five EM steps to prime main algorithm
1 (EM) 	Elapsed: 0.035	Loglikelihood: -436864	(delta): 1.43292e+06
2 (EM) 	Elapsed: 0.034	Loglikelihood: -418899	(delta): 17965.2
3 (EM) 	Elapsed: 0.034	Loglikelihood: -415651	(delta): 3247.84
4 (EM) 	Elapsed: 0.034	Loglikelihood: -414077	(delta): 1573.39
5 (EM) 	Elapsed: 0.034	Loglikelihood: -413191	(delta): 886.633
Initial loglikelihood: -413191
Starting main algorithm
1 (QN/Block) 	Elapsed: 0.104	Loglikelihood: -386490	(delta): 26700.6
2 (QN/Block) 	Elapsed: 0.104	Loglikelihood: -375474	(delta): 11016
3 (QN/Block) 	Elapsed: 0.109	Loglikelihood: -369149	(delta): 6325.2
4 (QN/Block) 	Elapsed: 0.112	Loglikelihood: -364589	(delta): 4560.13
5 (QN/Block) 	Elapsed: 0.11	Loglikelihood: -360732	(delta): 3856.74
6 (QN/Block) 	Elapsed: 0.109	Loglikelihood: -352452	(delta): 8280.33
7 (QN/Block) 	Elapsed: 0.108	Loglikelihood: -351351	(delta): 1100.74
8 (QN/Block) 	Elapsed: 0.107	Loglikelihood: -351064	(delta): 286.823
9 (QN/Block) 	Elapsed: 0.108	Loglikelihood: -350988	(delta): 76.5073
10 (QN/Block) 	Elapsed: 0.107	Loglikelihood: -350979	(delta): 8.56876
11 (QN/Block) 	Elapsed: 0.102	Loglikelihood: -350979	(delta): 0.0842073
12 (QN/Block) 	Elapsed: 0.101	Loglikelihood: -350979	(delta): 0.0594254
13 (QN/Block) 	Elapsed: 0.103	Loglikelihood: -350979	(delta): 0.0108661
14 (QN/Block) 	Elapsed: 0.104	Loglikelihood: -350979	(delta): 0.0023874
15 (QN/Block) 	Elapsed: 0.102	Loglikelihood: -350979	(delta): 0.00230145
16 (QN/Block) 	Elapsed: 0.102	Loglikelihood: -350979	(delta): 0.000913205
17 (QN/Block) 	Elapsed: 0.105	Loglikelihood: -350979	(delta): 0.000298621
18 (QN/Block) 	Elapsed: 0.106	Loglikelihood: -350979	(delta): 0.000183552
19 (QN/Block) 	Elapsed: 0.106	Loglikelihood: -350979	(delta): 0.000164238
20 (QN/Block) 	Elapsed: 0.105	Loglikelihood: -350979	(delta): 0.000106907
21 (QN/Block) 	Elapsed: 0.105	Loglikelihood: -350979	(delta): 4.66174e-06
Summary: 
Converged in 21 iterations (2.439 sec)
Loglikelihood: -350978.902645
Fst divergences between estimated populations: 
	Pop0	
Pop0	
Pop1	0.247	
CV error (K=2): 0.22264
Writing output files.
