****                   ADMIXTURE Version 1.3.0                  ****
****                    Copyright 2008-2015                     ****
****           David Alexander, Suyash Shringarpure,            ****
****                John  Novembre, Ken Lange                   ****
****                                                            ****
****                 Please cite our paper!                     ****
****   Information at www.genetics.ucla.edu/software/admixture  ****

Cross-validation will be performed.  Folds=5.
Parallel execution requested.  Will use 10 threads.
Random seed: 1722617454
Point estimation method: Block relaxation algorithm
Convergence acceleration algorithm: QuasiNewton, 3 secant conditions
Point estimation will terminate when objective function delta < 0.0001
Estimation of standard errors disabled; will compute point estimates only.
Size of G: 364x3412
Performing five EM steps to prime main algorithm
1 (EM) 	Elapsed: 0.061	Loglikelihood: -452899	(delta): 1.17121e+06
2 (EM) 	Elapsed: 0.06	Loglikelihood: -421878	(delta): 31020.7
3 (EM) 	Elapsed: 0.058	Loglikelihood: -416888	(delta): 4990.1
4 (EM) 	Elapsed: 0.058	Loglikelihood: -414156	(delta): 2732.21
5 (EM) 	Elapsed: 0.059	Loglikelihood: -412028	(delta): 2128.09
Initial loglikelihood: -412028
Starting main algorithm
1 (QN/Block) 	Elapsed: 0.19	Loglikelihood: -341953	(delta): 70074.2
2 (QN/Block) 	Elapsed: 0.191	Loglikelihood: -305755	(delta): 36198.4
3 (QN/Block) 	Elapsed: 0.191	Loglikelihood: -291377	(delta): 14378.4
4 (QN/Block) 	Elapsed: 0.188	Loglikelihood: -283914	(delta): 7462.64
5 (QN/Block) 	Elapsed: 0.191	Loglikelihood: -281652	(delta): 2262.19
6 (QN/Block) 	Elapsed: 0.19	Loglikelihood: -281061	(delta): 591.223
7 (QN/Block) 	Elapsed: 0.191	Loglikelihood: -280888	(delta): 172.319
8 (QN/Block) 	Elapsed: 0.191	Loglikelihood: -280839	(delta): 48.8227
9 (QN/Block) 	Elapsed: 0.189	Loglikelihood: -280827	(delta): 12.7975
10 (QN/Block) 	Elapsed: 0.191	Loglikelihood: -280823	(delta): 3.80877
11 (QN/Block) 	Elapsed: 0.19	Loglikelihood: -280822	(delta): 1.01121
12 (QN/Block) 	Elapsed: 0.194	Loglikelihood: -280822	(delta): 0.271873
13 (QN/Block) 	Elapsed: 0.19	Loglikelihood: -280821	(delta): 0.0804172
14 (QN/Block) 	Elapsed: 0.193	Loglikelihood: -280821	(delta): 0.0443316
15 (QN/Block) 	Elapsed: 0.19	Loglikelihood: -280821	(delta): 0.0306534
16 (QN/Block) 	Elapsed: 0.189	Loglikelihood: -280821	(delta): 0.00523594
17 (QN/Block) 	Elapsed: 0.19	Loglikelihood: -280821	(delta): 0.00165593
18 (QN/Block) 	Elapsed: 0.194	Loglikelihood: -280821	(delta): 0.00181639
19 (QN/Block) 	Elapsed: 0.193	Loglikelihood: -280821	(delta): 1.73569e-06
Summary: 
Converged in 19 iterations (3.968 sec)
Loglikelihood: -280821.411967
Fst divergences between estimated populations: 
	Pop0	Pop1	Pop2	Pop3	Pop4	
Pop0	
Pop1	0.350	
Pop2	0.407	0.292	
Pop3	0.364	0.103	0.304	
Pop4	0.362	0.322	0.394	0.321	
Pop5	0.436	0.441	0.468	0.436	0.418	
CV error (K=6): 0.17003
Writing output files.
