****                   ADMIXTURE Version 1.3.0                  ****
****                    Copyright 2008-2015                     ****
****           David Alexander, Suyash Shringarpure,            ****
****                John  Novembre, Ken Lange                   ****
****                                                            ****
****                 Please cite our paper!                     ****
****   Information at www.genetics.ucla.edu/software/admixture  ****

Cross-validation will be performed.  Folds=5.
Parallel execution requested.  Will use 10 threads.
Random seed: 1722617400
Point estimation method: Block relaxation algorithm
Convergence acceleration algorithm: QuasiNewton, 3 secant conditions
Point estimation will terminate when objective function delta < 0.0001
Estimation of standard errors disabled; will compute point estimates only.
Size of G: 364x3412
Performing five EM steps to prime main algorithm
1 (EM) 	Elapsed: 0.022	Loglikelihood: -435128	(delta): 1.42367e+06
2 (EM) 	Elapsed: 0.021	Loglikelihood: -418639	(delta): 16488.9
3 (EM) 	Elapsed: 0.021	Loglikelihood: -415738	(delta): 2901.2
4 (EM) 	Elapsed: 0.021	Loglikelihood: -414243	(delta): 1494.25
5 (EM) 	Elapsed: 0.021	Loglikelihood: -413429	(delta): 814.852
Initial loglikelihood: -413429
Starting main algorithm
1 (QN/Block) 	Elapsed: 0.064	Loglikelihood: -386736	(delta): 26692.9
2 (QN/Block) 	Elapsed: 0.064	Loglikelihood: -375456	(delta): 11279.5
3 (QN/Block) 	Elapsed: 0.068	Loglikelihood: -369070	(delta): 6386.49
4 (QN/Block) 	Elapsed: 0.07	Loglikelihood: -364309	(delta): 4760.73
5 (QN/Block) 	Elapsed: 0.069	Loglikelihood: -355165	(delta): 9144.22
6 (QN/Block) 	Elapsed: 0.069	Loglikelihood: -352219	(delta): 2945.3
7 (QN/Block) 	Elapsed: 0.07	Loglikelihood: -351199	(delta): 1020.85
8 (QN/Block) 	Elapsed: 0.071	Loglikelihood: -350221	(delta): 977.891
9 (QN/Block) 	Elapsed: 0.068	Loglikelihood: -349984	(delta): 236.593
10 (QN/Block) 	Elapsed: 0.069	Loglikelihood: -349932	(delta): 52.3937
11 (QN/Block) 	Elapsed: 0.068	Loglikelihood: -349922	(delta): 9.42268
12 (QN/Block) 	Elapsed: 0.068	Loglikelihood: -349919	(delta): 2.93915
13 (QN/Block) 	Elapsed: 0.071	Loglikelihood: -349919	(delta): 0.117774
14 (QN/Block) 	Elapsed: 0.067	Loglikelihood: -349919	(delta): 0.00588311
15 (QN/Block) 	Elapsed: 0.067	Loglikelihood: -349919	(delta): 0.00911166
16 (QN/Block) 	Elapsed: 0.071	Loglikelihood: -349919	(delta): 0.000625582
17 (QN/Block) 	Elapsed: 0.067	Loglikelihood: -349919	(delta): 2.94773e-05
Summary: 
Converged in 17 iterations (1.309 sec)
Loglikelihood: -349919.260541
Fst divergences between estimated populations: 
	Pop0	
Pop0	
Pop1	0.249	
CV error (K=2): 0.22107
Writing output files.
