****                   ADMIXTURE Version 1.3.0                  ****
****                    Copyright 2008-2015                     ****
****           David Alexander, Suyash Shringarpure,            ****
****                John  Novembre, Ken Lange                   ****
****                                                            ****
****                 Please cite our paper!                     ****
****   Information at www.genetics.ucla.edu/software/admixture  ****

Cross-validation will be performed.  Folds=5.
Parallel execution requested.  Will use 10 threads.
Random seed: 1722618170
Point estimation method: Block relaxation algorithm
Convergence acceleration algorithm: QuasiNewton, 3 secant conditions
Point estimation will terminate when objective function delta < 0.0001
Estimation of standard errors disabled; will compute point estimates only.
Size of G: 364x3412
Performing five EM steps to prime main algorithm
1 (EM) 	Elapsed: 0.086	Loglikelihood: -451563	(delta): 1.1558e+06
2 (EM) 	Elapsed: 0.085	Loglikelihood: -421186	(delta): 30377.1
3 (EM) 	Elapsed: 0.085	Loglikelihood: -416530	(delta): 4656.15
4 (EM) 	Elapsed: 0.086	Loglikelihood: -413858	(delta): 2671.59
5 (EM) 	Elapsed: 0.085	Loglikelihood: -411706	(delta): 2152.31
Initial loglikelihood: -411706
Starting main algorithm
1 (QN/Block) 	Elapsed: 0.257	Loglikelihood: -326672	(delta): 85034.2
2 (QN/Block) 	Elapsed: 0.256	Loglikelihood: -297372	(delta): 29300
3 (QN/Block) 	Elapsed: 0.261	Loglikelihood: -286417	(delta): 10955.2
4 (QN/Block) 	Elapsed: 0.259	Loglikelihood: -281134	(delta): 5282.7
5 (QN/Block) 	Elapsed: 0.259	Loglikelihood: -279493	(delta): 1640.96
6 (QN/Block) 	Elapsed: 0.26	Loglikelihood: -279060	(delta): 433.091
7 (QN/Block) 	Elapsed: 0.26	Loglikelihood: -278966	(delta): 93.9324
8 (QN/Block) 	Elapsed: 0.262	Loglikelihood: -278930	(delta): 36.2267
9 (QN/Block) 	Elapsed: 0.263	Loglikelihood: -278906	(delta): 23.9907
10 (QN/Block) 	Elapsed: 0.26	Loglikelihood: -278884	(delta): 21.3807
11 (QN/Block) 	Elapsed: 0.261	Loglikelihood: -278871	(delta): 12.8461
12 (QN/Block) 	Elapsed: 0.261	Loglikelihood: -278863	(delta): 8.70368
13 (QN/Block) 	Elapsed: 0.26	Loglikelihood: -278857	(delta): 5.60677
14 (QN/Block) 	Elapsed: 0.259	Loglikelihood: -278850	(delta): 7.22771
15 (QN/Block) 	Elapsed: 0.262	Loglikelihood: -278848	(delta): 2.11946
16 (QN/Block) 	Elapsed: 0.262	Loglikelihood: -278844	(delta): 3.53185
17 (QN/Block) 	Elapsed: 0.26	Loglikelihood: -278842	(delta): 2.29029
18 (QN/Block) 	Elapsed: 0.259	Loglikelihood: -278839	(delta): 2.80735
19 (QN/Block) 	Elapsed: 0.261	Loglikelihood: -278838	(delta): 1.27774
20 (QN/Block) 	Elapsed: 0.264	Loglikelihood: -278837	(delta): 0.451008
21 (QN/Block) 	Elapsed: 0.263	Loglikelihood: -278837	(delta): 0.0753064
22 (QN/Block) 	Elapsed: 0.264	Loglikelihood: -278837	(delta): 0.0930873
23 (QN/Block) 	Elapsed: 0.262	Loglikelihood: -278837	(delta): 0.119571
24 (QN/Block) 	Elapsed: 0.263	Loglikelihood: -278837	(delta): 0.160191
25 (QN/Block) 	Elapsed: 0.263	Loglikelihood: -278837	(delta): 0.14397
26 (QN/Block) 	Elapsed: 0.258	Loglikelihood: -278837	(delta): 0.0702887
27 (QN/Block) 	Elapsed: 0.259	Loglikelihood: -278837	(delta): 0.0195174
28 (QN/Block) 	Elapsed: 0.259	Loglikelihood: -278837	(delta): 0.00415406
29 (QN/Block) 	Elapsed: 0.258	Loglikelihood: -278837	(delta): 0.00258053
30 (QN/Block) 	Elapsed: 0.259	Loglikelihood: -278837	(delta): 0.00199459
31 (QN/Block) 	Elapsed: 0.263	Loglikelihood: -278837	(delta): 0.00130283
32 (QN/Block) 	Elapsed: 0.262	Loglikelihood: -278837	(delta): 2.29487e-05
Summary: 
Converged in 32 iterations (8.827 sec)
Loglikelihood: -278836.762913
Fst divergences between estimated populations: 
	Pop0	Pop1	Pop2	Pop3	Pop4	Pop5	
Pop0	
Pop1	0.324	
Pop2	0.363	0.353	
Pop3	0.418	0.443	0.436	
Pop4	0.328	0.120	0.372	0.441	
Pop5	0.395	0.294	0.408	0.468	0.312	
Pop6	0.327	0.027	0.354	0.442	0.118	0.298	
CV error (K=7): 0.17249
Writing output files.
