****                   ADMIXTURE Version 1.3.0                  ****
****                    Copyright 2008-2015                     ****
****           David Alexander, Suyash Shringarpure,            ****
****                John  Novembre, Ken Lange                   ****
****                                                            ****
****                 Please cite our paper!                     ****
****   Information at www.genetics.ucla.edu/software/admixture  ****

Cross-validation will be performed.  Folds=5.
Parallel execution requested.  Will use 10 threads.
Random seed: 1722617845
Point estimation method: Block relaxation algorithm
Convergence acceleration algorithm: QuasiNewton, 3 secant conditions
Point estimation will terminate when objective function delta < 0.0001
Estimation of standard errors disabled; will compute point estimates only.
Size of G: 364x3412
Performing five EM steps to prime main algorithm
1 (EM) 	Elapsed: 0.088	Loglikelihood: -451960	(delta): 1.15264e+06
2 (EM) 	Elapsed: 0.084	Loglikelihood: -421700	(delta): 30260.9
3 (EM) 	Elapsed: 0.086	Loglikelihood: -417139	(delta): 4560.38
4 (EM) 	Elapsed: 0.084	Loglikelihood: -414597	(delta): 2542.11
5 (EM) 	Elapsed: 0.085	Loglikelihood: -412591	(delta): 2006.39
Initial loglikelihood: -412591
Starting main algorithm
1 (QN/Block) 	Elapsed: 0.26	Loglikelihood: -337707	(delta): 74883.6
2 (QN/Block) 	Elapsed: 0.26	Loglikelihood: -308491	(delta): 29216.2
3 (QN/Block) 	Elapsed: 0.304	Loglikelihood: -299157	(delta): 9334.02
4 (QN/Block) 	Elapsed: 0.265	Loglikelihood: -293834	(delta): 5322.84
5 (QN/Block) 	Elapsed: 0.265	Loglikelihood: -291315	(delta): 2519.27
6 (QN/Block) 	Elapsed: 0.265	Loglikelihood: -290488	(delta): 826.543
7 (QN/Block) 	Elapsed: 0.269	Loglikelihood: -287387	(delta): 3101.2
8 (QN/Block) 	Elapsed: 0.266	Loglikelihood: -281216	(delta): 6171.03
9 (QN/Block) 	Elapsed: 0.264	Loglikelihood: -279668	(delta): 1547.95
10 (QN/Block) 	Elapsed: 0.263	Loglikelihood: -279147	(delta): 520.883
11 (QN/Block) 	Elapsed: 0.264	Loglikelihood: -278944	(delta): 203.278
12 (QN/Block) 	Elapsed: 0.267	Loglikelihood: -278900	(delta): 44.2117
13 (QN/Block) 	Elapsed: 0.307	Loglikelihood: -278887	(delta): 12.3331
14 (QN/Block) 	Elapsed: 0.266	Loglikelihood: -278881	(delta): 6.22934
15 (QN/Block) 	Elapsed: 0.266	Loglikelihood: -278876	(delta): 5.41298
16 (QN/Block) 	Elapsed: 0.265	Loglikelihood: -278873	(delta): 2.10904
17 (QN/Block) 	Elapsed: 0.266	Loglikelihood: -278872	(delta): 1.11319
18 (QN/Block) 	Elapsed: 0.265	Loglikelihood: -278872	(delta): 0.352551
19 (QN/Block) 	Elapsed: 0.267	Loglikelihood: -278872	(delta): 0.214614
20 (QN/Block) 	Elapsed: 0.267	Loglikelihood: -278872	(delta): 0.0865655
21 (QN/Block) 	Elapsed: 0.269	Loglikelihood: -278872	(delta): 0.0758881
22 (QN/Block) 	Elapsed: 0.268	Loglikelihood: -278872	(delta): 0.107156
23 (QN/Block) 	Elapsed: 0.268	Loglikelihood: -278871	(delta): 0.18421
24 (QN/Block) 	Elapsed: 0.267	Loglikelihood: -278871	(delta): 0.84301
25 (QN/Block) 	Elapsed: 0.268	Loglikelihood: -278870	(delta): 0.498192
26 (QN/Block) 	Elapsed: 0.265	Loglikelihood: -278870	(delta): 0.334655
27 (QN/Block) 	Elapsed: 0.267	Loglikelihood: -278869	(delta): 0.72944
28 (QN/Block) 	Elapsed: 0.267	Loglikelihood: -278869	(delta): 0.432504
29 (QN/Block) 	Elapsed: 0.269	Loglikelihood: -278868	(delta): 0.265733
30 (QN/Block) 	Elapsed: 0.267	Loglikelihood: -278868	(delta): 0.567935
31 (QN/Block) 	Elapsed: 0.269	Loglikelihood: -278867	(delta): 0.596939
32 (QN/Block) 	Elapsed: 0.265	Loglikelihood: -278866	(delta): 0.620415
33 (QN/Block) 	Elapsed: 0.27	Loglikelihood: -278866	(delta): 0.461586
34 (QN/Block) 	Elapsed: 0.269	Loglikelihood: -278866	(delta): 0.270276
35 (QN/Block) 	Elapsed: 0.269	Loglikelihood: -278865	(delta): 0.297087
36 (QN/Block) 	Elapsed: 0.266	Loglikelihood: -278865	(delta): 0.256488
37 (QN/Block) 	Elapsed: 0.267	Loglikelihood: -278865	(delta): 0.308719
38 (QN/Block) 	Elapsed: 0.267	Loglikelihood: -278864	(delta): 0.556313
39 (QN/Block) 	Elapsed: 0.27	Loglikelihood: -278861	(delta): 2.97897
40 (QN/Block) 	Elapsed: 0.27	Loglikelihood: -278858	(delta): 2.99307
41 (QN/Block) 	Elapsed: 0.268	Loglikelihood: -278855	(delta): 3.00885
42 (QN/Block) 	Elapsed: 0.265	Loglikelihood: -278853	(delta): 1.89812
43 (QN/Block) 	Elapsed: 0.267	Loglikelihood: -278852	(delta): 1.17871
44 (QN/Block) 	Elapsed: 0.27	Loglikelihood: -278851	(delta): 1.04002
45 (QN/Block) 	Elapsed: 0.267	Loglikelihood: -278850	(delta): 0.840355
46 (QN/Block) 	Elapsed: 0.268	Loglikelihood: -278850	(delta): 0.658134
47 (QN/Block) 	Elapsed: 0.269	Loglikelihood: -278849	(delta): 0.460812
48 (QN/Block) 	Elapsed: 0.266	Loglikelihood: -278849	(delta): 0.65273
49 (QN/Block) 	Elapsed: 0.264	Loglikelihood: -278848	(delta): 0.126679
50 (QN/Block) 	Elapsed: 0.262	Loglikelihood: -278848	(delta): 0.119086
51 (QN/Block) 	Elapsed: 0.263	Loglikelihood: -278848	(delta): 0.0379704
52 (QN/Block) 	Elapsed: 0.264	Loglikelihood: -278848	(delta): 0.0130437
53 (QN/Block) 	Elapsed: 0.264	Loglikelihood: -278848	(delta): 0.00460118
54 (QN/Block) 	Elapsed: 0.265	Loglikelihood: -278848	(delta): 0.00364805
55 (QN/Block) 	Elapsed: 0.264	Loglikelihood: -278848	(delta): 0.00217317
56 (QN/Block) 	Elapsed: 0.266	Loglikelihood: -278848	(delta): 0.000859569
57 (QN/Block) 	Elapsed: 0.264	Loglikelihood: -278848	(delta): 0.000301434
58 (QN/Block) 	Elapsed: 0.267	Loglikelihood: -278848	(delta): 0.000114353
59 (QN/Block) 	Elapsed: 0.263	Loglikelihood: -278848	(delta): 0.000101561
60 (QN/Block) 	Elapsed: 0.264	Loglikelihood: -278848	(delta): 2.67196e-05
Summary: 
Converged in 60 iterations (16.586 sec)
Loglikelihood: -278848.299816
Fst divergences between estimated populations: 
	Pop0	Pop1	Pop2	Pop3	Pop4	Pop5	
Pop0	
Pop1	0.436	
Pop2	0.418	0.363	
Pop3	0.441	0.352	0.323	
Pop4	0.441	0.371	0.327	0.113	
Pop5	0.445	0.355	0.327	0.029	0.123	
Pop6	0.468	0.408	0.395	0.291	0.311	0.300	
CV error (K=7): 0.17275
Writing output files.
