****                   ADMIXTURE Version 1.3.0                  ****
****                    Copyright 2008-2015                     ****
****           David Alexander, Suyash Shringarpure,            ****
****                John  Novembre, Ken Lange                   ****
****                                                            ****
****                 Please cite our paper!                     ****
****   Information at www.genetics.ucla.edu/software/admixture  ****

Cross-validation will be performed.  Folds=5.
Parallel execution requested.  Will use 10 threads.
Random seed: 1722617451
Point estimation method: Block relaxation algorithm
Convergence acceleration algorithm: QuasiNewton, 3 secant conditions
Point estimation will terminate when objective function delta < 0.0001
Estimation of standard errors disabled; will compute point estimates only.
Size of G: 364x3412
Performing five EM steps to prime main algorithm
1 (EM) 	Elapsed: 0.027	Loglikelihood: -448218	(delta): 1.28823e+06
2 (EM) 	Elapsed: 0.026	Loglikelihood: -421118	(delta): 27100.4
3 (EM) 	Elapsed: 0.026	Loglikelihood: -416479	(delta): 4638.84
4 (EM) 	Elapsed: 0.026	Loglikelihood: -413823	(delta): 2655.9
5 (EM) 	Elapsed: 0.026	Loglikelihood: -411915	(delta): 1908.18
Initial loglikelihood: -411915
Starting main algorithm
1 (QN/Block) 	Elapsed: 0.085	Loglikelihood: -356606	(delta): 55308.9
2 (QN/Block) 	Elapsed: 0.085	Loglikelihood: -339036	(delta): 17569.8
3 (QN/Block) 	Elapsed: 0.089	Loglikelihood: -330483	(delta): 8553.36
4 (QN/Block) 	Elapsed: 0.091	Loglikelihood: -324378	(delta): 6105.36
5 (QN/Block) 	Elapsed: 0.093	Loglikelihood: -322284	(delta): 2093.45
6 (QN/Block) 	Elapsed: 0.092	Loglikelihood: -321906	(delta): 378.378
7 (QN/Block) 	Elapsed: 0.091	Loglikelihood: -321800	(delta): 105.708
8 (QN/Block) 	Elapsed: 0.092	Loglikelihood: -321781	(delta): 19.0605
9 (QN/Block) 	Elapsed: 0.09	Loglikelihood: -321776	(delta): 5.09107
10 (QN/Block) 	Elapsed: 0.089	Loglikelihood: -321775	(delta): 0.537296
11 (QN/Block) 	Elapsed: 0.089	Loglikelihood: -321775	(delta): 0.0674375
12 (QN/Block) 	Elapsed: 0.089	Loglikelihood: -321775	(delta): 0.00803099
13 (QN/Block) 	Elapsed: 0.088	Loglikelihood: -321775	(delta): 0.00138858
14 (QN/Block) 	Elapsed: 0.089	Loglikelihood: -321775	(delta): 0.000444341
15 (QN/Block) 	Elapsed: 0.089	Loglikelihood: -321775	(delta): 0.000363505
16 (QN/Block) 	Elapsed: 0.089	Loglikelihood: -321775	(delta): 0.000120061
17 (QN/Block) 	Elapsed: 0.091	Loglikelihood: -321775	(delta): 9.32813e-06
Summary: 
Converged in 17 iterations (1.689 sec)
Loglikelihood: -321775.314232
Fst divergences between estimated populations: 
	Pop0	Pop1	
Pop0	
Pop1	0.320	
Pop2	0.343	0.334	
CV error (K=3): 0.19807
Writing output files.
