****                   ADMIXTURE Version 1.3.0                  ****
****                    Copyright 2008-2015                     ****
****           David Alexander, Suyash Shringarpure,            ****
****                John  Novembre, Ken Lange                   ****
****                                                            ****
****                 Please cite our paper!                     ****
****   Information at www.genetics.ucla.edu/software/admixture  ****

Cross-validation will be performed.  Folds=5.
Parallel execution requested.  Will use 10 threads.
Random seed: 1722617300
Point estimation method: Block relaxation algorithm
Convergence acceleration algorithm: QuasiNewton, 3 secant conditions
Point estimation will terminate when objective function delta < 0.0001
Estimation of standard errors disabled; will compute point estimates only.
Size of G: 364x3412
Performing five EM steps to prime main algorithm
1 (EM) 	Elapsed: 0.041	Loglikelihood: -443577	(delta): 1.27816e+06
2 (EM) 	Elapsed: 0.038	Loglikelihood: -420396	(delta): 23180.5
3 (EM) 	Elapsed: 0.038	Loglikelihood: -416615	(delta): 3781.18
4 (EM) 	Elapsed: 0.038	Loglikelihood: -414433	(delta): 2182.58
5 (EM) 	Elapsed: 0.038	Loglikelihood: -412980	(delta): 1452.16
Initial loglikelihood: -412980
Starting main algorithm
1 (QN/Block) 	Elapsed: 0.114	Loglikelihood: -381509	(delta): 31471.8
2 (QN/Block) 	Elapsed: 0.116	Loglikelihood: -356907	(delta): 24601.3
3 (QN/Block) 	Elapsed: 0.121	Loglikelihood: -344352	(delta): 12555.4
4 (QN/Block) 	Elapsed: 0.125	Loglikelihood: -333596	(delta): 10755.7
5 (QN/Block) 	Elapsed: 0.124	Loglikelihood: -324272	(delta): 9324
6 (QN/Block) 	Elapsed: 0.121	Loglikelihood: -322305	(delta): 1966.7
7 (QN/Block) 	Elapsed: 0.123	Loglikelihood: -321970	(delta): 335.399
8 (QN/Block) 	Elapsed: 0.12	Loglikelihood: -321819	(delta): 151.343
9 (QN/Block) 	Elapsed: 0.124	Loglikelihood: -321780	(delta): 38.7576
10 (QN/Block) 	Elapsed: 0.119	Loglikelihood: -321776	(delta): 3.93036
11 (QN/Block) 	Elapsed: 0.12	Loglikelihood: -321775	(delta): 0.557794
12 (QN/Block) 	Elapsed: 0.119	Loglikelihood: -321775	(delta): 0.0874396
13 (QN/Block) 	Elapsed: 0.119	Loglikelihood: -321775	(delta): 0.0154362
14 (QN/Block) 	Elapsed: 0.12	Loglikelihood: -321775	(delta): 0.00871682
15 (QN/Block) 	Elapsed: 0.119	Loglikelihood: -321775	(delta): 0.00954853
16 (QN/Block) 	Elapsed: 0.121	Loglikelihood: -321775	(delta): 0.00212689
17 (QN/Block) 	Elapsed: 0.123	Loglikelihood: -321775	(delta): 0.000594966
18 (QN/Block) 	Elapsed: 0.121	Loglikelihood: -321775	(delta): 1.01727e-05
Summary: 
Converged in 18 iterations (2.411 sec)
Loglikelihood: -321775.352810
Fst divergences between estimated populations: 
	Pop0	Pop1	
Pop0	
Pop1	0.343	
Pop2	0.334	0.320	
CV error (K=3): 0.19824
Writing output files.
