****                   ADMIXTURE Version 1.3.0                  ****
****                    Copyright 2008-2015                     ****
****           David Alexander, Suyash Shringarpure,            ****
****                John  Novembre, Ken Lange                   ****
****                                                            ****
****                 Please cite our paper!                     ****
****   Information at www.genetics.ucla.edu/software/admixture  ****

Cross-validation will be performed.  Folds=5.
Parallel execution requested.  Will use 10 threads.
Random seed: 1722618143
Point estimation method: Block relaxation algorithm
Convergence acceleration algorithm: QuasiNewton, 3 secant conditions
Point estimation will terminate when objective function delta < 0.0001
Estimation of standard errors disabled; will compute point estimates only.
Size of G: 364x3412
Performing five EM steps to prime main algorithm
1 (EM) 	Elapsed: 0.089	Loglikelihood: -452971	(delta): 1.15264e+06
2 (EM) 	Elapsed: 0.086	Loglikelihood: -421937	(delta): 31033.8
3 (EM) 	Elapsed: 0.086	Loglikelihood: -417083	(delta): 4854.71
4 (EM) 	Elapsed: 0.086	Loglikelihood: -414299	(delta): 2783.32
5 (EM) 	Elapsed: 0.086	Loglikelihood: -412096	(delta): 2203.06
Initial loglikelihood: -412096
Starting main algorithm
1 (QN/Block) 	Elapsed: 0.293	Loglikelihood: -323299	(delta): 88797.5
2 (QN/Block) 	Elapsed: 0.262	Loglikelihood: -298652	(delta): 24647
3 (QN/Block) 	Elapsed: 0.268	Loglikelihood: -287570	(delta): 11081.4
4 (QN/Block) 	Elapsed: 0.281	Loglikelihood: -282461	(delta): 5108.83
5 (QN/Block) 	Elapsed: 0.271	Loglikelihood: -280583	(delta): 1878.55
6 (QN/Block) 	Elapsed: 0.272	Loglikelihood: -280016	(delta): 566.718
7 (QN/Block) 	Elapsed: 0.288	Loglikelihood: -279871	(delta): 145.312
8 (QN/Block) 	Elapsed: 0.277	Loglikelihood: -279814	(delta): 56.4398
9 (QN/Block) 	Elapsed: 0.272	Loglikelihood: -279794	(delta): 20.0464
10 (QN/Block) 	Elapsed: 0.267	Loglikelihood: -279787	(delta): 7.70492
11 (QN/Block) 	Elapsed: 0.273	Loglikelihood: -279782	(delta): 4.22602
12 (QN/Block) 	Elapsed: 0.269	Loglikelihood: -279775	(delta): 7.53736
13 (QN/Block) 	Elapsed: 0.265	Loglikelihood: -279770	(delta): 4.67974
14 (QN/Block) 	Elapsed: 0.287	Loglikelihood: -279767	(delta): 3.68049
15 (QN/Block) 	Elapsed: 0.264	Loglikelihood: -279763	(delta): 3.19885
16 (QN/Block) 	Elapsed: 0.282	Loglikelihood: -279760	(delta): 2.96608
17 (QN/Block) 	Elapsed: 0.285	Loglikelihood: -279760	(delta): 0.511864
18 (QN/Block) 	Elapsed: 0.272	Loglikelihood: -279760	(delta): 0.0471927
19 (QN/Block) 	Elapsed: 0.277	Loglikelihood: -279760	(delta): 0.254691
20 (QN/Block) 	Elapsed: 0.274	Loglikelihood: -279758	(delta): 1.14314
21 (QN/Block) 	Elapsed: 0.285	Loglikelihood: -279758	(delta): 0.424965
22 (QN/Block) 	Elapsed: 0.275	Loglikelihood: -279758	(delta): 0.165446
23 (QN/Block) 	Elapsed: 0.274	Loglikelihood: -279758	(delta): 0.213848
24 (QN/Block) 	Elapsed: 0.265	Loglikelihood: -279757	(delta): 0.287032
25 (QN/Block) 	Elapsed: 0.269	Loglikelihood: -279757	(delta): 0.49673
26 (QN/Block) 	Elapsed: 0.27	Loglikelihood: -279757	(delta): 0.337016
27 (QN/Block) 	Elapsed: 0.276	Loglikelihood: -279757	(delta): 0.0198266
28 (QN/Block) 	Elapsed: 0.271	Loglikelihood: -279757	(delta): 0.0215213
29 (QN/Block) 	Elapsed: 0.282	Loglikelihood: -279757	(delta): 0.00682125
30 (QN/Block) 	Elapsed: 0.273	Loglikelihood: -279757	(delta): 0.000454728
31 (QN/Block) 	Elapsed: 0.274	Loglikelihood: -279757	(delta): 0.000157783
32 (QN/Block) 	Elapsed: 0.264	Loglikelihood: -279757	(delta): 3.61512e-05
Summary: 
Converged in 32 iterations (9.278 sec)
Loglikelihood: -279756.505734
Fst divergences between estimated populations: 
	Pop0	Pop1	Pop2	Pop3	Pop4	Pop5	
Pop0	
Pop1	0.364	
Pop2	0.394	0.410	
Pop3	0.418	0.435	0.468	
Pop4	0.322	0.350	0.292	0.441	
Pop5	0.322	0.367	0.304	0.436	0.103	
Pop6	0.370	0.042	0.415	0.445	0.359	0.372	
CV error (K=7): 0.17215
Writing output files.
