****                   ADMIXTURE Version 1.3.0                  ****
****                    Copyright 2008-2015                     ****
****           David Alexander, Suyash Shringarpure,            ****
****                John  Novembre, Ken Lange                   ****
****                                                            ****
****                 Please cite our paper!                     ****
****   Information at www.genetics.ucla.edu/software/admixture  ****

Cross-validation will be performed.  Folds=5.
Parallel execution requested.  Will use 10 threads.
Random seed: 1722617529
Point estimation method: Block relaxation algorithm
Convergence acceleration algorithm: QuasiNewton, 3 secant conditions
Point estimation will terminate when objective function delta < 0.0001
Estimation of standard errors disabled; will compute point estimates only.
Size of G: 364x3412
Performing five EM steps to prime main algorithm
1 (EM) 	Elapsed: 0.044	Loglikelihood: -447533	(delta): 1.23845e+06
2 (EM) 	Elapsed: 0.043	Loglikelihood: -421024	(delta): 26509.1
3 (EM) 	Elapsed: 0.043	Loglikelihood: -415936	(delta): 5087.26
4 (EM) 	Elapsed: 0.043	Loglikelihood: -412978	(delta): 2958.57
5 (EM) 	Elapsed: 0.043	Loglikelihood: -410750	(delta): 2227.59
Initial loglikelihood: -410750
Starting main algorithm
1 (QN/Block) 	Elapsed: 0.134	Loglikelihood: -337234	(delta): 73516.2
2 (QN/Block) 	Elapsed: 0.134	Loglikelihood: -316531	(delta): 20702.8
3 (QN/Block) 	Elapsed: 0.137	Loglikelihood: -309054	(delta): 7477.42
4 (QN/Block) 	Elapsed: 0.137	Loglikelihood: -303326	(delta): 5727.97
5 (QN/Block) 	Elapsed: 0.139	Loglikelihood: -300697	(delta): 2628.82
6 (QN/Block) 	Elapsed: 0.137	Loglikelihood: -300002	(delta): 695.634
7 (QN/Block) 	Elapsed: 0.136	Loglikelihood: -299905	(delta): 96.1168
8 (QN/Block) 	Elapsed: 0.139	Loglikelihood: -299895	(delta): 10.092
9 (QN/Block) 	Elapsed: 0.136	Loglikelihood: -299893	(delta): 1.81549
10 (QN/Block) 	Elapsed: 0.139	Loglikelihood: -299893	(delta): 0.0652584
11 (QN/Block) 	Elapsed: 0.139	Loglikelihood: -299893	(delta): 0.00682351
12 (QN/Block) 	Elapsed: 0.137	Loglikelihood: -299893	(delta): 0.00947641
13 (QN/Block) 	Elapsed: 0.137	Loglikelihood: -299893	(delta): 0.00818191
14 (QN/Block) 	Elapsed: 0.139	Loglikelihood: -299893	(delta): 0.00497782
15 (QN/Block) 	Elapsed: 0.137	Loglikelihood: -299893	(delta): 7.03517e-05
Summary: 
Converged in 15 iterations (2.306 sec)
Loglikelihood: -299893.393006
Fst divergences between estimated populations: 
	Pop0	Pop1	Pop2	
Pop0	
Pop1	0.338	
Pop2	0.390	0.382	
Pop3	0.406	0.279	0.420	
CV error (K=4): 0.18086
Writing output files.
