****                   ADMIXTURE Version 1.3.0                  ****
****                    Copyright 2008-2015                     ****
****           David Alexander, Suyash Shringarpure,            ****
****                John  Novembre, Ken Lange                   ****
****                                                            ****
****                 Please cite our paper!                     ****
****   Information at www.genetics.ucla.edu/software/admixture  ****

Cross-validation will be performed.  Folds=5.
Parallel execution requested.  Will use 10 threads.
Random seed: 1722617333
Point estimation method: Block relaxation algorithm
Convergence acceleration algorithm: QuasiNewton, 3 secant conditions
Point estimation will terminate when objective function delta < 0.0001
Estimation of standard errors disabled; will compute point estimates only.
Size of G: 364x3412
Performing five EM steps to prime main algorithm
1 (EM) 	Elapsed: 0.021	Loglikelihood: -436129	(delta): 1.40992e+06
2 (EM) 	Elapsed: 0.018	Loglikelihood: -419494	(delta): 16635.2
3 (EM) 	Elapsed: 0.018	Loglikelihood: -415978	(delta): 3515.63
4 (EM) 	Elapsed: 0.018	Loglikelihood: -414359	(delta): 1618.72
5 (EM) 	Elapsed: 0.018	Loglikelihood: -413464	(delta): 895.607
Initial loglikelihood: -413464
Starting main algorithm
1 (QN/Block) 	Elapsed: 0.058	Loglikelihood: -378008	(delta): 35455.4
2 (QN/Block) 	Elapsed: 0.068	Loglikelihood: -365049	(delta): 12959
3 (QN/Block) 	Elapsed: 0.062	Loglikelihood: -355924	(delta): 9125.07
4 (QN/Block) 	Elapsed: 0.079	Loglikelihood: -351481	(delta): 4443.65
5 (QN/Block) 	Elapsed: 0.063	Loglikelihood: -350104	(delta): 1377.17
6 (QN/Block) 	Elapsed: 0.062	Loglikelihood: -349960	(delta): 143.081
7 (QN/Block) 	Elapsed: 0.07	Loglikelihood: -349930	(delta): 30.8178
8 (QN/Block) 	Elapsed: 0.065	Loglikelihood: -349920	(delta): 9.19858
9 (QN/Block) 	Elapsed: 0.063	Loglikelihood: -349919	(delta): 1.1191
10 (QN/Block) 	Elapsed: 0.062	Loglikelihood: -349919	(delta): 0.0163807
11 (QN/Block) 	Elapsed: 0.059	Loglikelihood: -349919	(delta): 0.0227282
12 (QN/Block) 	Elapsed: 0.061	Loglikelihood: -349919	(delta): 0.00626669
13 (QN/Block) 	Elapsed: 0.073	Loglikelihood: -349919	(delta): 0.00148464
14 (QN/Block) 	Elapsed: 0.074	Loglikelihood: -349919	(delta): 0.000459032
15 (QN/Block) 	Elapsed: 0.075	Loglikelihood: -349919	(delta): 5.78427e-06
Summary: 
Converged in 15 iterations (1.117 sec)
Loglikelihood: -349919.259555
Fst divergences between estimated populations: 
	Pop0	
Pop0	
Pop1	0.249	
CV error (K=2): 0.22088
Writing output files.
