****                   ADMIXTURE Version 1.3.0                  ****
****                    Copyright 2008-2015                     ****
****           David Alexander, Suyash Shringarpure,            ****
****                John  Novembre, Ken Lange                   ****
****                                                            ****
****                 Please cite our paper!                     ****
****   Information at www.genetics.ucla.edu/software/admixture  ****

Cross-validation will be performed.  Folds=5.
Parallel execution requested.  Will use 10 threads.
Random seed: 1722617338
Point estimation method: Block relaxation algorithm
Convergence acceleration algorithm: QuasiNewton, 3 secant conditions
Point estimation will terminate when objective function delta < 0.0001
Estimation of standard errors disabled; will compute point estimates only.
Size of G: 364x3412
Performing five EM steps to prime main algorithm
1 (EM) 	Elapsed: 0.04	Loglikelihood: -446664	(delta): 1.29329e+06
2 (EM) 	Elapsed: 0.039	Loglikelihood: -421510	(delta): 25153.7
3 (EM) 	Elapsed: 0.038	Loglikelihood: -417067	(delta): 4443.9
4 (EM) 	Elapsed: 0.038	Loglikelihood: -414564	(delta): 2502.28
5 (EM) 	Elapsed: 0.038	Loglikelihood: -412965	(delta): 1599.77
Initial loglikelihood: -412965
Starting main algorithm
1 (QN/Block) 	Elapsed: 0.12	Loglikelihood: -363508	(delta): 49457
2 (QN/Block) 	Elapsed: 0.119	Loglikelihood: -343988	(delta): 19519.4
3 (QN/Block) 	Elapsed: 0.125	Loglikelihood: -334452	(delta): 9535.78
4 (QN/Block) 	Elapsed: 0.127	Loglikelihood: -326508	(delta): 7944.27
5 (QN/Block) 	Elapsed: 0.127	Loglikelihood: -324826	(delta): 1682.52
6 (QN/Block) 	Elapsed: 0.129	Loglikelihood: -323222	(delta): 1603.42
7 (QN/Block) 	Elapsed: 0.125	Loglikelihood: -322940	(delta): 282.257
8 (QN/Block) 	Elapsed: 0.124	Loglikelihood: -322890	(delta): 50.255
9 (QN/Block) 	Elapsed: 0.124	Loglikelihood: -322883	(delta): 7.00281
10 (QN/Block) 	Elapsed: 0.125	Loglikelihood: -322881	(delta): 1.15368
11 (QN/Block) 	Elapsed: 0.125	Loglikelihood: -322881	(delta): 0.0980196
12 (QN/Block) 	Elapsed: 0.126	Loglikelihood: -322881	(delta): 0.0120465
13 (QN/Block) 	Elapsed: 0.124	Loglikelihood: -322881	(delta): 0.00239765
14 (QN/Block) 	Elapsed: 0.124	Loglikelihood: -322881	(delta): 0.000893248
15 (QN/Block) 	Elapsed: 0.124	Loglikelihood: -322881	(delta): 0.0011271
16 (QN/Block) 	Elapsed: 0.124	Loglikelihood: -322881	(delta): 0.000549491
17 (QN/Block) 	Elapsed: 0.125	Loglikelihood: -322881	(delta): 0.000233531
18 (QN/Block) 	Elapsed: 0.124	Loglikelihood: -322881	(delta): 3.11504e-05
Summary: 
Converged in 18 iterations (2.487 sec)
Loglikelihood: -322881.326009
Fst divergences between estimated populations: 
	Pop0	Pop1	
Pop0	
Pop1	0.378	
Pop2	0.358	0.310	
CV error (K=3): 0.19916
Writing output files.
