****                   ADMIXTURE Version 1.3.0                  ****
****                    Copyright 2008-2015                     ****
****           David Alexander, Suyash Shringarpure,            ****
****                John  Novembre, Ken Lange                   ****
****                                                            ****
****                 Please cite our paper!                     ****
****   Information at www.genetics.ucla.edu/software/admixture  ****

Cross-validation will be performed.  Folds=5.
Parallel execution requested.  Will use 10 threads.
Random seed: 1722617433
Point estimation method: Block relaxation algorithm
Convergence acceleration algorithm: QuasiNewton, 3 secant conditions
Point estimation will terminate when objective function delta < 0.0001
Estimation of standard errors disabled; will compute point estimates only.
Size of G: 364x3412
Performing five EM steps to prime main algorithm
1 (EM) 	Elapsed: 0.028	Loglikelihood: -445040	(delta): 1.27885e+06
2 (EM) 	Elapsed: 0.026	Loglikelihood: -421444	(delta): 23596.3
3 (EM) 	Elapsed: 0.026	Loglikelihood: -417236	(delta): 4207.42
4 (EM) 	Elapsed: 0.026	Loglikelihood: -414961	(delta): 2275.86
5 (EM) 	Elapsed: 0.026	Loglikelihood: -413482	(delta): 1478.22
Initial loglikelihood: -413482
Starting main algorithm
1 (QN/Block) 	Elapsed: 0.086	Loglikelihood: -374089	(delta): 39393.7
2 (QN/Block) 	Elapsed: 0.088	Loglikelihood: -353399	(delta): 20689.3
3 (QN/Block) 	Elapsed: 0.091	Loglikelihood: -344965	(delta): 8434.24
4 (QN/Block) 	Elapsed: 0.101	Loglikelihood: -336213	(delta): 8751.59
5 (QN/Block) 	Elapsed: 0.103	Loglikelihood: -323934	(delta): 12279.9
6 (QN/Block) 	Elapsed: 0.099	Loglikelihood: -321802	(delta): 2131.3
7 (QN/Block) 	Elapsed: 0.094	Loglikelihood: -321349	(delta): 452.797
8 (QN/Block) 	Elapsed: 0.095	Loglikelihood: -321050	(delta): 299.781
9 (QN/Block) 	Elapsed: 0.112	Loglikelihood: -320985	(delta): 65.1146
10 (QN/Block) 	Elapsed: 0.105	Loglikelihood: -320974	(delta): 10.813
11 (QN/Block) 	Elapsed: 0.101	Loglikelihood: -320972	(delta): 1.78436
12 (QN/Block) 	Elapsed: 0.102	Loglikelihood: -320972	(delta): 0.0256122
13 (QN/Block) 	Elapsed: 0.118	Loglikelihood: -320972	(delta): 0.00674205
14 (QN/Block) 	Elapsed: 0.091	Loglikelihood: -320972	(delta): 0.0100119
15 (QN/Block) 	Elapsed: 0.102	Loglikelihood: -320972	(delta): 0.00587237
16 (QN/Block) 	Elapsed: 0.089	Loglikelihood: -320972	(delta): 0.000881196
17 (QN/Block) 	Elapsed: 0.1	Loglikelihood: -320972	(delta): 0.000298121
18 (QN/Block) 	Elapsed: 0.107	Loglikelihood: -320972	(delta): 0.000676886
19 (QN/Block) 	Elapsed: 0.092	Loglikelihood: -320972	(delta): 0.000437082
20 (QN/Block) 	Elapsed: 0.106	Loglikelihood: -320972	(delta): 0.000487488
21 (QN/Block) 	Elapsed: 0.102	Loglikelihood: -320972	(delta): 1.54512e-05
Summary: 
Converged in 21 iterations (2.256 sec)
Loglikelihood: -320971.881851
Fst divergences between estimated populations: 
	Pop0	Pop1	
Pop0	
Pop1	0.296	
Pop2	0.338	0.319	
CV error (K=3): 0.19738
Writing output files.
