****                   ADMIXTURE Version 1.3.0                  ****
****                    Copyright 2008-2015                     ****
****           David Alexander, Suyash Shringarpure,            ****
****                John  Novembre, Ken Lange                   ****
****                                                            ****
****                 Please cite our paper!                     ****
****   Information at www.genetics.ucla.edu/software/admixture  ****

Cross-validation will be performed.  Folds=5.
Parallel execution requested.  Will use 10 threads.
Random seed: 1722617309
Point estimation method: Block relaxation algorithm
Convergence acceleration algorithm: QuasiNewton, 3 secant conditions
Point estimation will terminate when objective function delta < 0.0001
Estimation of standard errors disabled; will compute point estimates only.
Size of G: 364x3412
Performing five EM steps to prime main algorithm
1 (EM) 	Elapsed: 0.097	Loglikelihood: -452143	(delta): 1.16882e+06
2 (EM) 	Elapsed: 0.092	Loglikelihood: -421470	(delta): 30673.3
3 (EM) 	Elapsed: 0.092	Loglikelihood: -416543	(delta): 4927.22
4 (EM) 	Elapsed: 0.092	Loglikelihood: -413599	(delta): 2943.4
5 (EM) 	Elapsed: 0.091	Loglikelihood: -411243	(delta): 2355.81
Initial loglikelihood: -411243
Starting main algorithm
1 (QN/Block) 	Elapsed: 0.206	Loglikelihood: -334032	(delta): 77211.8
2 (QN/Block) 	Elapsed: 0.203	Loglikelihood: -305367	(delta): 28664.4
3 (QN/Block) 	Elapsed: 0.206	Loglikelihood: -291155	(delta): 14211.8
4 (QN/Block) 	Elapsed: 0.237	Loglikelihood: -284445	(delta): 6710.77
5 (QN/Block) 	Elapsed: 0.204	Loglikelihood: -281409	(delta): 3035.59
6 (QN/Block) 	Elapsed: 0.201	Loglikelihood: -280975	(delta): 434.383
7 (QN/Block) 	Elapsed: 0.192	Loglikelihood: -280877	(delta): 97.9639
8 (QN/Block) 	Elapsed: 0.198	Loglikelihood: -280832	(delta): 45.1227
9 (QN/Block) 	Elapsed: 0.207	Loglikelihood: -280822	(delta): 9.38665
10 (QN/Block) 	Elapsed: 0.191	Loglikelihood: -280822	(delta): 0.502103
11 (QN/Block) 	Elapsed: 0.197	Loglikelihood: -280821	(delta): 0.150191
12 (QN/Block) 	Elapsed: 0.193	Loglikelihood: -280821	(delta): 0.0445851
13 (QN/Block) 	Elapsed: 0.202	Loglikelihood: -280821	(delta): 0.030754
14 (QN/Block) 	Elapsed: 0.205	Loglikelihood: -280821	(delta): 0.00413204
15 (QN/Block) 	Elapsed: 0.23	Loglikelihood: -280821	(delta): 0.00299501
16 (QN/Block) 	Elapsed: 0.194	Loglikelihood: -280821	(delta): 7.30797e-06
Summary: 
Converged in 16 iterations (3.784 sec)
Loglikelihood: -280821.412524
Fst divergences between estimated populations: 
	Pop0	Pop1	Pop2	Pop3	Pop4	
Pop0	
Pop1	0.418	
Pop2	0.436	0.321	
Pop3	0.441	0.322	0.103	
Pop4	0.436	0.362	0.364	0.350	
Pop5	0.468	0.394	0.304	0.292	0.407	
CV error (K=6): 0.17023
Writing output files.
