****                   ADMIXTURE Version 1.3.0                  ****
****                    Copyright 2008-2015                     ****
****           David Alexander, Suyash Shringarpure,            ****
****                John  Novembre, Ken Lange                   ****
****                                                            ****
****                 Please cite our paper!                     ****
****   Information at www.genetics.ucla.edu/software/admixture  ****

Cross-validation will be performed.  Folds=5.
Parallel execution requested.  Will use 10 threads.
Random seed: 1722617303
Point estimation method: Block relaxation algorithm
Convergence acceleration algorithm: QuasiNewton, 3 secant conditions
Point estimation will terminate when objective function delta < 0.0001
Estimation of standard errors disabled; will compute point estimates only.
Size of G: 364x3412
Performing five EM steps to prime main algorithm
1 (EM) 	Elapsed: 0.031	Loglikelihood: -434137	(delta): 1.39943e+06
2 (EM) 	Elapsed: 0.029	Loglikelihood: -418705	(delta): 15432.8
3 (EM) 	Elapsed: 0.03	Loglikelihood: -415767	(delta): 2937.34
4 (EM) 	Elapsed: 0.029	Loglikelihood: -414287	(delta): 1480.49
5 (EM) 	Elapsed: 0.029	Loglikelihood: -413474	(delta): 813.014
Initial loglikelihood: -413474
Starting main algorithm
1 (QN/Block) 	Elapsed: 0.1	Loglikelihood: -394882	(delta): 18591.7
2 (QN/Block) 	Elapsed: 0.107	Loglikelihood: -381587	(delta): 13294.8
3 (QN/Block) 	Elapsed: 0.111	Loglikelihood: -375872	(delta): 5714.94
4 (QN/Block) 	Elapsed: 0.097	Loglikelihood: -368795	(delta): 7076.98
5 (QN/Block) 	Elapsed: 0.097	Loglikelihood: -363477	(delta): 5317.95
6 (QN/Block) 	Elapsed: 0.126	Loglikelihood: -356802	(delta): 6675.9
7 (QN/Block) 	Elapsed: 0.114	Loglikelihood: -352291	(delta): 4510.62
8 (QN/Block) 	Elapsed: 0.124	Loglikelihood: -351303	(delta): 987.716
9 (QN/Block) 	Elapsed: 0.095	Loglikelihood: -351073	(delta): 230.322
10 (QN/Block) 	Elapsed: 0.096	Loglikelihood: -350989	(delta): 84.1126
11 (QN/Block) 	Elapsed: 0.097	Loglikelihood: -350979	(delta): 9.62556
12 (QN/Block) 	Elapsed: 0.114	Loglikelihood: -350979	(delta): 0.142448
13 (QN/Block) 	Elapsed: 0.106	Loglikelihood: -350979	(delta): 0.0640469
14 (QN/Block) 	Elapsed: 0.106	Loglikelihood: -350979	(delta): 0.00379361
15 (QN/Block) 	Elapsed: 0.102	Loglikelihood: -350979	(delta): 0.000885089
16 (QN/Block) 	Elapsed: 0.099	Loglikelihood: -350979	(delta): 0.000848036
17 (QN/Block) 	Elapsed: 0.095	Loglikelihood: -350979	(delta): 0.000664659
18 (QN/Block) 	Elapsed: 0.094	Loglikelihood: -350979	(delta): 7.64569e-05
Summary: 
Converged in 18 iterations (2.075 sec)
Loglikelihood: -350978.902709
Fst divergences between estimated populations: 
	Pop0	
Pop0	
Pop1	0.247	
CV error (K=2): 0.22221
Writing output files.
