****                   ADMIXTURE Version 1.3.0                  ****
****                    Copyright 2008-2015                     ****
****           David Alexander, Suyash Shringarpure,            ****
****                John  Novembre, Ken Lange                   ****
****                                                            ****
****                 Please cite our paper!                     ****
****   Information at www.genetics.ucla.edu/software/admixture  ****

Cross-validation will be performed.  Folds=5.
Parallel execution requested.  Will use 10 threads.
Random seed: 1722617658
Point estimation method: Block relaxation algorithm
Convergence acceleration algorithm: QuasiNewton, 3 secant conditions
Point estimation will terminate when objective function delta < 0.0001
Estimation of standard errors disabled; will compute point estimates only.
Size of G: 364x3412
Performing five EM steps to prime main algorithm
1 (EM) 	Elapsed: 0.08	Loglikelihood: -452295	(delta): 1.17628e+06
2 (EM) 	Elapsed: 0.078	Loglikelihood: -421917	(delta): 30378.1
3 (EM) 	Elapsed: 0.078	Loglikelihood: -417155	(delta): 4762.13
4 (EM) 	Elapsed: 0.078	Loglikelihood: -414474	(delta): 2681.45
5 (EM) 	Elapsed: 0.079	Loglikelihood: -412368	(delta): 2105.38
Initial loglikelihood: -412368
Starting main algorithm
1 (QN/Block) 	Elapsed: 0.245	Loglikelihood: -335351	(delta): 77017.8
2 (QN/Block) 	Elapsed: 0.245	Loglikelihood: -304624	(delta): 30726.7
3 (QN/Block) 	Elapsed: 0.25	Loglikelihood: -291020	(delta): 13603.6
4 (QN/Block) 	Elapsed: 0.249	Loglikelihood: -284520	(delta): 6500.27
5 (QN/Block) 	Elapsed: 0.249	Loglikelihood: -281827	(delta): 2693.03
6 (QN/Block) 	Elapsed: 0.251	Loglikelihood: -281023	(delta): 804.249
7 (QN/Block) 	Elapsed: 0.251	Loglikelihood: -280878	(delta): 144.719
8 (QN/Block) 	Elapsed: 0.249	Loglikelihood: -280843	(delta): 34.5638
9 (QN/Block) 	Elapsed: 0.249	Loglikelihood: -280827	(delta): 16.5547
10 (QN/Block) 	Elapsed: 0.252	Loglikelihood: -280822	(delta): 4.66877
11 (QN/Block) 	Elapsed: 0.251	Loglikelihood: -280822	(delta): 0.22648
12 (QN/Block) 	Elapsed: 0.252	Loglikelihood: -280822	(delta): 0.106207
13 (QN/Block) 	Elapsed: 0.248	Loglikelihood: -280822	(delta): 0.0592617
14 (QN/Block) 	Elapsed: 0.252	Loglikelihood: -280822	(delta): 0.0319039
15 (QN/Block) 	Elapsed: 0.251	Loglikelihood: -280822	(delta): 0.0134106
16 (QN/Block) 	Elapsed: 0.25	Loglikelihood: -280822	(delta): 0.00833352
17 (QN/Block) 	Elapsed: 0.248	Loglikelihood: -280822	(delta): 0.00628996
18 (QN/Block) 	Elapsed: 0.248	Loglikelihood: -280822	(delta): 0.00423206
19 (QN/Block) 	Elapsed: 0.251	Loglikelihood: -280822	(delta): 0.00120564
20 (QN/Block) 	Elapsed: 0.251	Loglikelihood: -280822	(delta): 0.000418363
21 (QN/Block) 	Elapsed: 0.251	Loglikelihood: -280822	(delta): 4.42681e-06
Summary: 
Converged in 21 iterations (5.682 sec)
Loglikelihood: -280821.730407
Fst divergences between estimated populations: 
	Pop0	Pop1	Pop2	Pop3	Pop4	
Pop0	
Pop1	0.436	
Pop2	0.321	0.418	
Pop3	0.103	0.441	0.322	
Pop4	0.364	0.436	0.362	0.350	
Pop5	0.304	0.468	0.394	0.292	0.407	
CV error (K=6): 0.16994
Writing output files.
