****                   ADMIXTURE Version 1.3.0                  ****
****                    Copyright 2008-2015                     ****
****           David Alexander, Suyash Shringarpure,            ****
****                John  Novembre, Ken Lange                   ****
****                                                            ****
****                 Please cite our paper!                     ****
****   Information at www.genetics.ucla.edu/software/admixture  ****

Cross-validation will be performed.  Folds=5.
Parallel execution requested.  Will use 10 threads.
Random seed: 1722617546
Point estimation method: Block relaxation algorithm
Convergence acceleration algorithm: QuasiNewton, 3 secant conditions
Point estimation will terminate when objective function delta < 0.0001
Estimation of standard errors disabled; will compute point estimates only.
Size of G: 364x3412
Performing five EM steps to prime main algorithm
1 (EM) 	Elapsed: 0.058	Loglikelihood: -451401	(delta): 1.20209e+06
2 (EM) 	Elapsed: 0.054	Loglikelihood: -421983	(delta): 29418.7
3 (EM) 	Elapsed: 0.055	Loglikelihood: -417227	(delta): 4755.85
4 (EM) 	Elapsed: 0.054	Loglikelihood: -414651	(delta): 2575.67
5 (EM) 	Elapsed: 0.054	Loglikelihood: -412736	(delta): 1915.64
Initial loglikelihood: -412736
Starting main algorithm
1 (QN/Block) 	Elapsed: 0.159	Loglikelihood: -358626	(delta): 54109.2
2 (QN/Block) 	Elapsed: 0.16	Loglikelihood: -322151	(delta): 36475.2
3 (QN/Block) 	Elapsed: 0.162	Loglikelihood: -306656	(delta): 15494.7
4 (QN/Block) 	Elapsed: 0.162	Loglikelihood: -299712	(delta): 6944.41
5 (QN/Block) 	Elapsed: 0.161	Loglikelihood: -296492	(delta): 3220.02
6 (QN/Block) 	Elapsed: 0.162	Loglikelihood: -295647	(delta): 844.807
7 (QN/Block) 	Elapsed: 0.162	Loglikelihood: -295078	(delta): 568.905
8 (QN/Block) 	Elapsed: 0.165	Loglikelihood: -294322	(delta): 756.28
9 (QN/Block) 	Elapsed: 0.165	Loglikelihood: -293743	(delta): 578.862
10 (QN/Block) 	Elapsed: 0.164	Loglikelihood: -293675	(delta): 68.5061
11 (QN/Block) 	Elapsed: 0.161	Loglikelihood: -293652	(delta): 22.2292
12 (QN/Block) 	Elapsed: 0.161	Loglikelihood: -293647	(delta): 5.20841
13 (QN/Block) 	Elapsed: 0.164	Loglikelihood: -293647	(delta): 0.128387
14 (QN/Block) 	Elapsed: 0.163	Loglikelihood: -293647	(delta): 0.0203266
15 (QN/Block) 	Elapsed: 0.164	Loglikelihood: -293647	(delta): 0.00452208
16 (QN/Block) 	Elapsed: 0.162	Loglikelihood: -293647	(delta): 0.00222809
17 (QN/Block) 	Elapsed: 0.161	Loglikelihood: -293647	(delta): 0.00360534
18 (QN/Block) 	Elapsed: 0.161	Loglikelihood: -293647	(delta): 0.00085733
19 (QN/Block) 	Elapsed: 0.162	Loglikelihood: -293647	(delta): 0.000527159
20 (QN/Block) 	Elapsed: 0.162	Loglikelihood: -293647	(delta): 0.000594471
21 (QN/Block) 	Elapsed: 0.163	Loglikelihood: -293647	(delta): 0.000408354
22 (QN/Block) 	Elapsed: 0.163	Loglikelihood: -293647	(delta): 0.000173623
23 (QN/Block) 	Elapsed: 0.161	Loglikelihood: -293647	(delta): 0.000162402
24 (QN/Block) 	Elapsed: 0.161	Loglikelihood: -293647	(delta): 1.60785e-05
Summary: 
Converged in 24 iterations (4.214 sec)
Loglikelihood: -293647.056155
Fst divergences between estimated populations: 
	Pop0	Pop1	Pop2	Pop3	
Pop0	
Pop1	0.292	
Pop2	0.407	0.348	
Pop3	0.425	0.398	0.393	
Pop4	0.302	0.101	0.362	0.394	
CV error (K=5): 0.17824
Writing output files.
