****                   ADMIXTURE Version 1.3.0                  ****
****                    Copyright 2008-2015                     ****
****           David Alexander, Suyash Shringarpure,            ****
****                John  Novembre, Ken Lange                   ****
****                                                            ****
****                 Please cite our paper!                     ****
****   Information at www.genetics.ucla.edu/software/admixture  ****

Cross-validation will be performed.  Folds=5.
Parallel execution requested.  Will use 10 threads.
Random seed: 1722617309
Point estimation method: Block relaxation algorithm
Convergence acceleration algorithm: QuasiNewton, 3 secant conditions
Point estimation will terminate when objective function delta < 0.0001
Estimation of standard errors disabled; will compute point estimates only.
Size of G: 364x3412
Performing five EM steps to prime main algorithm
1 (EM) 	Elapsed: 0.026	Loglikelihood: -434531	(delta): 1.40013e+06
2 (EM) 	Elapsed: 0.025	Loglikelihood: -418649	(delta): 15882
3 (EM) 	Elapsed: 0.024	Loglikelihood: -415682	(delta): 2967.59
4 (EM) 	Elapsed: 0.024	Loglikelihood: -414123	(delta): 1559.11
5 (EM) 	Elapsed: 0.024	Loglikelihood: -413206	(delta): 916.331
Initial loglikelihood: -413206
Starting main algorithm
1 (QN/Block) 	Elapsed: 0.07	Loglikelihood: -376548	(delta): 36658.5
2 (QN/Block) 	Elapsed: 0.07	Loglikelihood: -364678	(delta): 11869.8
3 (QN/Block) 	Elapsed: 0.075	Loglikelihood: -356230	(delta): 8447.45
4 (QN/Block) 	Elapsed: 0.076	Loglikelihood: -352513	(delta): 3717.17
5 (QN/Block) 	Elapsed: 0.076	Loglikelihood: -351227	(delta): 1286.6
6 (QN/Block) 	Elapsed: 0.075	Loglikelihood: -351002	(delta): 224.771
7 (QN/Block) 	Elapsed: 0.076	Loglikelihood: -350980	(delta): 21.7724
8 (QN/Block) 	Elapsed: 0.074	Loglikelihood: -350979	(delta): 1.10091
9 (QN/Block) 	Elapsed: 0.074	Loglikelihood: -350979	(delta): 0.114249
10 (QN/Block) 	Elapsed: 0.074	Loglikelihood: -350979	(delta): 0.0471093
11 (QN/Block) 	Elapsed: 0.073	Loglikelihood: -350979	(delta): 0.0126336
12 (QN/Block) 	Elapsed: 0.074	Loglikelihood: -350979	(delta): 0.00142605
13 (QN/Block) 	Elapsed: 0.077	Loglikelihood: -350979	(delta): 0.00107546
14 (QN/Block) 	Elapsed: 0.078	Loglikelihood: -350979	(delta): 0.00034104
15 (QN/Block) 	Elapsed: 0.077	Loglikelihood: -350979	(delta): 0.000302348
16 (QN/Block) 	Elapsed: 0.078	Loglikelihood: -350979	(delta): 0.000129385
17 (QN/Block) 	Elapsed: 0.074	Loglikelihood: -350979	(delta): 0.000169954
18 (QN/Block) 	Elapsed: 0.074	Loglikelihood: -350979	(delta): 2.19305e-05
Summary: 
Converged in 18 iterations (1.512 sec)
Loglikelihood: -350978.902642
Fst divergences between estimated populations: 
	Pop0	
Pop0	
Pop1	0.247	
CV error (K=2): 0.22236
Writing output files.
