****                   ADMIXTURE Version 1.3.0                  ****
****                    Copyright 2008-2015                     ****
****           David Alexander, Suyash Shringarpure,            ****
****                John  Novembre, Ken Lange                   ****
****                                                            ****
****                 Please cite our paper!                     ****
****   Information at www.genetics.ucla.edu/software/admixture  ****

Cross-validation will be performed.  Folds=5.
Parallel execution requested.  Will use 10 threads.
Random seed: 1722617356
Point estimation method: Block relaxation algorithm
Convergence acceleration algorithm: QuasiNewton, 3 secant conditions
Point estimation will terminate when objective function delta < 0.0001
Estimation of standard errors disabled; will compute point estimates only.
Size of G: 364x3412
Performing five EM steps to prime main algorithm
1 (EM) 	Elapsed: 0.02	Loglikelihood: -433397	(delta): 1.43862e+06
2 (EM) 	Elapsed: 0.018	Loglikelihood: -418036	(delta): 15360.3
3 (EM) 	Elapsed: 0.018	Loglikelihood: -415019	(delta): 3017.14
4 (EM) 	Elapsed: 0.018	Loglikelihood: -413432	(delta): 1587.18
5 (EM) 	Elapsed: 0.018	Loglikelihood: -412539	(delta): 892.582
Initial loglikelihood: -412539
Starting main algorithm
1 (QN/Block) 	Elapsed: 0.057	Loglikelihood: -387156	(delta): 25383.5
2 (QN/Block) 	Elapsed: 0.065	Loglikelihood: -376436	(delta): 10719.7
3 (QN/Block) 	Elapsed: 0.06	Loglikelihood: -368103	(delta): 8332.93
4 (QN/Block) 	Elapsed: 0.07	Loglikelihood: -363350	(delta): 4753.19
5 (QN/Block) 	Elapsed: 0.07	Loglikelihood: -358241	(delta): 5109.24
6 (QN/Block) 	Elapsed: 0.063	Loglikelihood: -351974	(delta): 6266.64
7 (QN/Block) 	Elapsed: 0.059	Loglikelihood: -351076	(delta): 898.501
8 (QN/Block) 	Elapsed: 0.074	Loglikelihood: -351007	(delta): 68.4383
9 (QN/Block) 	Elapsed: 0.06	Loglikelihood: -350983	(delta): 24.4208
10 (QN/Block) 	Elapsed: 0.06	Loglikelihood: -350979	(delta): 3.56095
11 (QN/Block) 	Elapsed: 0.066	Loglikelihood: -350979	(delta): 0.239501
12 (QN/Block) 	Elapsed: 0.068	Loglikelihood: -350979	(delta): 0.0404754
13 (QN/Block) 	Elapsed: 0.062	Loglikelihood: -350979	(delta): 0.00508457
14 (QN/Block) 	Elapsed: 0.078	Loglikelihood: -350979	(delta): 0.00119656
15 (QN/Block) 	Elapsed: 0.06	Loglikelihood: -350979	(delta): 0.000773444
16 (QN/Block) 	Elapsed: 0.067	Loglikelihood: -350979	(delta): 0.000250451
17 (QN/Block) 	Elapsed: 0.064	Loglikelihood: -350979	(delta): 6.25855e-06
Summary: 
Converged in 17 iterations (1.226 sec)
Loglikelihood: -350978.902632
Fst divergences between estimated populations: 
	Pop0	
Pop0	
Pop1	0.247	
CV error (K=2): 0.22223
Writing output files.
