****                   ADMIXTURE Version 1.3.0                  ****
****                    Copyright 2008-2015                     ****
****           David Alexander, Suyash Shringarpure,            ****
****                John  Novembre, Ken Lange                   ****
****                                                            ****
****                 Please cite our paper!                     ****
****   Information at www.genetics.ucla.edu/software/admixture  ****

Cross-validation will be performed.  Folds=5.
Parallel execution requested.  Will use 10 threads.
Random seed: 1722617331
Point estimation method: Block relaxation algorithm
Convergence acceleration algorithm: QuasiNewton, 3 secant conditions
Point estimation will terminate when objective function delta < 0.0001
Estimation of standard errors disabled; will compute point estimates only.
Size of G: 364x3412
Performing five EM steps to prime main algorithm
1 (EM) 	Elapsed: 0.086	Loglikelihood: -450641	(delta): 1.16941e+06
2 (EM) 	Elapsed: 0.082	Loglikelihood: -421193	(delta): 29447.8
3 (EM) 	Elapsed: 0.081	Loglikelihood: -416512	(delta): 4681.06
4 (EM) 	Elapsed: 0.082	Loglikelihood: -413754	(delta): 2757.62
5 (EM) 	Elapsed: 0.081	Loglikelihood: -411455	(delta): 2299.42
Initial loglikelihood: -411455
Starting main algorithm
1 (QN/Block) 	Elapsed: 0.234	Loglikelihood: -336282	(delta): 75172.5
2 (QN/Block) 	Elapsed: 0.232	Loglikelihood: -309829	(delta): 26453.1
3 (QN/Block) 	Elapsed: 0.24	Loglikelihood: -294493	(delta): 15336.6
4 (QN/Block) 	Elapsed: 0.24	Loglikelihood: -284577	(delta): 9916.05
5 (QN/Block) 	Elapsed: 0.24	Loglikelihood: -281647	(delta): 2929.31
6 (QN/Block) 	Elapsed: 0.239	Loglikelihood: -280956	(delta): 691.066
7 (QN/Block) 	Elapsed: 0.24	Loglikelihood: -280856	(delta): 100.326
8 (QN/Block) 	Elapsed: 0.241	Loglikelihood: -280835	(delta): 20.7854
9 (QN/Block) 	Elapsed: 0.239	Loglikelihood: -280826	(delta): 8.89445
10 (QN/Block) 	Elapsed: 0.244	Loglikelihood: -280822	(delta): 4.17266
11 (QN/Block) 	Elapsed: 0.239	Loglikelihood: -280821	(delta): 0.602983
12 (QN/Block) 	Elapsed: 0.24	Loglikelihood: -280821	(delta): 0.0334482
13 (QN/Block) 	Elapsed: 0.244	Loglikelihood: -280821	(delta): 0.00390513
14 (QN/Block) 	Elapsed: 0.239	Loglikelihood: -280821	(delta): 0.000121542
15 (QN/Block) 	Elapsed: 0.24	Loglikelihood: -280821	(delta): 7.2642e-06
Summary: 
Converged in 15 iterations (4.06 sec)
Loglikelihood: -280821.458159
Fst divergences between estimated populations: 
	Pop0	Pop1	Pop2	Pop3	Pop4	
Pop0	
Pop1	0.418	
Pop2	0.441	0.322	
Pop3	0.468	0.394	0.292	
Pop4	0.436	0.321	0.103	0.304	
Pop5	0.436	0.362	0.350	0.407	0.364	
CV error (K=6): 0.16991
Writing output files.
