****                   ADMIXTURE Version 1.3.0                  ****
****                    Copyright 2008-2015                     ****
****           David Alexander, Suyash Shringarpure,            ****
****                John  Novembre, Ken Lange                   ****
****                                                            ****
****                 Please cite our paper!                     ****
****   Information at www.genetics.ucla.edu/software/admixture  ****

Cross-validation will be performed.  Folds=5.
Parallel execution requested.  Will use 10 threads.
Random seed: 1722617482
Point estimation method: Block relaxation algorithm
Convergence acceleration algorithm: QuasiNewton, 3 secant conditions
Point estimation will terminate when objective function delta < 0.0001
Estimation of standard errors disabled; will compute point estimates only.
Size of G: 364x3412
Performing five EM steps to prime main algorithm
1 (EM) 	Elapsed: 0.043	Loglikelihood: -448321	(delta): 1.25402e+06
2 (EM) 	Elapsed: 0.041	Loglikelihood: -421910	(delta): 26411.3
3 (EM) 	Elapsed: 0.041	Loglikelihood: -417425	(delta): 4484.47
4 (EM) 	Elapsed: 0.041	Loglikelihood: -414936	(delta): 2489.52
5 (EM) 	Elapsed: 0.042	Loglikelihood: -413184	(delta): 1751.6
Initial loglikelihood: -413184
Starting main algorithm
1 (QN/Block) 	Elapsed: 0.126	Loglikelihood: -354278	(delta): 58906
2 (QN/Block) 	Elapsed: 0.127	Loglikelihood: -336743	(delta): 17535
3 (QN/Block) 	Elapsed: 0.131	Loglikelihood: -329202	(delta): 7541.47
4 (QN/Block) 	Elapsed: 0.13	Loglikelihood: -323354	(delta): 5848.04
5 (QN/Block) 	Elapsed: 0.129	Loglikelihood: -321184	(delta): 2169.83
6 (QN/Block) 	Elapsed: 0.129	Loglikelihood: -320870	(delta): 313.633
7 (QN/Block) 	Elapsed: 0.129	Loglikelihood: -320781	(delta): 89.4754
8 (QN/Block) 	Elapsed: 0.131	Loglikelihood: -320756	(delta): 24.5134
9 (QN/Block) 	Elapsed: 0.133	Loglikelihood: -320750	(delta): 6.13445
10 (QN/Block) 	Elapsed: 0.129	Loglikelihood: -320749	(delta): 1.2743
11 (QN/Block) 	Elapsed: 0.132	Loglikelihood: -320747	(delta): 1.80909
12 (QN/Block) 	Elapsed: 0.132	Loglikelihood: -320733	(delta): 13.9951
13 (QN/Block) 	Elapsed: 0.133	Loglikelihood: -320183	(delta): 550.403
14 (QN/Block) 	Elapsed: 0.133	Loglikelihood: -319679	(delta): 503.939
15 (QN/Block) 	Elapsed: 0.133	Loglikelihood: -319109	(delta): 570.057
16 (QN/Block) 	Elapsed: 0.133	Loglikelihood: -317611	(delta): 1497.98
17 (QN/Block) 	Elapsed: 0.133	Loglikelihood: -314467	(delta): 3143.5
18 (QN/Block) 	Elapsed: 0.13	Loglikelihood: -313497	(delta): 969.914
19 (QN/Block) 	Elapsed: 0.132	Loglikelihood: -313325	(delta): 171.877
20 (QN/Block) 	Elapsed: 0.131	Loglikelihood: -313239	(delta): 86.7888
21 (QN/Block) 	Elapsed: 0.132	Loglikelihood: -313222	(delta): 16.3114
22 (QN/Block) 	Elapsed: 0.132	Loglikelihood: -313221	(delta): 1.51158
23 (QN/Block) 	Elapsed: 0.132	Loglikelihood: -313220	(delta): 1.03967
24 (QN/Block) 	Elapsed: 0.132	Loglikelihood: -313218	(delta): 1.32526
25 (QN/Block) 	Elapsed: 0.131	Loglikelihood: -313214	(delta): 4.21428
26 (QN/Block) 	Elapsed: 0.132	Loglikelihood: -313217	(delta): -2.50212
27 (QN/Block) 	Elapsed: 0.132	Loglikelihood: -313134	(delta): 82.3902
28 (QN/Block) 	Elapsed: 0.132	Loglikelihood: -308678	(delta): 4456
29 (QN/Block) 	Elapsed: 0.131	Loglikelihood: -301902	(delta): 6775.85
30 (QN/Block) 	Elapsed: 0.133	Loglikelihood: -300836	(delta): 1066.74
31 (QN/Block) 	Elapsed: 0.13	Loglikelihood: -300197	(delta): 639.008
32 (QN/Block) 	Elapsed: 0.132	Loglikelihood: -299986	(delta): 210.231
33 (QN/Block) 	Elapsed: 0.132	Loglikelihood: -299916	(delta): 69.9717
34 (QN/Block) 	Elapsed: 0.133	Loglikelihood: -299894	(delta): 22.9141
35 (QN/Block) 	Elapsed: 0.132	Loglikelihood: -299893	(delta): 0.09838
36 (QN/Block) 	Elapsed: 0.132	Loglikelihood: -299893	(delta): 0.0174644
37 (QN/Block) 	Elapsed: 0.129	Loglikelihood: -299893	(delta): 0.019334
38 (QN/Block) 	Elapsed: 0.129	Loglikelihood: -299893	(delta): 0.00954833
39 (QN/Block) 	Elapsed: 0.129	Loglikelihood: -299893	(delta): 0.00839666
40 (QN/Block) 	Elapsed: 0.132	Loglikelihood: -299893	(delta): 0.00699288
41 (QN/Block) 	Elapsed: 0.132	Loglikelihood: -299893	(delta): 1.88348e-05
Summary: 
Converged in 41 iterations (5.656 sec)
Loglikelihood: -299893.398592
Fst divergences between estimated populations: 
	Pop0	Pop1	Pop2	
Pop0	
Pop1	0.390	
Pop2	0.382	0.338	
Pop3	0.420	0.406	0.279	
CV error (K=4): 0.18111
Writing output files.
