****                   ADMIXTURE Version 1.3.0                  ****
****                    Copyright 2008-2015                     ****
****           David Alexander, Suyash Shringarpure,            ****
****                John  Novembre, Ken Lange                   ****
****                                                            ****
****                 Please cite our paper!                     ****
****   Information at www.genetics.ucla.edu/software/admixture  ****

Cross-validation will be performed.  Folds=5.
Parallel execution requested.  Will use 10 threads.
Random seed: 1722618558
Point estimation method: Block relaxation algorithm
Convergence acceleration algorithm: QuasiNewton, 3 secant conditions
Point estimation will terminate when objective function delta < 0.0001
Estimation of standard errors disabled; will compute point estimates only.
Size of G: 364x3412
Performing five EM steps to prime main algorithm
1 (EM) 	Elapsed: 0.14	Loglikelihood: -452989	(delta): 1.13893e+06
2 (EM) 	Elapsed: 0.137	Loglikelihood: -421434	(delta): 31554.8
3 (EM) 	Elapsed: 0.137	Loglikelihood: -416902	(delta): 4532.42
4 (EM) 	Elapsed: 0.139	Loglikelihood: -414304	(delta): 2597.4
5 (EM) 	Elapsed: 0.138	Loglikelihood: -412256	(delta): 2048.38
Initial loglikelihood: -412256
Starting main algorithm
1 (QN/Block) 	Elapsed: 0.32	Loglikelihood: -332991	(delta): 79265.4
2 (QN/Block) 	Elapsed: 0.322	Loglikelihood: -299588	(delta): 33402.9
3 (QN/Block) 	Elapsed: 0.326	Loglikelihood: -287064	(delta): 12523.7
4 (QN/Block) 	Elapsed: 0.324	Loglikelihood: -281279	(delta): 5784.68
5 (QN/Block) 	Elapsed: 0.324	Loglikelihood: -278772	(delta): 2507.68
6 (QN/Block) 	Elapsed: 0.322	Loglikelihood: -278066	(delta): 705.691
7 (QN/Block) 	Elapsed: 0.323	Loglikelihood: -277766	(delta): 299.718
8 (QN/Block) 	Elapsed: 0.324	Loglikelihood: -277619	(delta): 147.728
9 (QN/Block) 	Elapsed: 0.325	Loglikelihood: -277525	(delta): 93.1016
10 (QN/Block) 	Elapsed: 0.324	Loglikelihood: -277488	(delta): 37.8311
11 (QN/Block) 	Elapsed: 0.33	Loglikelihood: -277452	(delta): 35.4308
12 (QN/Block) 	Elapsed: 0.328	Loglikelihood: -277426	(delta): 26.6486
13 (QN/Block) 	Elapsed: 0.326	Loglikelihood: -277403	(delta): 22.1377
14 (QN/Block) 	Elapsed: 0.328	Loglikelihood: -277384	(delta): 19.3716
15 (QN/Block) 	Elapsed: 0.324	Loglikelihood: -277370	(delta): 14.0643
16 (QN/Block) 	Elapsed: 0.325	Loglikelihood: -277353	(delta): 16.6282
17 (QN/Block) 	Elapsed: 0.329	Loglikelihood: -277346	(delta): 7.56271
18 (QN/Block) 	Elapsed: 0.325	Loglikelihood: -277340	(delta): 5.43081
19 (QN/Block) 	Elapsed: 0.324	Loglikelihood: -277336	(delta): 3.87208
20 (QN/Block) 	Elapsed: 0.326	Loglikelihood: -277334	(delta): 2.76194
21 (QN/Block) 	Elapsed: 0.327	Loglikelihood: -277332	(delta): 1.85499
22 (QN/Block) 	Elapsed: 0.329	Loglikelihood: -277331	(delta): 0.785069
23 (QN/Block) 	Elapsed: 0.328	Loglikelihood: -277330	(delta): 1.19443
24 (QN/Block) 	Elapsed: 0.328	Loglikelihood: -277329	(delta): 0.63335
25 (QN/Block) 	Elapsed: 0.328	Loglikelihood: -277329	(delta): 0.571261
26 (QN/Block) 	Elapsed: 0.325	Loglikelihood: -277328	(delta): 0.721553
27 (QN/Block) 	Elapsed: 0.328	Loglikelihood: -277327	(delta): 0.85271
28 (QN/Block) 	Elapsed: 0.33	Loglikelihood: -277326	(delta): 0.617444
29 (QN/Block) 	Elapsed: 0.328	Loglikelihood: -277326	(delta): 0.454761
30 (QN/Block) 	Elapsed: 0.327	Loglikelihood: -277326	(delta): 0.438083
31 (QN/Block) 	Elapsed: 0.328	Loglikelihood: -277325	(delta): 0.674998
32 (QN/Block) 	Elapsed: 0.327	Loglikelihood: -277324	(delta): 0.708458
33 (QN/Block) 	Elapsed: 0.331	Loglikelihood: -277324	(delta): 0.61124
34 (QN/Block) 	Elapsed: 0.325	Loglikelihood: -277323	(delta): 0.452862
35 (QN/Block) 	Elapsed: 0.329	Loglikelihood: -277322	(delta): 1.10145
36 (QN/Block) 	Elapsed: 0.329	Loglikelihood: -277321	(delta): 0.73807
37 (QN/Block) 	Elapsed: 0.328	Loglikelihood: -277321	(delta): 0.56147
38 (QN/Block) 	Elapsed: 0.33	Loglikelihood: -277320	(delta): 0.560267
39 (QN/Block) 	Elapsed: 0.331	Loglikelihood: -277320	(delta): 0.410883
40 (QN/Block) 	Elapsed: 0.331	Loglikelihood: -277319	(delta): 0.328608
41 (QN/Block) 	Elapsed: 0.329	Loglikelihood: -277319	(delta): 0.188408
42 (QN/Block) 	Elapsed: 0.328	Loglikelihood: -277319	(delta): 0.0595964
43 (QN/Block) 	Elapsed: 0.325	Loglikelihood: -277319	(delta): 0.0288504
44 (QN/Block) 	Elapsed: 0.325	Loglikelihood: -277319	(delta): 0.0476969
45 (QN/Block) 	Elapsed: 0.328	Loglikelihood: -277319	(delta): 0.0109326
46 (QN/Block) 	Elapsed: 0.328	Loglikelihood: -277319	(delta): 0.0072189
47 (QN/Block) 	Elapsed: 0.328	Loglikelihood: -277319	(delta): 0.00963025
48 (QN/Block) 	Elapsed: 0.328	Loglikelihood: -277319	(delta): 0.00911841
49 (QN/Block) 	Elapsed: 0.327	Loglikelihood: -277319	(delta): 0.00852169
50 (QN/Block) 	Elapsed: 0.327	Loglikelihood: -277319	(delta): 0.00884252
51 (QN/Block) 	Elapsed: 0.33	Loglikelihood: -277319	(delta): 0.0245634
52 (QN/Block) 	Elapsed: 0.33	Loglikelihood: -277319	(delta): 0.000113678
53 (QN/Block) 	Elapsed: 0.329	Loglikelihood: -277319	(delta): 0.000147356
54 (QN/Block) 	Elapsed: 0.326	Loglikelihood: -277319	(delta): 3.63712e-05
Summary: 
Converged in 54 iterations (18.454 sec)
Loglikelihood: -277319.023041
Fst divergences between estimated populations: 
	Pop0	Pop1	Pop2	Pop3	Pop4	Pop5	Pop6	
Pop0	
Pop1	0.395	
Pop2	0.295	0.328	
Pop3	0.317	0.332	0.119	
Pop4	0.303	0.329	0.037	0.131	
Pop5	0.408	0.363	0.355	0.377	0.357	
Pop6	0.468	0.418	0.445	0.445	0.446	0.436	
Pop7	0.294	0.324	0.043	0.136	0.029	0.352	0.442	
CV error (K=8): 0.17480
Writing output files.
