****                   ADMIXTURE Version 1.3.0                  ****
****                    Copyright 2008-2015                     ****
****           David Alexander, Suyash Shringarpure,            ****
****                John  Novembre, Ken Lange                   ****
****                                                            ****
****                 Please cite our paper!                     ****
****   Information at www.genetics.ucla.edu/software/admixture  ****

Cross-validation will be performed.  Folds=5.
Parallel execution requested.  Will use 10 threads.
Random seed: 1722617376
Point estimation method: Block relaxation algorithm
Convergence acceleration algorithm: QuasiNewton, 3 secant conditions
Point estimation will terminate when objective function delta < 0.0001
Estimation of standard errors disabled; will compute point estimates only.
Size of G: 364x3412
Performing five EM steps to prime main algorithm
1 (EM) 	Elapsed: 0.022	Loglikelihood: -435744	(delta): 1.40017e+06
2 (EM) 	Elapsed: 0.018	Loglikelihood: -419506	(delta): 16238.3
3 (EM) 	Elapsed: 0.018	Loglikelihood: -416551	(delta): 2954.99
4 (EM) 	Elapsed: 0.018	Loglikelihood: -414948	(delta): 1603.22
5 (EM) 	Elapsed: 0.018	Loglikelihood: -414057	(delta): 890.118
Initial loglikelihood: -414057
Starting main algorithm
1 (QN/Block) 	Elapsed: 0.056	Loglikelihood: -377807	(delta): 36250.7
2 (QN/Block) 	Elapsed: 0.056	Loglikelihood: -363464	(delta): 14342.7
3 (QN/Block) 	Elapsed: 0.059	Loglikelihood: -356880	(delta): 6584.26
4 (QN/Block) 	Elapsed: 0.059	Loglikelihood: -352469	(delta): 4411.34
5 (QN/Block) 	Elapsed: 0.058	Loglikelihood: -351596	(delta): 872.378
6 (QN/Block) 	Elapsed: 0.058	Loglikelihood: -351134	(delta): 462.036
7 (QN/Block) 	Elapsed: 0.061	Loglikelihood: -350998	(delta): 135.956
8 (QN/Block) 	Elapsed: 0.058	Loglikelihood: -350981	(delta): 16.6949
9 (QN/Block) 	Elapsed: 0.058	Loglikelihood: -350979	(delta): 2.46468
10 (QN/Block) 	Elapsed: 0.058	Loglikelihood: -350979	(delta): 0.0991867
11 (QN/Block) 	Elapsed: 0.058	Loglikelihood: -350979	(delta): 0.0155994
12 (QN/Block) 	Elapsed: 0.059	Loglikelihood: -350979	(delta): 0.00696123
13 (QN/Block) 	Elapsed: 0.06	Loglikelihood: -350979	(delta): 0.00345357
14 (QN/Block) 	Elapsed: 0.058	Loglikelihood: -350979	(delta): 0.000460673
15 (QN/Block) 	Elapsed: 0.058	Loglikelihood: -350979	(delta): 0.00032981
16 (QN/Block) 	Elapsed: 0.058	Loglikelihood: -350979	(delta): 8.44164e-05
Summary: 
Converged in 16 iterations (1.057 sec)
Loglikelihood: -350978.902629
Fst divergences between estimated populations: 
	Pop0	
Pop0	
Pop1	0.247	
CV error (K=2): 0.22225
Writing output files.
