****                   ADMIXTURE Version 1.3.0                  ****
****                    Copyright 2008-2015                     ****
****           David Alexander, Suyash Shringarpure,            ****
****                John  Novembre, Ken Lange                   ****
****                                                            ****
****                 Please cite our paper!                     ****
****   Information at www.genetics.ucla.edu/software/admixture  ****

Cross-validation will be performed.  Folds=5.
Parallel execution requested.  Will use 10 threads.
Random seed: 1722617590
Point estimation method: Block relaxation algorithm
Convergence acceleration algorithm: QuasiNewton, 3 secant conditions
Point estimation will terminate when objective function delta < 0.0001
Estimation of standard errors disabled; will compute point estimates only.
Size of G: 364x3412
Performing five EM steps to prime main algorithm
1 (EM) 	Elapsed: 0.052	Loglikelihood: -452038	(delta): 1.19741e+06
2 (EM) 	Elapsed: 0.05	Loglikelihood: -422604	(delta): 29433.3
3 (EM) 	Elapsed: 0.049	Loglikelihood: -417920	(delta): 4684.81
4 (EM) 	Elapsed: 0.049	Loglikelihood: -415330	(delta): 2589.65
5 (EM) 	Elapsed: 0.049	Loglikelihood: -413427	(delta): 1902.61
Initial loglikelihood: -413427
Starting main algorithm
1 (QN/Block) 	Elapsed: 0.131	Loglikelihood: -344722	(delta): 68705.2
2 (QN/Block) 	Elapsed: 0.131	Loglikelihood: -314947	(delta): 29775.2
3 (QN/Block) 	Elapsed: 0.136	Loglikelihood: -304220	(delta): 10727.2
4 (QN/Block) 	Elapsed: 0.134	Loglikelihood: -297833	(delta): 6386.8
5 (QN/Block) 	Elapsed: 0.135	Loglikelihood: -295495	(delta): 2338.48
6 (QN/Block) 	Elapsed: 0.135	Loglikelihood: -294862	(delta): 632.74
7 (QN/Block) 	Elapsed: 0.136	Loglikelihood: -294703	(delta): 158.761
8 (QN/Block) 	Elapsed: 0.136	Loglikelihood: -293862	(delta): 841.352
9 (QN/Block) 	Elapsed: 0.139	Loglikelihood: -293370	(delta): 491.606
10 (QN/Block) 	Elapsed: 0.139	Loglikelihood: -292566	(delta): 804.069
11 (QN/Block) 	Elapsed: 0.138	Loglikelihood: -290300	(delta): 2265.94
12 (QN/Block) 	Elapsed: 0.138	Loglikelihood: -287551	(delta): 2749.04
13 (QN/Block) 	Elapsed: 0.138	Loglikelihood: -287077	(delta): 473.866
14 (QN/Block) 	Elapsed: 0.136	Loglikelihood: -287023	(delta): 53.9034
15 (QN/Block) 	Elapsed: 0.138	Loglikelihood: -287016	(delta): 7.33367
16 (QN/Block) 	Elapsed: 0.139	Loglikelihood: -287013	(delta): 3.40068
17 (QN/Block) 	Elapsed: 0.138	Loglikelihood: -287012	(delta): 0.431014
18 (QN/Block) 	Elapsed: 0.135	Loglikelihood: -287012	(delta): 0.0132323
19 (QN/Block) 	Elapsed: 0.135	Loglikelihood: -287012	(delta): 0.0148452
20 (QN/Block) 	Elapsed: 0.138	Loglikelihood: -287012	(delta): 0.00476988
21 (QN/Block) 	Elapsed: 0.138	Loglikelihood: -287012	(delta): 0.000116325
22 (QN/Block) 	Elapsed: 0.135	Loglikelihood: -287012	(delta): 9.51794e-05
Summary: 
Converged in 22 iterations (3.289 sec)
Loglikelihood: -287012.066934
Fst divergences between estimated populations: 
	Pop0	Pop1	Pop2	Pop3	
Pop0	
Pop1	0.418	
Pop2	0.428	0.307	
Pop3	0.467	0.394	0.280	
Pop4	0.436	0.362	0.340	0.407	
CV error (K=5): 0.17225
Writing output files.
