****                   ADMIXTURE Version 1.3.0                  ****
****                    Copyright 2008-2015                     ****
****           David Alexander, Suyash Shringarpure,            ****
****                John  Novembre, Ken Lange                   ****
****                                                            ****
****                 Please cite our paper!                     ****
****   Information at www.genetics.ucla.edu/software/admixture  ****

Cross-validation will be performed.  Folds=5.
Parallel execution requested.  Will use 10 threads.
Random seed: 1722617535
Point estimation method: Block relaxation algorithm
Convergence acceleration algorithm: QuasiNewton, 3 secant conditions
Point estimation will terminate when objective function delta < 0.0001
Estimation of standard errors disabled; will compute point estimates only.
Size of G: 364x3412
Performing five EM steps to prime main algorithm
1 (EM) 	Elapsed: 0.056	Loglikelihood: -451163	(delta): 1.21039e+06
2 (EM) 	Elapsed: 0.055	Loglikelihood: -421664	(delta): 29498.5
3 (EM) 	Elapsed: 0.055	Loglikelihood: -416513	(delta): 5150.88
4 (EM) 	Elapsed: 0.055	Loglikelihood: -413471	(delta): 3042.4
5 (EM) 	Elapsed: 0.055	Loglikelihood: -411009	(delta): 2461.52
Initial loglikelihood: -411009
Starting main algorithm
1 (QN/Block) 	Elapsed: 0.183	Loglikelihood: -341550	(delta): 69459.7
2 (QN/Block) 	Elapsed: 0.186	Loglikelihood: -327319	(delta): 14231.1
3 (QN/Block) 	Elapsed: 0.166	Loglikelihood: -322193	(delta): 5125.95
4 (QN/Block) 	Elapsed: 0.172	Loglikelihood: -309669	(delta): 12524
5 (QN/Block) 	Elapsed: 0.186	Loglikelihood: -297518	(delta): 12150.5
6 (QN/Block) 	Elapsed: 0.185	Loglikelihood: -295052	(delta): 2466.3
7 (QN/Block) 	Elapsed: 0.165	Loglikelihood: -294471	(delta): 581.008
8 (QN/Block) 	Elapsed: 0.166	Loglikelihood: -294392	(delta): 78.7437
9 (QN/Block) 	Elapsed: 0.165	Loglikelihood: -294379	(delta): 12.7892
10 (QN/Block) 	Elapsed: 0.168	Loglikelihood: -294376	(delta): 2.99356
11 (QN/Block) 	Elapsed: 0.166	Loglikelihood: -294376	(delta): 0.224689
12 (QN/Block) 	Elapsed: 0.168	Loglikelihood: -294376	(delta): 0.0659451
13 (QN/Block) 	Elapsed: 0.165	Loglikelihood: -294376	(delta): 0.0189489
14 (QN/Block) 	Elapsed: 0.164	Loglikelihood: -294376	(delta): 0.00486207
15 (QN/Block) 	Elapsed: 0.164	Loglikelihood: -294376	(delta): 0.0010049
16 (QN/Block) 	Elapsed: 0.184	Loglikelihood: -294376	(delta): 0.000127285
17 (QN/Block) 	Elapsed: 0.166	Loglikelihood: -294376	(delta): 6.06431e-05
Summary: 
Converged in 17 iterations (3.234 sec)
Loglikelihood: -294376.060398
Fst divergences between estimated populations: 
	Pop0	Pop1	Pop2	Pop3	
Pop0	
Pop1	0.246	
Pop2	0.434	0.408	
Pop3	0.363	0.350	0.433	
Pop4	0.102	0.238	0.438	0.349	
CV error (K=5): 0.18011
Writing output files.
