****                   ADMIXTURE Version 1.3.0                  ****
****                    Copyright 2008-2015                     ****
****           David Alexander, Suyash Shringarpure,            ****
****                John  Novembre, Ken Lange                   ****
****                                                            ****
****                 Please cite our paper!                     ****
****   Information at www.genetics.ucla.edu/software/admixture  ****

Cross-validation will be performed.  Folds=5.
Parallel execution requested.  Will use 10 threads.
Random seed: 1722617347
Point estimation method: Block relaxation algorithm
Convergence acceleration algorithm: QuasiNewton, 3 secant conditions
Point estimation will terminate when objective function delta < 0.0001
Estimation of standard errors disabled; will compute point estimates only.
Size of G: 364x3412
Performing five EM steps to prime main algorithm
1 (EM) 	Elapsed: 0.1	Loglikelihood: -452218	(delta): 1.14462e+06
2 (EM) 	Elapsed: 0.109	Loglikelihood: -421218	(delta): 31000
3 (EM) 	Elapsed: 0.11	Loglikelihood: -416284	(delta): 4933.84
4 (EM) 	Elapsed: 0.111	Loglikelihood: -413312	(delta): 2972.22
5 (EM) 	Elapsed: 0.112	Loglikelihood: -410811	(delta): 2500.58
Initial loglikelihood: -410811
Starting main algorithm
1 (QN/Block) 	Elapsed: 0.304	Loglikelihood: -328412	(delta): 82399.8
2 (QN/Block) 	Elapsed: 0.297	Loglikelihood: -301718	(delta): 26693.9
3 (QN/Block) 	Elapsed: 0.3	Loglikelihood: -289126	(delta): 12591.7
4 (QN/Block) 	Elapsed: 0.297	Loglikelihood: -283245	(delta): 5881.1
5 (QN/Block) 	Elapsed: 0.297	Loglikelihood: -280930	(delta): 2314.91
6 (QN/Block) 	Elapsed: 0.292	Loglikelihood: -280309	(delta): 621.314
7 (QN/Block) 	Elapsed: 0.293	Loglikelihood: -280155	(delta): 154.042
8 (QN/Block) 	Elapsed: 0.293	Loglikelihood: -280095	(delta): 59.636
9 (QN/Block) 	Elapsed: 0.292	Loglikelihood: -280069	(delta): 26.1932
10 (QN/Block) 	Elapsed: 0.297	Loglikelihood: -280060	(delta): 9.29584
11 (QN/Block) 	Elapsed: 0.302	Loglikelihood: -280059	(delta): 0.951332
12 (QN/Block) 	Elapsed: 0.303	Loglikelihood: -280057	(delta): 1.33725
13 (QN/Block) 	Elapsed: 0.305	Loglikelihood: -280054	(delta): 3.04286
14 (QN/Block) 	Elapsed: 0.302	Loglikelihood: -280052	(delta): 2.25248
15 (QN/Block) 	Elapsed: 0.304	Loglikelihood: -280051	(delta): 1.31709
16 (QN/Block) 	Elapsed: 0.299	Loglikelihood: -280050	(delta): 0.634923
17 (QN/Block) 	Elapsed: 0.304	Loglikelihood: -280050	(delta): 0.0615245
18 (QN/Block) 	Elapsed: 0.295	Loglikelihood: -280050	(delta): 0.0129515
19 (QN/Block) 	Elapsed: 0.296	Loglikelihood: -280050	(delta): 0.0121177
20 (QN/Block) 	Elapsed: 0.295	Loglikelihood: -280050	(delta): 7.46829e-05
Summary: 
Converged in 20 iterations (6.578 sec)
Loglikelihood: -280049.959852
Fst divergences between estimated populations: 
	Pop0	Pop1	Pop2	Pop3	Pop4	Pop5	
Pop0	
Pop1	0.332	
Pop2	0.407	0.304	
Pop3	0.096	0.334	0.403	
Pop4	0.433	0.436	0.468	0.423	
Pop5	0.337	0.103	0.293	0.329	0.441	
Pop6	0.373	0.365	0.408	0.373	0.436	0.350	
CV error (K=7): 0.17273
Writing output files.
