****                   ADMIXTURE Version 1.3.0                  ****
****                    Copyright 2008-2015                     ****
****           David Alexander, Suyash Shringarpure,            ****
****                John  Novembre, Ken Lange                   ****
****                                                            ****
****                 Please cite our paper!                     ****
****   Information at www.genetics.ucla.edu/software/admixture  ****

Cross-validation will be performed.  Folds=5.
Parallel execution requested.  Will use 10 threads.
Random seed: 1722617491
Point estimation method: Block relaxation algorithm
Convergence acceleration algorithm: QuasiNewton, 3 secant conditions
Point estimation will terminate when objective function delta < 0.0001
Estimation of standard errors disabled; will compute point estimates only.
Size of G: 364x3412
Performing five EM steps to prime main algorithm
1 (EM) 	Elapsed: 0.062	Loglikelihood: -453482	(delta): 1.17917e+06
2 (EM) 	Elapsed: 0.059	Loglikelihood: -421885	(delta): 31597.5
3 (EM) 	Elapsed: 0.059	Loglikelihood: -416790	(delta): 5095.13
4 (EM) 	Elapsed: 0.059	Loglikelihood: -414014	(delta): 2776.09
5 (EM) 	Elapsed: 0.059	Loglikelihood: -411861	(delta): 2152.68
Initial loglikelihood: -411861
Starting main algorithm
1 (QN/Block) 	Elapsed: 0.189	Loglikelihood: -340560	(delta): 71301.1
2 (QN/Block) 	Elapsed: 0.19	Loglikelihood: -312036	(delta): 28524.2
3 (QN/Block) 	Elapsed: 0.21	Loglikelihood: -298751	(delta): 13284.5
4 (QN/Block) 	Elapsed: 0.195	Loglikelihood: -286649	(delta): 12101.7
5 (QN/Block) 	Elapsed: 0.195	Loglikelihood: -282555	(delta): 4094.74
6 (QN/Block) 	Elapsed: 0.195	Loglikelihood: -281396	(delta): 1158.47
7 (QN/Block) 	Elapsed: 0.195	Loglikelihood: -281034	(delta): 361.781
8 (QN/Block) 	Elapsed: 0.196	Loglikelihood: -280884	(delta): 150.401
9 (QN/Block) 	Elapsed: 0.201	Loglikelihood: -280826	(delta): 57.7383
10 (QN/Block) 	Elapsed: 0.199	Loglikelihood: -280822	(delta): 3.91666
11 (QN/Block) 	Elapsed: 0.196	Loglikelihood: -280822	(delta): 0.519225
12 (QN/Block) 	Elapsed: 0.197	Loglikelihood: -280822	(delta): 0.327067
13 (QN/Block) 	Elapsed: 0.199	Loglikelihood: -280822	(delta): 0.0351922
14 (QN/Block) 	Elapsed: 0.199	Loglikelihood: -280822	(delta): 0.0128281
15 (QN/Block) 	Elapsed: 0.197	Loglikelihood: -280822	(delta): 0.0050803
16 (QN/Block) 	Elapsed: 0.195	Loglikelihood: -280821	(delta): 0.00316095
17 (QN/Block) 	Elapsed: 0.197	Loglikelihood: -280821	(delta): 0.000517903
18 (QN/Block) 	Elapsed: 0.195	Loglikelihood: -280821	(delta): 1.10033e-05
Summary: 
Converged in 18 iterations (3.882 sec)
Loglikelihood: -280821.497934
Fst divergences between estimated populations: 
	Pop0	Pop1	Pop2	Pop3	Pop4	
Pop0	
Pop1	0.321	
Pop2	0.103	0.322	
Pop3	0.436	0.418	0.441	
Pop4	0.304	0.394	0.292	0.468	
Pop5	0.364	0.362	0.350	0.436	0.407	
CV error (K=6): 0.16922
Writing output files.
