****                   ADMIXTURE Version 1.3.0                  ****
****                    Copyright 2008-2015                     ****
****           David Alexander, Suyash Shringarpure,            ****
****                John  Novembre, Ken Lange                   ****
****                                                            ****
****                 Please cite our paper!                     ****
****   Information at www.genetics.ucla.edu/software/admixture  ****

Cross-validation will be performed.  Folds=5.
Parallel execution requested.  Will use 10 threads.
Random seed: 1722617339
Point estimation method: Block relaxation algorithm
Convergence acceleration algorithm: QuasiNewton, 3 secant conditions
Point estimation will terminate when objective function delta < 0.0001
Estimation of standard errors disabled; will compute point estimates only.
Size of G: 364x3412
Performing five EM steps to prime main algorithm
1 (EM) 	Elapsed: 0.073	Loglikelihood: -450461	(delta): 1.19295e+06
2 (EM) 	Elapsed: 0.069	Loglikelihood: -421944	(delta): 28517.1
3 (EM) 	Elapsed: 0.069	Loglikelihood: -416889	(delta): 5054.25
4 (EM) 	Elapsed: 0.069	Loglikelihood: -413995	(delta): 2894.47
5 (EM) 	Elapsed: 0.069	Loglikelihood: -411818	(delta): 2177.24
Initial loglikelihood: -411818
Starting main algorithm
1 (QN/Block) 	Elapsed: 0.195	Loglikelihood: -340409	(delta): 71408.9
2 (QN/Block) 	Elapsed: 0.196	Loglikelihood: -318345	(delta): 22064.2
3 (QN/Block) 	Elapsed: 0.204	Loglikelihood: -308955	(delta): 9389.37
4 (QN/Block) 	Elapsed: 0.204	Loglikelihood: -303713	(delta): 5242.21
5 (QN/Block) 	Elapsed: 0.204	Loglikelihood: -301701	(delta): 2012.34
6 (QN/Block) 	Elapsed: 0.204	Loglikelihood: -301167	(delta): 534.147
7 (QN/Block) 	Elapsed: 0.204	Loglikelihood: -301098	(delta): 68.8638
8 (QN/Block) 	Elapsed: 0.202	Loglikelihood: -301063	(delta): 34.7927
9 (QN/Block) 	Elapsed: 0.202	Loglikelihood: -301052	(delta): 11.3237
10 (QN/Block) 	Elapsed: 0.2	Loglikelihood: -301049	(delta): 2.98951
11 (QN/Block) 	Elapsed: 0.202	Loglikelihood: -301048	(delta): 0.989341
12 (QN/Block) 	Elapsed: 0.205	Loglikelihood: -301047	(delta): 0.384693
13 (QN/Block) 	Elapsed: 0.205	Loglikelihood: -301047	(delta): 0.249915
14 (QN/Block) 	Elapsed: 0.205	Loglikelihood: -301047	(delta): 0.216928
15 (QN/Block) 	Elapsed: 0.201	Loglikelihood: -301047	(delta): 0.103395
16 (QN/Block) 	Elapsed: 0.201	Loglikelihood: -301047	(delta): 0.0442637
17 (QN/Block) 	Elapsed: 0.201	Loglikelihood: -301047	(delta): 0.0104657
18 (QN/Block) 	Elapsed: 0.198	Loglikelihood: -301047	(delta): 0.00424812
19 (QN/Block) 	Elapsed: 0.2	Loglikelihood: -301047	(delta): 0.00182277
20 (QN/Block) 	Elapsed: 0.2	Loglikelihood: -301047	(delta): 0.000271687
21 (QN/Block) 	Elapsed: 0.199	Loglikelihood: -301047	(delta): 7.84518e-05
Summary: 
Converged in 21 iterations (4.652 sec)
Loglikelihood: -301046.605594
Fst divergences between estimated populations: 
	Pop0	Pop1	Pop2	Pop3	
Pop0	
Pop1	0.381	
Pop2	0.103	0.379	
Pop3	0.321	0.361	0.320	
Pop4	0.348	0.384	0.362	0.362	
CV error (K=5): 0.18566
Writing output files.
