****                   ADMIXTURE Version 1.3.0                  ****
****                    Copyright 2008-2015                     ****
****           David Alexander, Suyash Shringarpure,            ****
****                John  Novembre, Ken Lange                   ****
****                                                            ****
****                 Please cite our paper!                     ****
****   Information at www.genetics.ucla.edu/software/admixture  ****

Cross-validation will be performed.  Folds=5.
Parallel execution requested.  Will use 10 threads.
Random seed: 1722617318
Point estimation method: Block relaxation algorithm
Convergence acceleration algorithm: QuasiNewton, 3 secant conditions
Point estimation will terminate when objective function delta < 0.0001
Estimation of standard errors disabled; will compute point estimates only.
Size of G: 364x3412
Performing five EM steps to prime main algorithm
1 (EM) 	Elapsed: 0.031	Loglikelihood: -437228	(delta): 1.41088e+06
2 (EM) 	Elapsed: 0.029	Loglikelihood: -419324	(delta): 17903.9
3 (EM) 	Elapsed: 0.028	Loglikelihood: -416513	(delta): 2810.37
4 (EM) 	Elapsed: 0.029	Loglikelihood: -415039	(delta): 1474.55
5 (EM) 	Elapsed: 0.029	Loglikelihood: -414173	(delta): 865.793
Initial loglikelihood: -414173
Starting main algorithm
1 (QN/Block) 	Elapsed: 0.083	Loglikelihood: -391803	(delta): 22369.7
2 (QN/Block) 	Elapsed: 0.084	Loglikelihood: -378933	(delta): 12869.9
3 (QN/Block) 	Elapsed: 0.087	Loglikelihood: -373366	(delta): 5566.91
4 (QN/Block) 	Elapsed: 0.09	Loglikelihood: -367555	(delta): 5811.64
5 (QN/Block) 	Elapsed: 0.089	Loglikelihood: -362877	(delta): 4678.14
6 (QN/Block) 	Elapsed: 0.085	Loglikelihood: -353801	(delta): 9075.97
7 (QN/Block) 	Elapsed: 0.082	Loglikelihood: -351682	(delta): 2119.11
8 (QN/Block) 	Elapsed: 0.082	Loglikelihood: -351254	(delta): 427.745
9 (QN/Block) 	Elapsed: 0.082	Loglikelihood: -351052	(delta): 201.474
10 (QN/Block) 	Elapsed: 0.086	Loglikelihood: -350988	(delta): 64.4618
11 (QN/Block) 	Elapsed: 0.086	Loglikelihood: -350980	(delta): 8.4243
12 (QN/Block) 	Elapsed: 0.084	Loglikelihood: -350979	(delta): 0.532194
13 (QN/Block) 	Elapsed: 0.082	Loglikelihood: -350979	(delta): 0.0386241
14 (QN/Block) 	Elapsed: 0.083	Loglikelihood: -350979	(delta): 0.0229566
15 (QN/Block) 	Elapsed: 0.082	Loglikelihood: -350979	(delta): 0.0237933
16 (QN/Block) 	Elapsed: 0.082	Loglikelihood: -350979	(delta): 0.00335019
17 (QN/Block) 	Elapsed: 0.082	Loglikelihood: -350979	(delta): 0.00482108
18 (QN/Block) 	Elapsed: 0.086	Loglikelihood: -350979	(delta): 0.000478882
19 (QN/Block) 	Elapsed: 0.086	Loglikelihood: -350979	(delta): 1.36491e-05
Summary: 
Converged in 19 iterations (1.793 sec)
Loglikelihood: -350978.902640
Fst divergences between estimated populations: 
	Pop0	
Pop0	
Pop1	0.247	
CV error (K=2): 0.22247
Writing output files.
