****                   ADMIXTURE Version 1.3.0                  ****
****                    Copyright 2008-2015                     ****
****           David Alexander, Suyash Shringarpure,            ****
****                John  Novembre, Ken Lange                   ****
****                                                            ****
****                 Please cite our paper!                     ****
****   Information at www.genetics.ucla.edu/software/admixture  ****

Cross-validation will be performed.  Folds=5.
Parallel execution requested.  Will use 10 threads.
Random seed: 1722617503
Point estimation method: Block relaxation algorithm
Convergence acceleration algorithm: QuasiNewton, 3 secant conditions
Point estimation will terminate when objective function delta < 0.0001
Estimation of standard errors disabled; will compute point estimates only.
Size of G: 364x3412
Performing five EM steps to prime main algorithm
1 (EM) 	Elapsed: 0.045	Loglikelihood: -450323	(delta): 1.24508e+06
2 (EM) 	Elapsed: 0.044	Loglikelihood: -422334	(delta): 27989.1
3 (EM) 	Elapsed: 0.044	Loglikelihood: -417463	(delta): 4871.06
4 (EM) 	Elapsed: 0.044	Loglikelihood: -414777	(delta): 2686.47
5 (EM) 	Elapsed: 0.044	Loglikelihood: -412878	(delta): 1898.84
Initial loglikelihood: -412878
Starting main algorithm
1 (QN/Block) 	Elapsed: 0.13	Loglikelihood: -346204	(delta): 66673.9
2 (QN/Block) 	Elapsed: 0.131	Loglikelihood: -320715	(delta): 25488.7
3 (QN/Block) 	Elapsed: 0.136	Loglikelihood: -311639	(delta): 9075.87
4 (QN/Block) 	Elapsed: 0.132	Loglikelihood: -304838	(delta): 6800.79
5 (QN/Block) 	Elapsed: 0.133	Loglikelihood: -301936	(delta): 2902.9
6 (QN/Block) 	Elapsed: 0.134	Loglikelihood: -300227	(delta): 1708.09
7 (QN/Block) 	Elapsed: 0.134	Loglikelihood: -299956	(delta): 271.833
8 (QN/Block) 	Elapsed: 0.132	Loglikelihood: -299916	(delta): 40.0216
9 (QN/Block) 	Elapsed: 0.133	Loglikelihood: -299898	(delta): 17.8386
10 (QN/Block) 	Elapsed: 0.132	Loglikelihood: -299894	(delta): 4.12461
11 (QN/Block) 	Elapsed: 0.135	Loglikelihood: -299893	(delta): 0.25115
12 (QN/Block) 	Elapsed: 0.133	Loglikelihood: -299893	(delta): 0.00506088
13 (QN/Block) 	Elapsed: 0.134	Loglikelihood: -299893	(delta): 0.00205633
14 (QN/Block) 	Elapsed: 0.133	Loglikelihood: -299893	(delta): 0.000351869
15 (QN/Block) 	Elapsed: 0.132	Loglikelihood: -299893	(delta): 0.000421608
16 (QN/Block) 	Elapsed: 0.132	Loglikelihood: -299893	(delta): 0.000150674
17 (QN/Block) 	Elapsed: 0.132	Loglikelihood: -299893	(delta): 1.46377e-05
Summary: 
Converged in 17 iterations (2.513 sec)
Loglikelihood: -299893.395395
Fst divergences between estimated populations: 
	Pop0	Pop1	Pop2	
Pop0	
Pop1	0.279	
Pop2	0.338	0.406	
Pop3	0.382	0.420	0.390	
CV error (K=4): 0.18067
Writing output files.
