****                   ADMIXTURE Version 1.3.0                  ****
****                    Copyright 2008-2015                     ****
****           David Alexander, Suyash Shringarpure,            ****
****                John  Novembre, Ken Lange                   ****
****                                                            ****
****                 Please cite our paper!                     ****
****   Information at www.genetics.ucla.edu/software/admixture  ****

Cross-validation will be performed.  Folds=5.
Parallel execution requested.  Will use 10 threads.
Random seed: 1722617536
Point estimation method: Block relaxation algorithm
Convergence acceleration algorithm: QuasiNewton, 3 secant conditions
Point estimation will terminate when objective function delta < 0.0001
Estimation of standard errors disabled; will compute point estimates only.
Size of G: 364x3412
Performing five EM steps to prime main algorithm
1 (EM) 	Elapsed: 0.064	Loglikelihood: -451818	(delta): 1.15336e+06
2 (EM) 	Elapsed: 0.061	Loglikelihood: -422088	(delta): 29729.4
3 (EM) 	Elapsed: 0.061	Loglikelihood: -417351	(delta): 4737.69
4 (EM) 	Elapsed: 0.061	Loglikelihood: -414729	(delta): 2622.12
5 (EM) 	Elapsed: 0.061	Loglikelihood: -412674	(delta): 2054.92
Initial loglikelihood: -412674
Starting main algorithm
1 (QN/Block) 	Elapsed: 0.2	Loglikelihood: -329413	(delta): 83260.3
2 (QN/Block) 	Elapsed: 0.201	Loglikelihood: -298798	(delta): 30615.6
3 (QN/Block) 	Elapsed: 0.205	Loglikelihood: -288384	(delta): 10414.3
4 (QN/Block) 	Elapsed: 0.204	Loglikelihood: -283385	(delta): 4999.02
5 (QN/Block) 	Elapsed: 0.205	Loglikelihood: -281309	(delta): 2075.6
6 (QN/Block) 	Elapsed: 0.208	Loglikelihood: -280889	(delta): 420.118
7 (QN/Block) 	Elapsed: 0.206	Loglikelihood: -280833	(delta): 55.3083
8 (QN/Block) 	Elapsed: 0.205	Loglikelihood: -280825	(delta): 8.53449
9 (QN/Block) 	Elapsed: 0.208	Loglikelihood: -280823	(delta): 2.29495
10 (QN/Block) 	Elapsed: 0.208	Loglikelihood: -280822	(delta): 0.635711
11 (QN/Block) 	Elapsed: 0.207	Loglikelihood: -280822	(delta): 0.146942
12 (QN/Block) 	Elapsed: 0.206	Loglikelihood: -280822	(delta): 0.0602529
13 (QN/Block) 	Elapsed: 0.205	Loglikelihood: -280822	(delta): 0.0253108
14 (QN/Block) 	Elapsed: 0.205	Loglikelihood: -280822	(delta): 0.00641364
15 (QN/Block) 	Elapsed: 0.204	Loglikelihood: -280822	(delta): 0.00363299
16 (QN/Block) 	Elapsed: 0.21	Loglikelihood: -280822	(delta): 0.000570065
17 (QN/Block) 	Elapsed: 0.205	Loglikelihood: -280822	(delta): 4.20801e-06
Summary: 
Converged in 17 iterations (3.845 sec)
Loglikelihood: -280821.791411
Fst divergences between estimated populations: 
	Pop0	Pop1	Pop2	Pop3	Pop4	
Pop0	
Pop1	0.364	
Pop2	0.103	0.350	
Pop3	0.436	0.436	0.441	
Pop4	0.304	0.407	0.292	0.468	
Pop5	0.321	0.362	0.322	0.418	0.394	
CV error (K=6): 0.16981
Writing output files.
