****                   ADMIXTURE Version 1.3.0                  ****
****                    Copyright 2008-2015                     ****
****           David Alexander, Suyash Shringarpure,            ****
****                John  Novembre, Ken Lange                   ****
****                                                            ****
****                 Please cite our paper!                     ****
****   Information at www.genetics.ucla.edu/software/admixture  ****

Cross-validation will be performed.  Folds=5.
Parallel execution requested.  Will use 10 threads.
Random seed: 1722617974
Point estimation method: Block relaxation algorithm
Convergence acceleration algorithm: QuasiNewton, 3 secant conditions
Point estimation will terminate when objective function delta < 0.0001
Estimation of standard errors disabled; will compute point estimates only.
Size of G: 364x3412
Performing five EM steps to prime main algorithm
1 (EM) 	Elapsed: 0.121	Loglikelihood: -451728	(delta): 1.13194e+06
2 (EM) 	Elapsed: 0.12	Loglikelihood: -420822	(delta): 30906.1
3 (EM) 	Elapsed: 0.12	Loglikelihood: -416263	(delta): 4558.29
4 (EM) 	Elapsed: 0.12	Loglikelihood: -413717	(delta): 2545.98
5 (EM) 	Elapsed: 0.12	Loglikelihood: -411663	(delta): 2054.53
Initial loglikelihood: -411663
Starting main algorithm
1 (QN/Block) 	Elapsed: 0.31	Loglikelihood: -330830	(delta): 80833.2
2 (QN/Block) 	Elapsed: 0.31	Loglikelihood: -299596	(delta): 31233.8
3 (QN/Block) 	Elapsed: 0.316	Loglikelihood: -286865	(delta): 12730.7
4 (QN/Block) 	Elapsed: 0.314	Loglikelihood: -281116	(delta): 5749.43
5 (QN/Block) 	Elapsed: 0.315	Loglikelihood: -278829	(delta): 2286.34
6 (QN/Block) 	Elapsed: 0.319	Loglikelihood: -278130	(delta): 698.976
7 (QN/Block) 	Elapsed: 0.318	Loglikelihood: -277985	(delta): 145.515
8 (QN/Block) 	Elapsed: 0.316	Loglikelihood: -277932	(delta): 53.052
9 (QN/Block) 	Elapsed: 0.318	Loglikelihood: -277899	(delta): 32.9038
10 (QN/Block) 	Elapsed: 0.317	Loglikelihood: -277864	(delta): 35.3155
11 (QN/Block) 	Elapsed: 0.316	Loglikelihood: -277841	(delta): 22.3188
12 (QN/Block) 	Elapsed: 0.317	Loglikelihood: -277832	(delta): 9.23679
13 (QN/Block) 	Elapsed: 0.319	Loglikelihood: -277829	(delta): 3.38328
14 (QN/Block) 	Elapsed: 0.319	Loglikelihood: -277828	(delta): 1.01828
15 (QN/Block) 	Elapsed: 0.319	Loglikelihood: -277827	(delta): 0.616273
16 (QN/Block) 	Elapsed: 0.319	Loglikelihood: -277827	(delta): 0.389046
17 (QN/Block) 	Elapsed: 0.316	Loglikelihood: -277826	(delta): 0.310571
18 (QN/Block) 	Elapsed: 0.319	Loglikelihood: -277826	(delta): 0.279503
19 (QN/Block) 	Elapsed: 0.321	Loglikelihood: -277826	(delta): 0.479775
20 (QN/Block) 	Elapsed: 0.317	Loglikelihood: -277825	(delta): 0.11358
21 (QN/Block) 	Elapsed: 0.316	Loglikelihood: -277825	(delta): 0.0944444
22 (QN/Block) 	Elapsed: 0.32	Loglikelihood: -277824	(delta): 1.09247
23 (QN/Block) 	Elapsed: 0.32	Loglikelihood: -277824	(delta): 0.465334
24 (QN/Block) 	Elapsed: 0.32	Loglikelihood: -277824	(delta): 0.0440545
25 (QN/Block) 	Elapsed: 0.315	Loglikelihood: -277824	(delta): 0.0239991
26 (QN/Block) 	Elapsed: 0.315	Loglikelihood: -277824	(delta): 0.00695438
27 (QN/Block) 	Elapsed: 0.32	Loglikelihood: -277824	(delta): 0.00598727
28 (QN/Block) 	Elapsed: 0.315	Loglikelihood: -277824	(delta): 0.00684341
29 (QN/Block) 	Elapsed: 0.319	Loglikelihood: -277824	(delta): 0.0262193
30 (QN/Block) 	Elapsed: 0.319	Loglikelihood: -277824	(delta): 0.0401979
31 (QN/Block) 	Elapsed: 0.317	Loglikelihood: -277824	(delta): 0.0694
32 (QN/Block) 	Elapsed: 0.32	Loglikelihood: -277824	(delta): 0.00924022
33 (QN/Block) 	Elapsed: 0.314	Loglikelihood: -277824	(delta): 0.00266044
34 (QN/Block) 	Elapsed: 0.315	Loglikelihood: -277824	(delta): 0.00140833
35 (QN/Block) 	Elapsed: 0.313	Loglikelihood: -277824	(delta): 0.000404443
36 (QN/Block) 	Elapsed: 0.318	Loglikelihood: -277824	(delta): 0.000236051
37 (QN/Block) 	Elapsed: 0.315	Loglikelihood: -277824	(delta): 0.000359864
38 (QN/Block) 	Elapsed: 0.321	Loglikelihood: -277824	(delta): 0.000138451
39 (QN/Block) 	Elapsed: 0.32	Loglikelihood: -277824	(delta): 7.15855e-05
Summary: 
Converged in 39 iterations (13.054 sec)
Loglikelihood: -277823.510470
Fst divergences between estimated populations: 
	Pop0	Pop1	Pop2	Pop3	Pop4	Pop5	Pop6	
Pop0	
Pop1	0.118	
Pop2	0.027	0.119	
Pop3	0.293	0.311	0.300	
Pop4	0.358	0.376	0.360	0.414	
Pop5	0.326	0.328	0.324	0.395	0.366	
Pop6	0.443	0.441	0.442	0.468	0.439	0.418	
Pop7	0.355	0.374	0.356	0.411	0.034	0.368	0.441	
CV error (K=8): 0.17542
Writing output files.
