****                   ADMIXTURE Version 1.3.0                  ****
****                    Copyright 2008-2015                     ****
****           David Alexander, Suyash Shringarpure,            ****
****                John  Novembre, Ken Lange                   ****
****                                                            ****
****                 Please cite our paper!                     ****
****   Information at www.genetics.ucla.edu/software/admixture  ****

Cross-validation will be performed.  Folds=5.
Parallel execution requested.  Will use 10 threads.
Random seed: 1722617525
Point estimation method: Block relaxation algorithm
Convergence acceleration algorithm: QuasiNewton, 3 secant conditions
Point estimation will terminate when objective function delta < 0.0001
Estimation of standard errors disabled; will compute point estimates only.
Size of G: 364x3412
Performing five EM steps to prime main algorithm
1 (EM) 	Elapsed: 0.046	Loglikelihood: -447643	(delta): 1.25515e+06
2 (EM) 	Elapsed: 0.042	Loglikelihood: -421722	(delta): 25921.2
3 (EM) 	Elapsed: 0.042	Loglikelihood: -416886	(delta): 4835.36
4 (EM) 	Elapsed: 0.042	Loglikelihood: -414097	(delta): 2789.32
5 (EM) 	Elapsed: 0.042	Loglikelihood: -412125	(delta): 1971.94
Initial loglikelihood: -412125
Starting main algorithm
1 (QN/Block) 	Elapsed: 0.129	Loglikelihood: -354264	(delta): 57860.9
2 (QN/Block) 	Elapsed: 0.128	Loglikelihood: -326978	(delta): 27285.7
3 (QN/Block) 	Elapsed: 0.132	Loglikelihood: -316613	(delta): 10365.1
4 (QN/Block) 	Elapsed: 0.13	Loglikelihood: -304863	(delta): 11750.5
5 (QN/Block) 	Elapsed: 0.131	Loglikelihood: -301567	(delta): 3296.19
6 (QN/Block) 	Elapsed: 0.131	Loglikelihood: -300839	(delta): 727.722
7 (QN/Block) 	Elapsed: 0.13	Loglikelihood: -300650	(delta): 188.942
8 (QN/Block) 	Elapsed: 0.129	Loglikelihood: -300603	(delta): 46.4387
9 (QN/Block) 	Elapsed: 0.129	Loglikelihood: -300588	(delta): 15.9654
10 (QN/Block) 	Elapsed: 0.129	Loglikelihood: -300582	(delta): 5.05871
11 (QN/Block) 	Elapsed: 0.129	Loglikelihood: -300581	(delta): 1.15508
12 (QN/Block) 	Elapsed: 0.132	Loglikelihood: -300581	(delta): 0.0683293
13 (QN/Block) 	Elapsed: 0.129	Loglikelihood: -300581	(delta): 0.000645403
14 (QN/Block) 	Elapsed: 0.131	Loglikelihood: -300581	(delta): 0.000117718
15 (QN/Block) 	Elapsed: 0.129	Loglikelihood: -300581	(delta): 2.62429e-05
Summary: 
Converged in 15 iterations (2.195 sec)
Loglikelihood: -300581.237419
Fst divergences between estimated populations: 
	Pop0	Pop1	Pop2	
Pop0	
Pop1	0.433	
Pop2	0.338	0.425	
Pop3	0.348	0.406	0.223	
CV error (K=4): 0.18201
Writing output files.
