****                   ADMIXTURE Version 1.3.0                  ****
****                    Copyright 2008-2015                     ****
****           David Alexander, Suyash Shringarpure,            ****
****                John  Novembre, Ken Lange                   ****
****                                                            ****
****                 Please cite our paper!                     ****
****   Information at www.genetics.ucla.edu/software/admixture  ****

Cross-validation will be performed.  Folds=5.
Parallel execution requested.  Will use 10 threads.
Random seed: 1722617358
Point estimation method: Block relaxation algorithm
Convergence acceleration algorithm: QuasiNewton, 3 secant conditions
Point estimation will terminate when objective function delta < 0.0001
Estimation of standard errors disabled; will compute point estimates only.
Size of G: 364x3412
Performing five EM steps to prime main algorithm
1 (EM) 	Elapsed: 0.021	Loglikelihood: -435147	(delta): 1.43097e+06
2 (EM) 	Elapsed: 0.018	Loglikelihood: -418580	(delta): 16566.3
3 (EM) 	Elapsed: 0.018	Loglikelihood: -415652	(delta): 2928.66
4 (EM) 	Elapsed: 0.018	Loglikelihood: -414084	(delta): 1567.26
5 (EM) 	Elapsed: 0.018	Loglikelihood: -413190	(delta): 894.073
Initial loglikelihood: -413190
Starting main algorithm
1 (QN/Block) 	Elapsed: 0.066	Loglikelihood: -391187	(delta): 22003.8
2 (QN/Block) 	Elapsed: 0.068	Loglikelihood: -379033	(delta): 12153.8
3 (QN/Block) 	Elapsed: 0.069	Loglikelihood: -373337	(delta): 5695.59
4 (QN/Block) 	Elapsed: 0.065	Loglikelihood: -368131	(delta): 5205.91
5 (QN/Block) 	Elapsed: 0.072	Loglikelihood: -363220	(delta): 4911.38
6 (QN/Block) 	Elapsed: 0.076	Loglikelihood: -355503	(delta): 7716.49
7 (QN/Block) 	Elapsed: 0.082	Loglikelihood: -351848	(delta): 3655.38
8 (QN/Block) 	Elapsed: 0.069	Loglikelihood: -351130	(delta): 717.735
9 (QN/Block) 	Elapsed: 0.07	Loglikelihood: -351006	(delta): 124.711
10 (QN/Block) 	Elapsed: 0.07	Loglikelihood: -350981	(delta): 24.2193
11 (QN/Block) 	Elapsed: 0.076	Loglikelihood: -350979	(delta): 2.4044
12 (QN/Block) 	Elapsed: 0.073	Loglikelihood: -350979	(delta): 0.0537165
13 (QN/Block) 	Elapsed: 0.062	Loglikelihood: -350979	(delta): 0.0402264
14 (QN/Block) 	Elapsed: 0.083	Loglikelihood: -350979	(delta): 0.0121879
15 (QN/Block) 	Elapsed: 0.071	Loglikelihood: -350979	(delta): 0.000857663
16 (QN/Block) 	Elapsed: 0.062	Loglikelihood: -350979	(delta): 0.000946009
17 (QN/Block) 	Elapsed: 0.066	Loglikelihood: -350979	(delta): 0.000237253
18 (QN/Block) 	Elapsed: 0.063	Loglikelihood: -350979	(delta): 0.000123408
19 (QN/Block) 	Elapsed: 0.06	Loglikelihood: -350979	(delta): 4.01317e-05
Summary: 
Converged in 19 iterations (1.452 sec)
Loglikelihood: -350978.902632
Fst divergences between estimated populations: 
	Pop0	
Pop0	
Pop1	0.247	
CV error (K=2): 0.22250
Writing output files.
