****                   ADMIXTURE Version 1.3.0                  ****
****                    Copyright 2008-2015                     ****
****           David Alexander, Suyash Shringarpure,            ****
****                John  Novembre, Ken Lange                   ****
****                                                            ****
****                 Please cite our paper!                     ****
****   Information at www.genetics.ucla.edu/software/admixture  ****

Cross-validation will be performed.  Folds=5.
Parallel execution requested.  Will use 10 threads.
Random seed: 1722617457
Point estimation method: Block relaxation algorithm
Convergence acceleration algorithm: QuasiNewton, 3 secant conditions
Point estimation will terminate when objective function delta < 0.0001
Estimation of standard errors disabled; will compute point estimates only.
Size of G: 364x3412
Performing five EM steps to prime main algorithm
1 (EM) 	Elapsed: 0.051	Loglikelihood: -450543	(delta): 1.20598e+06
2 (EM) 	Elapsed: 0.05	Loglikelihood: -421975	(delta): 28568.6
3 (EM) 	Elapsed: 0.051	Loglikelihood: -417385	(delta): 4589.48
4 (EM) 	Elapsed: 0.051	Loglikelihood: -414761	(delta): 2623.94
5 (EM) 	Elapsed: 0.051	Loglikelihood: -412740	(delta): 2021.68
Initial loglikelihood: -412740
Starting main algorithm
1 (QN/Block) 	Elapsed: 0.151	Loglikelihood: -347046	(delta): 65694
2 (QN/Block) 	Elapsed: 0.158	Loglikelihood: -318400	(delta): 28645.3
3 (QN/Block) 	Elapsed: 0.173	Loglikelihood: -308647	(delta): 9752.92
4 (QN/Block) 	Elapsed: 0.154	Loglikelihood: -303016	(delta): 5631.25
5 (QN/Block) 	Elapsed: 0.152	Loglikelihood: -301545	(delta): 1471.1
6 (QN/Block) 	Elapsed: 0.155	Loglikelihood: -301207	(delta): 338.18
7 (QN/Block) 	Elapsed: 0.153	Loglikelihood: -301131	(delta): 76.2992
8 (QN/Block) 	Elapsed: 0.159	Loglikelihood: -301085	(delta): 45.6945
9 (QN/Block) 	Elapsed: 0.151	Loglikelihood: -301061	(delta): 23.7409
10 (QN/Block) 	Elapsed: 0.149	Loglikelihood: -301054	(delta): 7.58167
11 (QN/Block) 	Elapsed: 0.149	Loglikelihood: -301050	(delta): 3.49439
12 (QN/Block) 	Elapsed: 0.148	Loglikelihood: -301048	(delta): 1.81544
13 (QN/Block) 	Elapsed: 0.151	Loglikelihood: -301047	(delta): 1.17388
14 (QN/Block) 	Elapsed: 0.149	Loglikelihood: -301047	(delta): 0.249766
15 (QN/Block) 	Elapsed: 0.149	Loglikelihood: -301047	(delta): 0.14023
16 (QN/Block) 	Elapsed: 0.149	Loglikelihood: -301047	(delta): 0.0313564
17 (QN/Block) 	Elapsed: 0.148	Loglikelihood: -301047	(delta): 0.00570931
18 (QN/Block) 	Elapsed: 0.165	Loglikelihood: -301047	(delta): 0.00320997
19 (QN/Block) 	Elapsed: 0.149	Loglikelihood: -301047	(delta): 0.000562636
20 (QN/Block) 	Elapsed: 0.151	Loglikelihood: -301047	(delta): 0.000336998
21 (QN/Block) 	Elapsed: 0.149	Loglikelihood: -301047	(delta): 0.000132843
22 (QN/Block) 	Elapsed: 0.156	Loglikelihood: -301047	(delta): 7.61261e-05
Summary: 
Converged in 22 iterations (3.671 sec)
Loglikelihood: -301046.634563
Fst divergences between estimated populations: 
	Pop0	Pop1	Pop2	Pop3	
Pop0	
Pop1	0.362	
Pop2	0.361	0.384	
Pop3	0.321	0.348	0.381	
Pop4	0.320	0.362	0.379	0.103	
CV error (K=5): 0.18602
Writing output files.
