****                   ADMIXTURE Version 1.3.0                  ****
****                    Copyright 2008-2015                     ****
****           David Alexander, Suyash Shringarpure,            ****
****                John  Novembre, Ken Lange                   ****
****                                                            ****
****                 Please cite our paper!                     ****
****   Information at www.genetics.ucla.edu/software/admixture  ****

Cross-validation will be performed.  Folds=5.
Parallel execution requested.  Will use 10 threads.
Random seed: 1722617323
Point estimation method: Block relaxation algorithm
Convergence acceleration algorithm: QuasiNewton, 3 secant conditions
Point estimation will terminate when objective function delta < 0.0001
Estimation of standard errors disabled; will compute point estimates only.
Size of G: 364x3412
Performing five EM steps to prime main algorithm
1 (EM) 	Elapsed: 0.068	Loglikelihood: -451887	(delta): 1.18015e+06
2 (EM) 	Elapsed: 0.065	Loglikelihood: -422301	(delta): 29586.3
3 (EM) 	Elapsed: 0.065	Loglikelihood: -417433	(delta): 4867.89
4 (EM) 	Elapsed: 0.065	Loglikelihood: -414834	(delta): 2599.44
5 (EM) 	Elapsed: 0.065	Loglikelihood: -412931	(delta): 1902.6
Initial loglikelihood: -412931
Starting main algorithm
1 (QN/Block) 	Elapsed: 0.204	Loglikelihood: -338694	(delta): 74236.8
2 (QN/Block) 	Elapsed: 0.206	Loglikelihood: -304928	(delta): 33766.2
3 (QN/Block) 	Elapsed: 0.209	Loglikelihood: -294306	(delta): 10622.5
4 (QN/Block) 	Elapsed: 0.205	Loglikelihood: -289369	(delta): 4936.37
5 (QN/Block) 	Elapsed: 0.213	Loglikelihood: -287518	(delta): 1851.72
6 (QN/Block) 	Elapsed: 0.23	Loglikelihood: -287098	(delta): 419.51
7 (QN/Block) 	Elapsed: 0.23	Loglikelihood: -287019	(delta): 79.5255
8 (QN/Block) 	Elapsed: 0.238	Loglikelihood: -287014	(delta): 4.67835
9 (QN/Block) 	Elapsed: 0.234	Loglikelihood: -287012	(delta): 1.77885
10 (QN/Block) 	Elapsed: 0.211	Loglikelihood: -287012	(delta): 0.0603015
11 (QN/Block) 	Elapsed: 0.209	Loglikelihood: -287012	(delta): 0.0316975
12 (QN/Block) 	Elapsed: 0.206	Loglikelihood: -287012	(delta): 0.0164358
13 (QN/Block) 	Elapsed: 0.214	Loglikelihood: -287012	(delta): 0.00524348
14 (QN/Block) 	Elapsed: 0.212	Loglikelihood: -287012	(delta): 0.00158122
15 (QN/Block) 	Elapsed: 0.235	Loglikelihood: -287012	(delta): 0.0017937
16 (QN/Block) 	Elapsed: 0.212	Loglikelihood: -287012	(delta): 0.000346971
17 (QN/Block) 	Elapsed: 0.236	Loglikelihood: -287012	(delta): 0.000129117
18 (QN/Block) 	Elapsed: 0.219	Loglikelihood: -287012	(delta): 4.45376e-05
Summary: 
Converged in 18 iterations (4.298 sec)
Loglikelihood: -287011.951913
Fst divergences between estimated populations: 
	Pop0	Pop1	Pop2	Pop3	
Pop0	
Pop1	0.467	
Pop2	0.394	0.418	
Pop3	0.407	0.436	0.362	
Pop4	0.280	0.428	0.307	0.340	
CV error (K=5): 0.17232
Writing output files.
