****                   ADMIXTURE Version 1.3.0                  ****
****                    Copyright 2008-2015                     ****
****           David Alexander, Suyash Shringarpure,            ****
****                John  Novembre, Ken Lange                   ****
****                                                            ****
****                 Please cite our paper!                     ****
****   Information at www.genetics.ucla.edu/software/admixture  ****

Cross-validation will be performed.  Folds=5.
Parallel execution requested.  Will use 10 threads.
Random seed: 1722617572
Point estimation method: Block relaxation algorithm
Convergence acceleration algorithm: QuasiNewton, 3 secant conditions
Point estimation will terminate when objective function delta < 0.0001
Estimation of standard errors disabled; will compute point estimates only.
Size of G: 364x3412
Performing five EM steps to prime main algorithm
1 (EM) 	Elapsed: 0.08	Loglikelihood: -454050	(delta): 1.15754e+06
2 (EM) 	Elapsed: 0.077	Loglikelihood: -421655	(delta): 32394.6
3 (EM) 	Elapsed: 0.077	Loglikelihood: -416855	(delta): 4800.44
4 (EM) 	Elapsed: 0.077	Loglikelihood: -414099	(delta): 2755.33
5 (EM) 	Elapsed: 0.077	Loglikelihood: -411849	(delta): 2250.66
Initial loglikelihood: -411849
Starting main algorithm
1 (QN/Block) 	Elapsed: 0.24	Loglikelihood: -331745	(delta): 80103.9
2 (QN/Block) 	Elapsed: 0.243	Loglikelihood: -301281	(delta): 30464.1
3 (QN/Block) 	Elapsed: 0.245	Loglikelihood: -289038	(delta): 12242.6
4 (QN/Block) 	Elapsed: 0.244	Loglikelihood: -282758	(delta): 6280.1
5 (QN/Block) 	Elapsed: 0.243	Loglikelihood: -279916	(delta): 2842.2
6 (QN/Block) 	Elapsed: 0.244	Loglikelihood: -279194	(delta): 721.376
7 (QN/Block) 	Elapsed: 0.246	Loglikelihood: -279005	(delta): 189.37
8 (QN/Block) 	Elapsed: 0.244	Loglikelihood: -278947	(delta): 57.6236
9 (QN/Block) 	Elapsed: 0.242	Loglikelihood: -278934	(delta): 13.0186
10 (QN/Block) 	Elapsed: 0.243	Loglikelihood: -278909	(delta): 25.2373
11 (QN/Block) 	Elapsed: 0.247	Loglikelihood: -278896	(delta): 13.409
12 (QN/Block) 	Elapsed: 0.245	Loglikelihood: -278888	(delta): 8.04674
13 (QN/Block) 	Elapsed: 0.247	Loglikelihood: -278883	(delta): 4.21792
14 (QN/Block) 	Elapsed: 0.247	Loglikelihood: -278880	(delta): 3.03281
15 (QN/Block) 	Elapsed: 0.249	Loglikelihood: -278878	(delta): 2.72091
16 (QN/Block) 	Elapsed: 0.248	Loglikelihood: -278874	(delta): 3.38166
17 (QN/Block) 	Elapsed: 0.247	Loglikelihood: -278872	(delta): 2.75777
18 (QN/Block) 	Elapsed: 0.247	Loglikelihood: -278870	(delta): 1.83369
19 (QN/Block) 	Elapsed: 0.249	Loglikelihood: -278868	(delta): 1.78599
20 (QN/Block) 	Elapsed: 0.248	Loglikelihood: -278867	(delta): 1.05664
21 (QN/Block) 	Elapsed: 0.248	Loglikelihood: -278866	(delta): 0.658853
22 (QN/Block) 	Elapsed: 0.249	Loglikelihood: -278866	(delta): 0.572548
23 (QN/Block) 	Elapsed: 0.248	Loglikelihood: -278865	(delta): 0.56636
24 (QN/Block) 	Elapsed: 0.248	Loglikelihood: -278864	(delta): 0.988882
25 (QN/Block) 	Elapsed: 0.247	Loglikelihood: -278862	(delta): 2.25157
26 (QN/Block) 	Elapsed: 0.248	Loglikelihood: -278860	(delta): 1.40006
27 (QN/Block) 	Elapsed: 0.245	Loglikelihood: -278860	(delta): 0.588867
28 (QN/Block) 	Elapsed: 0.245	Loglikelihood: -278860	(delta): 0.18437
29 (QN/Block) 	Elapsed: 0.247	Loglikelihood: -278860	(delta): 0.140538
30 (QN/Block) 	Elapsed: 0.248	Loglikelihood: -278859	(delta): 0.225195
31 (QN/Block) 	Elapsed: 0.249	Loglikelihood: -278859	(delta): 0.365159
32 (QN/Block) 	Elapsed: 0.247	Loglikelihood: -278858	(delta): 0.789318
33 (QN/Block) 	Elapsed: 0.249	Loglikelihood: -278858	(delta): 0.395928
34 (QN/Block) 	Elapsed: 0.246	Loglikelihood: -278857	(delta): 0.443788
35 (QN/Block) 	Elapsed: 0.246	Loglikelihood: -278857	(delta): 0.326255
36 (QN/Block) 	Elapsed: 0.248	Loglikelihood: -278857	(delta): 0.337169
37 (QN/Block) 	Elapsed: 0.248	Loglikelihood: -278856	(delta): 0.417955
38 (QN/Block) 	Elapsed: 0.247	Loglikelihood: -278856	(delta): 0.243158
39 (QN/Block) 	Elapsed: 0.249	Loglikelihood: -278856	(delta): 0.35187
40 (QN/Block) 	Elapsed: 0.247	Loglikelihood: -278855	(delta): 0.412508
41 (QN/Block) 	Elapsed: 0.248	Loglikelihood: -278855	(delta): 0.337924
42 (QN/Block) 	Elapsed: 0.244	Loglikelihood: -278855	(delta): 0.215639
43 (QN/Block) 	Elapsed: 0.248	Loglikelihood: -278855	(delta): 0.131697
44 (QN/Block) 	Elapsed: 0.248	Loglikelihood: -278854	(delta): 0.148464
45 (QN/Block) 	Elapsed: 0.249	Loglikelihood: -278854	(delta): 0.20201
46 (QN/Block) 	Elapsed: 0.247	Loglikelihood: -278854	(delta): 0.208189
47 (QN/Block) 	Elapsed: 0.249	Loglikelihood: -278854	(delta): 0.199196
48 (QN/Block) 	Elapsed: 0.247	Loglikelihood: -278854	(delta): 0.222018
49 (QN/Block) 	Elapsed: 0.244	Loglikelihood: -278853	(delta): 0.16375
50 (QN/Block) 	Elapsed: 0.246	Loglikelihood: -278853	(delta): 0.166981
51 (QN/Block) 	Elapsed: 0.247	Loglikelihood: -278853	(delta): 0.162098
52 (QN/Block) 	Elapsed: 0.247	Loglikelihood: -278853	(delta): 0.177912
53 (QN/Block) 	Elapsed: 0.249	Loglikelihood: -278853	(delta): 0.1073
54 (QN/Block) 	Elapsed: 0.247	Loglikelihood: -278853	(delta): 0.0693917
55 (QN/Block) 	Elapsed: 0.248	Loglikelihood: -278853	(delta): 0.0524677
56 (QN/Block) 	Elapsed: 0.249	Loglikelihood: -278853	(delta): 0.0610422
57 (QN/Block) 	Elapsed: 0.247	Loglikelihood: -278853	(delta): 0.0716154
58 (QN/Block) 	Elapsed: 0.247	Loglikelihood: -278852	(delta): 0.0411251
59 (QN/Block) 	Elapsed: 0.246	Loglikelihood: -278852	(delta): 0.0534576
60 (QN/Block) 	Elapsed: 0.248	Loglikelihood: -278852	(delta): 0.136426
61 (QN/Block) 	Elapsed: 0.248	Loglikelihood: -278852	(delta): 0.16285
62 (QN/Block) 	Elapsed: 0.248	Loglikelihood: -278852	(delta): 0.173658
63 (QN/Block) 	Elapsed: 0.247	Loglikelihood: -278852	(delta): 0.209941
64 (QN/Block) 	Elapsed: 0.249	Loglikelihood: -278852	(delta): 0.169253
65 (QN/Block) 	Elapsed: 0.249	Loglikelihood: -278852	(delta): 0.0392698
66 (QN/Block) 	Elapsed: 0.244	Loglikelihood: -278851	(delta): 0.127275
67 (QN/Block) 	Elapsed: 0.248	Loglikelihood: -278851	(delta): 0.155584
68 (QN/Block) 	Elapsed: 0.247	Loglikelihood: -278851	(delta): 0.163572
69 (QN/Block) 	Elapsed: 0.245	Loglikelihood: -278851	(delta): 0.0426621
70 (QN/Block) 	Elapsed: 0.244	Loglikelihood: -278851	(delta): 0.0114991
71 (QN/Block) 	Elapsed: 0.244	Loglikelihood: -278851	(delta): 0.00623711
72 (QN/Block) 	Elapsed: 0.249	Loglikelihood: -278851	(delta): 0.00195291
73 (QN/Block) 	Elapsed: 0.249	Loglikelihood: -278851	(delta): 0.00166163
74 (QN/Block) 	Elapsed: 0.248	Loglikelihood: -278851	(delta): 0.00194025
75 (QN/Block) 	Elapsed: 0.249	Loglikelihood: -278851	(delta): 0.00228818
76 (QN/Block) 	Elapsed: 0.249	Loglikelihood: -278851	(delta): 0.00268609
77 (QN/Block) 	Elapsed: 0.248	Loglikelihood: -278851	(delta): 0.00312665
78 (QN/Block) 	Elapsed: 0.249	Loglikelihood: -278851	(delta): 0.00361043
79 (QN/Block) 	Elapsed: 0.247	Loglikelihood: -278851	(delta): 0.00413017
80 (QN/Block) 	Elapsed: 0.247	Loglikelihood: -278851	(delta): 0.00467697
81 (QN/Block) 	Elapsed: 0.246	Loglikelihood: -278851	(delta): 0.00519945
82 (QN/Block) 	Elapsed: 0.247	Loglikelihood: -278851	(delta): 0.00583158
83 (QN/Block) 	Elapsed: 0.246	Loglikelihood: -278851	(delta): 0.00673999
84 (QN/Block) 	Elapsed: 0.246	Loglikelihood: -278851	(delta): 0.0078328
85 (QN/Block) 	Elapsed: 0.247	Loglikelihood: -278851	(delta): 0.00906668
86 (QN/Block) 	Elapsed: 0.25	Loglikelihood: -278851	(delta): 0.0104017
87 (QN/Block) 	Elapsed: 0.247	Loglikelihood: -278851	(delta): 0.0122364
88 (QN/Block) 	Elapsed: 0.248	Loglikelihood: -278851	(delta): 0.0143366
89 (QN/Block) 	Elapsed: 0.248	Loglikelihood: -278851	(delta): 0.0155356
90 (QN/Block) 	Elapsed: 0.249	Loglikelihood: -278851	(delta): 0.0164656
91 (QN/Block) 	Elapsed: 0.247	Loglikelihood: -278851	(delta): 0.0173061
92 (QN/Block) 	Elapsed: 0.246	Loglikelihood: -278851	(delta): 0.0187789
93 (QN/Block) 	Elapsed: 0.247	Loglikelihood: -278851	(delta): 0.0203797
94 (QN/Block) 	Elapsed: 0.247	Loglikelihood: -278851	(delta): 0.00984156
95 (QN/Block) 	Elapsed: 0.244	Loglikelihood: -278851	(delta): 0.0157433
96 (QN/Block) 	Elapsed: 0.246	Loglikelihood: -278851	(delta): 0.0134594
97 (QN/Block) 	Elapsed: 0.249	Loglikelihood: -278851	(delta): 0.00358584
98 (QN/Block) 	Elapsed: 0.248	Loglikelihood: -278851	(delta): 0.00326855
99 (QN/Block) 	Elapsed: 0.247	Loglikelihood: -278851	(delta): 0.00325227
100 (QN/Block) 	Elapsed: 0.247	Loglikelihood: -278851	(delta): 0.00334919
101 (QN/Block) 	Elapsed: 0.247	Loglikelihood: -278851	(delta): 0.00105354
102 (QN/Block) 	Elapsed: 0.244	Loglikelihood: -278851	(delta): 0.000749736
103 (QN/Block) 	Elapsed: 0.244	Loglikelihood: -278851	(delta): 0.000303106
104 (QN/Block) 	Elapsed: 0.244	Loglikelihood: -278851	(delta): 0.000100624
105 (QN/Block) 	Elapsed: 0.245	Loglikelihood: -278851	(delta): 8.86112e-05
Summary: 
Converged in 105 iterations (26.494 sec)
Loglikelihood: -278850.771175
Fst divergences between estimated populations: 
	Pop0	Pop1	Pop2	Pop3	Pop4	Pop5	
Pop0	
Pop1	0.299	
Pop2	0.443	0.468	
Pop3	0.026	0.291	0.442	
Pop4	0.120	0.311	0.440	0.113	
Pop5	0.354	0.408	0.436	0.352	0.370	
Pop6	0.325	0.395	0.418	0.324	0.327	0.363	
CV error (K=7): 0.17238
Writing output files.
