****                   ADMIXTURE Version 1.3.0                  ****
****                    Copyright 2008-2015                     ****
****           David Alexander, Suyash Shringarpure,            ****
****                John  Novembre, Ken Lange                   ****
****                                                            ****
****                 Please cite our paper!                     ****
****   Information at www.genetics.ucla.edu/software/admixture  ****

Cross-validation will be performed.  Folds=5.
Parallel execution requested.  Will use 10 threads.
Random seed: 1722617646
Point estimation method: Block relaxation algorithm
Convergence acceleration algorithm: QuasiNewton, 3 secant conditions
Point estimation will terminate when objective function delta < 0.0001
Estimation of standard errors disabled; will compute point estimates only.
Size of G: 364x3412
Performing five EM steps to prime main algorithm
1 (EM) 	Elapsed: 0.082	Loglikelihood: -451078	(delta): 1.18571e+06
2 (EM) 	Elapsed: 0.08	Loglikelihood: -421837	(delta): 29241.2
3 (EM) 	Elapsed: 0.079	Loglikelihood: -417304	(delta): 4532.96
4 (EM) 	Elapsed: 0.079	Loglikelihood: -414742	(delta): 2561.91
5 (EM) 	Elapsed: 0.079	Loglikelihood: -412770	(delta): 1971.59
Initial loglikelihood: -412770
Starting main algorithm
1 (QN/Block) 	Elapsed: 0.251	Loglikelihood: -335447	(delta): 77323.2
2 (QN/Block) 	Elapsed: 0.25	Loglikelihood: -308580	(delta): 26867.2
3 (QN/Block) 	Elapsed: 0.255	Loglikelihood: -298889	(delta): 9690.77
4 (QN/Block) 	Elapsed: 0.255	Loglikelihood: -294079	(delta): 4810.43
5 (QN/Block) 	Elapsed: 0.256	Loglikelihood: -292484	(delta): 1594.34
6 (QN/Block) 	Elapsed: 0.256	Loglikelihood: -292101	(delta): 383.022
7 (QN/Block) 	Elapsed: 0.255	Loglikelihood: -291951	(delta): 150.398
8 (QN/Block) 	Elapsed: 0.257	Loglikelihood: -291865	(delta): 86.3132
9 (QN/Block) 	Elapsed: 0.257	Loglikelihood: -291805	(delta): 60.0161
10 (QN/Block) 	Elapsed: 0.255	Loglikelihood: -291772	(delta): 32.6031
11 (QN/Block) 	Elapsed: 0.257	Loglikelihood: -291739	(delta): 32.9449
12 (QN/Block) 	Elapsed: 0.258	Loglikelihood: -291716	(delta): 22.811
13 (QN/Block) 	Elapsed: 0.256	Loglikelihood: -291697	(delta): 19.3368
14 (QN/Block) 	Elapsed: 0.256	Loglikelihood: -291663	(delta): 33.5607
15 (QN/Block) 	Elapsed: 0.259	Loglikelihood: -291639	(delta): 24.0824
16 (QN/Block) 	Elapsed: 0.259	Loglikelihood: -291626	(delta): 13.6258
17 (QN/Block) 	Elapsed: 0.259	Loglikelihood: -291605	(delta): 20.8015
18 (QN/Block) 	Elapsed: 0.259	Loglikelihood: -291563	(delta): 41.3339
19 (QN/Block) 	Elapsed: 0.259	Loglikelihood: -291478	(delta): 85.365
20 (QN/Block) 	Elapsed: 0.259	Loglikelihood: -291227	(delta): 251.517
21 (QN/Block) 	Elapsed: 0.258	Loglikelihood: -288206	(delta): 3020.19
22 (QN/Block) 	Elapsed: 0.259	Loglikelihood: -282953	(delta): 5253.4
23 (QN/Block) 	Elapsed: 0.254	Loglikelihood: -281332	(delta): 1621.15
24 (QN/Block) 	Elapsed: 0.256	Loglikelihood: -281013	(delta): 318.39
25 (QN/Block) 	Elapsed: 0.256	Loglikelihood: -280845	(delta): 168.116
26 (QN/Block) 	Elapsed: 0.258	Loglikelihood: -280823	(delta): 22.8163
27 (QN/Block) 	Elapsed: 0.257	Loglikelihood: -280822	(delta): 0.947781
28 (QN/Block) 	Elapsed: 0.255	Loglikelihood: -280822	(delta): 0.058302
29 (QN/Block) 	Elapsed: 0.255	Loglikelihood: -280821	(delta): 0.0219038
30 (QN/Block) 	Elapsed: 0.255	Loglikelihood: -280821	(delta): 0.00936148
31 (QN/Block) 	Elapsed: 0.26	Loglikelihood: -280821	(delta): 0.0062373
32 (QN/Block) 	Elapsed: 0.26	Loglikelihood: -280821	(delta): 6.77577e-05
Summary: 
Converged in 32 iterations (8.674 sec)
Loglikelihood: -280821.482613
Fst divergences between estimated populations: 
	Pop0	Pop1	Pop2	Pop3	Pop4	
Pop0	
Pop1	0.362	
Pop2	0.350	0.322	
Pop3	0.407	0.394	0.292	
Pop4	0.436	0.418	0.441	0.468	
Pop5	0.364	0.321	0.103	0.304	0.436	
CV error (K=6): 0.16966
Writing output files.
