****                   ADMIXTURE Version 1.3.0                  ****
****                    Copyright 2008-2015                     ****
****           David Alexander, Suyash Shringarpure,            ****
****                John  Novembre, Ken Lange                   ****
****                                                            ****
****                 Please cite our paper!                     ****
****   Information at www.genetics.ucla.edu/software/admixture  ****

Cross-validation will be performed.  Folds=5.
Parallel execution requested.  Will use 10 threads.
Random seed: 1722617529
Point estimation method: Block relaxation algorithm
Convergence acceleration algorithm: QuasiNewton, 3 secant conditions
Point estimation will terminate when objective function delta < 0.0001
Estimation of standard errors disabled; will compute point estimates only.
Size of G: 364x3412
Performing five EM steps to prime main algorithm
1 (EM) 	Elapsed: 0.061	Loglikelihood: -451315	(delta): 1.17282e+06
2 (EM) 	Elapsed: 0.06	Loglikelihood: -421884	(delta): 29431.6
3 (EM) 	Elapsed: 0.06	Loglikelihood: -417210	(delta): 4674.03
4 (EM) 	Elapsed: 0.06	Loglikelihood: -414516	(delta): 2693.04
5 (EM) 	Elapsed: 0.06	Loglikelihood: -412509	(delta): 2007.5
Initial loglikelihood: -412509
Starting main algorithm
1 (QN/Block) 	Elapsed: 0.193	Loglikelihood: -331909	(delta): 80600.4
2 (QN/Block) 	Elapsed: 0.19	Loglikelihood: -300966	(delta): 30943
3 (QN/Block) 	Elapsed: 0.195	Loglikelihood: -290120	(delta): 10845.5
4 (QN/Block) 	Elapsed: 0.199	Loglikelihood: -283887	(delta): 6232.86
5 (QN/Block) 	Elapsed: 0.191	Loglikelihood: -281395	(delta): 2492.47
6 (QN/Block) 	Elapsed: 0.192	Loglikelihood: -280885	(delta): 510.051
7 (QN/Block) 	Elapsed: 0.192	Loglikelihood: -280829	(delta): 55.5766
8 (QN/Block) 	Elapsed: 0.191	Loglikelihood: -280824	(delta): 5.42414
9 (QN/Block) 	Elapsed: 0.202	Loglikelihood: -280822	(delta): 1.67475
10 (QN/Block) 	Elapsed: 0.192	Loglikelihood: -280822	(delta): 0.228596
11 (QN/Block) 	Elapsed: 0.192	Loglikelihood: -280822	(delta): 0.0440658
12 (QN/Block) 	Elapsed: 0.203	Loglikelihood: -280822	(delta): 0.0293819
13 (QN/Block) 	Elapsed: 0.194	Loglikelihood: -280822	(delta): 0.00837906
14 (QN/Block) 	Elapsed: 0.196	Loglikelihood: -280822	(delta): 0.00328596
15 (QN/Block) 	Elapsed: 0.196	Loglikelihood: -280822	(delta): 0.00146381
16 (QN/Block) 	Elapsed: 0.194	Loglikelihood: -280822	(delta): 0.000947601
17 (QN/Block) 	Elapsed: 0.196	Loglikelihood: -280822	(delta): 0.000229024
18 (QN/Block) 	Elapsed: 0.192	Loglikelihood: -280822	(delta): 3.76999e-06
Summary: 
Converged in 18 iterations (3.847 sec)
Loglikelihood: -280821.705914
Fst divergences between estimated populations: 
	Pop0	Pop1	Pop2	Pop3	Pop4	
Pop0	
Pop1	0.322	
Pop2	0.292	0.394	
Pop3	0.103	0.321	0.304	
Pop4	0.441	0.418	0.468	0.436	
Pop5	0.350	0.362	0.407	0.364	0.436	
CV error (K=6): 0.17008
Writing output files.
