****                   ADMIXTURE Version 1.3.0                  ****
****                    Copyright 2008-2015                     ****
****           David Alexander, Suyash Shringarpure,            ****
****                John  Novembre, Ken Lange                   ****
****                                                            ****
****                 Please cite our paper!                     ****
****   Information at www.genetics.ucla.edu/software/admixture  ****

Cross-validation will be performed.  Folds=5.
Parallel execution requested.  Will use 10 threads.
Random seed: 1722617782
Point estimation method: Block relaxation algorithm
Convergence acceleration algorithm: QuasiNewton, 3 secant conditions
Point estimation will terminate when objective function delta < 0.0001
Estimation of standard errors disabled; will compute point estimates only.
Size of G: 364x3412
Performing five EM steps to prime main algorithm
1 (EM) 	Elapsed: 0.128	Loglikelihood: -452992	(delta): 1.15056e+06
2 (EM) 	Elapsed: 0.125	Loglikelihood: -421463	(delta): 31529.1
3 (EM) 	Elapsed: 0.125	Loglikelihood: -416735	(delta): 4727.36
4 (EM) 	Elapsed: 0.125	Loglikelihood: -414089	(delta): 2646.15
5 (EM) 	Elapsed: 0.125	Loglikelihood: -411919	(delta): 2170.19
Initial loglikelihood: -411919
Starting main algorithm
1 (QN/Block) 	Elapsed: 0.326	Loglikelihood: -330364	(delta): 81555.1
2 (QN/Block) 	Elapsed: 0.326	Loglikelihood: -301273	(delta): 29090.7
3 (QN/Block) 	Elapsed: 0.333	Loglikelihood: -288175	(delta): 13098.2
4 (QN/Block) 	Elapsed: 0.335	Loglikelihood: -281737	(delta): 6437.5
5 (QN/Block) 	Elapsed: 0.33	Loglikelihood: -279119	(delta): 2617.79
6 (QN/Block) 	Elapsed: 0.33	Loglikelihood: -278249	(delta): 870.196
7 (QN/Block) 	Elapsed: 0.33	Loglikelihood: -277930	(delta): 319.692
8 (QN/Block) 	Elapsed: 0.332	Loglikelihood: -277711	(delta): 218.116
9 (QN/Block) 	Elapsed: 0.331	Loglikelihood: -277617	(delta): 94.515
10 (QN/Block) 	Elapsed: 0.333	Loglikelihood: -277554	(delta): 63.4326
11 (QN/Block) 	Elapsed: 0.333	Loglikelihood: -277477	(delta): 76.1668
12 (QN/Block) 	Elapsed: 0.333	Loglikelihood: -277431	(delta): 46.0202
13 (QN/Block) 	Elapsed: 0.333	Loglikelihood: -277402	(delta): 29.3378
14 (QN/Block) 	Elapsed: 0.333	Loglikelihood: -277376	(delta): 25.6284
15 (QN/Block) 	Elapsed: 0.331	Loglikelihood: -277357	(delta): 18.8688
16 (QN/Block) 	Elapsed: 0.333	Loglikelihood: -277341	(delta): 16.9338
17 (QN/Block) 	Elapsed: 0.333	Loglikelihood: -277326	(delta): 14.2955
18 (QN/Block) 	Elapsed: 0.334	Loglikelihood: -277315	(delta): 11.4014
19 (QN/Block) 	Elapsed: 0.336	Loglikelihood: -277291	(delta): 23.5502
20 (QN/Block) 	Elapsed: 0.332	Loglikelihood: -277257	(delta): 34.7523
21 (QN/Block) 	Elapsed: 0.334	Loglikelihood: -277234	(delta): 22.3336
22 (QN/Block) 	Elapsed: 0.333	Loglikelihood: -277220	(delta): 14.1088
23 (QN/Block) 	Elapsed: 0.333	Loglikelihood: -277211	(delta): 8.96805
24 (QN/Block) 	Elapsed: 0.334	Loglikelihood: -277207	(delta): 3.88837
25 (QN/Block) 	Elapsed: 0.334	Loglikelihood: -277205	(delta): 2.13991
26 (QN/Block) 	Elapsed: 0.335	Loglikelihood: -277201	(delta): 3.87331
27 (QN/Block) 	Elapsed: 0.336	Loglikelihood: -277199	(delta): 2.2139
28 (QN/Block) 	Elapsed: 0.335	Loglikelihood: -277196	(delta): 2.78601
29 (QN/Block) 	Elapsed: 0.336	Loglikelihood: -277194	(delta): 1.96014
30 (QN/Block) 	Elapsed: 0.336	Loglikelihood: -277193	(delta): 1.46025
31 (QN/Block) 	Elapsed: 0.331	Loglikelihood: -277191	(delta): 1.63956
32 (QN/Block) 	Elapsed: 0.336	Loglikelihood: -277191	(delta): 0.285815
33 (QN/Block) 	Elapsed: 0.335	Loglikelihood: -277191	(delta): 0.31243
34 (QN/Block) 	Elapsed: 0.336	Loglikelihood: -277190	(delta): 0.335763
35 (QN/Block) 	Elapsed: 0.336	Loglikelihood: -277190	(delta): 0.533819
36 (QN/Block) 	Elapsed: 0.336	Loglikelihood: -277189	(delta): 0.422161
37 (QN/Block) 	Elapsed: 0.334	Loglikelihood: -277189	(delta): 0.732344
38 (QN/Block) 	Elapsed: 0.336	Loglikelihood: -277188	(delta): 0.6377
39 (QN/Block) 	Elapsed: 0.331	Loglikelihood: -277187	(delta): 0.705921
40 (QN/Block) 	Elapsed: 0.336	Loglikelihood: -277187	(delta): 0.643582
41 (QN/Block) 	Elapsed: 0.336	Loglikelihood: -277186	(delta): 0.581648
42 (QN/Block) 	Elapsed: 0.336	Loglikelihood: -277186	(delta): 0.457009
43 (QN/Block) 	Elapsed: 0.336	Loglikelihood: -277185	(delta): 0.904979
44 (QN/Block) 	Elapsed: 0.334	Loglikelihood: -277184	(delta): 0.497144
45 (QN/Block) 	Elapsed: 0.333	Loglikelihood: -277184	(delta): 0.307389
46 (QN/Block) 	Elapsed: 0.331	Loglikelihood: -277184	(delta): 0.278527
47 (QN/Block) 	Elapsed: 0.336	Loglikelihood: -277183	(delta): 0.0640336
48 (QN/Block) 	Elapsed: 0.339	Loglikelihood: -277183	(delta): 0.339709
49 (QN/Block) 	Elapsed: 0.338	Loglikelihood: -277183	(delta): 0.0961093
50 (QN/Block) 	Elapsed: 0.331	Loglikelihood: -277183	(delta): 0.0241641
51 (QN/Block) 	Elapsed: 0.331	Loglikelihood: -277183	(delta): 0.00772941
52 (QN/Block) 	Elapsed: 0.331	Loglikelihood: -277183	(delta): 0.0141832
53 (QN/Block) 	Elapsed: 0.336	Loglikelihood: -277183	(delta): 0.063223
54 (QN/Block) 	Elapsed: 0.336	Loglikelihood: -277183	(delta): 0.0724831
55 (QN/Block) 	Elapsed: 0.336	Loglikelihood: -277183	(delta): 0.0529439
56 (QN/Block) 	Elapsed: 0.336	Loglikelihood: -277183	(delta): 0.0698255
57 (QN/Block) 	Elapsed: 0.336	Loglikelihood: -277183	(delta): 0.0598101
58 (QN/Block) 	Elapsed: 0.335	Loglikelihood: -277183	(delta): 0.0582696
59 (QN/Block) 	Elapsed: 0.336	Loglikelihood: -277183	(delta): 0.0703058
60 (QN/Block) 	Elapsed: 0.336	Loglikelihood: -277182	(delta): 0.0918858
61 (QN/Block) 	Elapsed: 0.336	Loglikelihood: -277182	(delta): 0.122424
62 (QN/Block) 	Elapsed: 0.334	Loglikelihood: -277182	(delta): 0.0895714
63 (QN/Block) 	Elapsed: 0.33	Loglikelihood: -277182	(delta): 0.0342281
64 (QN/Block) 	Elapsed: 0.331	Loglikelihood: -277182	(delta): 0.0219699
65 (QN/Block) 	Elapsed: 0.33	Loglikelihood: -277182	(delta): 0.00609557
66 (QN/Block) 	Elapsed: 0.329	Loglikelihood: -277182	(delta): 0.00224495
67 (QN/Block) 	Elapsed: 0.335	Loglikelihood: -277182	(delta): 0.0013831
68 (QN/Block) 	Elapsed: 0.337	Loglikelihood: -277182	(delta): 0.00120434
69 (QN/Block) 	Elapsed: 0.335	Loglikelihood: -277182	(delta): 0.0019379
70 (QN/Block) 	Elapsed: 0.333	Loglikelihood: -277182	(delta): 0.0035551
71 (QN/Block) 	Elapsed: 0.335	Loglikelihood: -277182	(delta): 0.00676777
72 (QN/Block) 	Elapsed: 0.337	Loglikelihood: -277182	(delta): 0.00875465
73 (QN/Block) 	Elapsed: 0.334	Loglikelihood: -277182	(delta): 0.0123089
74 (QN/Block) 	Elapsed: 0.335	Loglikelihood: -277182	(delta): 0.0144088
75 (QN/Block) 	Elapsed: 0.334	Loglikelihood: -277182	(delta): 0.0186849
76 (QN/Block) 	Elapsed: 0.335	Loglikelihood: -277182	(delta): 0.0284982
77 (QN/Block) 	Elapsed: 0.337	Loglikelihood: -277182	(delta): 0.0436063
78 (QN/Block) 	Elapsed: 0.379	Loglikelihood: -277182	(delta): 0.0631466
79 (QN/Block) 	Elapsed: 0.334	Loglikelihood: -277182	(delta): 0.071489
80 (QN/Block) 	Elapsed: 0.337	Loglikelihood: -277182	(delta): 0.0255234
81 (QN/Block) 	Elapsed: 0.336	Loglikelihood: -277182	(delta): 0.00977329
82 (QN/Block) 	Elapsed: 0.332	Loglikelihood: -277182	(delta): 0.00989198
83 (QN/Block) 	Elapsed: 0.329	Loglikelihood: -277182	(delta): 0.00169628
84 (QN/Block) 	Elapsed: 0.361	Loglikelihood: -277182	(delta): 0.000240094
85 (QN/Block) 	Elapsed: 0.329	Loglikelihood: -277182	(delta): 4.32758e-05
Summary: 
Converged in 85 iterations (29.241 sec)
Loglikelihood: -277181.861310
Fst divergences between estimated populations: 
	Pop0	Pop1	Pop2	Pop3	Pop4	Pop5	Pop6	
Pop0	
Pop1	0.129	
Pop2	0.360	0.375	
Pop3	0.332	0.331	0.363	
Pop4	0.052	0.133	0.359	0.331	
Pop5	0.037	0.128	0.354	0.327	0.052	
Pop6	0.448	0.443	0.436	0.418	0.447	0.444	
Pop7	0.306	0.315	0.408	0.395	0.304	0.292	0.468	
CV error (K=8): 0.17485
Writing output files.
