****                   ADMIXTURE Version 1.3.0                  ****
****                    Copyright 2008-2015                     ****
****           David Alexander, Suyash Shringarpure,            ****
****                John  Novembre, Ken Lange                   ****
****                                                            ****
****                 Please cite our paper!                     ****
****   Information at www.genetics.ucla.edu/software/admixture  ****

Cross-validation will be performed.  Folds=5.
Parallel execution requested.  Will use 10 threads.
Random seed: 1722617326
Point estimation method: Block relaxation algorithm
Convergence acceleration algorithm: QuasiNewton, 3 secant conditions
Point estimation will terminate when objective function delta < 0.0001
Estimation of standard errors disabled; will compute point estimates only.
Size of G: 364x3412
Performing five EM steps to prime main algorithm
1 (EM) 	Elapsed: 0.025	Loglikelihood: -434923	(delta): 1.42198e+06
2 (EM) 	Elapsed: 0.024	Loglikelihood: -418505	(delta): 16418.1
3 (EM) 	Elapsed: 0.023	Loglikelihood: -415277	(delta): 3227.14
4 (EM) 	Elapsed: 0.023	Loglikelihood: -413666	(delta): 1611.5
5 (EM) 	Elapsed: 0.024	Loglikelihood: -412808	(delta): 857.862
Initial loglikelihood: -412808
Starting main algorithm
1 (QN/Block) 	Elapsed: 0.072	Loglikelihood: -379232	(delta): 33576.5
2 (QN/Block) 	Elapsed: 0.072	Loglikelihood: -366300	(delta): 12931.8
3 (QN/Block) 	Elapsed: 0.077	Loglikelihood: -356987	(delta): 9312.23
4 (QN/Block) 	Elapsed: 0.077	Loglikelihood: -351341	(delta): 5646.6
5 (QN/Block) 	Elapsed: 0.078	Loglikelihood: -350098	(delta): 1243.38
6 (QN/Block) 	Elapsed: 0.076	Loglikelihood: -349927	(delta): 170.77
7 (QN/Block) 	Elapsed: 0.076	Loglikelihood: -349920	(delta): 6.96048
8 (QN/Block) 	Elapsed: 0.076	Loglikelihood: -349919	(delta): 0.43215
9 (QN/Block) 	Elapsed: 0.076	Loglikelihood: -349919	(delta): 0.0408071
10 (QN/Block) 	Elapsed: 0.076	Loglikelihood: -349919	(delta): 0.0263964
11 (QN/Block) 	Elapsed: 0.076	Loglikelihood: -349919	(delta): 0.0118569
12 (QN/Block) 	Elapsed: 0.079	Loglikelihood: -349919	(delta): 0.0012112
13 (QN/Block) 	Elapsed: 0.078	Loglikelihood: -349919	(delta): 4.21056e-05
Summary: 
Converged in 13 iterations (1.146 sec)
Loglikelihood: -349919.259560
Fst divergences between estimated populations: 
	Pop0	
Pop0	
Pop1	0.249	
CV error (K=2): 0.22123
Writing output files.
