****                   ADMIXTURE Version 1.3.0                  ****
****                    Copyright 2008-2015                     ****
****           David Alexander, Suyash Shringarpure,            ****
****                John  Novembre, Ken Lange                   ****
****                                                            ****
****                 Please cite our paper!                     ****
****   Information at www.genetics.ucla.edu/software/admixture  ****

Cross-validation will be performed.  Folds=5.
Parallel execution requested.  Will use 10 threads.
Random seed: 1722617388
Point estimation method: Block relaxation algorithm
Convergence acceleration algorithm: QuasiNewton, 3 secant conditions
Point estimation will terminate when objective function delta < 0.0001
Estimation of standard errors disabled; will compute point estimates only.
Size of G: 364x3412
Performing five EM steps to prime main algorithm
1 (EM) 	Elapsed: 0.034	Loglikelihood: -437745	(delta): 1.37297e+06
2 (EM) 	Elapsed: 0.031	Loglikelihood: -419049	(delta): 18695.9
3 (EM) 	Elapsed: 0.031	Loglikelihood: -416097	(delta): 2952.01
4 (EM) 	Elapsed: 0.031	Loglikelihood: -414587	(delta): 1510.05
5 (EM) 	Elapsed: 0.031	Loglikelihood: -413720	(delta): 867.409
Initial loglikelihood: -413720
Starting main algorithm
1 (QN/Block) 	Elapsed: 0.084	Loglikelihood: -386696	(delta): 27024.3
2 (QN/Block) 	Elapsed: 0.085	Loglikelihood: -376149	(delta): 10546.8
3 (QN/Block) 	Elapsed: 0.089	Loglikelihood: -369905	(delta): 6243.38
4 (QN/Block) 	Elapsed: 0.092	Loglikelihood: -365200	(delta): 4705.4
5 (QN/Block) 	Elapsed: 0.093	Loglikelihood: -360936	(delta): 4264.24
6 (QN/Block) 	Elapsed: 0.09	Loglikelihood: -352537	(delta): 8398.83
7 (QN/Block) 	Elapsed: 0.092	Loglikelihood: -351530	(delta): 1006.83
8 (QN/Block) 	Elapsed: 0.089	Loglikelihood: -351161	(delta): 369.008
9 (QN/Block) 	Elapsed: 0.087	Loglikelihood: -351024	(delta): 136.658
10 (QN/Block) 	Elapsed: 0.093	Loglikelihood: -350982	(delta): 42.1945
11 (QN/Block) 	Elapsed: 0.089	Loglikelihood: -350979	(delta): 3.17576
12 (QN/Block) 	Elapsed: 0.085	Loglikelihood: -350979	(delta): 0.0330272
13 (QN/Block) 	Elapsed: 0.076	Loglikelihood: -350979	(delta): 0.0442294
14 (QN/Block) 	Elapsed: 0.075	Loglikelihood: -350979	(delta): 0.00457645
15 (QN/Block) 	Elapsed: 0.077	Loglikelihood: -350979	(delta): 0.000692566
16 (QN/Block) 	Elapsed: 0.078	Loglikelihood: -350979	(delta): 0.000764214
17 (QN/Block) 	Elapsed: 0.078	Loglikelihood: -350979	(delta): 0.000173318
18 (QN/Block) 	Elapsed: 0.074	Loglikelihood: -350979	(delta): 0.000248756
19 (QN/Block) 	Elapsed: 0.076	Loglikelihood: -350979	(delta): 9.41658e-05
Summary: 
Converged in 19 iterations (1.807 sec)
Loglikelihood: -350978.902647
Fst divergences between estimated populations: 
	Pop0	
Pop0	
Pop1	0.247	
CV error (K=2): 0.22246
Writing output files.
