****                   ADMIXTURE Version 1.3.0                  ****
****                    Copyright 2008-2015                     ****
****           David Alexander, Suyash Shringarpure,            ****
****                John  Novembre, Ken Lange                   ****
****                                                            ****
****                 Please cite our paper!                     ****
****   Information at www.genetics.ucla.edu/software/admixture  ****

Cross-validation will be performed.  Folds=5.
Parallel execution requested.  Will use 10 threads.
Random seed: 1722617348
Point estimation method: Block relaxation algorithm
Convergence acceleration algorithm: QuasiNewton, 3 secant conditions
Point estimation will terminate when objective function delta < 0.0001
Estimation of standard errors disabled; will compute point estimates only.
Size of G: 364x3412
Performing five EM steps to prime main algorithm
1 (EM) 	Elapsed: 0.089	Loglikelihood: -452582	(delta): 1.16698e+06
2 (EM) 	Elapsed: 0.085	Loglikelihood: -422603	(delta): 29978.5
3 (EM) 	Elapsed: 0.085	Loglikelihood: -417665	(delta): 4938.44
4 (EM) 	Elapsed: 0.085	Loglikelihood: -414976	(delta): 2688.86
5 (EM) 	Elapsed: 0.085	Loglikelihood: -412998	(delta): 1977.78
Initial loglikelihood: -412998
Starting main algorithm
1 (QN/Block) 	Elapsed: 0.234	Loglikelihood: -344259	(delta): 68739
2 (QN/Block) 	Elapsed: 0.236	Loglikelihood: -313412	(delta): 30847.4
3 (QN/Block) 	Elapsed: 0.245	Loglikelihood: -292629	(delta): 20782.6
4 (QN/Block) 	Elapsed: 0.243	Loglikelihood: -285509	(delta): 7119.84
5 (QN/Block) 	Elapsed: 0.24	Loglikelihood: -282100	(delta): 3408.87
6 (QN/Block) 	Elapsed: 0.241	Loglikelihood: -280989	(delta): 1111.87
7 (QN/Block) 	Elapsed: 0.242	Loglikelihood: -280879	(delta): 109.956
8 (QN/Block) 	Elapsed: 0.241	Loglikelihood: -280840	(delta): 38.7282
9 (QN/Block) 	Elapsed: 0.246	Loglikelihood: -280824	(delta): 16.1052
10 (QN/Block) 	Elapsed: 0.247	Loglikelihood: -280822	(delta): 1.814
11 (QN/Block) 	Elapsed: 0.247	Loglikelihood: -280822	(delta): 0.141531
12 (QN/Block) 	Elapsed: 0.242	Loglikelihood: -280822	(delta): 0.0656175
13 (QN/Block) 	Elapsed: 0.24	Loglikelihood: -280822	(delta): 0.0506067
14 (QN/Block) 	Elapsed: 0.243	Loglikelihood: -280822	(delta): 0.0096758
15 (QN/Block) 	Elapsed: 0.239	Loglikelihood: -280822	(delta): 0.0036869
16 (QN/Block) 	Elapsed: 0.244	Loglikelihood: -280822	(delta): 0.00179948
17 (QN/Block) 	Elapsed: 0.244	Loglikelihood: -280822	(delta): 0.00109914
18 (QN/Block) 	Elapsed: 0.249	Loglikelihood: -280822	(delta): 0.000420997
19 (QN/Block) 	Elapsed: 0.241	Loglikelihood: -280822	(delta): 1.00746e-05
Summary: 
Converged in 19 iterations (5.103 sec)
Loglikelihood: -280821.625556
Fst divergences between estimated populations: 
	Pop0	Pop1	Pop2	Pop3	Pop4	
Pop0	
Pop1	0.418	
Pop2	0.436	0.362	
Pop3	0.436	0.321	0.364	
Pop4	0.441	0.322	0.350	0.103	
Pop5	0.468	0.394	0.407	0.304	0.292	
CV error (K=6): 0.16980
Writing output files.
