****                   ADMIXTURE Version 1.3.0                  ****
****                    Copyright 2008-2015                     ****
****           David Alexander, Suyash Shringarpure,            ****
****                John  Novembre, Ken Lange                   ****
****                                                            ****
****                 Please cite our paper!                     ****
****   Information at www.genetics.ucla.edu/software/admixture  ****

Cross-validation will be performed.  Folds=5.
Parallel execution requested.  Will use 10 threads.
Random seed: 1722617338
Point estimation method: Block relaxation algorithm
Convergence acceleration algorithm: QuasiNewton, 3 secant conditions
Point estimation will terminate when objective function delta < 0.0001
Estimation of standard errors disabled; will compute point estimates only.
Size of G: 364x3412
Performing five EM steps to prime main algorithm
1 (EM) 	Elapsed: 0.043	Loglikelihood: -451479	(delta): 1.22091e+06
2 (EM) 	Elapsed: 0.039	Loglikelihood: -422696	(delta): 28783.3
3 (EM) 	Elapsed: 0.04	Loglikelihood: -417186	(delta): 5509.52
4 (EM) 	Elapsed: 0.039	Loglikelihood: -414227	(delta): 2959.03
5 (EM) 	Elapsed: 0.039	Loglikelihood: -412083	(delta): 2143.9
Initial loglikelihood: -412083
Starting main algorithm
1 (QN/Block) 	Elapsed: 0.119	Loglikelihood: -348098	(delta): 63985
2 (QN/Block) 	Elapsed: 0.12	Loglikelihood: -333479	(delta): 14618.9
3 (QN/Block) 	Elapsed: 0.124	Loglikelihood: -326787	(delta): 6692.52
4 (QN/Block) 	Elapsed: 0.124	Loglikelihood: -322305	(delta): 4482.16
5 (QN/Block) 	Elapsed: 0.124	Loglikelihood: -321134	(delta): 1170.09
6 (QN/Block) 	Elapsed: 0.123	Loglikelihood: -320878	(delta): 256.955
7 (QN/Block) 	Elapsed: 0.122	Loglikelihood: -320791	(delta): 86.0861
8 (QN/Block) 	Elapsed: 0.124	Loglikelihood: -320769	(delta): 22.7946
9 (QN/Block) 	Elapsed: 0.123	Loglikelihood: -320758	(delta): 10.9879
10 (QN/Block) 	Elapsed: 0.123	Loglikelihood: -320753	(delta): 4.20496
11 (QN/Block) 	Elapsed: 0.123	Loglikelihood: -320751	(delta): 2.1036
12 (QN/Block) 	Elapsed: 0.123	Loglikelihood: -320750	(delta): 0.911208
13 (QN/Block) 	Elapsed: 0.126	Loglikelihood: -320750	(delta): 0.732511
14 (QN/Block) 	Elapsed: 0.125	Loglikelihood: -320749	(delta): 0.517224
15 (QN/Block) 	Elapsed: 0.123	Loglikelihood: -320749	(delta): 0.612713
16 (QN/Block) 	Elapsed: 0.126	Loglikelihood: -320367	(delta): 381.893
17 (QN/Block) 	Elapsed: 0.126	Loglikelihood: -319782	(delta): 584.503
18 (QN/Block) 	Elapsed: 0.126	Loglikelihood: -318832	(delta): 949.747
19 (QN/Block) 	Elapsed: 0.126	Loglikelihood: -316644	(delta): 2188.12
20 (QN/Block) 	Elapsed: 0.126	Loglikelihood: -313870	(delta): 2774.78
21 (QN/Block) 	Elapsed: 0.124	Loglikelihood: -313451	(delta): 418.93
22 (QN/Block) 	Elapsed: 0.123	Loglikelihood: -313301	(delta): 149.392
23 (QN/Block) 	Elapsed: 0.123	Loglikelihood: -313232	(delta): 68.9226
24 (QN/Block) 	Elapsed: 0.123	Loglikelihood: -313222	(delta): 10.3012
25 (QN/Block) 	Elapsed: 0.123	Loglikelihood: -313220	(delta): 2.01887
26 (QN/Block) 	Elapsed: 0.122	Loglikelihood: -313214	(delta): 5.57774
27 (QN/Block) 	Elapsed: 0.124	Loglikelihood: -313175	(delta): 39.6416
28 (QN/Block) 	Elapsed: 0.126	Loglikelihood: -309383	(delta): 3791.38
29 (QN/Block) 	Elapsed: 0.124	Loglikelihood: -301890	(delta): 7492.96
30 (QN/Block) 	Elapsed: 0.123	Loglikelihood: -300252	(delta): 1638.86
31 (QN/Block) 	Elapsed: 0.124	Loglikelihood: -299957	(delta): 294.641
32 (QN/Block) 	Elapsed: 0.123	Loglikelihood: -299895	(delta): 61.6102
33 (QN/Block) 	Elapsed: 0.124	Loglikelihood: -299894	(delta): 1.59834
34 (QN/Block) 	Elapsed: 0.123	Loglikelihood: -299894	(delta): 0.117703
35 (QN/Block) 	Elapsed: 0.123	Loglikelihood: -299894	(delta): 0.0249393
36 (QN/Block) 	Elapsed: 0.124	Loglikelihood: -299894	(delta): 0.0220582
37 (QN/Block) 	Elapsed: 0.125	Loglikelihood: -299893	(delta): 0.0124283
38 (QN/Block) 	Elapsed: 0.123	Loglikelihood: -299893	(delta): 0.00607782
39 (QN/Block) 	Elapsed: 0.126	Loglikelihood: -299893	(delta): 0.0075754
40 (QN/Block) 	Elapsed: 0.126	Loglikelihood: -299893	(delta): 1.39716e-05
Summary: 
Converged in 40 iterations (5.221 sec)
Loglikelihood: -299893.485817
Fst divergences between estimated populations: 
	Pop0	Pop1	Pop2	
Pop0	
Pop1	0.382	
Pop2	0.390	0.338	
Pop3	0.420	0.279	0.406	
CV error (K=4): 0.18095
Writing output files.
