****                   ADMIXTURE Version 1.3.0                  ****
****                    Copyright 2008-2015                     ****
****           David Alexander, Suyash Shringarpure,            ****
****                John  Novembre, Ken Lange                   ****
****                                                            ****
****                 Please cite our paper!                     ****
****   Information at www.genetics.ucla.edu/software/admixture  ****

Cross-validation will be performed.  Folds=5.
Parallel execution requested.  Will use 10 threads.
Random seed: 1722617321
Point estimation method: Block relaxation algorithm
Convergence acceleration algorithm: QuasiNewton, 3 secant conditions
Point estimation will terminate when objective function delta < 0.0001
Estimation of standard errors disabled; will compute point estimates only.
Size of G: 364x3412
Performing five EM steps to prime main algorithm
1 (EM) 	Elapsed: 0.127	Loglikelihood: -452294	(delta): 1.1481e+06
2 (EM) 	Elapsed: 0.123	Loglikelihood: -421674	(delta): 30619.5
3 (EM) 	Elapsed: 0.124	Loglikelihood: -416961	(delta): 4713.4
4 (EM) 	Elapsed: 0.123	Loglikelihood: -414343	(delta): 2618.1
5 (EM) 	Elapsed: 0.117	Loglikelihood: -412295	(delta): 2047.36
Initial loglikelihood: -412295
Starting main algorithm
1 (QN/Block) 	Elapsed: 0.305	Loglikelihood: -327246	(delta): 85049.5
2 (QN/Block) 	Elapsed: 0.305	Loglikelihood: -298854	(delta): 28392
3 (QN/Block) 	Elapsed: 0.311	Loglikelihood: -287044	(delta): 11810.2
4 (QN/Block) 	Elapsed: 0.311	Loglikelihood: -281455	(delta): 5588.62
5 (QN/Block) 	Elapsed: 0.309	Loglikelihood: -279564	(delta): 1890.63
6 (QN/Block) 	Elapsed: 0.313	Loglikelihood: -279118	(delta): 446.598
7 (QN/Block) 	Elapsed: 0.312	Loglikelihood: -279035	(delta): 82.9896
8 (QN/Block) 	Elapsed: 0.312	Loglikelihood: -278999	(delta): 35.3804
9 (QN/Block) 	Elapsed: 0.313	Loglikelihood: -278946	(delta): 53.1616
10 (QN/Block) 	Elapsed: 0.313	Loglikelihood: -278918	(delta): 28.1557
11 (QN/Block) 	Elapsed: 0.31	Loglikelihood: -278906	(delta): 12.4323
12 (QN/Block) 	Elapsed: 0.314	Loglikelihood: -278892	(delta): 13.5445
13 (QN/Block) 	Elapsed: 0.313	Loglikelihood: -278886	(delta): 6.54914
14 (QN/Block) 	Elapsed: 0.31	Loglikelihood: -278882	(delta): 3.66396
15 (QN/Block) 	Elapsed: 0.314	Loglikelihood: -278880	(delta): 2.21966
16 (QN/Block) 	Elapsed: 0.31	Loglikelihood: -278878	(delta): 2.03818
17 (QN/Block) 	Elapsed: 0.31	Loglikelihood: -278877	(delta): 0.772473
18 (QN/Block) 	Elapsed: 0.314	Loglikelihood: -278876	(delta): 1.06209
19 (QN/Block) 	Elapsed: 0.31	Loglikelihood: -278875	(delta): 0.651833
20 (QN/Block) 	Elapsed: 0.312	Loglikelihood: -278874	(delta): 1.00075
21 (QN/Block) 	Elapsed: 0.313	Loglikelihood: -278873	(delta): 0.798576
22 (QN/Block) 	Elapsed: 0.317	Loglikelihood: -278873	(delta): 0.629369
23 (QN/Block) 	Elapsed: 0.316	Loglikelihood: -278872	(delta): 0.709997
24 (QN/Block) 	Elapsed: 0.315	Loglikelihood: -278871	(delta): 1.30283
25 (QN/Block) 	Elapsed: 0.315	Loglikelihood: -278870	(delta): 0.693332
26 (QN/Block) 	Elapsed: 0.309	Loglikelihood: -278869	(delta): 0.691727
27 (QN/Block) 	Elapsed: 0.308	Loglikelihood: -278869	(delta): 0.605703
28 (QN/Block) 	Elapsed: 0.316	Loglikelihood: -278868	(delta): 0.24553
29 (QN/Block) 	Elapsed: 0.314	Loglikelihood: -278868	(delta): 0.33298
30 (QN/Block) 	Elapsed: 0.315	Loglikelihood: -278868	(delta): 0.185708
31 (QN/Block) 	Elapsed: 0.295	Loglikelihood: -278868	(delta): 0.102611
32 (QN/Block) 	Elapsed: 0.3	Loglikelihood: -278868	(delta): 0.037281
33 (QN/Block) 	Elapsed: 0.299	Loglikelihood: -278868	(delta): 0.0190778
34 (QN/Block) 	Elapsed: 0.3	Loglikelihood: -278868	(delta): 0.066318
35 (QN/Block) 	Elapsed: 0.299	Loglikelihood: -278868	(delta): 0.0178757
36 (QN/Block) 	Elapsed: 0.3	Loglikelihood: -278868	(delta): 0.0165498
37 (QN/Block) 	Elapsed: 0.3	Loglikelihood: -278868	(delta): 0.019699
38 (QN/Block) 	Elapsed: 0.299	Loglikelihood: -278868	(delta): 0.00848598
39 (QN/Block) 	Elapsed: 0.295	Loglikelihood: -278868	(delta): 0.00446143
40 (QN/Block) 	Elapsed: 0.294	Loglikelihood: -278868	(delta): 0.00469774
41 (QN/Block) 	Elapsed: 0.296	Loglikelihood: -278868	(delta): 0.00158008
42 (QN/Block) 	Elapsed: 0.296	Loglikelihood: -278868	(delta): 0.00103921
43 (QN/Block) 	Elapsed: 0.302	Loglikelihood: -278868	(delta): 0.00131019
44 (QN/Block) 	Elapsed: 0.305	Loglikelihood: -278868	(delta): 0.000478976
45 (QN/Block) 	Elapsed: 0.295	Loglikelihood: -278868	(delta): 0.00153501
46 (QN/Block) 	Elapsed: 0.305	Loglikelihood: -278868	(delta): 0.000856434
47 (QN/Block) 	Elapsed: 0.303	Loglikelihood: -278868	(delta): 0.00100328
48 (QN/Block) 	Elapsed: 0.303	Loglikelihood: -278868	(delta): 0.00167219
49 (QN/Block) 	Elapsed: 0.294	Loglikelihood: -278868	(delta): 0.0130165
50 (QN/Block) 	Elapsed: 0.331	Loglikelihood: -278868	(delta): 0.0152822
51 (QN/Block) 	Elapsed: 0.307	Loglikelihood: -278868	(delta): 0.00905431
52 (QN/Block) 	Elapsed: 0.297	Loglikelihood: -278868	(delta): 0.00497055
53 (QN/Block) 	Elapsed: 0.294	Loglikelihood: -278868	(delta): 0.0115179
54 (QN/Block) 	Elapsed: 0.281	Loglikelihood: -278867	(delta): 0.116515
55 (QN/Block) 	Elapsed: 0.299	Loglikelihood: -278867	(delta): 0.49727
56 (QN/Block) 	Elapsed: 0.302	Loglikelihood: -278867	(delta): 0.125756
57 (QN/Block) 	Elapsed: 0.302	Loglikelihood: -278867	(delta): 0.220661
58 (QN/Block) 	Elapsed: 0.296	Loglikelihood: -278867	(delta): 0.0311605
59 (QN/Block) 	Elapsed: 0.295	Loglikelihood: -278867	(delta): 0.010328
60 (QN/Block) 	Elapsed: 0.295	Loglikelihood: -278867	(delta): 0.00424659
61 (QN/Block) 	Elapsed: 0.295	Loglikelihood: -278867	(delta): 0.00257631
62 (QN/Block) 	Elapsed: 0.295	Loglikelihood: -278867	(delta): 0.00127985
63 (QN/Block) 	Elapsed: 0.296	Loglikelihood: -278867	(delta): 0.000514483
64 (QN/Block) 	Elapsed: 0.295	Loglikelihood: -278867	(delta): 0.000279033
65 (QN/Block) 	Elapsed: 0.296	Loglikelihood: -278867	(delta): 0.000145505
66 (QN/Block) 	Elapsed: 0.296	Loglikelihood: -278867	(delta): 0.000108191
67 (QN/Block) 	Elapsed: 0.295	Loglikelihood: -278867	(delta): 5.54153e-05
Summary: 
Converged in 67 iterations (21.207 sec)
Loglikelihood: -278866.605428
Fst divergences between estimated populations: 
	Pop0	Pop1	Pop2	Pop3	Pop4	Pop5	
Pop0	
Pop1	0.408	
Pop2	0.311	0.372	
Pop3	0.468	0.436	0.441	
Pop4	0.298	0.355	0.123	0.444	
Pop5	0.395	0.363	0.327	0.418	0.327	
Pop6	0.293	0.351	0.113	0.442	0.032	0.323	
CV error (K=7): 0.17207
Writing output files.
