****                   ADMIXTURE Version 1.3.0                  ****
****                    Copyright 2008-2015                     ****
****           David Alexander, Suyash Shringarpure,            ****
****                John  Novembre, Ken Lange                   ****
****                                                            ****
****                 Please cite our paper!                     ****
****   Information at www.genetics.ucla.edu/software/admixture  ****

Cross-validation will be performed.  Folds=5.
Parallel execution requested.  Will use 10 threads.
Random seed: 1722617430
Point estimation method: Block relaxation algorithm
Convergence acceleration algorithm: QuasiNewton, 3 secant conditions
Point estimation will terminate when objective function delta < 0.0001
Estimation of standard errors disabled; will compute point estimates only.
Size of G: 364x3412
Performing five EM steps to prime main algorithm
1 (EM) 	Elapsed: 0.057	Loglikelihood: -450704	(delta): 1.16523e+06
2 (EM) 	Elapsed: 0.053	Loglikelihood: -421099	(delta): 29605.6
3 (EM) 	Elapsed: 0.055	Loglikelihood: -416312	(delta): 4786.8
4 (EM) 	Elapsed: 0.054	Loglikelihood: -413622	(delta): 2689.5
5 (EM) 	Elapsed: 0.054	Loglikelihood: -411523	(delta): 2098.75
Initial loglikelihood: -411523
Starting main algorithm
1 (QN/Block) 	Elapsed: 0.174	Loglikelihood: -344144	(delta): 67379
2 (QN/Block) 	Elapsed: 0.178	Loglikelihood: -309564	(delta): 34580.4
3 (QN/Block) 	Elapsed: 0.185	Loglikelihood: -295012	(delta): 14551.8
4 (QN/Block) 	Elapsed: 0.173	Loglikelihood: -285737	(delta): 9275.35
5 (QN/Block) 	Elapsed: 0.174	Loglikelihood: -281548	(delta): 4188.6
6 (QN/Block) 	Elapsed: 0.173	Loglikelihood: -281002	(delta): 546.67
7 (QN/Block) 	Elapsed: 0.179	Loglikelihood: -280883	(delta): 118.24
8 (QN/Block) 	Elapsed: 0.182	Loglikelihood: -280835	(delta): 48.3024
9 (QN/Block) 	Elapsed: 0.181	Loglikelihood: -280824	(delta): 11.2453
10 (QN/Block) 	Elapsed: 0.189	Loglikelihood: -280822	(delta): 1.93712
11 (QN/Block) 	Elapsed: 0.175	Loglikelihood: -280822	(delta): 0.272967
12 (QN/Block) 	Elapsed: 0.172	Loglikelihood: -280821	(delta): 0.143976
13 (QN/Block) 	Elapsed: 0.178	Loglikelihood: -280821	(delta): 0.0338348
14 (QN/Block) 	Elapsed: 0.183	Loglikelihood: -280821	(delta): 0.00378981
15 (QN/Block) 	Elapsed: 0.174	Loglikelihood: -280821	(delta): 0.0013477
16 (QN/Block) 	Elapsed: 0.173	Loglikelihood: -280821	(delta): 0.000519245
17 (QN/Block) 	Elapsed: 0.173	Loglikelihood: -280821	(delta): 1.87656e-05
Summary: 
Converged in 17 iterations (3.331 sec)
Loglikelihood: -280821.460042
Fst divergences between estimated populations: 
	Pop0	Pop1	Pop2	Pop3	Pop4	
Pop0	
Pop1	0.418	
Pop2	0.321	0.436	
Pop3	0.394	0.468	0.304	
Pop4	0.362	0.436	0.364	0.407	
Pop5	0.322	0.441	0.103	0.292	0.350	
CV error (K=6): 0.16972
Writing output files.
