****                   ADMIXTURE Version 1.3.0                  ****
****                    Copyright 2008-2015                     ****
****           David Alexander, Suyash Shringarpure,            ****
****                John  Novembre, Ken Lange                   ****
****                                                            ****
****                 Please cite our paper!                     ****
****   Information at www.genetics.ucla.edu/software/admixture  ****

Cross-validation will be performed.  Folds=5.
Parallel execution requested.  Will use 10 threads.
Random seed: 1722618255
Point estimation method: Block relaxation algorithm
Convergence acceleration algorithm: QuasiNewton, 3 secant conditions
Point estimation will terminate when objective function delta < 0.0001
Estimation of standard errors disabled; will compute point estimates only.
Size of G: 364x3412
Performing five EM steps to prime main algorithm
1 (EM) 	Elapsed: 0.121	Loglikelihood: -452195	(delta): 1.13575e+06
2 (EM) 	Elapsed: 0.118	Loglikelihood: -421046	(delta): 31149.8
3 (EM) 	Elapsed: 0.118	Loglikelihood: -416439	(delta): 4606.31
4 (EM) 	Elapsed: 0.119	Loglikelihood: -413813	(delta): 2626.39
5 (EM) 	Elapsed: 0.118	Loglikelihood: -411698	(delta): 2114.67
Initial loglikelihood: -411698
Starting main algorithm
1 (QN/Block) 	Elapsed: 0.322	Loglikelihood: -326059	(delta): 85639
2 (QN/Block) 	Elapsed: 0.329	Loglikelihood: -296299	(delta): 29760.5
3 (QN/Block) 	Elapsed: 0.347	Loglikelihood: -286580	(delta): 9718.28
4 (QN/Block) 	Elapsed: 0.326	Loglikelihood: -281513	(delta): 5067.36
5 (QN/Block) 	Elapsed: 0.351	Loglikelihood: -279558	(delta): 1955.47
6 (QN/Block) 	Elapsed: 0.329	Loglikelihood: -278997	(delta): 560.955
7 (QN/Block) 	Elapsed: 0.359	Loglikelihood: -278765	(delta): 231.75
8 (QN/Block) 	Elapsed: 0.363	Loglikelihood: -278621	(delta): 143.372
9 (QN/Block) 	Elapsed: 0.349	Loglikelihood: -278540	(delta): 81.1918
10 (QN/Block) 	Elapsed: 0.338	Loglikelihood: -278460	(delta): 79.959
11 (QN/Block) 	Elapsed: 0.332	Loglikelihood: -278393	(delta): 67.5981
12 (QN/Block) 	Elapsed: 0.339	Loglikelihood: -278326	(delta): 66.7931
13 (QN/Block) 	Elapsed: 0.331	Loglikelihood: -278270	(delta): 55.9987
14 (QN/Block) 	Elapsed: 0.338	Loglikelihood: -278213	(delta): 56.9302
15 (QN/Block) 	Elapsed: 0.343	Loglikelihood: -278179	(delta): 34.1282
16 (QN/Block) 	Elapsed: 0.33	Loglikelihood: -278152	(delta): 26.7205
17 (QN/Block) 	Elapsed: 0.346	Loglikelihood: -278132	(delta): 20.5908
18 (QN/Block) 	Elapsed: 0.323	Loglikelihood: -278116	(delta): 15.6698
19 (QN/Block) 	Elapsed: 0.325	Loglikelihood: -278109	(delta): 7.3834
20 (QN/Block) 	Elapsed: 0.345	Loglikelihood: -278094	(delta): 14.7121
21 (QN/Block) 	Elapsed: 0.346	Loglikelihood: -278077	(delta): 17.2118
22 (QN/Block) 	Elapsed: 0.325	Loglikelihood: -278029	(delta): 47.3914
23 (QN/Block) 	Elapsed: 0.353	Loglikelihood: -277989	(delta): 39.9919
24 (QN/Block) 	Elapsed: 0.353	Loglikelihood: -277965	(delta): 24.1168
25 (QN/Block) 	Elapsed: 0.325	Loglikelihood: -277944	(delta): 20.6327
26 (QN/Block) 	Elapsed: 0.337	Loglikelihood: -277925	(delta): 19.5612
27 (QN/Block) 	Elapsed: 0.334	Loglikelihood: -277908	(delta): 16.6142
28 (QN/Block) 	Elapsed: 0.341	Loglikelihood: -277898	(delta): 10.4384
29 (QN/Block) 	Elapsed: 0.349	Loglikelihood: -277875	(delta): 22.6489
30 (QN/Block) 	Elapsed: 0.336	Loglikelihood: -277846	(delta): 28.7303
31 (QN/Block) 	Elapsed: 0.328	Loglikelihood: -277840	(delta): 6.68303
32 (QN/Block) 	Elapsed: 0.326	Loglikelihood: -277837	(delta): 3.06289
33 (QN/Block) 	Elapsed: 0.323	Loglikelihood: -277835	(delta): 2.11627
34 (QN/Block) 	Elapsed: 0.335	Loglikelihood: -277833	(delta): 2.03942
35 (QN/Block) 	Elapsed: 0.326	Loglikelihood: -277831	(delta): 1.36711
36 (QN/Block) 	Elapsed: 0.326	Loglikelihood: -277830	(delta): 1.17424
37 (QN/Block) 	Elapsed: 0.33	Loglikelihood: -277829	(delta): 1.111
38 (QN/Block) 	Elapsed: 0.325	Loglikelihood: -277828	(delta): 1.35819
39 (QN/Block) 	Elapsed: 0.329	Loglikelihood: -277826	(delta): 1.60327
40 (QN/Block) 	Elapsed: 0.337	Loglikelihood: -277825	(delta): 1.03686
41 (QN/Block) 	Elapsed: 0.335	Loglikelihood: -277824	(delta): 0.733116
42 (QN/Block) 	Elapsed: 0.341	Loglikelihood: -277824	(delta): 0.542135
43 (QN/Block) 	Elapsed: 0.337	Loglikelihood: -277823	(delta): 0.408591
44 (QN/Block) 	Elapsed: 0.349	Loglikelihood: -277823	(delta): 0.0859587
45 (QN/Block) 	Elapsed: 0.363	Loglikelihood: -277823	(delta): 0.159591
46 (QN/Block) 	Elapsed: 0.335	Loglikelihood: -277823	(delta): 0.17044
47 (QN/Block) 	Elapsed: 0.328	Loglikelihood: -277823	(delta): 0.0348886
48 (QN/Block) 	Elapsed: 0.349	Loglikelihood: -277823	(delta): 0.0234495
49 (QN/Block) 	Elapsed: 0.328	Loglikelihood: -277823	(delta): 0.0416429
50 (QN/Block) 	Elapsed: 0.348	Loglikelihood: -277823	(delta): 0.183008
51 (QN/Block) 	Elapsed: 0.328	Loglikelihood: -277822	(delta): 0.773203
52 (QN/Block) 	Elapsed: 0.326	Loglikelihood: -277822	(delta): 0.256263
53 (QN/Block) 	Elapsed: 0.326	Loglikelihood: -277821	(delta): 0.132416
54 (QN/Block) 	Elapsed: 0.342	Loglikelihood: -277821	(delta): 0.266173
55 (QN/Block) 	Elapsed: 0.325	Loglikelihood: -277821	(delta): 0.495455
56 (QN/Block) 	Elapsed: 0.329	Loglikelihood: -277820	(delta): 0.218188
57 (QN/Block) 	Elapsed: 0.333	Loglikelihood: -277820	(delta): 0.288674
58 (QN/Block) 	Elapsed: 0.327	Loglikelihood: -277820	(delta): 0.503404
59 (QN/Block) 	Elapsed: 0.324	Loglikelihood: -277819	(delta): 0.457452
60 (QN/Block) 	Elapsed: 0.341	Loglikelihood: -277819	(delta): 0.218664
61 (QN/Block) 	Elapsed: 0.325	Loglikelihood: -277819	(delta): 0.0569803
62 (QN/Block) 	Elapsed: 0.325	Loglikelihood: -277819	(delta): 0.127463
63 (QN/Block) 	Elapsed: 0.323	Loglikelihood: -277819	(delta): 0.0771523
64 (QN/Block) 	Elapsed: 0.339	Loglikelihood: -277819	(delta): 0.111094
65 (QN/Block) 	Elapsed: 0.324	Loglikelihood: -277819	(delta): 0.0153635
66 (QN/Block) 	Elapsed: 0.326	Loglikelihood: -277819	(delta): 0.0140251
67 (QN/Block) 	Elapsed: 0.331	Loglikelihood: -277818	(delta): 0.0526577
68 (QN/Block) 	Elapsed: 0.342	Loglikelihood: -277818	(delta): 0.0309194
69 (QN/Block) 	Elapsed: 0.345	Loglikelihood: -277818	(delta): 0.0455449
70 (QN/Block) 	Elapsed: 0.331	Loglikelihood: -277818	(delta): 0.0725814
71 (QN/Block) 	Elapsed: 0.322	Loglikelihood: -277818	(delta): 0.0179235
72 (QN/Block) 	Elapsed: 0.33	Loglikelihood: -277818	(delta): 0.00486984
73 (QN/Block) 	Elapsed: 0.323	Loglikelihood: -277818	(delta): 0.00349807
74 (QN/Block) 	Elapsed: 0.323	Loglikelihood: -277818	(delta): 0.00205665
75 (QN/Block) 	Elapsed: 0.345	Loglikelihood: -277818	(delta): 0.000858197
76 (QN/Block) 	Elapsed: 0.329	Loglikelihood: -277818	(delta): 0.000539433
77 (QN/Block) 	Elapsed: 0.324	Loglikelihood: -277818	(delta): 0.000352511
78 (QN/Block) 	Elapsed: 0.321	Loglikelihood: -277818	(delta): 7.31327e-05
Summary: 
Converged in 78 iterations (26.83 sec)
Loglikelihood: -277818.302244
Fst divergences between estimated populations: 
	Pop0	Pop1	Pop2	Pop3	Pop4	Pop5	Pop6	
Pop0	
Pop1	0.418	
Pop2	0.443	0.325	
Pop3	0.468	0.395	0.295	
Pop4	0.440	0.327	0.115	0.310	
Pop5	0.438	0.367	0.356	0.412	0.375	
Pop6	0.441	0.324	0.024	0.295	0.118	0.357	
Pop7	0.445	0.370	0.360	0.414	0.376	0.043	0.359	
CV error (K=8): 0.17510
Writing output files.
