****                   ADMIXTURE Version 1.3.0                  ****
****                    Copyright 2008-2015                     ****
****           David Alexander, Suyash Shringarpure,            ****
****                John  Novembre, Ken Lange                   ****
****                                                            ****
****                 Please cite our paper!                     ****
****   Information at www.genetics.ucla.edu/software/admixture  ****

Cross-validation will be performed.  Folds=5.
Parallel execution requested.  Will use 10 threads.
Random seed: 1722617354
Point estimation method: Block relaxation algorithm
Convergence acceleration algorithm: QuasiNewton, 3 secant conditions
Point estimation will terminate when objective function delta < 0.0001
Estimation of standard errors disabled; will compute point estimates only.
Size of G: 364x3412
Performing five EM steps to prime main algorithm
1 (EM) 	Elapsed: 0.022	Loglikelihood: -436127	(delta): 1.39995e+06
2 (EM) 	Elapsed: 0.02	Loglikelihood: -418681	(delta): 17445.7
3 (EM) 	Elapsed: 0.02	Loglikelihood: -415447	(delta): 3234.59
4 (EM) 	Elapsed: 0.02	Loglikelihood: -413811	(delta): 1635.98
5 (EM) 	Elapsed: 0.02	Loglikelihood: -412916	(delta): 895.264
Initial loglikelihood: -412916
Starting main algorithm
1 (QN/Block) 	Elapsed: 0.055	Loglikelihood: -385796	(delta): 27119.9
2 (QN/Block) 	Elapsed: 0.055	Loglikelihood: -375413	(delta): 10382.8
3 (QN/Block) 	Elapsed: 0.057	Loglikelihood: -369049	(delta): 6364.22
4 (QN/Block) 	Elapsed: 0.059	Loglikelihood: -364503	(delta): 4546.05
5 (QN/Block) 	Elapsed: 0.059	Loglikelihood: -360730	(delta): 3772.5
6 (QN/Block) 	Elapsed: 0.057	Loglikelihood: -352563	(delta): 8167.04
7 (QN/Block) 	Elapsed: 0.057	Loglikelihood: -351371	(delta): 1192.25
8 (QN/Block) 	Elapsed: 0.057	Loglikelihood: -351062	(delta): 308.588
9 (QN/Block) 	Elapsed: 0.056	Loglikelihood: -350987	(delta): 75.6512
10 (QN/Block) 	Elapsed: 0.057	Loglikelihood: -350979	(delta): 7.36652
11 (QN/Block) 	Elapsed: 0.058	Loglikelihood: -350979	(delta): 0.170254
12 (QN/Block) 	Elapsed: 0.058	Loglikelihood: -350979	(delta): 0.0573682
13 (QN/Block) 	Elapsed: 0.059	Loglikelihood: -350979	(delta): 0.00873109
14 (QN/Block) 	Elapsed: 0.06	Loglikelihood: -350979	(delta): 0.00654179
15 (QN/Block) 	Elapsed: 0.058	Loglikelihood: -350979	(delta): 0.000553003
16 (QN/Block) 	Elapsed: 0.058	Loglikelihood: -350979	(delta): 0.000218462
17 (QN/Block) 	Elapsed: 0.058	Loglikelihood: -350979	(delta): 9.36913e-05
Summary: 
Converged in 17 iterations (1.111 sec)
Loglikelihood: -350978.902633
Fst divergences between estimated populations: 
	Pop0	
Pop0	
Pop1	0.247	
CV error (K=2): 0.22224
Writing output files.
