****                   ADMIXTURE Version 1.3.0                  ****
****                    Copyright 2008-2015                     ****
****           David Alexander, Suyash Shringarpure,            ****
****                John  Novembre, Ken Lange                   ****
****                                                            ****
****                 Please cite our paper!                     ****
****   Information at www.genetics.ucla.edu/software/admixture  ****

Cross-validation will be performed.  Folds=5.
Parallel execution requested.  Will use 10 threads.
Random seed: 1722617341
Point estimation method: Block relaxation algorithm
Convergence acceleration algorithm: QuasiNewton, 3 secant conditions
Point estimation will terminate when objective function delta < 0.0001
Estimation of standard errors disabled; will compute point estimates only.
Size of G: 364x3412
Performing five EM steps to prime main algorithm
1 (EM) 	Elapsed: 0.021	Loglikelihood: -434347	(delta): 1.42451e+06
2 (EM) 	Elapsed: 0.019	Loglikelihood: -418787	(delta): 15560
3 (EM) 	Elapsed: 0.018	Loglikelihood: -415881	(delta): 2905.71
4 (EM) 	Elapsed: 0.018	Loglikelihood: -414459	(delta): 1422.16
5 (EM) 	Elapsed: 0.019	Loglikelihood: -413745	(delta): 713.408
Initial loglikelihood: -413745
Starting main algorithm
1 (QN/Block) 	Elapsed: 0.057	Loglikelihood: -388282	(delta): 25462.9
2 (QN/Block) 	Elapsed: 0.057	Loglikelihood: -373251	(delta): 15031.3
3 (QN/Block) 	Elapsed: 0.059	Loglikelihood: -364167	(delta): 9083.72
4 (QN/Block) 	Elapsed: 0.061	Loglikelihood: -357844	(delta): 6323.3
5 (QN/Block) 	Elapsed: 0.061	Loglikelihood: -352664	(delta): 5179.86
6 (QN/Block) 	Elapsed: 0.059	Loglikelihood: -350082	(delta): 2582.65
7 (QN/Block) 	Elapsed: 0.061	Loglikelihood: -349947	(delta): 134.348
8 (QN/Block) 	Elapsed: 0.059	Loglikelihood: -349928	(delta): 19.0238
9 (QN/Block) 	Elapsed: 0.059	Loglikelihood: -349921	(delta): 6.78946
10 (QN/Block) 	Elapsed: 0.06	Loglikelihood: -349919	(delta): 2.1301
11 (QN/Block) 	Elapsed: 0.061	Loglikelihood: -349919	(delta): 0.0994644
12 (QN/Block) 	Elapsed: 0.059	Loglikelihood: -349919	(delta): 0.000709833
13 (QN/Block) 	Elapsed: 0.06	Loglikelihood: -349919	(delta): 5.48902e-05
Summary: 
Converged in 13 iterations (0.893 sec)
Loglikelihood: -349919.259554
Fst divergences between estimated populations: 
	Pop0	
Pop0	
Pop1	0.249	
CV error (K=2): 0.22087
Writing output files.
