****                   ADMIXTURE Version 1.3.0                  ****
****                    Copyright 2008-2015                     ****
****           David Alexander, Suyash Shringarpure,            ****
****                John  Novembre, Ken Lange                   ****
****                                                            ****
****                 Please cite our paper!                     ****
****   Information at www.genetics.ucla.edu/software/admixture  ****

Cross-validation will be performed.  Folds=5.
Parallel execution requested.  Will use 10 threads.
Random seed: 1722617359
Point estimation method: Block relaxation algorithm
Convergence acceleration algorithm: QuasiNewton, 3 secant conditions
Point estimation will terminate when objective function delta < 0.0001
Estimation of standard errors disabled; will compute point estimates only.
Size of G: 364x3412
Performing five EM steps to prime main algorithm
1 (EM) 	Elapsed: 0.036	Loglikelihood: -446031	(delta): 1.29763e+06
2 (EM) 	Elapsed: 0.034	Loglikelihood: -421743	(delta): 24287.7
3 (EM) 	Elapsed: 0.034	Loglikelihood: -417433	(delta): 4310.41
4 (EM) 	Elapsed: 0.034	Loglikelihood: -415186	(delta): 2246.61
5 (EM) 	Elapsed: 0.034	Loglikelihood: -413762	(delta): 1424.39
Initial loglikelihood: -413762
Starting main algorithm
1 (QN/Block) 	Elapsed: 0.106	Loglikelihood: -371049	(delta): 42712.4
2 (QN/Block) 	Elapsed: 0.108	Loglikelihood: -356497	(delta): 14552.3
3 (QN/Block) 	Elapsed: 0.114	Loglikelihood: -348338	(delta): 8158.57
4 (QN/Block) 	Elapsed: 0.115	Loglikelihood: -337898	(delta): 10440
5 (QN/Block) 	Elapsed: 0.115	Loglikelihood: -329361	(delta): 8537.2
6 (QN/Block) 	Elapsed: 0.115	Loglikelihood: -327560	(delta): 1801.19
7 (QN/Block) 	Elapsed: 0.113	Loglikelihood: -327192	(delta): 367.938
8 (QN/Block) 	Elapsed: 0.115	Loglikelihood: -327147	(delta): 45.4381
9 (QN/Block) 	Elapsed: 0.111	Loglikelihood: -327144	(delta): 2.86084
10 (QN/Block) 	Elapsed: 0.113	Loglikelihood: -327144	(delta): 0.0703846
11 (QN/Block) 	Elapsed: 0.111	Loglikelihood: -327144	(delta): 0.0171615
12 (QN/Block) 	Elapsed: 0.111	Loglikelihood: -327144	(delta): 0.0023602
13 (QN/Block) 	Elapsed: 0.112	Loglikelihood: -327144	(delta): 0.00259079
14 (QN/Block) 	Elapsed: 0.111	Loglikelihood: -327144	(delta): 0.000401142
15 (QN/Block) 	Elapsed: 0.111	Loglikelihood: -327144	(delta): 0.000321976
16 (QN/Block) 	Elapsed: 0.111	Loglikelihood: -327144	(delta): 4.81781e-05
Summary: 
Converged in 16 iterations (2.011 sec)
Loglikelihood: -327143.651066
Fst divergences between estimated populations: 
	Pop0	Pop1	
Pop0	
Pop1	0.320	
Pop2	0.279	0.264	
CV error (K=3): 0.20330
Writing output files.
