****                   ADMIXTURE Version 1.3.0                  ****
****                    Copyright 2008-2015                     ****
****           David Alexander, Suyash Shringarpure,            ****
****                John  Novembre, Ken Lange                   ****
****                                                            ****
****                 Please cite our paper!                     ****
****   Information at www.genetics.ucla.edu/software/admixture  ****

Cross-validation will be performed.  Folds=5.
Parallel execution requested.  Will use 10 threads.
Random seed: 1722617542
Point estimation method: Block relaxation algorithm
Convergence acceleration algorithm: QuasiNewton, 3 secant conditions
Point estimation will terminate when objective function delta < 0.0001
Estimation of standard errors disabled; will compute point estimates only.
Size of G: 364x3412
Performing five EM steps to prime main algorithm
1 (EM) 	Elapsed: 0.064	Loglikelihood: -451303	(delta): 1.16306e+06
2 (EM) 	Elapsed: 0.06	Loglikelihood: -421144	(delta): 30159.6
3 (EM) 	Elapsed: 0.06	Loglikelihood: -416648	(delta): 4495.17
4 (EM) 	Elapsed: 0.06	Loglikelihood: -414083	(delta): 2565.85
5 (EM) 	Elapsed: 0.06	Loglikelihood: -412004	(delta): 2078.81
Initial loglikelihood: -412004
Starting main algorithm
1 (QN/Block) 	Elapsed: 0.187	Loglikelihood: -339191	(delta): 72813.1
2 (QN/Block) 	Elapsed: 0.187	Loglikelihood: -308417	(delta): 30773.4
3 (QN/Block) 	Elapsed: 0.212	Loglikelihood: -295980	(delta): 12437.4
4 (QN/Block) 	Elapsed: 0.233	Loglikelihood: -288197	(delta): 7782.89
5 (QN/Block) 	Elapsed: 0.246	Loglikelihood: -283845	(delta): 4351.68
6 (QN/Block) 	Elapsed: 0.246	Loglikelihood: -282124	(delta): 1721.21
7 (QN/Block) 	Elapsed: 0.246	Loglikelihood: -281456	(delta): 667.802
8 (QN/Block) 	Elapsed: 0.246	Loglikelihood: -281041	(delta): 415.328
9 (QN/Block) 	Elapsed: 0.248	Loglikelihood: -280904	(delta): 137.011
10 (QN/Block) 	Elapsed: 0.25	Loglikelihood: -280847	(delta): 56.5464
11 (QN/Block) 	Elapsed: 0.245	Loglikelihood: -280830	(delta): 17.7019
12 (QN/Block) 	Elapsed: 0.245	Loglikelihood: -280823	(delta): 6.25943
13 (QN/Block) 	Elapsed: 0.246	Loglikelihood: -280822	(delta): 1.16463
14 (QN/Block) 	Elapsed: 0.246	Loglikelihood: -280822	(delta): 0.457865
15 (QN/Block) 	Elapsed: 0.244	Loglikelihood: -280822	(delta): 0.0674244
16 (QN/Block) 	Elapsed: 0.245	Loglikelihood: -280822	(delta): 0.0212349
17 (QN/Block) 	Elapsed: 0.244	Loglikelihood: -280822	(delta): 0.0129899
18 (QN/Block) 	Elapsed: 0.245	Loglikelihood: -280822	(delta): 0.00366786
19 (QN/Block) 	Elapsed: 0.245	Loglikelihood: -280822	(delta): 0.00325083
20 (QN/Block) 	Elapsed: 0.244	Loglikelihood: -280822	(delta): 0.00283465
21 (QN/Block) 	Elapsed: 0.248	Loglikelihood: -280822	(delta): 0.00036018
22 (QN/Block) 	Elapsed: 0.244	Loglikelihood: -280822	(delta): 4.55492e-06
Summary: 
Converged in 22 iterations (5.596 sec)
Loglikelihood: -280821.668594
Fst divergences between estimated populations: 
	Pop0	Pop1	Pop2	Pop3	Pop4	
Pop0	
Pop1	0.292	
Pop2	0.322	0.394	
Pop3	0.350	0.407	0.362	
Pop4	0.103	0.304	0.321	0.364	
Pop5	0.441	0.468	0.418	0.436	0.436	
CV error (K=6): 0.16985
Writing output files.
