****                   ADMIXTURE Version 1.3.0                  ****
****                    Copyright 2008-2015                     ****
****           David Alexander, Suyash Shringarpure,            ****
****                John  Novembre, Ken Lange                   ****
****                                                            ****
****                 Please cite our paper!                     ****
****   Information at www.genetics.ucla.edu/software/admixture  ****

Cross-validation will be performed.  Folds=5.
Parallel execution requested.  Will use 10 threads.
Random seed: 1722617630
Point estimation method: Block relaxation algorithm
Convergence acceleration algorithm: QuasiNewton, 3 secant conditions
Point estimation will terminate when objective function delta < 0.0001
Estimation of standard errors disabled; will compute point estimates only.
Size of G: 364x3412
Performing five EM steps to prime main algorithm
1 (EM) 	Elapsed: 0.08	Loglikelihood: -451021	(delta): 1.14319e+06
2 (EM) 	Elapsed: 0.078	Loglikelihood: -421602	(delta): 29419.6
3 (EM) 	Elapsed: 0.078	Loglikelihood: -416912	(delta): 4689.72
4 (EM) 	Elapsed: 0.078	Loglikelihood: -414273	(delta): 2638.78
5 (EM) 	Elapsed: 0.077	Loglikelihood: -412225	(delta): 2048.44
Initial loglikelihood: -412225
Starting main algorithm
1 (QN/Block) 	Elapsed: 0.249	Loglikelihood: -336643	(delta): 75581.3
2 (QN/Block) 	Elapsed: 0.249	Loglikelihood: -306998	(delta): 29645
3 (QN/Block) 	Elapsed: 0.254	Loglikelihood: -293307	(delta): 13691.7
4 (QN/Block) 	Elapsed: 0.255	Loglikelihood: -285029	(delta): 8277.81
5 (QN/Block) 	Elapsed: 0.254	Loglikelihood: -281879	(delta): 3150.32
6 (QN/Block) 	Elapsed: 0.255	Loglikelihood: -281181	(delta): 697.566
7 (QN/Block) 	Elapsed: 0.255	Loglikelihood: -280965	(delta): 215.891
8 (QN/Block) 	Elapsed: 0.257	Loglikelihood: -280846	(delta): 119.272
9 (QN/Block) 	Elapsed: 0.256	Loglikelihood: -280826	(delta): 20.2557
10 (QN/Block) 	Elapsed: 0.254	Loglikelihood: -280822	(delta): 3.51872
11 (QN/Block) 	Elapsed: 0.254	Loglikelihood: -280822	(delta): 0.287387
12 (QN/Block) 	Elapsed: 0.256	Loglikelihood: -280822	(delta): 0.141221
13 (QN/Block) 	Elapsed: 0.253	Loglikelihood: -280821	(delta): 0.123839
14 (QN/Block) 	Elapsed: 0.253	Loglikelihood: -280821	(delta): 0.0262476
15 (QN/Block) 	Elapsed: 0.252	Loglikelihood: -280821	(delta): 0.0136307
16 (QN/Block) 	Elapsed: 0.252	Loglikelihood: -280821	(delta): 0.00687938
17 (QN/Block) 	Elapsed: 0.253	Loglikelihood: -280821	(delta): 0.00435414
18 (QN/Block) 	Elapsed: 0.254	Loglikelihood: -280821	(delta): 0.000369376
19 (QN/Block) 	Elapsed: 0.255	Loglikelihood: -280821	(delta): 1.0801e-06
Summary: 
Converged in 19 iterations (5.252 sec)
Loglikelihood: -280821.398338
Fst divergences between estimated populations: 
	Pop0	Pop1	Pop2	Pop3	Pop4	
Pop0	
Pop1	0.362	
Pop2	0.364	0.321	
Pop3	0.407	0.394	0.304	
Pop4	0.436	0.418	0.436	0.468	
Pop5	0.350	0.322	0.103	0.292	0.441	
CV error (K=6): 0.17007
Writing output files.
