****                   ADMIXTURE Version 1.3.0                  ****
****                    Copyright 2008-2015                     ****
****           David Alexander, Suyash Shringarpure,            ****
****                John  Novembre, Ken Lange                   ****
****                                                            ****
****                 Please cite our paper!                     ****
****   Information at www.genetics.ucla.edu/software/admixture  ****

Cross-validation will be performed.  Folds=5.
Parallel execution requested.  Will use 10 threads.
Random seed: 1722617620
Point estimation method: Block relaxation algorithm
Convergence acceleration algorithm: QuasiNewton, 3 secant conditions
Point estimation will terminate when objective function delta < 0.0001
Estimation of standard errors disabled; will compute point estimates only.
Size of G: 364x3412
Performing five EM steps to prime main algorithm
1 (EM) 	Elapsed: 0.08	Loglikelihood: -451277	(delta): 1.16779e+06
2 (EM) 	Elapsed: 0.077	Loglikelihood: -421282	(delta): 29995.3
3 (EM) 	Elapsed: 0.076	Loglikelihood: -416369	(delta): 4912.5
4 (EM) 	Elapsed: 0.077	Loglikelihood: -413535	(delta): 2833.73
5 (EM) 	Elapsed: 0.076	Loglikelihood: -411288	(delta): 2246.95
Initial loglikelihood: -411288
Starting main algorithm
1 (QN/Block) 	Elapsed: 0.24	Loglikelihood: -333960	(delta): 77328.2
2 (QN/Block) 	Elapsed: 0.24	Loglikelihood: -307466	(delta): 26494.5
3 (QN/Block) 	Elapsed: 0.246	Loglikelihood: -298478	(delta): 8987.55
4 (QN/Block) 	Elapsed: 0.246	Loglikelihood: -293720	(delta): 4758.41
5 (QN/Block) 	Elapsed: 0.246	Loglikelihood: -292250	(delta): 1469.82
6 (QN/Block) 	Elapsed: 0.246	Loglikelihood: -291880	(delta): 370.189
7 (QN/Block) 	Elapsed: 0.248	Loglikelihood: -291762	(delta): 118.257
8 (QN/Block) 	Elapsed: 0.247	Loglikelihood: -291696	(delta): 65.1781
9 (QN/Block) 	Elapsed: 0.248	Loglikelihood: -291631	(delta): 65.1802
10 (QN/Block) 	Elapsed: 0.248	Loglikelihood: -291541	(delta): 89.956
11 (QN/Block) 	Elapsed: 0.25	Loglikelihood: -291364	(delta): 176.783
12 (QN/Block) 	Elapsed: 0.249	Loglikelihood: -290614	(delta): 750.413
13 (QN/Block) 	Elapsed: 0.248	Loglikelihood: -284966	(delta): 5648.25
14 (QN/Block) 	Elapsed: 0.249	Loglikelihood: -281651	(delta): 3314.56
15 (QN/Block) 	Elapsed: 0.247	Loglikelihood: -281072	(delta): 578.998
16 (QN/Block) 	Elapsed: 0.246	Loglikelihood: -280902	(delta): 170.177
17 (QN/Block) 	Elapsed: 0.245	Loglikelihood: -280829	(delta): 73.1311
18 (QN/Block) 	Elapsed: 0.248	Loglikelihood: -280822	(delta): 6.87963
19 (QN/Block) 	Elapsed: 0.246	Loglikelihood: -280822	(delta): 0.217436
20 (QN/Block) 	Elapsed: 0.246	Loglikelihood: -280822	(delta): 0.0643545
21 (QN/Block) 	Elapsed: 0.246	Loglikelihood: -280822	(delta): 0.0230531
22 (QN/Block) 	Elapsed: 0.247	Loglikelihood: -280822	(delta): 0.0103864
23 (QN/Block) 	Elapsed: 0.246	Loglikelihood: -280822	(delta): 0.00127168
24 (QN/Block) 	Elapsed: 0.248	Loglikelihood: -280822	(delta): 6.34324e-05
Summary: 
Converged in 24 iterations (6.353 sec)
Loglikelihood: -280821.703395
Fst divergences between estimated populations: 
	Pop0	Pop1	Pop2	Pop3	Pop4	
Pop0	
Pop1	0.436	
Pop2	0.418	0.362	
Pop3	0.468	0.407	0.394	
Pop4	0.436	0.364	0.321	0.304	
Pop5	0.441	0.350	0.322	0.292	0.103	
CV error (K=6): 0.17017
Writing output files.
