****                   ADMIXTURE Version 1.3.0                  ****
****                    Copyright 2008-2015                     ****
****           David Alexander, Suyash Shringarpure,            ****
****                John  Novembre, Ken Lange                   ****
****                                                            ****
****                 Please cite our paper!                     ****
****   Information at www.genetics.ucla.edu/software/admixture  ****

Cross-validation will be performed.  Folds=5.
Parallel execution requested.  Will use 10 threads.
Random seed: 1722617322
Point estimation method: Block relaxation algorithm
Convergence acceleration algorithm: QuasiNewton, 3 secant conditions
Point estimation will terminate when objective function delta < 0.0001
Estimation of standard errors disabled; will compute point estimates only.
Size of G: 364x3412
Performing five EM steps to prime main algorithm
1 (EM) 	Elapsed: 0.041	Loglikelihood: -444887	(delta): 1.32444e+06
2 (EM) 	Elapsed: 0.038	Loglikelihood: -420809	(delta): 24078.4
3 (EM) 	Elapsed: 0.037	Loglikelihood: -416856	(delta): 3952.49
4 (EM) 	Elapsed: 0.037	Loglikelihood: -414660	(delta): 2195.89
5 (EM) 	Elapsed: 0.037	Loglikelihood: -413227	(delta): 1432.99
Initial loglikelihood: -413227
Starting main algorithm
1 (QN/Block) 	Elapsed: 0.124	Loglikelihood: -370380	(delta): 42847.6
2 (QN/Block) 	Elapsed: 0.117	Loglikelihood: -359265	(delta): 11114.8
3 (QN/Block) 	Elapsed: 0.127	Loglikelihood: -350082	(delta): 9182.83
4 (QN/Block) 	Elapsed: 0.115	Loglikelihood: -343103	(delta): 6979.2
5 (QN/Block) 	Elapsed: 0.118	Loglikelihood: -332832	(delta): 10271.1
6 (QN/Block) 	Elapsed: 0.109	Loglikelihood: -328220	(delta): 4611.47
7 (QN/Block) 	Elapsed: 0.128	Loglikelihood: -327459	(delta): 760.927
8 (QN/Block) 	Elapsed: 0.125	Loglikelihood: -327207	(delta): 252.025
9 (QN/Block) 	Elapsed: 0.116	Loglikelihood: -327155	(delta): 52.3444
10 (QN/Block) 	Elapsed: 0.115	Loglikelihood: -327144	(delta): 10.7316
11 (QN/Block) 	Elapsed: 0.117	Loglikelihood: -327144	(delta): 0.609661
12 (QN/Block) 	Elapsed: 0.133	Loglikelihood: -327144	(delta): 0.0313502
13 (QN/Block) 	Elapsed: 0.124	Loglikelihood: -327144	(delta): 0.0197826
14 (QN/Block) 	Elapsed: 0.119	Loglikelihood: -327144	(delta): 0.00804328
15 (QN/Block) 	Elapsed: 0.136	Loglikelihood: -327144	(delta): 0.00193958
16 (QN/Block) 	Elapsed: 0.115	Loglikelihood: -327144	(delta): 0.000277553
17 (QN/Block) 	Elapsed: 0.121	Loglikelihood: -327144	(delta): 7.62558e-05
Summary: 
Converged in 17 iterations (2.299 sec)
Loglikelihood: -327143.671726
Fst divergences between estimated populations: 
	Pop0	Pop1	
Pop0	
Pop1	0.264	
Pop2	0.320	0.279	
CV error (K=3): 0.20353
Writing output files.
