****                   ADMIXTURE Version 1.3.0                  ****
****                    Copyright 2008-2015                     ****
****           David Alexander, Suyash Shringarpure,            ****
****                John  Novembre, Ken Lange                   ****
****                                                            ****
****                 Please cite our paper!                     ****
****   Information at www.genetics.ucla.edu/software/admixture  ****

Cross-validation will be performed.  Folds=5.
Parallel execution requested.  Will use 10 threads.
Random seed: 1722617435
Point estimation method: Block relaxation algorithm
Convergence acceleration algorithm: QuasiNewton, 3 secant conditions
Point estimation will terminate when objective function delta < 0.0001
Estimation of standard errors disabled; will compute point estimates only.
Size of G: 364x3412
Performing five EM steps to prime main algorithm
1 (EM) 	Elapsed: 0.038	Loglikelihood: -448282	(delta): 1.23107e+06
2 (EM) 	Elapsed: 0.037	Loglikelihood: -421904	(delta): 26377.6
3 (EM) 	Elapsed: 0.037	Loglikelihood: -417475	(delta): 4428.63
4 (EM) 	Elapsed: 0.037	Loglikelihood: -414955	(delta): 2520.8
5 (EM) 	Elapsed: 0.038	Loglikelihood: -413135	(delta): 1819.13
Initial loglikelihood: -413135
Starting main algorithm
1 (QN/Block) 	Elapsed: 0.119	Loglikelihood: -351967	(delta): 61168.5
2 (QN/Block) 	Elapsed: 0.118	Loglikelihood: -330269	(delta): 21697.6
3 (QN/Block) 	Elapsed: 0.123	Loglikelihood: -321302	(delta): 8967.73
4 (QN/Block) 	Elapsed: 0.122	Loglikelihood: -311213	(delta): 10088.2
5 (QN/Block) 	Elapsed: 0.122	Loglikelihood: -302528	(delta): 8685.3
6 (QN/Block) 	Elapsed: 0.122	Loglikelihood: -300752	(delta): 1776.36
7 (QN/Block) 	Elapsed: 0.122	Loglikelihood: -300195	(delta): 556.56
8 (QN/Block) 	Elapsed: 0.122	Loglikelihood: -300017	(delta): 178.081
9 (QN/Block) 	Elapsed: 0.121	Loglikelihood: -299927	(delta): 90.1449
10 (QN/Block) 	Elapsed: 0.121	Loglikelihood: -299895	(delta): 32.2237
11 (QN/Block) 	Elapsed: 0.124	Loglikelihood: -299893	(delta): 1.2174
12 (QN/Block) 	Elapsed: 0.121	Loglikelihood: -299893	(delta): 0.0189911
13 (QN/Block) 	Elapsed: 0.122	Loglikelihood: -299893	(delta): 0.0212739
14 (QN/Block) 	Elapsed: 0.122	Loglikelihood: -299893	(delta): 0.0106299
15 (QN/Block) 	Elapsed: 0.122	Loglikelihood: -299893	(delta): 0.00272819
16 (QN/Block) 	Elapsed: 0.122	Loglikelihood: -299893	(delta): 0.000490414
17 (QN/Block) 	Elapsed: 0.121	Loglikelihood: -299893	(delta): 0.000489983
18 (QN/Block) 	Elapsed: 0.121	Loglikelihood: -299893	(delta): 0.000165069
19 (QN/Block) 	Elapsed: 0.121	Loglikelihood: -299893	(delta): 4.25149e-05
Summary: 
Converged in 19 iterations (2.537 sec)
Loglikelihood: -299893.427270
Fst divergences between estimated populations: 
	Pop0	Pop1	Pop2	
Pop0	
Pop1	0.338	
Pop2	0.279	0.406	
Pop3	0.382	0.390	0.420	
CV error (K=4): 0.18062
Writing output files.
