****                   ADMIXTURE Version 1.3.0                  ****
****                    Copyright 2008-2015                     ****
****           David Alexander, Suyash Shringarpure,            ****
****                John  Novembre, Ken Lange                   ****
****                                                            ****
****                 Please cite our paper!                     ****
****   Information at www.genetics.ucla.edu/software/admixture  ****

Cross-validation will be performed.  Folds=5.
Parallel execution requested.  Will use 10 threads.
Random seed: 1722617574
Point estimation method: Block relaxation algorithm
Convergence acceleration algorithm: QuasiNewton, 3 secant conditions
Point estimation will terminate when objective function delta < 0.0001
Estimation of standard errors disabled; will compute point estimates only.
Size of G: 364x3412
Performing five EM steps to prime main algorithm
1 (EM) 	Elapsed: 0.055	Loglikelihood: -450345	(delta): 1.19924e+06
2 (EM) 	Elapsed: 0.05	Loglikelihood: -421833	(delta): 28511.8
3 (EM) 	Elapsed: 0.051	Loglikelihood: -417165	(delta): 4668.01
4 (EM) 	Elapsed: 0.05	Loglikelihood: -414501	(delta): 2663.59
5 (EM) 	Elapsed: 0.05	Loglikelihood: -412456	(delta): 2045.79
Initial loglikelihood: -412456
Starting main algorithm
1 (QN/Block) 	Elapsed: 0.149	Loglikelihood: -342810	(delta): 69645.5
2 (QN/Block) 	Elapsed: 0.162	Loglikelihood: -324971	(delta): 17838.7
3 (QN/Block) 	Elapsed: 0.162	Loglikelihood: -315319	(delta): 9652.87
4 (QN/Block) 	Elapsed: 0.16	Loglikelihood: -307361	(delta): 7957.43
5 (QN/Block) 	Elapsed: 0.186	Loglikelihood: -303729	(delta): 3632.35
6 (QN/Block) 	Elapsed: 0.151	Loglikelihood: -302069	(delta): 1659.42
7 (QN/Block) 	Elapsed: 0.157	Loglikelihood: -301225	(delta): 844.541
8 (QN/Block) 	Elapsed: 0.158	Loglikelihood: -298856	(delta): 2368.65
9 (QN/Block) 	Elapsed: 0.155	Loglikelihood: -293362	(delta): 5494.59
10 (QN/Block) 	Elapsed: 0.165	Loglikelihood: -288776	(delta): 4585.08
11 (QN/Block) 	Elapsed: 0.151	Loglikelihood: -287563	(delta): 1213.78
12 (QN/Block) 	Elapsed: 0.154	Loglikelihood: -287114	(delta): 449.153
13 (QN/Block) 	Elapsed: 0.154	Loglikelihood: -287023	(delta): 90.9995
14 (QN/Block) 	Elapsed: 0.156	Loglikelihood: -287013	(delta): 9.68735
15 (QN/Block) 	Elapsed: 0.151	Loglikelihood: -287012	(delta): 0.70152
16 (QN/Block) 	Elapsed: 0.157	Loglikelihood: -287012	(delta): 0.131986
17 (QN/Block) 	Elapsed: 0.174	Loglikelihood: -287012	(delta): 0.0397944
18 (QN/Block) 	Elapsed: 0.154	Loglikelihood: -287012	(delta): 0.0262093
19 (QN/Block) 	Elapsed: 0.154	Loglikelihood: -287012	(delta): 0.0159049
20 (QN/Block) 	Elapsed: 0.165	Loglikelihood: -287012	(delta): 0.0157418
21 (QN/Block) 	Elapsed: 0.152	Loglikelihood: -287012	(delta): 0.00114629
22 (QN/Block) 	Elapsed: 0.152	Loglikelihood: -287012	(delta): 0.000550006
23 (QN/Block) 	Elapsed: 0.152	Loglikelihood: -287012	(delta): 0.000850101
24 (QN/Block) 	Elapsed: 0.152	Loglikelihood: -287012	(delta): 8.65381e-05
Summary: 
Converged in 24 iterations (4.087 sec)
Loglikelihood: -287011.924794
Fst divergences between estimated populations: 
	Pop0	Pop1	Pop2	Pop3	
Pop0	
Pop1	0.307	
Pop2	0.418	0.428	
Pop3	0.362	0.340	0.436	
Pop4	0.394	0.280	0.467	0.407	
CV error (K=5): 0.17254
Writing output files.
