****                   ADMIXTURE Version 1.3.0                  ****
****                    Copyright 2008-2015                     ****
****           David Alexander, Suyash Shringarpure,            ****
****                John  Novembre, Ken Lange                   ****
****                                                            ****
****                 Please cite our paper!                     ****
****   Information at www.genetics.ucla.edu/software/admixture  ****

Cross-validation will be performed.  Folds=5.
Parallel execution requested.  Will use 10 threads.
Random seed: 1722617407
Point estimation method: Block relaxation algorithm
Convergence acceleration algorithm: QuasiNewton, 3 secant conditions
Point estimation will terminate when objective function delta < 0.0001
Estimation of standard errors disabled; will compute point estimates only.
Size of G: 364x3412
Performing five EM steps to prime main algorithm
1 (EM) 	Elapsed: 0.023	Loglikelihood: -436441	(delta): 1.42731e+06
2 (EM) 	Elapsed: 0.021	Loglikelihood: -418703	(delta): 17738.4
3 (EM) 	Elapsed: 0.021	Loglikelihood: -415934	(delta): 2768.97
4 (EM) 	Elapsed: 0.021	Loglikelihood: -414548	(delta): 1386.03
5 (EM) 	Elapsed: 0.021	Loglikelihood: -413819	(delta): 728.662
Initial loglikelihood: -413819
Starting main algorithm
1 (QN/Block) 	Elapsed: 0.082	Loglikelihood: -376814	(delta): 37005.3
2 (QN/Block) 	Elapsed: 0.066	Loglikelihood: -362735	(delta): 14078.9
3 (QN/Block) 	Elapsed: 0.072	Loglikelihood: -356491	(delta): 6243.86
4 (QN/Block) 	Elapsed: 0.069	Loglikelihood: -353169	(delta): 3322.46
5 (QN/Block) 	Elapsed: 0.072	Loglikelihood: -351225	(delta): 1943.87
6 (QN/Block) 	Elapsed: 0.071	Loglikelihood: -350989	(delta): 235.958
7 (QN/Block) 	Elapsed: 0.071	Loglikelihood: -350980	(delta): 9.36941
8 (QN/Block) 	Elapsed: 0.085	Loglikelihood: -350979	(delta): 0.690218
9 (QN/Block) 	Elapsed: 0.089	Loglikelihood: -350979	(delta): 0.0368336
10 (QN/Block) 	Elapsed: 0.079	Loglikelihood: -350979	(delta): 0.0231338
11 (QN/Block) 	Elapsed: 0.074	Loglikelihood: -350979	(delta): 0.00792855
12 (QN/Block) 	Elapsed: 0.07	Loglikelihood: -350979	(delta): 0.000586731
13 (QN/Block) 	Elapsed: 0.069	Loglikelihood: -350979	(delta): 0.000507123
14 (QN/Block) 	Elapsed: 0.08	Loglikelihood: -350979	(delta): 0.000126958
15 (QN/Block) 	Elapsed: 0.069	Loglikelihood: -350979	(delta): 2.9286e-06
Summary: 
Converged in 15 iterations (1.263 sec)
Loglikelihood: -350978.902631
Fst divergences between estimated populations: 
	Pop0	
Pop0	
Pop1	0.247	
CV error (K=2): 0.22251
Writing output files.
