****                   ADMIXTURE Version 1.3.0                  ****
****                    Copyright 2008-2015                     ****
****           David Alexander, Suyash Shringarpure,            ****
****                John  Novembre, Ken Lange                   ****
****                                                            ****
****                 Please cite our paper!                     ****
****   Information at www.genetics.ucla.edu/software/admixture  ****

Cross-validation will be performed.  Folds=5.
Parallel execution requested.  Will use 10 threads.
Random seed: 1722617477
Point estimation method: Block relaxation algorithm
Convergence acceleration algorithm: QuasiNewton, 3 secant conditions
Point estimation will terminate when objective function delta < 0.0001
Estimation of standard errors disabled; will compute point estimates only.
Size of G: 364x3412
Performing five EM steps to prime main algorithm
1 (EM) 	Elapsed: 0.03	Loglikelihood: -444584	(delta): 1.29766e+06
2 (EM) 	Elapsed: 0.026	Loglikelihood: -421034	(delta): 23550.5
3 (EM) 	Elapsed: 0.026	Loglikelihood: -417169	(delta): 3864.53
4 (EM) 	Elapsed: 0.026	Loglikelihood: -415139	(delta): 2029.7
5 (EM) 	Elapsed: 0.026	Loglikelihood: -413826	(delta): 1313.24
Initial loglikelihood: -413826
Starting main algorithm
1 (QN/Block) 	Elapsed: 0.086	Loglikelihood: -369962	(delta): 43864.4
2 (QN/Block) 	Elapsed: 0.085	Loglikelihood: -351558	(delta): 18403.7
3 (QN/Block) 	Elapsed: 0.091	Loglikelihood: -343031	(delta): 8527.27
4 (QN/Block) 	Elapsed: 0.091	Loglikelihood: -334036	(delta): 8994.92
5 (QN/Block) 	Elapsed: 0.09	Loglikelihood: -328439	(delta): 5596.64
6 (QN/Block) 	Elapsed: 0.089	Loglikelihood: -327488	(delta): 951.708
7 (QN/Block) 	Elapsed: 0.088	Loglikelihood: -327218	(delta): 269.801
8 (QN/Block) 	Elapsed: 0.09	Loglikelihood: -327160	(delta): 57.6915
9 (QN/Block) 	Elapsed: 0.089	Loglikelihood: -327145	(delta): 15.3043
10 (QN/Block) 	Elapsed: 0.092	Loglikelihood: -327144	(delta): 1.10892
11 (QN/Block) 	Elapsed: 0.089	Loglikelihood: -327144	(delta): 0.0446284
12 (QN/Block) 	Elapsed: 0.089	Loglikelihood: -327144	(delta): 0.0101081
13 (QN/Block) 	Elapsed: 0.088	Loglikelihood: -327144	(delta): 0.00812147
14 (QN/Block) 	Elapsed: 0.09	Loglikelihood: -327144	(delta): 0.00169903
15 (QN/Block) 	Elapsed: 0.09	Loglikelihood: -327144	(delta): 0.000648236
16 (QN/Block) 	Elapsed: 0.089	Loglikelihood: -327144	(delta): 0.00040434
17 (QN/Block) 	Elapsed: 0.088	Loglikelihood: -327144	(delta): 0.000191607
18 (QN/Block) 	Elapsed: 0.089	Loglikelihood: -327144	(delta): 0.000202441
19 (QN/Block) 	Elapsed: 0.089	Loglikelihood: -327144	(delta): 5.77869e-05
Summary: 
Converged in 19 iterations (1.862 sec)
Loglikelihood: -327143.649204
Fst divergences between estimated populations: 
	Pop0	Pop1	
Pop0	
Pop1	0.279	
Pop2	0.320	0.264	
CV error (K=3): 0.20381
Writing output files.
