****                   ADMIXTURE Version 1.3.0                  ****
****                    Copyright 2008-2015                     ****
****           David Alexander, Suyash Shringarpure,            ****
****                John  Novembre, Ken Lange                   ****
****                                                            ****
****                 Please cite our paper!                     ****
****   Information at www.genetics.ucla.edu/software/admixture  ****

Cross-validation will be performed.  Folds=5.
Parallel execution requested.  Will use 10 threads.
Random seed: 1722617508
Point estimation method: Block relaxation algorithm
Convergence acceleration algorithm: QuasiNewton, 3 secant conditions
Point estimation will terminate when objective function delta < 0.0001
Estimation of standard errors disabled; will compute point estimates only.
Size of G: 364x3412
Performing five EM steps to prime main algorithm
1 (EM) 	Elapsed: 0.043	Loglikelihood: -449342	(delta): 1.22144e+06
2 (EM) 	Elapsed: 0.042	Loglikelihood: -421893	(delta): 27449.1
3 (EM) 	Elapsed: 0.042	Loglikelihood: -417203	(delta): 4690.15
4 (EM) 	Elapsed: 0.042	Loglikelihood: -414586	(delta): 2617.1
5 (EM) 	Elapsed: 0.042	Loglikelihood: -412647	(delta): 1939.23
Initial loglikelihood: -412647
Starting main algorithm
1 (QN/Block) 	Elapsed: 0.133	Loglikelihood: -341329	(delta): 71317.3
2 (QN/Block) 	Elapsed: 0.134	Loglikelihood: -316480	(delta): 24849.1
3 (QN/Block) 	Elapsed: 0.137	Loglikelihood: -308705	(delta): 7775.19
4 (QN/Block) 	Elapsed: 0.136	Loglikelihood: -303001	(delta): 5704.15
5 (QN/Block) 	Elapsed: 0.138	Loglikelihood: -300500	(delta): 2500.55
6 (QN/Block) 	Elapsed: 0.138	Loglikelihood: -299975	(delta): 525.81
7 (QN/Block) 	Elapsed: 0.137	Loglikelihood: -299900	(delta): 74.1137
8 (QN/Block) 	Elapsed: 0.139	Loglikelihood: -299894	(delta): 6.62853
9 (QN/Block) 	Elapsed: 0.137	Loglikelihood: -299893	(delta): 0.325953
10 (QN/Block) 	Elapsed: 0.137	Loglikelihood: -299893	(delta): 0.0140446
11 (QN/Block) 	Elapsed: 0.137	Loglikelihood: -299893	(delta): 0.00731426
12 (QN/Block) 	Elapsed: 0.137	Loglikelihood: -299893	(delta): 0.00398462
13 (QN/Block) 	Elapsed: 0.14	Loglikelihood: -299893	(delta): 0.00275356
14 (QN/Block) 	Elapsed: 0.14	Loglikelihood: -299893	(delta): 0.00131455
15 (QN/Block) 	Elapsed: 0.14	Loglikelihood: -299893	(delta): 0.00017928
16 (QN/Block) 	Elapsed: 0.137	Loglikelihood: -299893	(delta): 0.000417462
17 (QN/Block) 	Elapsed: 0.137	Loglikelihood: -299893	(delta): 2.22644e-06
Summary: 
Converged in 17 iterations (2.581 sec)
Loglikelihood: -299893.408425
Fst divergences between estimated populations: 
	Pop0	Pop1	Pop2	
Pop0	
Pop1	0.279	
Pop2	0.382	0.420	
Pop3	0.338	0.406	0.390	
CV error (K=4): 0.18102
Writing output files.
