****                   ADMIXTURE Version 1.3.0                  ****
****                    Copyright 2008-2015                     ****
****           David Alexander, Suyash Shringarpure,            ****
****                John  Novembre, Ken Lange                   ****
****                                                            ****
****                 Please cite our paper!                     ****
****   Information at www.genetics.ucla.edu/software/admixture  ****

Cross-validation will be performed.  Folds=5.
Parallel execution requested.  Will use 10 threads.
Random seed: 1722617400
Point estimation method: Block relaxation algorithm
Convergence acceleration algorithm: QuasiNewton, 3 secant conditions
Point estimation will terminate when objective function delta < 0.0001
Estimation of standard errors disabled; will compute point estimates only.
Size of G: 364x3412
Performing five EM steps to prime main algorithm
1 (EM) 	Elapsed: 0.05	Loglikelihood: -448429	(delta): 1.22551e+06
2 (EM) 	Elapsed: 0.047	Loglikelihood: -421488	(delta): 26941.7
3 (EM) 	Elapsed: 0.047	Loglikelihood: -417196	(delta): 4291.7
4 (EM) 	Elapsed: 0.047	Loglikelihood: -414805	(delta): 2391.05
5 (EM) 	Elapsed: 0.046	Loglikelihood: -413029	(delta): 1775.85
Initial loglikelihood: -413029
Starting main algorithm
1 (QN/Block) 	Elapsed: 0.152	Loglikelihood: -348743	(delta): 64286.2
2 (QN/Block) 	Elapsed: 0.161	Loglikelihood: -319944	(delta): 28799.3
3 (QN/Block) 	Elapsed: 0.14	Loglikelihood: -310355	(delta): 9589.08
4 (QN/Block) 	Elapsed: 0.141	Loglikelihood: -304350	(delta): 6004.13
5 (QN/Block) 	Elapsed: 0.161	Loglikelihood: -301332	(delta): 3018.08
6 (QN/Block) 	Elapsed: 0.141	Loglikelihood: -300715	(delta): 617.735
7 (QN/Block) 	Elapsed: 0.144	Loglikelihood: -300597	(delta): 117.207
8 (QN/Block) 	Elapsed: 0.143	Loglikelihood: -300584	(delta): 13.6423
9 (QN/Block) 	Elapsed: 0.14	Loglikelihood: -300582	(delta): 2.20239
10 (QN/Block) 	Elapsed: 0.153	Loglikelihood: -300581	(delta): 0.258461
11 (QN/Block) 	Elapsed: 0.143	Loglikelihood: -300581	(delta): 0.0413927
12 (QN/Block) 	Elapsed: 0.166	Loglikelihood: -300581	(delta): 0.00619047
13 (QN/Block) 	Elapsed: 0.162	Loglikelihood: -300581	(delta): 0.000345036
14 (QN/Block) 	Elapsed: 0.154	Loglikelihood: -300581	(delta): 0.000154991
15 (QN/Block) 	Elapsed: 0.145	Loglikelihood: -300581	(delta): 2.47466e-05
Summary: 
Converged in 15 iterations (2.53 sec)
Loglikelihood: -300581.232061
Fst divergences between estimated populations: 
	Pop0	Pop1	Pop2	
Pop0	
Pop1	0.425	
Pop2	0.406	0.223	
Pop3	0.433	0.338	0.348	
CV error (K=4): 0.18135
Writing output files.
