****                   ADMIXTURE Version 1.3.0                  ****
****                    Copyright 2008-2015                     ****
****           David Alexander, Suyash Shringarpure,            ****
****                John  Novembre, Ken Lange                   ****
****                                                            ****
****                 Please cite our paper!                     ****
****   Information at www.genetics.ucla.edu/software/admixture  ****

Cross-validation will be performed.  Folds=5.
Parallel execution requested.  Will use 10 threads.
Random seed: 1722617937
Point estimation method: Block relaxation algorithm
Convergence acceleration algorithm: QuasiNewton, 3 secant conditions
Point estimation will terminate when objective function delta < 0.0001
Estimation of standard errors disabled; will compute point estimates only.
Size of G: 364x3412
Performing five EM steps to prime main algorithm
1 (EM) 	Elapsed: 0.087	Loglikelihood: -451408	(delta): 1.16017e+06
2 (EM) 	Elapsed: 0.085	Loglikelihood: -421190	(delta): 30218.1
3 (EM) 	Elapsed: 0.085	Loglikelihood: -416451	(delta): 4739.42
4 (EM) 	Elapsed: 0.085	Loglikelihood: -413709	(delta): 2741.99
5 (EM) 	Elapsed: 0.085	Loglikelihood: -411545	(delta): 2163.94
Initial loglikelihood: -411545
Starting main algorithm
1 (QN/Block) 	Elapsed: 0.263	Loglikelihood: -335303	(delta): 76242
2 (QN/Block) 	Elapsed: 0.264	Loglikelihood: -306941	(delta): 28362
3 (QN/Block) 	Elapsed: 0.267	Loglikelihood: -292340	(delta): 14600.7
4 (QN/Block) 	Elapsed: 0.266	Loglikelihood: -284431	(delta): 7909.14
5 (QN/Block) 	Elapsed: 0.267	Loglikelihood: -280875	(delta): 3556.38
6 (QN/Block) 	Elapsed: 0.267	Loglikelihood: -280017	(delta): 857.154
7 (QN/Block) 	Elapsed: 0.267	Loglikelihood: -279852	(delta): 164.979
8 (QN/Block) 	Elapsed: 0.265	Loglikelihood: -279818	(delta): 34.6219
9 (QN/Block) 	Elapsed: 0.267	Loglikelihood: -279799	(delta): 19.0544
10 (QN/Block) 	Elapsed: 0.265	Loglikelihood: -279792	(delta): 6.55384
11 (QN/Block) 	Elapsed: 0.265	Loglikelihood: -279789	(delta): 3.45687
12 (QN/Block) 	Elapsed: 0.267	Loglikelihood: -279786	(delta): 2.54081
13 (QN/Block) 	Elapsed: 0.268	Loglikelihood: -279786	(delta): 0.540329
14 (QN/Block) 	Elapsed: 0.266	Loglikelihood: -279785	(delta): 0.411984
15 (QN/Block) 	Elapsed: 0.269	Loglikelihood: -279785	(delta): 0.478846
16 (QN/Block) 	Elapsed: 0.269	Loglikelihood: -279784	(delta): 0.537841
17 (QN/Block) 	Elapsed: 0.266	Loglikelihood: -279784	(delta): 0.495451
18 (QN/Block) 	Elapsed: 0.269	Loglikelihood: -279784	(delta): 0.167237
19 (QN/Block) 	Elapsed: 0.269	Loglikelihood: -279783	(delta): 0.22828
20 (QN/Block) 	Elapsed: 0.269	Loglikelihood: -279783	(delta): 0.250594
21 (QN/Block) 	Elapsed: 0.269	Loglikelihood: -279783	(delta): 0.343422
22 (QN/Block) 	Elapsed: 0.269	Loglikelihood: -279783	(delta): 0.041008
23 (QN/Block) 	Elapsed: 0.268	Loglikelihood: -279783	(delta): 0.0135184
24 (QN/Block) 	Elapsed: 0.265	Loglikelihood: -279783	(delta): 0.00250566
25 (QN/Block) 	Elapsed: 0.265	Loglikelihood: -279783	(delta): 0.000522475
26 (QN/Block) 	Elapsed: 0.266	Loglikelihood: -279783	(delta): 0.000251146
27 (QN/Block) 	Elapsed: 0.269	Loglikelihood: -279783	(delta): 6.25866e-05
Summary: 
Converged in 27 iterations (7.69 sec)
Loglikelihood: -279782.663846
Fst divergences between estimated populations: 
	Pop0	Pop1	Pop2	Pop3	Pop4	Pop5	
Pop0	
Pop1	0.414	
Pop2	0.371	0.304	
Pop3	0.368	0.394	0.322	
Pop4	0.035	0.408	0.366	0.366	
Pop5	0.357	0.292	0.103	0.322	0.351	
Pop6	0.441	0.468	0.436	0.418	0.439	0.441	
CV error (K=7): 0.17159
Writing output files.
