****                   ADMIXTURE Version 1.3.0                  ****
****                    Copyright 2008-2015                     ****
****           David Alexander, Suyash Shringarpure,            ****
****                John  Novembre, Ken Lange                   ****
****                                                            ****
****                 Please cite our paper!                     ****
****   Information at www.genetics.ucla.edu/software/admixture  ****

Cross-validation will be performed.  Folds=5.
Parallel execution requested.  Will use 10 threads.
Random seed: 1722617378
Point estimation method: Block relaxation algorithm
Convergence acceleration algorithm: QuasiNewton, 3 secant conditions
Point estimation will terminate when objective function delta < 0.0001
Estimation of standard errors disabled; will compute point estimates only.
Size of G: 364x3412
Performing five EM steps to prime main algorithm
1 (EM) 	Elapsed: 0.022	Loglikelihood: -434047	(delta): 1.42142e+06
2 (EM) 	Elapsed: 0.02	Loglikelihood: -419120	(delta): 14927
3 (EM) 	Elapsed: 0.02	Loglikelihood: -416212	(delta): 2907.57
4 (EM) 	Elapsed: 0.02	Loglikelihood: -414666	(delta): 1545.7
5 (EM) 	Elapsed: 0.02	Loglikelihood: -413838	(delta): 828.738
Initial loglikelihood: -413838
Starting main algorithm
1 (QN/Block) 	Elapsed: 0.056	Loglikelihood: -381613	(delta): 32224.9
2 (QN/Block) 	Elapsed: 0.056	Loglikelihood: -366371	(delta): 15242.2
3 (QN/Block) 	Elapsed: 0.061	Loglikelihood: -358988	(delta): 7382.37
4 (QN/Block) 	Elapsed: 0.069	Loglikelihood: -354261	(delta): 4726.86
5 (QN/Block) 	Elapsed: 0.066	Loglikelihood: -351601	(delta): 2660.34
6 (QN/Block) 	Elapsed: 0.068	Loglikelihood: -350087	(delta): 1514.23
7 (QN/Block) 	Elapsed: 0.062	Loglikelihood: -349950	(delta): 137.198
8 (QN/Block) 	Elapsed: 0.06	Loglikelihood: -349922	(delta): 27.5859
9 (QN/Block) 	Elapsed: 0.075	Loglikelihood: -349919	(delta): 2.50069
10 (QN/Block) 	Elapsed: 0.06	Loglikelihood: -349919	(delta): 0.183303
11 (QN/Block) 	Elapsed: 0.068	Loglikelihood: -349919	(delta): 0.0277114
12 (QN/Block) 	Elapsed: 0.06	Loglikelihood: -349919	(delta): 0.0122713
13 (QN/Block) 	Elapsed: 0.068	Loglikelihood: -349919	(delta): 0.0098796
14 (QN/Block) 	Elapsed: 0.059	Loglikelihood: -349919	(delta): 0.00322988
15 (QN/Block) 	Elapsed: 0.06	Loglikelihood: -349919	(delta): 0.00136006
16 (QN/Block) 	Elapsed: 0.064	Loglikelihood: -349919	(delta): 0.000296096
17 (QN/Block) 	Elapsed: 0.06	Loglikelihood: -349919	(delta): 6.28701e-07
Summary: 
Converged in 17 iterations (1.206 sec)
Loglikelihood: -349919.259554
Fst divergences between estimated populations: 
	Pop0	
Pop0	
Pop1	0.249	
CV error (K=2): 0.22100
Writing output files.
