****                   ADMIXTURE Version 1.3.0                  ****
****                    Copyright 2008-2015                     ****
****           David Alexander, Suyash Shringarpure,            ****
****                John  Novembre, Ken Lange                   ****
****                                                            ****
****                 Please cite our paper!                     ****
****   Information at www.genetics.ucla.edu/software/admixture  ****

Cross-validation will be performed.  Folds=5.
Parallel execution requested.  Will use 10 threads.
Random seed: 1722617498
Point estimation method: Block relaxation algorithm
Convergence acceleration algorithm: QuasiNewton, 3 secant conditions
Point estimation will terminate when objective function delta < 0.0001
Estimation of standard errors disabled; will compute point estimates only.
Size of G: 364x3412
Performing five EM steps to prime main algorithm
1 (EM) 	Elapsed: 0.057	Loglikelihood: -451151	(delta): 1.18886e+06
2 (EM) 	Elapsed: 0.055	Loglikelihood: -422296	(delta): 28854.8
3 (EM) 	Elapsed: 0.054	Loglikelihood: -417561	(delta): 4734.85
4 (EM) 	Elapsed: 0.055	Loglikelihood: -415033	(delta): 2528.5
5 (EM) 	Elapsed: 0.055	Loglikelihood: -413239	(delta): 1793.56
Initial loglikelihood: -413239
Starting main algorithm
1 (QN/Block) 	Elapsed: 0.193	Loglikelihood: -345834	(delta): 67405.3
2 (QN/Block) 	Elapsed: 0.163	Loglikelihood: -318788	(delta): 27046.4
3 (QN/Block) 	Elapsed: 0.192	Loglikelihood: -308897	(delta): 9890.67
4 (QN/Block) 	Elapsed: 0.177	Loglikelihood: -303406	(delta): 5490.99
5 (QN/Block) 	Elapsed: 0.16	Loglikelihood: -301692	(delta): 1714.06
6 (QN/Block) 	Elapsed: 0.185	Loglikelihood: -301203	(delta): 489.071
7 (QN/Block) 	Elapsed: 0.174	Loglikelihood: -301101	(delta): 101.593
8 (QN/Block) 	Elapsed: 0.163	Loglikelihood: -301064	(delta): 37.0127
9 (QN/Block) 	Elapsed: 0.161	Loglikelihood: -301054	(delta): 10.2158
10 (QN/Block) 	Elapsed: 0.172	Loglikelihood: -301050	(delta): 3.94792
11 (QN/Block) 	Elapsed: 0.161	Loglikelihood: -301049	(delta): 1.39425
12 (QN/Block) 	Elapsed: 0.162	Loglikelihood: -301048	(delta): 0.964853
13 (QN/Block) 	Elapsed: 0.196	Loglikelihood: -301047	(delta): 0.522785
14 (QN/Block) 	Elapsed: 0.161	Loglikelihood: -301047	(delta): 0.296528
15 (QN/Block) 	Elapsed: 0.162	Loglikelihood: -301047	(delta): 0.10142
16 (QN/Block) 	Elapsed: 0.17	Loglikelihood: -301047	(delta): 0.063259
17 (QN/Block) 	Elapsed: 0.16	Loglikelihood: -301047	(delta): 0.00757046
18 (QN/Block) 	Elapsed: 0.159	Loglikelihood: -301047	(delta): 0.00203594
19 (QN/Block) 	Elapsed: 0.168	Loglikelihood: -301047	(delta): 0.00032392
20 (QN/Block) 	Elapsed: 0.185	Loglikelihood: -301047	(delta): 0.000359755
21 (QN/Block) 	Elapsed: 0.184	Loglikelihood: -301047	(delta): 4.12472e-05
Summary: 
Converged in 21 iterations (3.928 sec)
Loglikelihood: -301046.756506
Fst divergences between estimated populations: 
	Pop0	Pop1	Pop2	Pop3	
Pop0	
Pop1	0.348	
Pop2	0.384	0.381	
Pop3	0.362	0.103	0.379	
Pop4	0.362	0.321	0.361	0.320	
CV error (K=5): 0.18558
Writing output files.
