****                   ADMIXTURE Version 1.3.0                  ****
****                    Copyright 2008-2015                     ****
****           David Alexander, Suyash Shringarpure,            ****
****                John  Novembre, Ken Lange                   ****
****                                                            ****
****                 Please cite our paper!                     ****
****   Information at www.genetics.ucla.edu/software/admixture  ****

Cross-validation will be performed.  Folds=5.
Parallel execution requested.  Will use 10 threads.
Random seed: 1722617468
Point estimation method: Block relaxation algorithm
Convergence acceleration algorithm: QuasiNewton, 3 secant conditions
Point estimation will terminate when objective function delta < 0.0001
Estimation of standard errors disabled; will compute point estimates only.
Size of G: 364x3412
Performing five EM steps to prime main algorithm
1 (EM) 	Elapsed: 0.065	Loglikelihood: -450260	(delta): 1.18225e+06
2 (EM) 	Elapsed: 0.064	Loglikelihood: -421590	(delta): 28669.9
3 (EM) 	Elapsed: 0.064	Loglikelihood: -417018	(delta): 4571.83
4 (EM) 	Elapsed: 0.064	Loglikelihood: -414464	(delta): 2554.21
5 (EM) 	Elapsed: 0.064	Loglikelihood: -412568	(delta): 1896.2
Initial loglikelihood: -412568
Starting main algorithm
1 (QN/Block) 	Elapsed: 0.203	Loglikelihood: -334733	(delta): 77835.1
2 (QN/Block) 	Elapsed: 0.203	Loglikelihood: -310175	(delta): 24558.4
3 (QN/Block) 	Elapsed: 0.233	Loglikelihood: -298658	(delta): 11516.5
4 (QN/Block) 	Elapsed: 0.205	Loglikelihood: -286435	(delta): 12223.1
5 (QN/Block) 	Elapsed: 0.203	Loglikelihood: -282165	(delta): 4269.69
6 (QN/Block) 	Elapsed: 0.211	Loglikelihood: -281148	(delta): 1016.82
7 (QN/Block) 	Elapsed: 0.206	Loglikelihood: -280890	(delta): 258.415
8 (QN/Block) 	Elapsed: 0.218	Loglikelihood: -280831	(delta): 59.1439
9 (QN/Block) 	Elapsed: 0.213	Loglikelihood: -280822	(delta): 8.69162
10 (QN/Block) 	Elapsed: 0.204	Loglikelihood: -280822	(delta): 0.319495
11 (QN/Block) 	Elapsed: 0.208	Loglikelihood: -280822	(delta): 0.0360149
12 (QN/Block) 	Elapsed: 0.205	Loglikelihood: -280822	(delta): 0.0270254
13 (QN/Block) 	Elapsed: 0.208	Loglikelihood: -280822	(delta): 0.00573851
14 (QN/Block) 	Elapsed: 0.21	Loglikelihood: -280822	(delta): 0.00370067
15 (QN/Block) 	Elapsed: 0.207	Loglikelihood: -280822	(delta): 0.00277335
16 (QN/Block) 	Elapsed: 0.223	Loglikelihood: -280822	(delta): 0.00100096
17 (QN/Block) 	Elapsed: 0.212	Loglikelihood: -280822	(delta): 0.000264952
18 (QN/Block) 	Elapsed: 0.226	Loglikelihood: -280822	(delta): 1.37137e-07
Summary: 
Converged in 18 iterations (4.16 sec)
Loglikelihood: -280821.774186
Fst divergences between estimated populations: 
	Pop0	Pop1	Pop2	Pop3	Pop4	
Pop0	
Pop1	0.418	
Pop2	0.362	0.436	
Pop3	0.322	0.441	0.350	
Pop4	0.321	0.436	0.364	0.103	
Pop5	0.394	0.468	0.407	0.292	0.304	
CV error (K=6): 0.17022
Writing output files.
