****                   ADMIXTURE Version 1.3.0                  ****
****                    Copyright 2008-2015                     ****
****           David Alexander, Suyash Shringarpure,            ****
****                John  Novembre, Ken Lange                   ****
****                                                            ****
****                 Please cite our paper!                     ****
****   Information at www.genetics.ucla.edu/software/admixture  ****

Cross-validation will be performed.  Folds=5.
Parallel execution requested.  Will use 10 threads.
Random seed: 1722617377
Point estimation method: Block relaxation algorithm
Convergence acceleration algorithm: QuasiNewton, 3 secant conditions
Point estimation will terminate when objective function delta < 0.0001
Estimation of standard errors disabled; will compute point estimates only.
Size of G: 364x3412
Performing five EM steps to prime main algorithm
1 (EM) 	Elapsed: 0.069	Loglikelihood: -451276	(delta): 1.17468e+06
2 (EM) 	Elapsed: 0.065	Loglikelihood: -421751	(delta): 29524.8
3 (EM) 	Elapsed: 0.066	Loglikelihood: -417195	(delta): 4556.26
4 (EM) 	Elapsed: 0.065	Loglikelihood: -414616	(delta): 2578.78
5 (EM) 	Elapsed: 0.066	Loglikelihood: -412610	(delta): 2005.87
Initial loglikelihood: -412610
Starting main algorithm
1 (QN/Block) 	Elapsed: 0.222	Loglikelihood: -334276	(delta): 78333.8
2 (QN/Block) 	Elapsed: 0.221	Loglikelihood: -301678	(delta): 32598.3
3 (QN/Block) 	Elapsed: 0.259	Loglikelihood: -289782	(delta): 11896.5
4 (QN/Block) 	Elapsed: 0.224	Loglikelihood: -283394	(delta): 6387.78
5 (QN/Block) 	Elapsed: 0.234	Loglikelihood: -281522	(delta): 1872.18
6 (QN/Block) 	Elapsed: 0.225	Loglikelihood: -280981	(delta): 540.278
7 (QN/Block) 	Elapsed: 0.23	Loglikelihood: -280857	(delta): 123.881
8 (QN/Block) 	Elapsed: 0.236	Loglikelihood: -280834	(delta): 23.6155
9 (QN/Block) 	Elapsed: 0.242	Loglikelihood: -280825	(delta): 8.60397
10 (QN/Block) 	Elapsed: 0.256	Loglikelihood: -280822	(delta): 2.97148
11 (QN/Block) 	Elapsed: 0.232	Loglikelihood: -280822	(delta): 0.453949
12 (QN/Block) 	Elapsed: 0.258	Loglikelihood: -280822	(delta): 0.0658602
13 (QN/Block) 	Elapsed: 0.227	Loglikelihood: -280822	(delta): 0.0351327
14 (QN/Block) 	Elapsed: 0.23	Loglikelihood: -280822	(delta): 0.0289779
15 (QN/Block) 	Elapsed: 0.234	Loglikelihood: -280822	(delta): 0.00437459
16 (QN/Block) 	Elapsed: 0.228	Loglikelihood: -280822	(delta): 0.0026224
17 (QN/Block) 	Elapsed: 0.231	Loglikelihood: -280822	(delta): 0.000999308
18 (QN/Block) 	Elapsed: 0.237	Loglikelihood: -280822	(delta): 0.000804601
19 (QN/Block) 	Elapsed: 0.238	Loglikelihood: -280822	(delta): 0.000266552
20 (QN/Block) 	Elapsed: 0.235	Loglikelihood: -280822	(delta): 6.01052e-07
Summary: 
Converged in 20 iterations (5.092 sec)
Loglikelihood: -280821.667078
Fst divergences between estimated populations: 
	Pop0	Pop1	Pop2	Pop3	Pop4	
Pop0	
Pop1	0.322	
Pop2	0.418	0.441	
Pop3	0.362	0.350	0.436	
Pop4	0.321	0.103	0.436	0.364	
Pop5	0.394	0.292	0.468	0.407	0.304	
CV error (K=6): 0.16997
Writing output files.
