****                   ADMIXTURE Version 1.3.0                  ****
****                    Copyright 2008-2015                     ****
****           David Alexander, Suyash Shringarpure,            ****
****                John  Novembre, Ken Lange                   ****
****                                                            ****
****                 Please cite our paper!                     ****
****   Information at www.genetics.ucla.edu/software/admixture  ****

Cross-validation will be performed.  Folds=5.
Parallel execution requested.  Will use 10 threads.
Random seed: 1722617350
Point estimation method: Block relaxation algorithm
Convergence acceleration algorithm: QuasiNewton, 3 secant conditions
Point estimation will terminate when objective function delta < 0.0001
Estimation of standard errors disabled; will compute point estimates only.
Size of G: 364x3412
Performing five EM steps to prime main algorithm
1 (EM) 	Elapsed: 0.022	Loglikelihood: -435153	(delta): 1.44272e+06
2 (EM) 	Elapsed: 0.02	Loglikelihood: -418524	(delta): 16628.9
3 (EM) 	Elapsed: 0.02	Loglikelihood: -415417	(delta): 3107.29
4 (EM) 	Elapsed: 0.02	Loglikelihood: -413762	(delta): 1654.45
5 (EM) 	Elapsed: 0.02	Loglikelihood: -412774	(delta): 988.716
Initial loglikelihood: -412774
Starting main algorithm
1 (QN/Block) 	Elapsed: 0.055	Loglikelihood: -376717	(delta): 36056.6
2 (QN/Block) 	Elapsed: 0.054	Loglikelihood: -363779	(delta): 12937.7
3 (QN/Block) 	Elapsed: 0.057	Loglikelihood: -356549	(delta): 7230.38
4 (QN/Block) 	Elapsed: 0.059	Loglikelihood: -352734	(delta): 3815.15
5 (QN/Block) 	Elapsed: 0.058	Loglikelihood: -350300	(delta): 2434.2
6 (QN/Block) 	Elapsed: 0.059	Loglikelihood: -349942	(delta): 357.244
7 (QN/Block) 	Elapsed: 0.058	Loglikelihood: -349923	(delta): 19.2047
8 (QN/Block) 	Elapsed: 0.057	Loglikelihood: -349920	(delta): 3.4427
9 (QN/Block) 	Elapsed: 0.059	Loglikelihood: -349919	(delta): 0.50545
10 (QN/Block) 	Elapsed: 0.057	Loglikelihood: -349919	(delta): 0.0065353
11 (QN/Block) 	Elapsed: 0.059	Loglikelihood: -349919	(delta): 0.00108799
12 (QN/Block) 	Elapsed: 0.057	Loglikelihood: -349919	(delta): 0.000144421
13 (QN/Block) 	Elapsed: 0.057	Loglikelihood: -349919	(delta): 5.76681e-06
Summary: 
Converged in 13 iterations (0.874 sec)
Loglikelihood: -349919.259612
Fst divergences between estimated populations: 
	Pop0	
Pop0	
Pop1	0.249	
CV error (K=2): 0.22058
Writing output files.
