****                   ADMIXTURE Version 1.3.0                  ****
****                    Copyright 2008-2015                     ****
****           David Alexander, Suyash Shringarpure,            ****
****                John  Novembre, Ken Lange                   ****
****                                                            ****
****                 Please cite our paper!                     ****
****   Information at www.genetics.ucla.edu/software/admixture  ****

Cross-validation will be performed.  Folds=5.
Parallel execution requested.  Will use 10 threads.
Random seed: 1722617430
Point estimation method: Block relaxation algorithm
Convergence acceleration algorithm: QuasiNewton, 3 secant conditions
Point estimation will terminate when objective function delta < 0.0001
Estimation of standard errors disabled; will compute point estimates only.
Size of G: 364x3412
Performing five EM steps to prime main algorithm
1 (EM) 	Elapsed: 0.028	Loglikelihood: -444411	(delta): 1.29119e+06
2 (EM) 	Elapsed: 0.026	Loglikelihood: -421488	(delta): 22922.5
3 (EM) 	Elapsed: 0.026	Loglikelihood: -416829	(delta): 4658.95
4 (EM) 	Elapsed: 0.026	Loglikelihood: -414290	(delta): 2539.01
5 (EM) 	Elapsed: 0.025	Loglikelihood: -412617	(delta): 1673.93
Initial loglikelihood: -412617
Starting main algorithm
1 (QN/Block) 	Elapsed: 0.093	Loglikelihood: -368416	(delta): 44200.9
2 (QN/Block) 	Elapsed: 0.093	Loglikelihood: -343802	(delta): 24613.7
3 (QN/Block) 	Elapsed: 0.097	Loglikelihood: -332281	(delta): 11521
4 (QN/Block) 	Elapsed: 0.102	Loglikelihood: -326282	(delta): 5999.11
5 (QN/Block) 	Elapsed: 0.097	Loglikelihood: -322844	(delta): 3437.73
6 (QN/Block) 	Elapsed: 0.098	Loglikelihood: -321927	(delta): 916.888
7 (QN/Block) 	Elapsed: 0.099	Loglikelihood: -321812	(delta): 115.556
8 (QN/Block) 	Elapsed: 0.096	Loglikelihood: -321784	(delta): 27.6271
9 (QN/Block) 	Elapsed: 0.096	Loglikelihood: -321777	(delta): 7.33942
10 (QN/Block) 	Elapsed: 0.095	Loglikelihood: -321776	(delta): 0.991848
11 (QN/Block) 	Elapsed: 0.096	Loglikelihood: -321775	(delta): 0.213158
12 (QN/Block) 	Elapsed: 0.096	Loglikelihood: -321775	(delta): 0.0260413
13 (QN/Block) 	Elapsed: 0.096	Loglikelihood: -321775	(delta): 0.00897819
14 (QN/Block) 	Elapsed: 0.096	Loglikelihood: -321775	(delta): 0.00566525
15 (QN/Block) 	Elapsed: 0.096	Loglikelihood: -321775	(delta): 0.0027298
16 (QN/Block) 	Elapsed: 0.099	Loglikelihood: -321775	(delta): 0.00311995
17 (QN/Block) 	Elapsed: 0.097	Loglikelihood: -321775	(delta): 3.00672e-06
Summary: 
Converged in 17 iterations (1.806 sec)
Loglikelihood: -321775.350727
Fst divergences between estimated populations: 
	Pop0	Pop1	
Pop0	
Pop1	0.343	
Pop2	0.334	0.320	
CV error (K=3): 0.19804
Writing output files.
