****                   ADMIXTURE Version 1.3.0                  ****
****                    Copyright 2008-2015                     ****
****           David Alexander, Suyash Shringarpure,            ****
****                John  Novembre, Ken Lange                   ****
****                                                            ****
****                 Please cite our paper!                     ****
****   Information at www.genetics.ucla.edu/software/admixture  ****

Cross-validation will be performed.  Folds=5.
Parallel execution requested.  Will use 10 threads.
Random seed: 1722617369
Point estimation method: Block relaxation algorithm
Convergence acceleration algorithm: QuasiNewton, 3 secant conditions
Point estimation will terminate when objective function delta < 0.0001
Estimation of standard errors disabled; will compute point estimates only.
Size of G: 364x3412
Performing five EM steps to prime main algorithm
1 (EM) 	Elapsed: 0.068	Loglikelihood: -451442	(delta): 1.16748e+06
2 (EM) 	Elapsed: 0.065	Loglikelihood: -422101	(delta): 29341
3 (EM) 	Elapsed: 0.065	Loglikelihood: -417133	(delta): 4968.25
4 (EM) 	Elapsed: 0.066	Loglikelihood: -414261	(delta): 2871.76
5 (EM) 	Elapsed: 0.065	Loglikelihood: -412016	(delta): 2244.76
Initial loglikelihood: -412016
Starting main algorithm
1 (QN/Block) 	Elapsed: 0.201	Loglikelihood: -325480	(delta): 86536.4
2 (QN/Block) 	Elapsed: 0.207	Loglikelihood: -298711	(delta): 26769
3 (QN/Block) 	Elapsed: 0.209	Loglikelihood: -287705	(delta): 11006
4 (QN/Block) 	Elapsed: 0.213	Loglikelihood: -282847	(delta): 4858.24
5 (QN/Block) 	Elapsed: 0.206	Loglikelihood: -281412	(delta): 1434.27
6 (QN/Block) 	Elapsed: 0.216	Loglikelihood: -281051	(delta): 361.684
7 (QN/Block) 	Elapsed: 0.207	Loglikelihood: -280911	(delta): 140.06
8 (QN/Block) 	Elapsed: 0.208	Loglikelihood: -280849	(delta): 61.2797
9 (QN/Block) 	Elapsed: 0.213	Loglikelihood: -280828	(delta): 21.1724
10 (QN/Block) 	Elapsed: 0.215	Loglikelihood: -280824	(delta): 4.3759
11 (QN/Block) 	Elapsed: 0.209	Loglikelihood: -280822	(delta): 1.23717
12 (QN/Block) 	Elapsed: 0.226	Loglikelihood: -280822	(delta): 0.620529
13 (QN/Block) 	Elapsed: 0.21	Loglikelihood: -280822	(delta): 0.12326
14 (QN/Block) 	Elapsed: 0.211	Loglikelihood: -280822	(delta): 0.0438427
15 (QN/Block) 	Elapsed: 0.212	Loglikelihood: -280822	(delta): 0.0276761
16 (QN/Block) 	Elapsed: 0.222	Loglikelihood: -280822	(delta): 0.0142912
17 (QN/Block) 	Elapsed: 0.219	Loglikelihood: -280822	(delta): 0.00627234
18 (QN/Block) 	Elapsed: 0.204	Loglikelihood: -280822	(delta): 0.00256394
19 (QN/Block) 	Elapsed: 0.215	Loglikelihood: -280822	(delta): 0.000401948
20 (QN/Block) 	Elapsed: 0.211	Loglikelihood: -280822	(delta): 4.64148e-07
Summary: 
Converged in 20 iterations (4.627 sec)
Loglikelihood: -280821.636577
Fst divergences between estimated populations: 
	Pop0	Pop1	Pop2	Pop3	Pop4	
Pop0	
Pop1	0.322	
Pop2	0.418	0.441	
Pop3	0.394	0.292	0.468	
Pop4	0.362	0.350	0.436	0.407	
Pop5	0.321	0.103	0.436	0.304	0.364	
CV error (K=6): 0.17006
Writing output files.
