****                   ADMIXTURE Version 1.3.0                  ****
****                    Copyright 2008-2015                     ****
****           David Alexander, Suyash Shringarpure,            ****
****                John  Novembre, Ken Lange                   ****
****                                                            ****
****                 Please cite our paper!                     ****
****   Information at www.genetics.ucla.edu/software/admixture  ****

Cross-validation will be performed.  Folds=5.
Parallel execution requested.  Will use 10 threads.
Random seed: 1722617475
Point estimation method: Block relaxation algorithm
Convergence acceleration algorithm: QuasiNewton, 3 secant conditions
Point estimation will terminate when objective function delta < 0.0001
Estimation of standard errors disabled; will compute point estimates only.
Size of G: 364x3412
Performing five EM steps to prime main algorithm
1 (EM) 	Elapsed: 0.061	Loglikelihood: -451436	(delta): 1.16735e+06
2 (EM) 	Elapsed: 0.059	Loglikelihood: -421660	(delta): 29776.7
3 (EM) 	Elapsed: 0.059	Loglikelihood: -416777	(delta): 4882.85
4 (EM) 	Elapsed: 0.059	Loglikelihood: -413988	(delta): 2788.33
5 (EM) 	Elapsed: 0.059	Loglikelihood: -411790	(delta): 2198.18
Initial loglikelihood: -411790
Starting main algorithm
1 (QN/Block) 	Elapsed: 0.19	Loglikelihood: -338739	(delta): 73050.9
2 (QN/Block) 	Elapsed: 0.195	Loglikelihood: -303680	(delta): 35059.9
3 (QN/Block) 	Elapsed: 0.195	Loglikelihood: -291527	(delta): 12152.7
4 (QN/Block) 	Elapsed: 0.196	Loglikelihood: -284509	(delta): 7017.86
5 (QN/Block) 	Elapsed: 0.209	Loglikelihood: -281482	(delta): 3026.56
6 (QN/Block) 	Elapsed: 0.198	Loglikelihood: -280895	(delta): 587.5
7 (QN/Block) 	Elapsed: 0.199	Loglikelihood: -280834	(delta): 60.4675
8 (QN/Block) 	Elapsed: 0.203	Loglikelihood: -280824	(delta): 10.3369
9 (QN/Block) 	Elapsed: 0.199	Loglikelihood: -280822	(delta): 2.11643
10 (QN/Block) 	Elapsed: 0.197	Loglikelihood: -280822	(delta): 0.239102
11 (QN/Block) 	Elapsed: 0.194	Loglikelihood: -280822	(delta): 0.0165823
12 (QN/Block) 	Elapsed: 0.195	Loglikelihood: -280822	(delta): 0.0096588
13 (QN/Block) 	Elapsed: 0.227	Loglikelihood: -280822	(delta): 0.00936007
14 (QN/Block) 	Elapsed: 0.196	Loglikelihood: -280822	(delta): 0.000779271
15 (QN/Block) 	Elapsed: 0.193	Loglikelihood: -280822	(delta): 3.13442e-05
Summary: 
Converged in 15 iterations (3.324 sec)
Loglikelihood: -280821.732055
Fst divergences between estimated populations: 
	Pop0	Pop1	Pop2	Pop3	Pop4	
Pop0	
Pop1	0.322	
Pop2	0.350	0.362	
Pop3	0.103	0.321	0.364	
Pop4	0.292	0.394	0.407	0.304	
Pop5	0.441	0.418	0.436	0.436	0.468	
CV error (K=6): 0.17024
Writing output files.
