****                   ADMIXTURE Version 1.3.0                  ****
****                    Copyright 2008-2015                     ****
****           David Alexander, Suyash Shringarpure,            ****
****                John  Novembre, Ken Lange                   ****
****                                                            ****
****                 Please cite our paper!                     ****
****   Information at www.genetics.ucla.edu/software/admixture  ****

Cross-validation will be performed.  Folds=5.
Parallel execution requested.  Will use 10 threads.
Random seed: 1722617437
Point estimation method: Block relaxation algorithm
Convergence acceleration algorithm: QuasiNewton, 3 secant conditions
Point estimation will terminate when objective function delta < 0.0001
Estimation of standard errors disabled; will compute point estimates only.
Size of G: 364x3412
Performing five EM steps to prime main algorithm
1 (EM) 	Elapsed: 0.03	Loglikelihood: -445260	(delta): 1.28632e+06
2 (EM) 	Elapsed: 0.026	Loglikelihood: -421273	(delta): 23987.2
3 (EM) 	Elapsed: 0.026	Loglikelihood: -417142	(delta): 4130.57
4 (EM) 	Elapsed: 0.026	Loglikelihood: -414902	(delta): 2240.13
5 (EM) 	Elapsed: 0.026	Loglikelihood: -413461	(delta): 1441.63
Initial loglikelihood: -413461
Starting main algorithm
1 (QN/Block) 	Elapsed: 0.114	Loglikelihood: -371520	(delta): 41940.9
2 (QN/Block) 	Elapsed: 0.099	Loglikelihood: -360936	(delta): 10583.3
3 (QN/Block) 	Elapsed: 0.108	Loglikelihood: -353561	(delta): 7375.55
4 (QN/Block) 	Elapsed: 0.101	Loglikelihood: -341709	(delta): 11852.2
5 (QN/Block) 	Elapsed: 0.108	Loglikelihood: -332219	(delta): 9489.54
6 (QN/Block) 	Elapsed: 0.127	Loglikelihood: -328343	(delta): 3875.64
7 (QN/Block) 	Elapsed: 0.105	Loglikelihood: -327459	(delta): 884.939
8 (QN/Block) 	Elapsed: 0.106	Loglikelihood: -327217	(delta): 242.032
9 (QN/Block) 	Elapsed: 0.116	Loglikelihood: -327152	(delta): 64.5664
10 (QN/Block) 	Elapsed: 0.113	Loglikelihood: -327144	(delta): 8.16189
11 (QN/Block) 	Elapsed: 0.11	Loglikelihood: -327144	(delta): 0.076392
12 (QN/Block) 	Elapsed: 0.113	Loglikelihood: -327144	(delta): 0.0373712
13 (QN/Block) 	Elapsed: 0.106	Loglikelihood: -327144	(delta): 0.0240179
14 (QN/Block) 	Elapsed: 0.104	Loglikelihood: -327144	(delta): 0.0118943
15 (QN/Block) 	Elapsed: 0.115	Loglikelihood: -327144	(delta): 0.00435709
16 (QN/Block) 	Elapsed: 0.106	Loglikelihood: -327144	(delta): 0.00252646
17 (QN/Block) 	Elapsed: 0.11	Loglikelihood: -327144	(delta): 0.000898165
18 (QN/Block) 	Elapsed: 0.113	Loglikelihood: -327144	(delta): 0.000284857
19 (QN/Block) 	Elapsed: 0.108	Loglikelihood: -327144	(delta): 0.000388081
20 (QN/Block) 	Elapsed: 0.109	Loglikelihood: -327144	(delta): 8.29365e-05
Summary: 
Converged in 20 iterations (2.364 sec)
Loglikelihood: -327143.640810
Fst divergences between estimated populations: 
	Pop0	Pop1	
Pop0	
Pop1	0.279	
Pop2	0.320	0.264	
CV error (K=3): 0.20376
Writing output files.
