****                   ADMIXTURE Version 1.3.0                  ****
****                    Copyright 2008-2015                     ****
****           David Alexander, Suyash Shringarpure,            ****
****                John  Novembre, Ken Lange                   ****
****                                                            ****
****                 Please cite our paper!                     ****
****   Information at www.genetics.ucla.edu/software/admixture  ****

Cross-validation will be performed.  Folds=5.
Parallel execution requested.  Will use 10 threads.
Random seed: 1722617401
Point estimation method: Block relaxation algorithm
Convergence acceleration algorithm: QuasiNewton, 3 secant conditions
Point estimation will terminate when objective function delta < 0.0001
Estimation of standard errors disabled; will compute point estimates only.
Size of G: 364x3412
Performing five EM steps to prime main algorithm
1 (EM) 	Elapsed: 0.033	Loglikelihood: -445245	(delta): 1.30556e+06
2 (EM) 	Elapsed: 0.031	Loglikelihood: -420918	(delta): 24327.4
3 (EM) 	Elapsed: 0.031	Loglikelihood: -416779	(delta): 4138.85
4 (EM) 	Elapsed: 0.03	Loglikelihood: -414480	(delta): 2299.41
5 (EM) 	Elapsed: 0.03	Loglikelihood: -412863	(delta): 1616.57
Initial loglikelihood: -412863
Starting main algorithm
1 (QN/Block) 	Elapsed: 0.097	Loglikelihood: -361863	(delta): 51000.3
2 (QN/Block) 	Elapsed: 0.111	Loglikelihood: -342585	(delta): 19277.7
3 (QN/Block) 	Elapsed: 0.106	Loglikelihood: -333123	(delta): 9462.15
4 (QN/Block) 	Elapsed: 0.104	Loglikelihood: -325269	(delta): 7854.18
5 (QN/Block) 	Elapsed: 0.121	Loglikelihood: -323123	(delta): 2145.97
6 (QN/Block) 	Elapsed: 0.117	Loglikelihood: -322717	(delta): 406.161
7 (QN/Block) 	Elapsed: 0.115	Loglikelihood: -322663	(delta): 53.9703
8 (QN/Block) 	Elapsed: 0.128	Loglikelihood: -322656	(delta): 7.01261
9 (QN/Block) 	Elapsed: 0.114	Loglikelihood: -322655	(delta): 0.699263
10 (QN/Block) 	Elapsed: 0.115	Loglikelihood: -322655	(delta): 0.0366084
11 (QN/Block) 	Elapsed: 0.114	Loglikelihood: -322655	(delta): 0.0095633
12 (QN/Block) 	Elapsed: 0.11	Loglikelihood: -322655	(delta): 0.00423813
13 (QN/Block) 	Elapsed: 0.11	Loglikelihood: -322655	(delta): 0.00325747
14 (QN/Block) 	Elapsed: 0.107	Loglikelihood: -322655	(delta): 0.00239033
15 (QN/Block) 	Elapsed: 0.11	Loglikelihood: -322655	(delta): 0.00195422
16 (QN/Block) 	Elapsed: 0.104	Loglikelihood: -322655	(delta): 0.000730134
17 (QN/Block) 	Elapsed: 0.114	Loglikelihood: -322655	(delta): 0.000935783
18 (QN/Block) 	Elapsed: 0.103	Loglikelihood: -322655	(delta): 0.000207967
19 (QN/Block) 	Elapsed: 0.11	Loglikelihood: -322655	(delta): 0.000225645
20 (QN/Block) 	Elapsed: 0.104	Loglikelihood: -322655	(delta): 3.88332e-05
Summary: 
Converged in 20 iterations (2.424 sec)
Loglikelihood: -322654.998105
Fst divergences between estimated populations: 
	Pop0	Pop1	
Pop0	
Pop1	0.322	
Pop2	0.390	0.366	
CV error (K=3): 0.19814
Writing output files.
