****                   ADMIXTURE Version 1.3.0                  ****
****                    Copyright 2008-2015                     ****
****           David Alexander, Suyash Shringarpure,            ****
****                John  Novembre, Ken Lange                   ****
****                                                            ****
****                 Please cite our paper!                     ****
****   Information at www.genetics.ucla.edu/software/admixture  ****

Cross-validation will be performed.  Folds=5.
Parallel execution requested.  Will use 10 threads.
Random seed: 1722617445
Point estimation method: Block relaxation algorithm
Convergence acceleration algorithm: QuasiNewton, 3 secant conditions
Point estimation will terminate when objective function delta < 0.0001
Estimation of standard errors disabled; will compute point estimates only.
Size of G: 364x3412
Performing five EM steps to prime main algorithm
1 (EM) 	Elapsed: 0.041	Loglikelihood: -448200	(delta): 1.21708e+06
2 (EM) 	Elapsed: 0.038	Loglikelihood: -421685	(delta): 26515.2
3 (EM) 	Elapsed: 0.038	Loglikelihood: -416924	(delta): 4761
4 (EM) 	Elapsed: 0.038	Loglikelihood: -414189	(delta): 2734.58
5 (EM) 	Elapsed: 0.038	Loglikelihood: -412165	(delta): 2023.81
Initial loglikelihood: -412165
Starting main algorithm
1 (QN/Block) 	Elapsed: 0.119	Loglikelihood: -349097	(delta): 63067.8
2 (QN/Block) 	Elapsed: 0.119	Loglikelihood: -330750	(delta): 18347.8
3 (QN/Block) 	Elapsed: 0.124	Loglikelihood: -321378	(delta): 9371.52
4 (QN/Block) 	Elapsed: 0.123	Loglikelihood: -308180	(delta): 13197.9
5 (QN/Block) 	Elapsed: 0.124	Loglikelihood: -301793	(delta): 6386.67
6 (QN/Block) 	Elapsed: 0.123	Loglikelihood: -300363	(delta): 1430.03
7 (QN/Block) 	Elapsed: 0.122	Loglikelihood: -299956	(delta): 406.991
8 (QN/Block) 	Elapsed: 0.122	Loglikelihood: -299901	(delta): 55.4123
9 (QN/Block) 	Elapsed: 0.122	Loglikelihood: -299894	(delta): 7.12042
10 (QN/Block) 	Elapsed: 0.125	Loglikelihood: -299894	(delta): 0.325191
11 (QN/Block) 	Elapsed: 0.124	Loglikelihood: -299893	(delta): 0.108848
12 (QN/Block) 	Elapsed: 0.122	Loglikelihood: -299893	(delta): 0.0303316
13 (QN/Block) 	Elapsed: 0.123	Loglikelihood: -299893	(delta): 0.0131298
14 (QN/Block) 	Elapsed: 0.122	Loglikelihood: -299893	(delta): 0.0115815
15 (QN/Block) 	Elapsed: 0.124	Loglikelihood: -299893	(delta): 0.00488565
16 (QN/Block) 	Elapsed: 0.124	Loglikelihood: -299893	(delta): 0.00201045
17 (QN/Block) 	Elapsed: 0.122	Loglikelihood: -299893	(delta): 0.00061208
18 (QN/Block) 	Elapsed: 0.122	Loglikelihood: -299893	(delta): 0.000781424
19 (QN/Block) 	Elapsed: 0.122	Loglikelihood: -299893	(delta): 8.88104e-05
Summary: 
Converged in 19 iterations (2.556 sec)
Loglikelihood: -299893.422260
Fst divergences between estimated populations: 
	Pop0	Pop1	Pop2	
Pop0	
Pop1	0.382	
Pop2	0.390	0.338	
Pop3	0.420	0.279	0.406	
CV error (K=4): 0.18102
Writing output files.
