****                   ADMIXTURE Version 1.3.0                  ****
****                    Copyright 2008-2015                     ****
****           David Alexander, Suyash Shringarpure,            ****
****                John  Novembre, Ken Lange                   ****
****                                                            ****
****                 Please cite our paper!                     ****
****   Information at www.genetics.ucla.edu/software/admixture  ****

Cross-validation will be performed.  Folds=5.
Parallel execution requested.  Will use 10 threads.
Random seed: 1722617427
Point estimation method: Block relaxation algorithm
Convergence acceleration algorithm: QuasiNewton, 3 secant conditions
Point estimation will terminate when objective function delta < 0.0001
Estimation of standard errors disabled; will compute point estimates only.
Size of G: 364x3412
Performing five EM steps to prime main algorithm
1 (EM) 	Elapsed: 0.04	Loglikelihood: -450157	(delta): 1.20701e+06
2 (EM) 	Elapsed: 0.037	Loglikelihood: -422234	(delta): 27923.6
3 (EM) 	Elapsed: 0.037	Loglikelihood: -417804	(delta): 4429.66
4 (EM) 	Elapsed: 0.037	Loglikelihood: -415336	(delta): 2468.15
5 (EM) 	Elapsed: 0.037	Loglikelihood: -413518	(delta): 1817.76
Initial loglikelihood: -413518
Starting main algorithm
1 (QN/Block) 	Elapsed: 0.12	Loglikelihood: -353951	(delta): 59567.1
2 (QN/Block) 	Elapsed: 0.118	Loglikelihood: -331846	(delta): 22105.2
3 (QN/Block) 	Elapsed: 0.122	Loglikelihood: -322672	(delta): 9174.13
4 (QN/Block) 	Elapsed: 0.12	Loglikelihood: -316221	(delta): 6450.75
5 (QN/Block) 	Elapsed: 0.121	Loglikelihood: -313763	(delta): 2457.7
6 (QN/Block) 	Elapsed: 0.122	Loglikelihood: -313149	(delta): 613.724
7 (QN/Block) 	Elapsed: 0.124	Loglikelihood: -303183	(delta): 9966.17
8 (QN/Block) 	Elapsed: 0.123	Loglikelihood: -301108	(delta): 2075.56
9 (QN/Block) 	Elapsed: 0.121	Loglikelihood: -300384	(delta): 723.562
10 (QN/Block) 	Elapsed: 0.121	Loglikelihood: -300052	(delta): 331.737
11 (QN/Block) 	Elapsed: 0.121	Loglikelihood: -299911	(delta): 140.819
12 (QN/Block) 	Elapsed: 0.123	Loglikelihood: -299894	(delta): 17.6413
13 (QN/Block) 	Elapsed: 0.121	Loglikelihood: -299894	(delta): 0.343448
14 (QN/Block) 	Elapsed: 0.12	Loglikelihood: -299893	(delta): 0.0529332
15 (QN/Block) 	Elapsed: 0.121	Loglikelihood: -299893	(delta): 0.0212569
16 (QN/Block) 	Elapsed: 0.124	Loglikelihood: -299893	(delta): 0.00398128
17 (QN/Block) 	Elapsed: 0.121	Loglikelihood: -299893	(delta): 0.00909615
18 (QN/Block) 	Elapsed: 0.124	Loglikelihood: -299893	(delta): 0.00868685
19 (QN/Block) 	Elapsed: 0.124	Loglikelihood: -299893	(delta): 7.37578e-05
Summary: 
Converged in 19 iterations (2.539 sec)
Loglikelihood: -299893.412319
Fst divergences between estimated populations: 
	Pop0	Pop1	Pop2	
Pop0	
Pop1	0.382	
Pop2	0.279	0.420	
Pop3	0.338	0.390	0.406	
CV error (K=4): 0.18132
Writing output files.
