****                   ADMIXTURE Version 1.3.0                  ****
****                    Copyright 2008-2015                     ****
****           David Alexander, Suyash Shringarpure,            ****
****                John  Novembre, Ken Lange                   ****
****                                                            ****
****                 Please cite our paper!                     ****
****   Information at www.genetics.ucla.edu/software/admixture  ****

Cross-validation will be performed.  Folds=5.
Parallel execution requested.  Will use 10 threads.
Random seed: 1722618039
Point estimation method: Block relaxation algorithm
Convergence acceleration algorithm: QuasiNewton, 3 secant conditions
Point estimation will terminate when objective function delta < 0.0001
Estimation of standard errors disabled; will compute point estimates only.
Size of G: 364x3412
Performing five EM steps to prime main algorithm
1 (EM) 	Elapsed: 0.089	Loglikelihood: -451845	(delta): 1.16039e+06
2 (EM) 	Elapsed: 0.086	Loglikelihood: -420860	(delta): 30985.5
3 (EM) 	Elapsed: 0.085	Loglikelihood: -415880	(delta): 4979.88
4 (EM) 	Elapsed: 0.085	Loglikelihood: -412838	(delta): 3042.12
5 (EM) 	Elapsed: 0.085	Loglikelihood: -410222	(delta): 2615.89
Initial loglikelihood: -410222
Starting main algorithm
1 (QN/Block) 	Elapsed: 0.269	Loglikelihood: -324084	(delta): 86137.8
2 (QN/Block) 	Elapsed: 0.269	Loglikelihood: -300690	(delta): 23394.1
3 (QN/Block) 	Elapsed: 0.273	Loglikelihood: -290071	(delta): 10619.1
4 (QN/Block) 	Elapsed: 0.272	Loglikelihood: -282616	(delta): 7454.91
5 (QN/Block) 	Elapsed: 0.272	Loglikelihood: -280584	(delta): 2031.91
6 (QN/Block) 	Elapsed: 0.273	Loglikelihood: -280039	(delta): 544.694
7 (QN/Block) 	Elapsed: 0.275	Loglikelihood: -279883	(delta): 156.214
8 (QN/Block) 	Elapsed: 0.275	Loglikelihood: -279819	(delta): 64.018
9 (QN/Block) 	Elapsed: 0.273	Loglikelihood: -279784	(delta): 35.4551
10 (QN/Block) 	Elapsed: 0.273	Loglikelihood: -279773	(delta): 11.0327
11 (QN/Block) 	Elapsed: 0.276	Loglikelihood: -279771	(delta): 2.19264
12 (QN/Block) 	Elapsed: 0.277	Loglikelihood: -279769	(delta): 1.45517
13 (QN/Block) 	Elapsed: 0.278	Loglikelihood: -279768	(delta): 1.32924
14 (QN/Block) 	Elapsed: 0.278	Loglikelihood: -279767	(delta): 0.799771
15 (QN/Block) 	Elapsed: 0.278	Loglikelihood: -279767	(delta): 0.182028
16 (QN/Block) 	Elapsed: 0.278	Loglikelihood: -279766	(delta): 0.319697
17 (QN/Block) 	Elapsed: 0.277	Loglikelihood: -279765	(delta): 1.03254
18 (QN/Block) 	Elapsed: 0.278	Loglikelihood: -279765	(delta): 0.681099
19 (QN/Block) 	Elapsed: 0.278	Loglikelihood: -279764	(delta): 0.214083
20 (QN/Block) 	Elapsed: 0.278	Loglikelihood: -279764	(delta): 0.498642
21 (QN/Block) 	Elapsed: 0.276	Loglikelihood: -279764	(delta): 0.46987
22 (QN/Block) 	Elapsed: 0.277	Loglikelihood: -279763	(delta): 0.090036
23 (QN/Block) 	Elapsed: 0.276	Loglikelihood: -279763	(delta): 0.0253284
24 (QN/Block) 	Elapsed: 0.276	Loglikelihood: -279763	(delta): 0.00455296
25 (QN/Block) 	Elapsed: 0.274	Loglikelihood: -279763	(delta): 0.000116542
26 (QN/Block) 	Elapsed: 0.273	Loglikelihood: -279763	(delta): 3.01162e-05
Summary: 
Converged in 26 iterations (7.639 sec)
Loglikelihood: -279763.399067
Fst divergences between estimated populations: 
	Pop0	Pop1	Pop2	Pop3	Pop4	Pop5	
Pop0	
Pop1	0.355	
Pop2	0.038	0.354	
Pop3	0.412	0.292	0.412	
Pop4	0.367	0.322	0.368	0.394	
Pop5	0.442	0.441	0.438	0.468	0.418	
Pop6	0.368	0.103	0.369	0.304	0.321	0.436	
CV error (K=7): 0.17224
Writing output files.
