****                   ADMIXTURE Version 1.3.0                  ****
****                    Copyright 2008-2015                     ****
****           David Alexander, Suyash Shringarpure,            ****
****                John  Novembre, Ken Lange                   ****
****                                                            ****
****                 Please cite our paper!                     ****
****   Information at www.genetics.ucla.edu/software/admixture  ****

Cross-validation will be performed.  Folds=5.
Parallel execution requested.  Will use 10 threads.
Random seed: 1722617442
Point estimation method: Block relaxation algorithm
Convergence acceleration algorithm: QuasiNewton, 3 secant conditions
Point estimation will terminate when objective function delta < 0.0001
Estimation of standard errors disabled; will compute point estimates only.
Size of G: 364x3412
Performing five EM steps to prime main algorithm
1 (EM) 	Elapsed: 0.055	Loglikelihood: -452759	(delta): 1.17126e+06
2 (EM) 	Elapsed: 0.053	Loglikelihood: -421892	(delta): 30866.7
3 (EM) 	Elapsed: 0.053	Loglikelihood: -417216	(delta): 4675.62
4 (EM) 	Elapsed: 0.053	Loglikelihood: -414579	(delta): 2637.12
5 (EM) 	Elapsed: 0.053	Loglikelihood: -412524	(delta): 2055.06
Initial loglikelihood: -412524
Starting main algorithm
1 (QN/Block) 	Elapsed: 0.161	Loglikelihood: -332325	(delta): 80199.2
2 (QN/Block) 	Elapsed: 0.16	Loglikelihood: -308689	(delta): 23636
3 (QN/Block) 	Elapsed: 0.164	Loglikelihood: -299043	(delta): 9646.28
4 (QN/Block) 	Elapsed: 0.164	Loglikelihood: -294325	(delta): 4717.93
5 (QN/Block) 	Elapsed: 0.163	Loglikelihood: -292451	(delta): 1873.73
6 (QN/Block) 	Elapsed: 0.165	Loglikelihood: -291897	(delta): 553.712
7 (QN/Block) 	Elapsed: 0.167	Loglikelihood: -291512	(delta): 384.965
8 (QN/Block) 	Elapsed: 0.166	Loglikelihood: -290632	(delta): 880.757
9 (QN/Block) 	Elapsed: 0.167	Loglikelihood: -284745	(delta): 5886.32
10 (QN/Block) 	Elapsed: 0.163	Loglikelihood: -281577	(delta): 3168.23
11 (QN/Block) 	Elapsed: 0.166	Loglikelihood: -281052	(delta): 524.755
12 (QN/Block) 	Elapsed: 0.162	Loglikelihood: -280862	(delta): 190.583
13 (QN/Block) 	Elapsed: 0.165	Loglikelihood: -280827	(delta): 35.0198
14 (QN/Block) 	Elapsed: 0.165	Loglikelihood: -280822	(delta): 4.91239
15 (QN/Block) 	Elapsed: 0.165	Loglikelihood: -280822	(delta): 0.293021
16 (QN/Block) 	Elapsed: 0.165	Loglikelihood: -280821	(delta): 0.0390633
17 (QN/Block) 	Elapsed: 0.162	Loglikelihood: -280821	(delta): 0.0290045
18 (QN/Block) 	Elapsed: 0.164	Loglikelihood: -280821	(delta): 0.0122193
19 (QN/Block) 	Elapsed: 0.166	Loglikelihood: -280821	(delta): 0.00302705
20 (QN/Block) 	Elapsed: 0.166	Loglikelihood: -280821	(delta): 0.000191561
21 (QN/Block) 	Elapsed: 0.163	Loglikelihood: -280821	(delta): 0.000210778
22 (QN/Block) 	Elapsed: 0.168	Loglikelihood: -280821	(delta): 3.1896e-05
Summary: 
Converged in 22 iterations (3.933 sec)
Loglikelihood: -280821.440584
Fst divergences between estimated populations: 
	Pop0	Pop1	Pop2	Pop3	Pop4	
Pop0	
Pop1	0.362	
Pop2	0.321	0.364	
Pop3	0.418	0.436	0.436	
Pop4	0.322	0.350	0.103	0.441	
Pop5	0.394	0.407	0.304	0.468	0.292	
CV error (K=6): 0.16954
Writing output files.
