****                   ADMIXTURE Version 1.3.0                  ****
****                    Copyright 2008-2015                     ****
****           David Alexander, Suyash Shringarpure,            ****
****                John  Novembre, Ken Lange                   ****
****                                                            ****
****                 Please cite our paper!                     ****
****   Information at www.genetics.ucla.edu/software/admixture  ****

Cross-validation will be performed.  Folds=5.
Parallel execution requested.  Will use 10 threads.
Random seed: 1722617426
Point estimation method: Block relaxation algorithm
Convergence acceleration algorithm: QuasiNewton, 3 secant conditions
Point estimation will terminate when objective function delta < 0.0001
Estimation of standard errors disabled; will compute point estimates only.
Size of G: 364x3412
Performing five EM steps to prime main algorithm
1 (EM) 	Elapsed: 0.029	Loglikelihood: -445267	(delta): 1.31231e+06
2 (EM) 	Elapsed: 0.025	Loglikelihood: -421371	(delta): 23895.3
3 (EM) 	Elapsed: 0.026	Loglikelihood: -417462	(delta): 3909.92
4 (EM) 	Elapsed: 0.026	Loglikelihood: -415261	(delta): 2200.77
5 (EM) 	Elapsed: 0.025	Loglikelihood: -413812	(delta): 1448.48
Initial loglikelihood: -413812
Starting main algorithm
1 (QN/Block) 	Elapsed: 0.128	Loglikelihood: -358379	(delta): 55433
2 (QN/Block) 	Elapsed: 0.094	Loglikelihood: -338323	(delta): 20056
3 (QN/Block) 	Elapsed: 0.12	Loglikelihood: -329712	(delta): 8611.26
4 (QN/Block) 	Elapsed: 0.108	Loglikelihood: -324091	(delta): 5620.58
5 (QN/Block) 	Elapsed: 0.133	Loglikelihood: -322379	(delta): 1711.91
6 (QN/Block) 	Elapsed: 0.102	Loglikelihood: -321886	(delta): 493.678
7 (QN/Block) 	Elapsed: 0.106	Loglikelihood: -321788	(delta): 98.1105
8 (QN/Block) 	Elapsed: 0.111	Loglikelihood: -321778	(delta): 9.41358
9 (QN/Block) 	Elapsed: 0.117	Loglikelihood: -321776	(delta): 2.38293
10 (QN/Block) 	Elapsed: 0.121	Loglikelihood: -321776	(delta): 0.313111
11 (QN/Block) 	Elapsed: 0.111	Loglikelihood: -321776	(delta): 0.0364384
12 (QN/Block) 	Elapsed: 0.112	Loglikelihood: -321776	(delta): 0.00750564
13 (QN/Block) 	Elapsed: 0.107	Loglikelihood: -321776	(delta): 0.00396971
14 (QN/Block) 	Elapsed: 0.104	Loglikelihood: -321776	(delta): 0.00245637
15 (QN/Block) 	Elapsed: 0.125	Loglikelihood: -321776	(delta): 0.000565084
16 (QN/Block) 	Elapsed: 0.104	Loglikelihood: -321776	(delta): 0.000274601
17 (QN/Block) 	Elapsed: 0.105	Loglikelihood: -321776	(delta): 0.000179182
18 (QN/Block) 	Elapsed: 0.109	Loglikelihood: -321776	(delta): 2.34925e-05
Summary: 
Converged in 18 iterations (2.184 sec)
Loglikelihood: -321775.530756
Fst divergences between estimated populations: 
	Pop0	Pop1	
Pop0	
Pop1	0.320	
Pop2	0.334	0.343	
CV error (K=3): 0.19798
Writing output files.
