****                   ADMIXTURE Version 1.3.0                  ****
****                    Copyright 2008-2015                     ****
****           David Alexander, Suyash Shringarpure,            ****
****                John  Novembre, Ken Lange                   ****
****                                                            ****
****                 Please cite our paper!                     ****
****   Information at www.genetics.ucla.edu/software/admixture  ****

Cross-validation will be performed.  Folds=5.
Parallel execution requested.  Will use 10 threads.
Random seed: 1722617821
Point estimation method: Block relaxation algorithm
Convergence acceleration algorithm: QuasiNewton, 3 secant conditions
Point estimation will terminate when objective function delta < 0.0001
Estimation of standard errors disabled; will compute point estimates only.
Size of G: 364x3412
Performing five EM steps to prime main algorithm
1 (EM) 	Elapsed: 0.089	Loglikelihood: -450473	(delta): 1.14625e+06
2 (EM) 	Elapsed: 0.086	Loglikelihood: -420897	(delta): 29575.9
3 (EM) 	Elapsed: 0.086	Loglikelihood: -416200	(delta): 4697.8
4 (EM) 	Elapsed: 0.086	Loglikelihood: -413376	(delta): 2823.55
5 (EM) 	Elapsed: 0.086	Loglikelihood: -411163	(delta): 2213.6
Initial loglikelihood: -411163
Starting main algorithm
1 (QN/Block) 	Elapsed: 0.3	Loglikelihood: -328512	(delta): 82650.4
2 (QN/Block) 	Elapsed: 0.276	Loglikelihood: -299221	(delta): 29290.8
3 (QN/Block) 	Elapsed: 0.275	Loglikelihood: -288140	(delta): 11081.8
4 (QN/Block) 	Elapsed: 0.298	Loglikelihood: -282496	(delta): 5643.44
5 (QN/Block) 	Elapsed: 0.284	Loglikelihood: -280596	(delta): 1900.44
6 (QN/Block) 	Elapsed: 0.316	Loglikelihood: -280072	(delta): 524.093
7 (QN/Block) 	Elapsed: 0.277	Loglikelihood: -279923	(delta): 148.335
8 (QN/Block) 	Elapsed: 0.274	Loglikelihood: -279851	(delta): 71.955
9 (QN/Block) 	Elapsed: 0.274	Loglikelihood: -279821	(delta): 30.6596
10 (QN/Block) 	Elapsed: 0.3	Loglikelihood: -279805	(delta): 15.349
11 (QN/Block) 	Elapsed: 0.298	Loglikelihood: -279801	(delta): 4.39022
12 (QN/Block) 	Elapsed: 0.272	Loglikelihood: -279797	(delta): 3.65791
13 (QN/Block) 	Elapsed: 0.274	Loglikelihood: -279795	(delta): 2.32642
14 (QN/Block) 	Elapsed: 0.275	Loglikelihood: -279794	(delta): 1.20938
15 (QN/Block) 	Elapsed: 0.291	Loglikelihood: -279793	(delta): 0.86533
16 (QN/Block) 	Elapsed: 0.298	Loglikelihood: -279792	(delta): 1.00953
17 (QN/Block) 	Elapsed: 0.277	Loglikelihood: -279791	(delta): 0.955615
18 (QN/Block) 	Elapsed: 0.276	Loglikelihood: -279790	(delta): 0.454383
19 (QN/Block) 	Elapsed: 0.301	Loglikelihood: -279790	(delta): 0.33597
20 (QN/Block) 	Elapsed: 0.287	Loglikelihood: -279790	(delta): 0.088301
21 (QN/Block) 	Elapsed: 0.289	Loglikelihood: -279790	(delta): 0.124675
22 (QN/Block) 	Elapsed: 0.286	Loglikelihood: -279790	(delta): 0.220684
23 (QN/Block) 	Elapsed: 0.281	Loglikelihood: -279789	(delta): 0.585563
24 (QN/Block) 	Elapsed: 0.281	Loglikelihood: -279789	(delta): 0.332894
25 (QN/Block) 	Elapsed: 0.302	Loglikelihood: -279789	(delta): 0.177051
26 (QN/Block) 	Elapsed: 0.276	Loglikelihood: -279788	(delta): 0.196898
27 (QN/Block) 	Elapsed: 0.305	Loglikelihood: -279788	(delta): 0.618785
28 (QN/Block) 	Elapsed: 0.287	Loglikelihood: -279786	(delta): 1.97323
29 (QN/Block) 	Elapsed: 0.294	Loglikelihood: -279784	(delta): 1.58854
30 (QN/Block) 	Elapsed: 0.314	Loglikelihood: -279783	(delta): 1.16662
31 (QN/Block) 	Elapsed: 0.307	Loglikelihood: -279782	(delta): 0.506038
32 (QN/Block) 	Elapsed: 0.293	Loglikelihood: -279782	(delta): 0.660395
33 (QN/Block) 	Elapsed: 0.299	Loglikelihood: -279781	(delta): 0.477217
34 (QN/Block) 	Elapsed: 0.288	Loglikelihood: -279781	(delta): 0.425253
35 (QN/Block) 	Elapsed: 0.287	Loglikelihood: -279781	(delta): 0.152942
36 (QN/Block) 	Elapsed: 0.277	Loglikelihood: -279781	(delta): 0.178542
37 (QN/Block) 	Elapsed: 0.326	Loglikelihood: -279780	(delta): 0.159327
38 (QN/Block) 	Elapsed: 0.292	Loglikelihood: -279780	(delta): 0.429814
39 (QN/Block) 	Elapsed: 0.272	Loglikelihood: -279780	(delta): 0.142071
40 (QN/Block) 	Elapsed: 0.284	Loglikelihood: -279779	(delta): 0.567036
41 (QN/Block) 	Elapsed: 0.294	Loglikelihood: -279779	(delta): 0.384277
42 (QN/Block) 	Elapsed: 0.289	Loglikelihood: -279779	(delta): 0.294817
43 (QN/Block) 	Elapsed: 0.283	Loglikelihood: -279779	(delta): 0.0652818
44 (QN/Block) 	Elapsed: 0.287	Loglikelihood: -279778	(delta): 0.0516678
45 (QN/Block) 	Elapsed: 0.283	Loglikelihood: -279778	(delta): 0.0843338
46 (QN/Block) 	Elapsed: 0.285	Loglikelihood: -279778	(delta): 0.218687
47 (QN/Block) 	Elapsed: 0.284	Loglikelihood: -279777	(delta): 0.748219
48 (QN/Block) 	Elapsed: 0.289	Loglikelihood: -279776	(delta): 1.59694
49 (QN/Block) 	Elapsed: 0.321	Loglikelihood: -279776	(delta): 0.245685
50 (QN/Block) 	Elapsed: 0.286	Loglikelihood: -279776	(delta): 0.0479164
51 (QN/Block) 	Elapsed: 0.278	Loglikelihood: -279775	(delta): 0.347274
52 (QN/Block) 	Elapsed: 0.276	Loglikelihood: -279775	(delta): 0.557617
53 (QN/Block) 	Elapsed: 0.279	Loglikelihood: -279775	(delta): 0.123428
54 (QN/Block) 	Elapsed: 0.277	Loglikelihood: -279774	(delta): 0.068105
55 (QN/Block) 	Elapsed: 0.29	Loglikelihood: -279774	(delta): 0.0173275
56 (QN/Block) 	Elapsed: 0.278	Loglikelihood: -279774	(delta): 0.0145629
57 (QN/Block) 	Elapsed: 0.278	Loglikelihood: -279774	(delta): 0.0188361
58 (QN/Block) 	Elapsed: 0.285	Loglikelihood: -279774	(delta): 0.0240646
59 (QN/Block) 	Elapsed: 0.288	Loglikelihood: -279774	(delta): 0.0300433
60 (QN/Block) 	Elapsed: 0.294	Loglikelihood: -279774	(delta): 0.0368888
61 (QN/Block) 	Elapsed: 0.302	Loglikelihood: -279774	(delta): 0.0449145
62 (QN/Block) 	Elapsed: 0.272	Loglikelihood: -279774	(delta): 0.0622537
63 (QN/Block) 	Elapsed: 0.291	Loglikelihood: -279774	(delta): 0.156118
64 (QN/Block) 	Elapsed: 0.275	Loglikelihood: -279774	(delta): 0.0150044
65 (QN/Block) 	Elapsed: 0.275	Loglikelihood: -279774	(delta): 0.00234306
66 (QN/Block) 	Elapsed: 0.286	Loglikelihood: -279774	(delta): 0.00103261
67 (QN/Block) 	Elapsed: 0.279	Loglikelihood: -279774	(delta): 0.000270926
68 (QN/Block) 	Elapsed: 0.275	Loglikelihood: -279774	(delta): 2.0275e-05
Summary: 
Converged in 68 iterations (20.105 sec)
Loglikelihood: -279774.017929
Fst divergences between estimated populations: 
	Pop0	Pop1	Pop2	Pop3	Pop4	Pop5	
Pop0	
Pop1	0.394	
Pop2	0.321	0.304	
Pop3	0.322	0.292	0.103	
Pop4	0.418	0.468	0.436	0.441	
Pop5	0.369	0.413	0.370	0.357	0.443	
Pop6	0.365	0.410	0.367	0.351	0.437	0.037	
CV error (K=7): 0.17168
Writing output files.
