****                   ADMIXTURE Version 1.3.0                  ****
****                    Copyright 2008-2015                     ****
****           David Alexander, Suyash Shringarpure,            ****
****                John  Novembre, Ken Lange                   ****
****                                                            ****
****                 Please cite our paper!                     ****
****   Information at www.genetics.ucla.edu/software/admixture  ****

Cross-validation will be performed.  Folds=5.
Parallel execution requested.  Will use 10 threads.
Random seed: 1722617289
Point estimation method: Block relaxation algorithm
Convergence acceleration algorithm: QuasiNewton, 3 secant conditions
Point estimation will terminate when objective function delta < 0.0001
Estimation of standard errors disabled; will compute point estimates only.
Size of G: 364x3412
Performing five EM steps to prime main algorithm
1 (EM) 	Elapsed: 0.109	Loglikelihood: -452704	(delta): 1.1505e+06
2 (EM) 	Elapsed: 0.107	Loglikelihood: -421988	(delta): 30716.4
3 (EM) 	Elapsed: 0.107	Loglikelihood: -417070	(delta): 4918.3
4 (EM) 	Elapsed: 0.107	Loglikelihood: -414320	(delta): 2749.17
5 (EM) 	Elapsed: 0.106	Loglikelihood: -412189	(delta): 2131.01
Initial loglikelihood: -412189
Starting main algorithm
1 (QN/Block) 	Elapsed: 0.27	Loglikelihood: -337249	(delta): 74940.5
2 (QN/Block) 	Elapsed: 0.27	Loglikelihood: -304385	(delta): 32864.2
3 (QN/Block) 	Elapsed: 0.284	Loglikelihood: -291167	(delta): 13217.2
4 (QN/Block) 	Elapsed: 0.282	Loglikelihood: -284331	(delta): 6836.84
5 (QN/Block) 	Elapsed: 0.293	Loglikelihood: -281682	(delta): 2648.39
6 (QN/Block) 	Elapsed: 0.285	Loglikelihood: -281039	(delta): 643.496
7 (QN/Block) 	Elapsed: 0.286	Loglikelihood: -280881	(delta): 157.943
8 (QN/Block) 	Elapsed: 0.284	Loglikelihood: -280835	(delta): 46.0358
9 (QN/Block) 	Elapsed: 0.287	Loglikelihood: -280825	(delta): 9.63678
10 (QN/Block) 	Elapsed: 0.29	Loglikelihood: -280823	(delta): 2.34389
11 (QN/Block) 	Elapsed: 0.284	Loglikelihood: -280822	(delta): 0.645362
12 (QN/Block) 	Elapsed: 0.285	Loglikelihood: -280822	(delta): 0.250295
13 (QN/Block) 	Elapsed: 0.286	Loglikelihood: -280822	(delta): 0.0703386
14 (QN/Block) 	Elapsed: 0.286	Loglikelihood: -280822	(delta): 0.0316445
15 (QN/Block) 	Elapsed: 0.282	Loglikelihood: -280822	(delta): 0.0146776
16 (QN/Block) 	Elapsed: 0.282	Loglikelihood: -280822	(delta): 0.00528455
17 (QN/Block) 	Elapsed: 0.268	Loglikelihood: -280822	(delta): 0.00523189
18 (QN/Block) 	Elapsed: 0.269	Loglikelihood: -280822	(delta): 0.000172871
19 (QN/Block) 	Elapsed: 0.27	Loglikelihood: -280822	(delta): 8.40763e-06
Summary: 
Converged in 19 iterations (5.941 sec)
Loglikelihood: -280821.789922
Fst divergences between estimated populations: 
	Pop0	Pop1	Pop2	Pop3	Pop4	
Pop0	
Pop1	0.322	
Pop2	0.362	0.350	
Pop3	0.394	0.292	0.407	
Pop4	0.418	0.441	0.436	0.468	
Pop5	0.321	0.103	0.364	0.304	0.436	
CV error (K=6): 0.16929
Writing output files.
