****                   ADMIXTURE Version 1.3.0                  ****
****                    Copyright 2008-2015                     ****
****           David Alexander, Suyash Shringarpure,            ****
****                John  Novembre, Ken Lange                   ****
****                                                            ****
****                 Please cite our paper!                     ****
****   Information at www.genetics.ucla.edu/software/admixture  ****

Cross-validation will be performed.  Folds=5.
Parallel execution requested.  Will use 10 threads.
Random seed: 1722617630
Point estimation method: Block relaxation algorithm
Convergence acceleration algorithm: QuasiNewton, 3 secant conditions
Point estimation will terminate when objective function delta < 0.0001
Estimation of standard errors disabled; will compute point estimates only.
Size of G: 364x3412
Performing five EM steps to prime main algorithm
1 (EM) 	Elapsed: 0.088	Loglikelihood: -451867	(delta): 1.13421e+06
2 (EM) 	Elapsed: 0.085	Loglikelihood: -421084	(delta): 30782.4
3 (EM) 	Elapsed: 0.084	Loglikelihood: -416329	(delta): 4755.16
4 (EM) 	Elapsed: 0.084	Loglikelihood: -413647	(delta): 2681.65
5 (EM) 	Elapsed: 0.084	Loglikelihood: -411496	(delta): 2151.35
Initial loglikelihood: -411496
Starting main algorithm
1 (QN/Block) 	Elapsed: 0.258	Loglikelihood: -322776	(delta): 88720
2 (QN/Block) 	Elapsed: 0.262	Loglikelihood: -294910	(delta): 27866
3 (QN/Block) 	Elapsed: 0.264	Loglikelihood: -286026	(delta): 8883.57
4 (QN/Block) 	Elapsed: 0.263	Loglikelihood: -281289	(delta): 4737.46
5 (QN/Block) 	Elapsed: 0.263	Loglikelihood: -279667	(delta): 1621.79
6 (QN/Block) 	Elapsed: 0.264	Loglikelihood: -279219	(delta): 447.778
7 (QN/Block) 	Elapsed: 0.263	Loglikelihood: -279091	(delta): 128.792
8 (QN/Block) 	Elapsed: 0.266	Loglikelihood: -279057	(delta): 33.7187
9 (QN/Block) 	Elapsed: 0.263	Loglikelihood: -279044	(delta): 12.8325
10 (QN/Block) 	Elapsed: 0.266	Loglikelihood: -279027	(delta): 17.4234
11 (QN/Block) 	Elapsed: 0.266	Loglikelihood: -279016	(delta): 10.4447
12 (QN/Block) 	Elapsed: 0.263	Loglikelihood: -279010	(delta): 6.56481
13 (QN/Block) 	Elapsed: 0.263	Loglikelihood: -278998	(delta): 11.7254
14 (QN/Block) 	Elapsed: 0.267	Loglikelihood: -278987	(delta): 11.4145
15 (QN/Block) 	Elapsed: 0.267	Loglikelihood: -278976	(delta): 10.2514
16 (QN/Block) 	Elapsed: 0.264	Loglikelihood: -278967	(delta): 9.54511
17 (QN/Block) 	Elapsed: 0.264	Loglikelihood: -278961	(delta): 5.63325
18 (QN/Block) 	Elapsed: 0.264	Loglikelihood: -278959	(delta): 2.51903
19 (QN/Block) 	Elapsed: 0.267	Loglikelihood: -278956	(delta): 2.79282
20 (QN/Block) 	Elapsed: 0.262	Loglikelihood: -278954	(delta): 1.44514
21 (QN/Block) 	Elapsed: 0.266	Loglikelihood: -278953	(delta): 1.40754
22 (QN/Block) 	Elapsed: 0.267	Loglikelihood: -278952	(delta): 0.436069
23 (QN/Block) 	Elapsed: 0.267	Loglikelihood: -278952	(delta): 0.514335
24 (QN/Block) 	Elapsed: 0.268	Loglikelihood: -278951	(delta): 1.05782
25 (QN/Block) 	Elapsed: 0.268	Loglikelihood: -278951	(delta): 0.361253
26 (QN/Block) 	Elapsed: 0.268	Loglikelihood: -278950	(delta): 0.172107
27 (QN/Block) 	Elapsed: 0.268	Loglikelihood: -278950	(delta): 0.181932
28 (QN/Block) 	Elapsed: 0.268	Loglikelihood: -278950	(delta): 0.212596
29 (QN/Block) 	Elapsed: 0.268	Loglikelihood: -278950	(delta): 0.260486
30 (QN/Block) 	Elapsed: 0.268	Loglikelihood: -278949	(delta): 0.278891
31 (QN/Block) 	Elapsed: 0.268	Loglikelihood: -278949	(delta): 0.328781
32 (QN/Block) 	Elapsed: 0.268	Loglikelihood: -278949	(delta): 0.562245
33 (QN/Block) 	Elapsed: 0.268	Loglikelihood: -278947	(delta): 1.10802
34 (QN/Block) 	Elapsed: 0.262	Loglikelihood: -278947	(delta): 0.302786
35 (QN/Block) 	Elapsed: 0.265	Loglikelihood: -278947	(delta): 0.256929
36 (QN/Block) 	Elapsed: 0.268	Loglikelihood: -278946	(delta): 0.43331
37 (QN/Block) 	Elapsed: 0.272	Loglikelihood: -278946	(delta): 0.486844
38 (QN/Block) 	Elapsed: 0.263	Loglikelihood: -278946	(delta): 0.164322
39 (QN/Block) 	Elapsed: 0.267	Loglikelihood: -278946	(delta): 0.142865
40 (QN/Block) 	Elapsed: 0.267	Loglikelihood: -278945	(delta): 0.317983
41 (QN/Block) 	Elapsed: 0.268	Loglikelihood: -278945	(delta): 0.234235
42 (QN/Block) 	Elapsed: 0.268	Loglikelihood: -278945	(delta): 0.100649
43 (QN/Block) 	Elapsed: 0.268	Loglikelihood: -278945	(delta): 0.0801145
44 (QN/Block) 	Elapsed: 0.268	Loglikelihood: -278945	(delta): 0.0747899
45 (QN/Block) 	Elapsed: 0.268	Loglikelihood: -278945	(delta): 0.100936
46 (QN/Block) 	Elapsed: 0.267	Loglikelihood: -278945	(delta): 0.204213
47 (QN/Block) 	Elapsed: 0.268	Loglikelihood: -278944	(delta): 0.379425
48 (QN/Block) 	Elapsed: 0.267	Loglikelihood: -278944	(delta): 0.139734
49 (QN/Block) 	Elapsed: 0.268	Loglikelihood: -278944	(delta): 0.135464
50 (QN/Block) 	Elapsed: 0.266	Loglikelihood: -278944	(delta): 0.182439
51 (QN/Block) 	Elapsed: 0.269	Loglikelihood: -278943	(delta): 0.353855
52 (QN/Block) 	Elapsed: 0.264	Loglikelihood: -278943	(delta): 0.395838
53 (QN/Block) 	Elapsed: 0.265	Loglikelihood: -278943	(delta): 0.34279
54 (QN/Block) 	Elapsed: 0.267	Loglikelihood: -278942	(delta): 0.249998
55 (QN/Block) 	Elapsed: 0.263	Loglikelihood: -278942	(delta): 0.133102
56 (QN/Block) 	Elapsed: 0.263	Loglikelihood: -278942	(delta): 0.0269631
57 (QN/Block) 	Elapsed: 0.267	Loglikelihood: -278942	(delta): 0.0975897
58 (QN/Block) 	Elapsed: 0.265	Loglikelihood: -278942	(delta): 0.0472465
59 (QN/Block) 	Elapsed: 0.268	Loglikelihood: -278942	(delta): 0.00517579
60 (QN/Block) 	Elapsed: 0.265	Loglikelihood: -278942	(delta): 0.00297571
61 (QN/Block) 	Elapsed: 0.266	Loglikelihood: -278942	(delta): 0.00209127
62 (QN/Block) 	Elapsed: 0.266	Loglikelihood: -278942	(delta): 0.000634623
63 (QN/Block) 	Elapsed: 0.263	Loglikelihood: -278942	(delta): 0.0018127
64 (QN/Block) 	Elapsed: 0.268	Loglikelihood: -278942	(delta): 0.000715343
65 (QN/Block) 	Elapsed: 0.264	Loglikelihood: -278942	(delta): 0.000122305
66 (QN/Block) 	Elapsed: 0.263	Loglikelihood: -278942	(delta): 2.2681e-05
Summary: 
Converged in 66 iterations (18.095 sec)
Loglikelihood: -278942.055504
Fst divergences between estimated populations: 
	Pop0	Pop1	Pop2	Pop3	Pop4	Pop5	
Pop0	
Pop1	0.324	
Pop2	0.326	0.028	
Pop3	0.362	0.355	0.351	
Pop4	0.395	0.295	0.297	0.408	
Pop5	0.327	0.118	0.121	0.371	0.311	
Pop6	0.418	0.443	0.442	0.436	0.468	0.441	
CV error (K=7): 0.17212
Writing output files.
