****                   ADMIXTURE Version 1.3.0                  ****
****                    Copyright 2008-2015                     ****
****           David Alexander, Suyash Shringarpure,            ****
****                John  Novembre, Ken Lange                   ****
****                                                            ****
****                 Please cite our paper!                     ****
****   Information at www.genetics.ucla.edu/software/admixture  ****

Cross-validation will be performed.  Folds=5.
Parallel execution requested.  Will use 10 threads.
Random seed: 1722617467
Point estimation method: Block relaxation algorithm
Convergence acceleration algorithm: QuasiNewton, 3 secant conditions
Point estimation will terminate when objective function delta < 0.0001
Estimation of standard errors disabled; will compute point estimates only.
Size of G: 364x3412
Performing five EM steps to prime main algorithm
1 (EM) 	Elapsed: 0.027	Loglikelihood: -444224	(delta): 1.27312e+06
2 (EM) 	Elapsed: 0.026	Loglikelihood: -420445	(delta): 23778.3
3 (EM) 	Elapsed: 0.025	Loglikelihood: -415653	(delta): 4792.7
4 (EM) 	Elapsed: 0.026	Loglikelihood: -412844	(delta): 2808.4
5 (EM) 	Elapsed: 0.026	Loglikelihood: -410695	(delta): 2148.82
Initial loglikelihood: -410695
Starting main algorithm
1 (QN/Block) 	Elapsed: 0.122	Loglikelihood: -350873	(delta): 59822
2 (QN/Block) 	Elapsed: 0.095	Loglikelihood: -337974	(delta): 12899.1
3 (QN/Block) 	Elapsed: 0.115	Loglikelihood: -332043	(delta): 5931.14
4 (QN/Block) 	Elapsed: 0.117	Loglikelihood: -328383	(delta): 3660.23
5 (QN/Block) 	Elapsed: 0.138	Loglikelihood: -327043	(delta): 1340.14
6 (QN/Block) 	Elapsed: 0.106	Loglikelihood: -326820	(delta): 222.616
7 (QN/Block) 	Elapsed: 0.11	Loglikelihood: -326799	(delta): 21.5984
8 (QN/Block) 	Elapsed: 0.122	Loglikelihood: -326796	(delta): 2.84772
9 (QN/Block) 	Elapsed: 0.115	Loglikelihood: -326795	(delta): 0.511903
10 (QN/Block) 	Elapsed: 0.11	Loglikelihood: -326795	(delta): 0.0190025
11 (QN/Block) 	Elapsed: 0.12	Loglikelihood: -326795	(delta): 0.0111381
12 (QN/Block) 	Elapsed: 0.11	Loglikelihood: -326795	(delta): 0.0190171
13 (QN/Block) 	Elapsed: 0.11	Loglikelihood: -326795	(delta): 0.00202085
14 (QN/Block) 	Elapsed: 0.119	Loglikelihood: -326795	(delta): 0.000662389
15 (QN/Block) 	Elapsed: 0.11	Loglikelihood: -326795	(delta): 0.00070951
16 (QN/Block) 	Elapsed: 0.123	Loglikelihood: -326795	(delta): 0.000320899
17 (QN/Block) 	Elapsed: 0.112	Loglikelihood: -326795	(delta): 0.000106643
18 (QN/Block) 	Elapsed: 0.106	Loglikelihood: -326795	(delta): 5.01032e-05
Summary: 
Converged in 18 iterations (2.223 sec)
Loglikelihood: -326795.268380
Fst divergences between estimated populations: 
	Pop0	Pop1	
Pop0	
Pop1	0.227	
Pop2	0.285	0.276	
CV error (K=3): 0.20360
Writing output files.
