****                   ADMIXTURE Version 1.3.0                  ****
****                    Copyright 2008-2015                     ****
****           David Alexander, Suyash Shringarpure,            ****
****                John  Novembre, Ken Lange                   ****
****                                                            ****
****                 Please cite our paper!                     ****
****   Information at www.genetics.ucla.edu/software/admixture  ****

Cross-validation will be performed.  Folds=5.
Parallel execution requested.  Will use 10 threads.
Random seed: 1722618231
Point estimation method: Block relaxation algorithm
Convergence acceleration algorithm: QuasiNewton, 3 secant conditions
Point estimation will terminate when objective function delta < 0.0001
Estimation of standard errors disabled; will compute point estimates only.
Size of G: 364x3412
Performing five EM steps to prime main algorithm
1 (EM) 	Elapsed: 0.121	Loglikelihood: -452625	(delta): 1.12234e+06
2 (EM) 	Elapsed: 0.12	Loglikelihood: -421106	(delta): 31519.1
3 (EM) 	Elapsed: 0.119	Loglikelihood: -416235	(delta): 4870.93
4 (EM) 	Elapsed: 0.12	Loglikelihood: -413500	(delta): 2735.38
5 (EM) 	Elapsed: 0.12	Loglikelihood: -411275	(delta): 2224.69
Initial loglikelihood: -411275
Starting main algorithm
1 (QN/Block) 	Elapsed: 0.318	Loglikelihood: -326317	(delta): 84958.1
2 (QN/Block) 	Elapsed: 0.318	Loglikelihood: -295478	(delta): 30839.5
3 (QN/Block) 	Elapsed: 0.322	Loglikelihood: -285056	(delta): 10421.2
4 (QN/Block) 	Elapsed: 0.321	Loglikelihood: -280213	(delta): 4843.94
5 (QN/Block) 	Elapsed: 0.322	Loglikelihood: -278498	(delta): 1714.57
6 (QN/Block) 	Elapsed: 0.322	Loglikelihood: -278113	(delta): 384.525
7 (QN/Block) 	Elapsed: 0.322	Loglikelihood: -278004	(delta): 109.405
8 (QN/Block) 	Elapsed: 0.322	Loglikelihood: -277966	(delta): 38.4062
9 (QN/Block) 	Elapsed: 0.322	Loglikelihood: -277945	(delta): 20.6537
10 (QN/Block) 	Elapsed: 0.322	Loglikelihood: -277925	(delta): 20.2051
11 (QN/Block) 	Elapsed: 0.325	Loglikelihood: -277912	(delta): 13.0661
12 (QN/Block) 	Elapsed: 0.325	Loglikelihood: -277902	(delta): 9.68731
13 (QN/Block) 	Elapsed: 0.323	Loglikelihood: -277894	(delta): 8.26446
14 (QN/Block) 	Elapsed: 0.326	Loglikelihood: -277889	(delta): 4.73631
15 (QN/Block) 	Elapsed: 0.326	Loglikelihood: -277881	(delta): 7.7639
16 (QN/Block) 	Elapsed: 0.325	Loglikelihood: -277876	(delta): 4.78726
17 (QN/Block) 	Elapsed: 0.323	Loglikelihood: -277874	(delta): 2.59571
18 (QN/Block) 	Elapsed: 0.326	Loglikelihood: -277872	(delta): 1.56293
19 (QN/Block) 	Elapsed: 0.326	Loglikelihood: -277871	(delta): 1.07622
20 (QN/Block) 	Elapsed: 0.323	Loglikelihood: -277870	(delta): 0.909401
21 (QN/Block) 	Elapsed: 0.326	Loglikelihood: -277869	(delta): 1.41774
22 (QN/Block) 	Elapsed: 0.323	Loglikelihood: -277868	(delta): 0.421939
23 (QN/Block) 	Elapsed: 0.323	Loglikelihood: -277868	(delta): 0.151954
24 (QN/Block) 	Elapsed: 0.322	Loglikelihood: -277868	(delta): 0.154749
25 (QN/Block) 	Elapsed: 0.322	Loglikelihood: -277868	(delta): 0.175253
26 (QN/Block) 	Elapsed: 0.326	Loglikelihood: -277868	(delta): 0.0725373
27 (QN/Block) 	Elapsed: 0.327	Loglikelihood: -277868	(delta): 0.0722302
28 (QN/Block) 	Elapsed: 0.327	Loglikelihood: -277868	(delta): 0.0745181
29 (QN/Block) 	Elapsed: 0.324	Loglikelihood: -277868	(delta): 0.071217
30 (QN/Block) 	Elapsed: 0.322	Loglikelihood: -277868	(delta): 0.0712228
31 (QN/Block) 	Elapsed: 0.323	Loglikelihood: -277867	(delta): 0.284589
32 (QN/Block) 	Elapsed: 0.323	Loglikelihood: -277867	(delta): 0.400603
33 (QN/Block) 	Elapsed: 0.326	Loglikelihood: -277867	(delta): 0.118633
34 (QN/Block) 	Elapsed: 0.323	Loglikelihood: -277867	(delta): 0.1538
35 (QN/Block) 	Elapsed: 0.326	Loglikelihood: -277867	(delta): 0.124226
36 (QN/Block) 	Elapsed: 0.326	Loglikelihood: -277866	(delta): 0.130453
37 (QN/Block) 	Elapsed: 0.326	Loglikelihood: -277866	(delta): 0.135523
38 (QN/Block) 	Elapsed: 0.325	Loglikelihood: -277866	(delta): 0.170929
39 (QN/Block) 	Elapsed: 0.326	Loglikelihood: -277866	(delta): 0.132468
40 (QN/Block) 	Elapsed: 0.326	Loglikelihood: -277866	(delta): 0.0636897
41 (QN/Block) 	Elapsed: 0.324	Loglikelihood: -277866	(delta): 0.0260339
42 (QN/Block) 	Elapsed: 0.322	Loglikelihood: -277866	(delta): 0.0253414
43 (QN/Block) 	Elapsed: 0.327	Loglikelihood: -277866	(delta): 0.0198686
44 (QN/Block) 	Elapsed: 0.326	Loglikelihood: -277866	(delta): 0.0625958
45 (QN/Block) 	Elapsed: 0.326	Loglikelihood: -277866	(delta): 0.13387
46 (QN/Block) 	Elapsed: 0.327	Loglikelihood: -277866	(delta): 0.0458165
47 (QN/Block) 	Elapsed: 0.326	Loglikelihood: -277866	(delta): 0.031947
48 (QN/Block) 	Elapsed: 0.326	Loglikelihood: -277866	(delta): 0.0297123
49 (QN/Block) 	Elapsed: 0.326	Loglikelihood: -277866	(delta): 0.0305883
50 (QN/Block) 	Elapsed: 0.326	Loglikelihood: -277865	(delta): 0.0351767
51 (QN/Block) 	Elapsed: 0.327	Loglikelihood: -277865	(delta): 0.0957105
52 (QN/Block) 	Elapsed: 0.324	Loglikelihood: -277865	(delta): 0.0251687
53 (QN/Block) 	Elapsed: 0.323	Loglikelihood: -277865	(delta): 0.014357
54 (QN/Block) 	Elapsed: 0.322	Loglikelihood: -277865	(delta): 0.0050114
55 (QN/Block) 	Elapsed: 0.322	Loglikelihood: -277865	(delta): 0.00208657
56 (QN/Block) 	Elapsed: 0.322	Loglikelihood: -277865	(delta): 0.000931053
57 (QN/Block) 	Elapsed: 0.321	Loglikelihood: -277865	(delta): 0.000206263
58 (QN/Block) 	Elapsed: 0.322	Loglikelihood: -277865	(delta): 2.38192e-05
Summary: 
Converged in 58 iterations (19.507 sec)
Loglikelihood: -277865.342110
Fst divergences between estimated populations: 
	Pop0	Pop1	Pop2	Pop3	Pop4	Pop5	Pop6	
Pop0	
Pop1	0.311	
Pop2	0.327	0.395	
Pop3	0.122	0.295	0.326	
Pop4	0.375	0.412	0.366	0.357	
Pop5	0.441	0.468	0.418	0.443	0.438	
Pop6	0.113	0.297	0.325	0.029	0.360	0.444	
Pop7	0.375	0.411	0.367	0.355	0.034	0.442	0.359	
CV error (K=8): 0.17471
Writing output files.
