****                   ADMIXTURE Version 1.3.0                  ****
****                    Copyright 2008-2015                     ****
****           David Alexander, Suyash Shringarpure,            ****
****                John  Novembre, Ken Lange                   ****
****                                                            ****
****                 Please cite our paper!                     ****
****   Information at www.genetics.ucla.edu/software/admixture  ****

Cross-validation will be performed.  Folds=5.
Parallel execution requested.  Will use 10 threads.
Random seed: 1722617456
Point estimation method: Block relaxation algorithm
Convergence acceleration algorithm: QuasiNewton, 3 secant conditions
Point estimation will terminate when objective function delta < 0.0001
Estimation of standard errors disabled; will compute point estimates only.
Size of G: 364x3412
Performing five EM steps to prime main algorithm
1 (EM) 	Elapsed: 0.076	Loglikelihood: -451726	(delta): 1.13675e+06
2 (EM) 	Elapsed: 0.075	Loglikelihood: -421407	(delta): 30319.3
3 (EM) 	Elapsed: 0.074	Loglikelihood: -416458	(delta): 4948.61
4 (EM) 	Elapsed: 0.074	Loglikelihood: -413685	(delta): 2773.22
5 (EM) 	Elapsed: 0.074	Loglikelihood: -411471	(delta): 2214.05
Initial loglikelihood: -411471
Starting main algorithm
1 (QN/Block) 	Elapsed: 0.228	Loglikelihood: -339847	(delta): 71623.7
2 (QN/Block) 	Elapsed: 0.228	Loglikelihood: -301258	(delta): 38589.2
3 (QN/Block) 	Elapsed: 0.232	Loglikelihood: -287642	(delta): 13615.6
4 (QN/Block) 	Elapsed: 0.233	Loglikelihood: -282079	(delta): 5563.04
5 (QN/Block) 	Elapsed: 0.231	Loglikelihood: -279504	(delta): 2575.28
6 (QN/Block) 	Elapsed: 0.233	Loglikelihood: -279024	(delta): 480.316
7 (QN/Block) 	Elapsed: 0.234	Loglikelihood: -278930	(delta): 93.9274
8 (QN/Block) 	Elapsed: 0.234	Loglikelihood: -278907	(delta): 22.729
9 (QN/Block) 	Elapsed: 0.235	Loglikelihood: -278896	(delta): 10.7678
10 (QN/Block) 	Elapsed: 0.234	Loglikelihood: -278889	(delta): 6.82838
11 (QN/Block) 	Elapsed: 0.235	Loglikelihood: -278880	(delta): 9.40336
12 (QN/Block) 	Elapsed: 0.236	Loglikelihood: -278879	(delta): 0.855162
13 (QN/Block) 	Elapsed: 0.235	Loglikelihood: -278879	(delta): 0.560863
14 (QN/Block) 	Elapsed: 0.235	Loglikelihood: -278879	(delta): 0.0640169
15 (QN/Block) 	Elapsed: 0.235	Loglikelihood: -278878	(delta): 0.0474804
16 (QN/Block) 	Elapsed: 0.237	Loglikelihood: -278878	(delta): 0.0707073
17 (QN/Block) 	Elapsed: 0.236	Loglikelihood: -278878	(delta): 0.0409504
18 (QN/Block) 	Elapsed: 0.236	Loglikelihood: -278878	(delta): 0.0578335
19 (QN/Block) 	Elapsed: 0.236	Loglikelihood: -278878	(delta): 0.0898801
20 (QN/Block) 	Elapsed: 0.237	Loglikelihood: -278878	(delta): 0.148959
21 (QN/Block) 	Elapsed: 0.236	Loglikelihood: -278878	(delta): 0.0553513
22 (QN/Block) 	Elapsed: 0.236	Loglikelihood: -278878	(delta): 0.0641449
23 (QN/Block) 	Elapsed: 0.236	Loglikelihood: -278878	(delta): 0.114627
24 (QN/Block) 	Elapsed: 0.237	Loglikelihood: -278878	(delta): 0.224399
25 (QN/Block) 	Elapsed: 0.238	Loglikelihood: -278878	(delta): 0.0511902
26 (QN/Block) 	Elapsed: 0.237	Loglikelihood: -278878	(delta): 0.010677
27 (QN/Block) 	Elapsed: 0.237	Loglikelihood: -278878	(delta): 0.00480037
28 (QN/Block) 	Elapsed: 0.232	Loglikelihood: -278878	(delta): 0.00283403
29 (QN/Block) 	Elapsed: 0.233	Loglikelihood: -278878	(delta): 0.00104748
30 (QN/Block) 	Elapsed: 0.232	Loglikelihood: -278878	(delta): 0.00122604
31 (QN/Block) 	Elapsed: 0.232	Loglikelihood: -278878	(delta): 0.000264342
32 (QN/Block) 	Elapsed: 0.232	Loglikelihood: -278878	(delta): 7.03114e-05
Summary: 
Converged in 32 iterations (7.943 sec)
Loglikelihood: -278877.529653
Fst divergences between estimated populations: 
	Pop0	Pop1	Pop2	Pop3	Pop4	Pop5	
Pop0	
Pop1	0.030	
Pop2	0.323	0.327	
Pop3	0.114	0.124	0.327	
Pop4	0.290	0.301	0.395	0.312	
Pop5	0.441	0.445	0.418	0.441	0.468	
Pop6	0.350	0.356	0.363	0.372	0.408	0.436	
CV error (K=7): 0.17299
Writing output files.
