****                   ADMIXTURE Version 1.3.0                  ****
****                    Copyright 2008-2015                     ****
****           David Alexander, Suyash Shringarpure,            ****
****                John  Novembre, Ken Lange                   ****
****                                                            ****
****                 Please cite our paper!                     ****
****   Information at www.genetics.ucla.edu/software/admixture  ****

Cross-validation will be performed.  Folds=5.
Parallel execution requested.  Will use 10 threads.
Random seed: 1722617504
Point estimation method: Block relaxation algorithm
Convergence acceleration algorithm: QuasiNewton, 3 secant conditions
Point estimation will terminate when objective function delta < 0.0001
Estimation of standard errors disabled; will compute point estimates only.
Size of G: 364x3412
Performing five EM steps to prime main algorithm
1 (EM) 	Elapsed: 0.063	Loglikelihood: -452192	(delta): 1.16331e+06
2 (EM) 	Elapsed: 0.059	Loglikelihood: -422563	(delta): 29628.8
3 (EM) 	Elapsed: 0.059	Loglikelihood: -417566	(delta): 4997.69
4 (EM) 	Elapsed: 0.059	Loglikelihood: -414909	(delta): 2656.84
5 (EM) 	Elapsed: 0.059	Loglikelihood: -412895	(delta): 2013.6
Initial loglikelihood: -412895
Starting main algorithm
1 (QN/Block) 	Elapsed: 0.188	Loglikelihood: -336425	(delta): 76470.3
2 (QN/Block) 	Elapsed: 0.203	Loglikelihood: -307330	(delta): 29094.8
3 (QN/Block) 	Elapsed: 0.209	Loglikelihood: -293443	(delta): 13887.1
4 (QN/Block) 	Elapsed: 0.192	Loglikelihood: -284801	(delta): 8641.76
5 (QN/Block) 	Elapsed: 0.193	Loglikelihood: -281819	(delta): 2982.33
6 (QN/Block) 	Elapsed: 0.192	Loglikelihood: -280971	(delta): 847.539
7 (QN/Block) 	Elapsed: 0.194	Loglikelihood: -280868	(delta): 103.775
8 (QN/Block) 	Elapsed: 0.192	Loglikelihood: -280834	(delta): 33.8786
9 (QN/Block) 	Elapsed: 0.196	Loglikelihood: -280826	(delta): 8.13478
10 (QN/Block) 	Elapsed: 0.195	Loglikelihood: -280822	(delta): 3.45583
11 (QN/Block) 	Elapsed: 0.197	Loglikelihood: -280822	(delta): 0.198833
12 (QN/Block) 	Elapsed: 0.195	Loglikelihood: -280822	(delta): 0.124332
13 (QN/Block) 	Elapsed: 0.198	Loglikelihood: -280822	(delta): 0.0874202
14 (QN/Block) 	Elapsed: 0.192	Loglikelihood: -280822	(delta): 0.0239431
15 (QN/Block) 	Elapsed: 0.194	Loglikelihood: -280822	(delta): 0.00724365
16 (QN/Block) 	Elapsed: 0.191	Loglikelihood: -280822	(delta): 0.00442774
17 (QN/Block) 	Elapsed: 0.193	Loglikelihood: -280822	(delta): 0.00325943
18 (QN/Block) 	Elapsed: 0.197	Loglikelihood: -280822	(delta): 0.000844144
19 (QN/Block) 	Elapsed: 0.2	Loglikelihood: -280822	(delta): 0.000142629
20 (QN/Block) 	Elapsed: 0.201	Loglikelihood: -280822	(delta): 5.56919e-06
Summary: 
Converged in 20 iterations (4.26 sec)
Loglikelihood: -280821.710031
Fst divergences between estimated populations: 
	Pop0	Pop1	Pop2	Pop3	Pop4	
Pop0	
Pop1	0.292	
Pop2	0.350	0.407	
Pop3	0.441	0.468	0.436	
Pop4	0.103	0.304	0.364	0.436	
Pop5	0.322	0.394	0.362	0.418	0.321	
CV error (K=6): 0.17020
Writing output files.
