****                   ADMIXTURE Version 1.3.0                  ****
****                    Copyright 2008-2015                     ****
****           David Alexander, Suyash Shringarpure,            ****
****                John  Novembre, Ken Lange                   ****
****                                                            ****
****                 Please cite our paper!                     ****
****   Information at www.genetics.ucla.edu/software/admixture  ****

Cross-validation will be performed.  Folds=5.
Parallel execution requested.  Will use 10 threads.
Random seed: 1722617689
Point estimation method: Block relaxation algorithm
Convergence acceleration algorithm: QuasiNewton, 3 secant conditions
Point estimation will terminate when objective function delta < 0.0001
Estimation of standard errors disabled; will compute point estimates only.
Size of G: 364x3412
Performing five EM steps to prime main algorithm
1 (EM) 	Elapsed: 0.087	Loglikelihood: -453061	(delta): 1.14294e+06
2 (EM) 	Elapsed: 0.085	Loglikelihood: -421773	(delta): 31288.2
3 (EM) 	Elapsed: 0.086	Loglikelihood: -417182	(delta): 4591.19
4 (EM) 	Elapsed: 0.085	Loglikelihood: -414704	(delta): 2477.25
5 (EM) 	Elapsed: 0.085	Loglikelihood: -412795	(delta): 1909.71
Initial loglikelihood: -412795
Starting main algorithm
1 (QN/Block) 	Elapsed: 0.256	Loglikelihood: -326800	(delta): 85994.7
2 (QN/Block) 	Elapsed: 0.255	Loglikelihood: -303052	(delta): 23747.9
3 (QN/Block) 	Elapsed: 0.261	Loglikelihood: -293887	(delta): 9164.95
4 (QN/Block) 	Elapsed: 0.26	Loglikelihood: -283698	(delta): 10188.8
5 (QN/Block) 	Elapsed: 0.26	Loglikelihood: -279928	(delta): 3770.53
6 (QN/Block) 	Elapsed: 0.258	Loglikelihood: -279138	(delta): 789.602
7 (QN/Block) 	Elapsed: 0.26	Loglikelihood: -279000	(delta): 138.099
8 (QN/Block) 	Elapsed: 0.259	Loglikelihood: -278962	(delta): 37.51
9 (QN/Block) 	Elapsed: 0.26	Loglikelihood: -278941	(delta): 21.3371
10 (QN/Block) 	Elapsed: 0.259	Loglikelihood: -278930	(delta): 10.8625
11 (QN/Block) 	Elapsed: 0.26	Loglikelihood: -278926	(delta): 4.74438
12 (QN/Block) 	Elapsed: 0.258	Loglikelihood: -278921	(delta): 4.22397
13 (QN/Block) 	Elapsed: 0.262	Loglikelihood: -278916	(delta): 5.19383
14 (QN/Block) 	Elapsed: 0.262	Loglikelihood: -278915	(delta): 1.49785
15 (QN/Block) 	Elapsed: 0.262	Loglikelihood: -278912	(delta): 2.61786
16 (QN/Block) 	Elapsed: 0.262	Loglikelihood: -278909	(delta): 2.68624
17 (QN/Block) 	Elapsed: 0.262	Loglikelihood: -278907	(delta): 2.13699
18 (QN/Block) 	Elapsed: 0.262	Loglikelihood: -278906	(delta): 1.30792
19 (QN/Block) 	Elapsed: 0.262	Loglikelihood: -278905	(delta): 0.813837
20 (QN/Block) 	Elapsed: 0.26	Loglikelihood: -278905	(delta): 0.375456
21 (QN/Block) 	Elapsed: 0.262	Loglikelihood: -278904	(delta): 0.233456
22 (QN/Block) 	Elapsed: 0.26	Loglikelihood: -278904	(delta): 0.362584
23 (QN/Block) 	Elapsed: 0.259	Loglikelihood: -278904	(delta): 0.355186
24 (QN/Block) 	Elapsed: 0.262	Loglikelihood: -278903	(delta): 1.18699
25 (QN/Block) 	Elapsed: 0.262	Loglikelihood: -278901	(delta): 1.30853
26 (QN/Block) 	Elapsed: 0.258	Loglikelihood: -278901	(delta): 0.254998
27 (QN/Block) 	Elapsed: 0.262	Loglikelihood: -278901	(delta): 0.0669164
28 (QN/Block) 	Elapsed: 0.262	Loglikelihood: -278901	(delta): 0.0193748
29 (QN/Block) 	Elapsed: 0.262	Loglikelihood: -278901	(delta): 0.00477303
30 (QN/Block) 	Elapsed: 0.258	Loglikelihood: -278901	(delta): 0.0155251
31 (QN/Block) 	Elapsed: 0.262	Loglikelihood: -278901	(delta): 0.0904717
32 (QN/Block) 	Elapsed: 0.262	Loglikelihood: -278901	(delta): 0.0199973
33 (QN/Block) 	Elapsed: 0.262	Loglikelihood: -278901	(delta): 0.00772198
34 (QN/Block) 	Elapsed: 0.262	Loglikelihood: -278901	(delta): 0.00742646
35 (QN/Block) 	Elapsed: 0.261	Loglikelihood: -278901	(delta): 0.00818608
36 (QN/Block) 	Elapsed: 0.262	Loglikelihood: -278901	(delta): 0.00974882
37 (QN/Block) 	Elapsed: 0.262	Loglikelihood: -278901	(delta): 0.0113777
38 (QN/Block) 	Elapsed: 0.262	Loglikelihood: -278901	(delta): 0.00948928
39 (QN/Block) 	Elapsed: 0.259	Loglikelihood: -278901	(delta): 0.00872085
40 (QN/Block) 	Elapsed: 0.258	Loglikelihood: -278901	(delta): 0.0139067
41 (QN/Block) 	Elapsed: 0.258	Loglikelihood: -278901	(delta): 0.0311162
42 (QN/Block) 	Elapsed: 0.258	Loglikelihood: -278901	(delta): 0.0361248
43 (QN/Block) 	Elapsed: 0.262	Loglikelihood: -278901	(delta): 0.0320864
44 (QN/Block) 	Elapsed: 0.262	Loglikelihood: -278901	(delta): 0.0212829
45 (QN/Block) 	Elapsed: 0.262	Loglikelihood: -278900	(delta): 0.0839651
46 (QN/Block) 	Elapsed: 0.262	Loglikelihood: -278900	(delta): 0.151567
47 (QN/Block) 	Elapsed: 0.262	Loglikelihood: -278900	(delta): 0.286169
48 (QN/Block) 	Elapsed: 0.262	Loglikelihood: -278900	(delta): 0.120025
49 (QN/Block) 	Elapsed: 0.262	Loglikelihood: -278900	(delta): 0.0724437
50 (QN/Block) 	Elapsed: 0.262	Loglikelihood: -278900	(delta): 0.0726525
51 (QN/Block) 	Elapsed: 0.261	Loglikelihood: -278900	(delta): 0.0557874
52 (QN/Block) 	Elapsed: 0.261	Loglikelihood: -278900	(delta): 0.130811
53 (QN/Block) 	Elapsed: 0.262	Loglikelihood: -278899	(delta): 0.207897
54 (QN/Block) 	Elapsed: 0.262	Loglikelihood: -278899	(delta): 0.121786
55 (QN/Block) 	Elapsed: 0.258	Loglikelihood: -278899	(delta): 0.0170303
56 (QN/Block) 	Elapsed: 0.258	Loglikelihood: -278899	(delta): 0.00327515
57 (QN/Block) 	Elapsed: 0.259	Loglikelihood: -278899	(delta): 0.000900299
58 (QN/Block) 	Elapsed: 0.258	Loglikelihood: -278899	(delta): 0.000192739
59 (QN/Block) 	Elapsed: 0.258	Loglikelihood: -278899	(delta): 5.03035e-05
Summary: 
Converged in 59 iterations (15.904 sec)
Loglikelihood: -278899.253705
Fst divergences between estimated populations: 
	Pop0	Pop1	Pop2	Pop3	Pop4	Pop5	
Pop0	
Pop1	0.442	
Pop2	0.118	0.440	
Pop3	0.354	0.436	0.370	
Pop4	0.325	0.418	0.326	0.363	
Pop5	0.297	0.468	0.310	0.408	0.395	
Pop6	0.028	0.443	0.115	0.352	0.326	0.295	
CV error (K=7): 0.17292
Writing output files.
