****                   ADMIXTURE Version 1.3.0                  ****
****                    Copyright 2008-2015                     ****
****           David Alexander, Suyash Shringarpure,            ****
****                John  Novembre, Ken Lange                   ****
****                                                            ****
****                 Please cite our paper!                     ****
****   Information at www.genetics.ucla.edu/software/admixture  ****

Cross-validation will be performed.  Folds=5.
Parallel execution requested.  Will use 10 threads.
Random seed: 1722617390
Point estimation method: Block relaxation algorithm
Convergence acceleration algorithm: QuasiNewton, 3 secant conditions
Point estimation will terminate when objective function delta < 0.0001
Estimation of standard errors disabled; will compute point estimates only.
Size of G: 364x3412
Performing five EM steps to prime main algorithm
1 (EM) 	Elapsed: 0.05	Loglikelihood: -449727	(delta): 1.24046e+06
2 (EM) 	Elapsed: 0.047	Loglikelihood: -422088	(delta): 27639.6
3 (EM) 	Elapsed: 0.05	Loglikelihood: -417099	(delta): 4988.81
4 (EM) 	Elapsed: 0.049	Loglikelihood: -414329	(delta): 2769.43
5 (EM) 	Elapsed: 0.049	Loglikelihood: -412253	(delta): 2076.63
Initial loglikelihood: -412253
Starting main algorithm
1 (QN/Block) 	Elapsed: 0.134	Loglikelihood: -345043	(delta): 67209.3
2 (QN/Block) 	Elapsed: 0.135	Loglikelihood: -320909	(delta): 24134
3 (QN/Block) 	Elapsed: 0.143	Loglikelihood: -312172	(delta): 8737.54
4 (QN/Block) 	Elapsed: 0.14	Loglikelihood: -304707	(delta): 7464.44
5 (QN/Block) 	Elapsed: 0.139	Loglikelihood: -301799	(delta): 2908.31
6 (QN/Block) 	Elapsed: 0.139	Loglikelihood: -301276	(delta): 522.794
7 (QN/Block) 	Elapsed: 0.143	Loglikelihood: -301191	(delta): 85.7521
8 (QN/Block) 	Elapsed: 0.142	Loglikelihood: -300237	(delta): 953.973
9 (QN/Block) 	Elapsed: 0.142	Loglikelihood: -299941	(delta): 295.485
10 (QN/Block) 	Elapsed: 0.144	Loglikelihood: -299901	(delta): 40.5404
11 (QN/Block) 	Elapsed: 0.14	Loglikelihood: -299895	(delta): 5.81208
12 (QN/Block) 	Elapsed: 0.145	Loglikelihood: -299894	(delta): 1.06384
13 (QN/Block) 	Elapsed: 0.144	Loglikelihood: -299893	(delta): 0.308438
14 (QN/Block) 	Elapsed: 0.145	Loglikelihood: -299893	(delta): 0.0107529
15 (QN/Block) 	Elapsed: 0.144	Loglikelihood: -299893	(delta): 0.00148719
16 (QN/Block) 	Elapsed: 0.139	Loglikelihood: -299893	(delta): 0.00119817
17 (QN/Block) 	Elapsed: 0.139	Loglikelihood: -299893	(delta): 0.000264924
18 (QN/Block) 	Elapsed: 0.139	Loglikelihood: -299893	(delta): 0.000129137
19 (QN/Block) 	Elapsed: 0.139	Loglikelihood: -299893	(delta): 2.64029e-05
Summary: 
Converged in 19 iterations (2.975 sec)
Loglikelihood: -299893.430590
Fst divergences between estimated populations: 
	Pop0	Pop1	Pop2	
Pop0	
Pop1	0.406	
Pop2	0.420	0.390	
Pop3	0.279	0.338	0.382	
CV error (K=4): 0.18093
Writing output files.
