****                   ADMIXTURE Version 1.3.0                  ****
****                    Copyright 2008-2015                     ****
****           David Alexander, Suyash Shringarpure,            ****
****                John  Novembre, Ken Lange                   ****
****                                                            ****
****                 Please cite our paper!                     ****
****   Information at www.genetics.ucla.edu/software/admixture  ****

Cross-validation will be performed.  Folds=5.
Parallel execution requested.  Will use 10 threads.
Random seed: 1722617379
Point estimation method: Block relaxation algorithm
Convergence acceleration algorithm: QuasiNewton, 3 secant conditions
Point estimation will terminate when objective function delta < 0.0001
Estimation of standard errors disabled; will compute point estimates only.
Size of G: 364x3412
Performing five EM steps to prime main algorithm
1 (EM) 	Elapsed: 0.067	Loglikelihood: -452901	(delta): 1.16983e+06
2 (EM) 	Elapsed: 0.064	Loglikelihood: -422345	(delta): 30556
3 (EM) 	Elapsed: 0.063	Loglikelihood: -417286	(delta): 5059.04
4 (EM) 	Elapsed: 0.063	Loglikelihood: -414567	(delta): 2718.71
5 (EM) 	Elapsed: 0.062	Loglikelihood: -412491	(delta): 2076.56
Initial loglikelihood: -412491
Starting main algorithm
1 (QN/Block) 	Elapsed: 0.184	Loglikelihood: -346045	(delta): 66445.1
2 (QN/Block) 	Elapsed: 0.183	Loglikelihood: -326594	(delta): 19451.1
3 (QN/Block) 	Elapsed: 0.191	Loglikelihood: -315210	(delta): 11384
4 (QN/Block) 	Elapsed: 0.187	Loglikelihood: -309608	(delta): 5602.83
5 (QN/Block) 	Elapsed: 0.188	Loglikelihood: -307519	(delta): 2088.36
6 (QN/Block) 	Elapsed: 0.19	Loglikelihood: -307080	(delta): 439.323
7 (QN/Block) 	Elapsed: 0.192	Loglikelihood: -307016	(delta): 64.2394
8 (QN/Block) 	Elapsed: 0.189	Loglikelihood: -307012	(delta): 3.67412
9 (QN/Block) 	Elapsed: 0.188	Loglikelihood: -307009	(delta): 2.80479
10 (QN/Block) 	Elapsed: 0.188	Loglikelihood: -307001	(delta): 7.67621
11 (QN/Block) 	Elapsed: 0.194	Loglikelihood: -306806	(delta): 195.104
12 (QN/Block) 	Elapsed: 0.194	Loglikelihood: -296886	(delta): 9920.55
13 (QN/Block) 	Elapsed: 0.192	Loglikelihood: -294840	(delta): 2045.64
14 (QN/Block) 	Elapsed: 0.191	Loglikelihood: -294236	(delta): 604.196
15 (QN/Block) 	Elapsed: 0.193	Loglikelihood: -293791	(delta): 444.702
16 (QN/Block) 	Elapsed: 0.191	Loglikelihood: -293691	(delta): 100.692
17 (QN/Block) 	Elapsed: 0.195	Loglikelihood: -293676	(delta): 14.3936
18 (QN/Block) 	Elapsed: 0.195	Loglikelihood: -293674	(delta): 2.40802
19 (QN/Block) 	Elapsed: 0.193	Loglikelihood: -293671	(delta): 2.79871
20 (QN/Block) 	Elapsed: 0.194	Loglikelihood: -293667	(delta): 4.13208
21 (QN/Block) 	Elapsed: 0.194	Loglikelihood: -293662	(delta): 5.21866
22 (QN/Block) 	Elapsed: 0.194	Loglikelihood: -293656	(delta): 5.34992
23 (QN/Block) 	Elapsed: 0.193	Loglikelihood: -293651	(delta): 5.43389
24 (QN/Block) 	Elapsed: 0.191	Loglikelihood: -293648	(delta): 2.8119
25 (QN/Block) 	Elapsed: 0.193	Loglikelihood: -293647	(delta): 0.75175
26 (QN/Block) 	Elapsed: 0.187	Loglikelihood: -293647	(delta): 0.0945022
27 (QN/Block) 	Elapsed: 0.188	Loglikelihood: -293647	(delta): 0.0420615
28 (QN/Block) 	Elapsed: 0.191	Loglikelihood: -293647	(delta): 0.0101166
29 (QN/Block) 	Elapsed: 0.188	Loglikelihood: -293647	(delta): 0.00438675
30 (QN/Block) 	Elapsed: 0.188	Loglikelihood: -293647	(delta): 0.00351638
31 (QN/Block) 	Elapsed: 0.188	Loglikelihood: -293647	(delta): 0.00357722
32 (QN/Block) 	Elapsed: 0.189	Loglikelihood: -293647	(delta): 0.00306321
33 (QN/Block) 	Elapsed: 0.192	Loglikelihood: -293647	(delta): 0.000766972
34 (QN/Block) 	Elapsed: 0.194	Loglikelihood: -293647	(delta): 8.4642e-05
Summary: 
Converged in 34 iterations (6.91 sec)
Loglikelihood: -293647.109616
Fst divergences between estimated populations: 
	Pop0	Pop1	Pop2	Pop3	
Pop0	
Pop1	0.393	
Pop2	0.398	0.348	
Pop3	0.394	0.362	0.101	
Pop4	0.425	0.407	0.292	0.302	
CV error (K=5): 0.17892
Writing output files.
