****                   ADMIXTURE Version 1.3.0                  ****
****                    Copyright 2008-2015                     ****
****           David Alexander, Suyash Shringarpure,            ****
****                John  Novembre, Ken Lange                   ****
****                                                            ****
****                 Please cite our paper!                     ****
****   Information at www.genetics.ucla.edu/software/admixture  ****

Cross-validation will be performed.  Folds=5.
Parallel execution requested.  Will use 10 threads.
Random seed: 1722618156
Point estimation method: Block relaxation algorithm
Convergence acceleration algorithm: QuasiNewton, 3 secant conditions
Point estimation will terminate when objective function delta < 0.0001
Estimation of standard errors disabled; will compute point estimates only.
Size of G: 364x3412
Performing five EM steps to prime main algorithm
1 (EM) 	Elapsed: 0.087	Loglikelihood: -451864	(delta): 1.15847e+06
2 (EM) 	Elapsed: 0.084	Loglikelihood: -421049	(delta): 30814.6
3 (EM) 	Elapsed: 0.084	Loglikelihood: -416490	(delta): 4558.81
4 (EM) 	Elapsed: 0.084	Loglikelihood: -413778	(delta): 2711.88
5 (EM) 	Elapsed: 0.084	Loglikelihood: -411534	(delta): 2244.45
Initial loglikelihood: -411534
Starting main algorithm
1 (QN/Block) 	Elapsed: 0.262	Loglikelihood: -325885	(delta): 85648.7
2 (QN/Block) 	Elapsed: 0.261	Loglikelihood: -303384	(delta): 22501.6
3 (QN/Block) 	Elapsed: 0.267	Loglikelihood: -296256	(delta): 7127.12
4 (QN/Block) 	Elapsed: 0.266	Loglikelihood: -292470	(delta): 3785.96
5 (QN/Block) 	Elapsed: 0.266	Loglikelihood: -291336	(delta): 1134.81
6 (QN/Block) 	Elapsed: 0.265	Loglikelihood: -290957	(delta): 378.894
7 (QN/Block) 	Elapsed: 0.269	Loglikelihood: -290547	(delta): 409.765
8 (QN/Block) 	Elapsed: 0.267	Loglikelihood: -284434	(delta): 6112.59
9 (QN/Block) 	Elapsed: 0.266	Loglikelihood: -281032	(delta): 3402.84
10 (QN/Block) 	Elapsed: 0.27	Loglikelihood: -280291	(delta): 740.999
11 (QN/Block) 	Elapsed: 0.265	Loglikelihood: -279943	(delta): 347.956
12 (QN/Block) 	Elapsed: 0.27	Loglikelihood: -279795	(delta): 147.275
13 (QN/Block) 	Elapsed: 0.269	Loglikelihood: -279764	(delta): 31.7724
14 (QN/Block) 	Elapsed: 0.27	Loglikelihood: -279753	(delta): 10.6896
15 (QN/Block) 	Elapsed: 0.266	Loglikelihood: -279750	(delta): 2.53614
16 (QN/Block) 	Elapsed: 0.266	Loglikelihood: -279748	(delta): 2.05023
17 (QN/Block) 	Elapsed: 0.269	Loglikelihood: -279747	(delta): 1.4782
18 (QN/Block) 	Elapsed: 0.267	Loglikelihood: -279745	(delta): 1.89794
19 (QN/Block) 	Elapsed: 0.27	Loglikelihood: -279744	(delta): 0.686694
20 (QN/Block) 	Elapsed: 0.269	Loglikelihood: -279743	(delta): 1.22657
21 (QN/Block) 	Elapsed: 0.269	Loglikelihood: -279741	(delta): 2.37046
22 (QN/Block) 	Elapsed: 0.269	Loglikelihood: -279732	(delta): 8.38069
23 (QN/Block) 	Elapsed: 0.268	Loglikelihood: -279726	(delta): 6.06449
24 (QN/Block) 	Elapsed: 0.265	Loglikelihood: -279724	(delta): 2.63655
25 (QN/Block) 	Elapsed: 0.265	Loglikelihood: -279723	(delta): 0.460304
26 (QN/Block) 	Elapsed: 0.269	Loglikelihood: -279723	(delta): 0.0550081
27 (QN/Block) 	Elapsed: 0.27	Loglikelihood: -279723	(delta): 0.0665089
28 (QN/Block) 	Elapsed: 0.27	Loglikelihood: -279723	(delta): 0.086265
29 (QN/Block) 	Elapsed: 0.268	Loglikelihood: -279723	(delta): 0.109374
30 (QN/Block) 	Elapsed: 0.27	Loglikelihood: -279723	(delta): 0.121797
31 (QN/Block) 	Elapsed: 0.27	Loglikelihood: -279723	(delta): 0.0943161
32 (QN/Block) 	Elapsed: 0.269	Loglikelihood: -279722	(delta): 0.0919713
33 (QN/Block) 	Elapsed: 0.27	Loglikelihood: -279722	(delta): 0.0916421
34 (QN/Block) 	Elapsed: 0.269	Loglikelihood: -279722	(delta): 0.0633119
35 (QN/Block) 	Elapsed: 0.266	Loglikelihood: -279722	(delta): 0.0249488
36 (QN/Block) 	Elapsed: 0.266	Loglikelihood: -279722	(delta): 0.00157141
37 (QN/Block) 	Elapsed: 0.265	Loglikelihood: -279722	(delta): 0.000435784
38 (QN/Block) 	Elapsed: 0.266	Loglikelihood: -279722	(delta): 2.07423e-06
Summary: 
Converged in 38 iterations (10.663 sec)
Loglikelihood: -279722.285149
Fst divergences between estimated populations: 
	Pop0	Pop1	Pop2	Pop3	Pop4	Pop5	
Pop0	
Pop1	0.411	
Pop2	0.411	0.034	
Pop3	0.304	0.369	0.367	
Pop4	0.468	0.438	0.441	0.436	
Pop5	0.292	0.355	0.353	0.103	0.441	
Pop6	0.394	0.366	0.366	0.321	0.418	0.322	
CV error (K=7): 0.17176
Writing output files.
