****                   ADMIXTURE Version 1.3.0                  ****
****                    Copyright 2008-2015                     ****
****           David Alexander, Suyash Shringarpure,            ****
****                John  Novembre, Ken Lange                   ****
****                                                            ****
****                 Please cite our paper!                     ****
****   Information at www.genetics.ucla.edu/software/admixture  ****

Cross-validation will be performed.  Folds=5.
Parallel execution requested.  Will use 10 threads.
Random seed: 1722617374
Point estimation method: Block relaxation algorithm
Convergence acceleration algorithm: QuasiNewton, 3 secant conditions
Point estimation will terminate when objective function delta < 0.0001
Estimation of standard errors disabled; will compute point estimates only.
Size of G: 364x3412
Performing five EM steps to prime main algorithm
1 (EM) 	Elapsed: 0.026	Loglikelihood: -437061	(delta): 1.39316e+06
2 (EM) 	Elapsed: 0.023	Loglikelihood: -419275	(delta): 17786.6
3 (EM) 	Elapsed: 0.023	Loglikelihood: -416132	(delta): 3142.37
4 (EM) 	Elapsed: 0.023	Loglikelihood: -414523	(delta): 1609.66
5 (EM) 	Elapsed: 0.023	Loglikelihood: -413640	(delta): 882.56
Initial loglikelihood: -413640
Starting main algorithm
1 (QN/Block) 	Elapsed: 0.06	Loglikelihood: -390957	(delta): 22682.8
2 (QN/Block) 	Elapsed: 0.056	Loglikelihood: -377579	(delta): 13378
3 (QN/Block) 	Elapsed: 0.059	Loglikelihood: -371595	(delta): 5984.29
4 (QN/Block) 	Elapsed: 0.062	Loglikelihood: -365764	(delta): 5831.27
5 (QN/Block) 	Elapsed: 0.07	Loglikelihood: -360772	(delta): 4991.44
6 (QN/Block) 	Elapsed: 0.06	Loglikelihood: -352498	(delta): 8274.75
7 (QN/Block) 	Elapsed: 0.063	Loglikelihood: -351470	(delta): 1028.1
8 (QN/Block) 	Elapsed: 0.058	Loglikelihood: -351186	(delta): 283.278
9 (QN/Block) 	Elapsed: 0.067	Loglikelihood: -351054	(delta): 132.215
10 (QN/Block) 	Elapsed: 0.068	Loglikelihood: -350997	(delta): 57.3483
11 (QN/Block) 	Elapsed: 0.061	Loglikelihood: -350979	(delta): 17.4242
12 (QN/Block) 	Elapsed: 0.06	Loglikelihood: -350979	(delta): 0.331013
13 (QN/Block) 	Elapsed: 0.057	Loglikelihood: -350979	(delta): 0.0223849
14 (QN/Block) 	Elapsed: 0.081	Loglikelihood: -350979	(delta): 0.000416765
15 (QN/Block) 	Elapsed: 0.069	Loglikelihood: -350979	(delta): 6.35826e-05
Summary: 
Converged in 15 iterations (1.101 sec)
Loglikelihood: -350978.902842
Fst divergences between estimated populations: 
	Pop0	
Pop0	
Pop1	0.247	
CV error (K=2): 0.22205
Writing output files.
