****                   ADMIXTURE Version 1.3.0                  ****
****                    Copyright 2008-2015                     ****
****           David Alexander, Suyash Shringarpure,            ****
****                John  Novembre, Ken Lange                   ****
****                                                            ****
****                 Please cite our paper!                     ****
****   Information at www.genetics.ucla.edu/software/admixture  ****

Cross-validation will be performed.  Folds=5.
Parallel execution requested.  Will use 10 threads.
Random seed: 1722617865
Point estimation method: Block relaxation algorithm
Convergence acceleration algorithm: QuasiNewton, 3 secant conditions
Point estimation will terminate when objective function delta < 0.0001
Estimation of standard errors disabled; will compute point estimates only.
Size of G: 364x3412
Performing five EM steps to prime main algorithm
1 (EM) 	Elapsed: 0.088	Loglikelihood: -452375	(delta): 1.15006e+06
2 (EM) 	Elapsed: 0.086	Loglikelihood: -422153	(delta): 30222
3 (EM) 	Elapsed: 0.085	Loglikelihood: -417425	(delta): 4728.29
4 (EM) 	Elapsed: 0.085	Loglikelihood: -415002	(delta): 2423.41
5 (EM) 	Elapsed: 0.086	Loglikelihood: -413161	(delta): 1840.36
Initial loglikelihood: -413161
Starting main algorithm
1 (QN/Block) 	Elapsed: 0.265	Loglikelihood: -335260	(delta): 77901.4
2 (QN/Block) 	Elapsed: 0.264	Loglikelihood: -306218	(delta): 29042.1
3 (QN/Block) 	Elapsed: 0.27	Loglikelihood: -296313	(delta): 9904.55
4 (QN/Block) 	Elapsed: 0.268	Loglikelihood: -284754	(delta): 11559.6
5 (QN/Block) 	Elapsed: 0.268	Loglikelihood: -280873	(delta): 3880.81
6 (QN/Block) 	Elapsed: 0.272	Loglikelihood: -279687	(delta): 1185.49
7 (QN/Block) 	Elapsed: 0.267	Loglikelihood: -279267	(delta): 420.145
8 (QN/Block) 	Elapsed: 0.269	Loglikelihood: -279080	(delta): 187.626
9 (QN/Block) 	Elapsed: 0.271	Loglikelihood: -278998	(delta): 81.5128
10 (QN/Block) 	Elapsed: 0.27	Loglikelihood: -278969	(delta): 29.3425
11 (QN/Block) 	Elapsed: 0.272	Loglikelihood: -278948	(delta): 20.8802
12 (QN/Block) 	Elapsed: 0.27	Loglikelihood: -278918	(delta): 29.8043
13 (QN/Block) 	Elapsed: 0.271	Loglikelihood: -278897	(delta): 20.937
14 (QN/Block) 	Elapsed: 0.271	Loglikelihood: -278884	(delta): 12.8356
15 (QN/Block) 	Elapsed: 0.271	Loglikelihood: -278878	(delta): 6.60366
16 (QN/Block) 	Elapsed: 0.271	Loglikelihood: -278873	(delta): 4.99904
17 (QN/Block) 	Elapsed: 0.27	Loglikelihood: -278868	(delta): 4.51524
18 (QN/Block) 	Elapsed: 0.271	Loglikelihood: -278864	(delta): 4.04894
19 (QN/Block) 	Elapsed: 0.272	Loglikelihood: -278862	(delta): 2.31236
20 (QN/Block) 	Elapsed: 0.273	Loglikelihood: -278859	(delta): 2.36177
21 (QN/Block) 	Elapsed: 0.272	Loglikelihood: -278857	(delta): 2.49485
22 (QN/Block) 	Elapsed: 0.273	Loglikelihood: -278854	(delta): 2.91944
23 (QN/Block) 	Elapsed: 0.271	Loglikelihood: -278852	(delta): 2.04002
24 (QN/Block) 	Elapsed: 0.269	Loglikelihood: -278851	(delta): 1.27246
25 (QN/Block) 	Elapsed: 0.272	Loglikelihood: -278850	(delta): 0.82623
26 (QN/Block) 	Elapsed: 0.272	Loglikelihood: -278850	(delta): 0.239202
27 (QN/Block) 	Elapsed: 0.271	Loglikelihood: -278849	(delta): 0.407121
28 (QN/Block) 	Elapsed: 0.273	Loglikelihood: -278849	(delta): 0.444733
29 (QN/Block) 	Elapsed: 0.272	Loglikelihood: -278848	(delta): 0.333451
30 (QN/Block) 	Elapsed: 0.271	Loglikelihood: -278848	(delta): 0.375274
31 (QN/Block) 	Elapsed: 0.272	Loglikelihood: -278848	(delta): 0.524757
32 (QN/Block) 	Elapsed: 0.272	Loglikelihood: -278847	(delta): 0.48715
33 (QN/Block) 	Elapsed: 0.269	Loglikelihood: -278847	(delta): 0.317705
34 (QN/Block) 	Elapsed: 0.268	Loglikelihood: -278847	(delta): 0.0865157
35 (QN/Block) 	Elapsed: 0.269	Loglikelihood: -278847	(delta): 0.0361327
36 (QN/Block) 	Elapsed: 0.27	Loglikelihood: -278847	(delta): 0.0262401
37 (QN/Block) 	Elapsed: 0.269	Loglikelihood: -278847	(delta): 0.00346528
38 (QN/Block) 	Elapsed: 0.268	Loglikelihood: -278847	(delta): 0.00936923
39 (QN/Block) 	Elapsed: 0.272	Loglikelihood: -278846	(delta): 0.220475
40 (QN/Block) 	Elapsed: 0.273	Loglikelihood: -278846	(delta): 0.253655
41 (QN/Block) 	Elapsed: 0.273	Loglikelihood: -278846	(delta): 0.111578
42 (QN/Block) 	Elapsed: 0.273	Loglikelihood: -278846	(delta): 0.102624
43 (QN/Block) 	Elapsed: 0.272	Loglikelihood: -278846	(delta): 0.226134
44 (QN/Block) 	Elapsed: 0.273	Loglikelihood: -278845	(delta): 0.403636
45 (QN/Block) 	Elapsed: 0.271	Loglikelihood: -278845	(delta): 0.186065
46 (QN/Block) 	Elapsed: 0.269	Loglikelihood: -278845	(delta): 0.0535625
47 (QN/Block) 	Elapsed: 0.272	Loglikelihood: -278845	(delta): 0.0275592
48 (QN/Block) 	Elapsed: 0.273	Loglikelihood: -278845	(delta): 0.0231493
49 (QN/Block) 	Elapsed: 0.273	Loglikelihood: -278845	(delta): 0.0304204
50 (QN/Block) 	Elapsed: 0.273	Loglikelihood: -278845	(delta): 0.0383882
51 (QN/Block) 	Elapsed: 0.273	Loglikelihood: -278845	(delta): 0.0452769
52 (QN/Block) 	Elapsed: 0.272	Loglikelihood: -278845	(delta): 0.049806
53 (QN/Block) 	Elapsed: 0.273	Loglikelihood: -278845	(delta): 0.0517788
54 (QN/Block) 	Elapsed: 0.273	Loglikelihood: -278845	(delta): 0.0301485
55 (QN/Block) 	Elapsed: 0.272	Loglikelihood: -278845	(delta): 0.0194025
56 (QN/Block) 	Elapsed: 0.272	Loglikelihood: -278845	(delta): 0.0139267
57 (QN/Block) 	Elapsed: 0.273	Loglikelihood: -278845	(delta): 0.0189257
58 (QN/Block) 	Elapsed: 0.272	Loglikelihood: -278845	(delta): 0.0294334
59 (QN/Block) 	Elapsed: 0.273	Loglikelihood: -278845	(delta): 0.0492934
60 (QN/Block) 	Elapsed: 0.273	Loglikelihood: -278845	(delta): 0.0890538
61 (QN/Block) 	Elapsed: 0.273	Loglikelihood: -278844	(delta): 0.108879
62 (QN/Block) 	Elapsed: 0.272	Loglikelihood: -278844	(delta): 0.148577
63 (QN/Block) 	Elapsed: 0.268	Loglikelihood: -278844	(delta): 0.0656698
64 (QN/Block) 	Elapsed: 0.271	Loglikelihood: -278844	(delta): 0.154538
65 (QN/Block) 	Elapsed: 0.268	Loglikelihood: -278844	(delta): 0.0286108
66 (QN/Block) 	Elapsed: 0.273	Loglikelihood: -278844	(delta): 0.00699431
67 (QN/Block) 	Elapsed: 0.271	Loglikelihood: -278844	(delta): 0.00739383
68 (QN/Block) 	Elapsed: 0.271	Loglikelihood: -278844	(delta): 0.00951402
69 (QN/Block) 	Elapsed: 0.272	Loglikelihood: -278844	(delta): 0.0111184
70 (QN/Block) 	Elapsed: 0.272	Loglikelihood: -278844	(delta): 0.00898132
71 (QN/Block) 	Elapsed: 0.273	Loglikelihood: -278844	(delta): 0.0072681
72 (QN/Block) 	Elapsed: 0.273	Loglikelihood: -278844	(delta): 0.00942159
73 (QN/Block) 	Elapsed: 0.272	Loglikelihood: -278844	(delta): 0.0170374
74 (QN/Block) 	Elapsed: 0.273	Loglikelihood: -278844	(delta): 0.0380576
75 (QN/Block) 	Elapsed: 0.272	Loglikelihood: -278844	(delta): 0.0825313
76 (QN/Block) 	Elapsed: 0.273	Loglikelihood: -278844	(delta): 0.123281
77 (QN/Block) 	Elapsed: 0.272	Loglikelihood: -278844	(delta): 0.0776105
78 (QN/Block) 	Elapsed: 0.271	Loglikelihood: -278844	(delta): 0.0179615
79 (QN/Block) 	Elapsed: 0.269	Loglikelihood: -278844	(delta): 0.0222675
80 (QN/Block) 	Elapsed: 0.272	Loglikelihood: -278843	(delta): 0.13365
81 (QN/Block) 	Elapsed: 0.272	Loglikelihood: -278843	(delta): 0.12498
82 (QN/Block) 	Elapsed: 0.27	Loglikelihood: -278843	(delta): 0.211214
83 (QN/Block) 	Elapsed: 0.272	Loglikelihood: -278843	(delta): 0.0680699
84 (QN/Block) 	Elapsed: 0.272	Loglikelihood: -278843	(delta): 0.0188357
85 (QN/Block) 	Elapsed: 0.272	Loglikelihood: -278843	(delta): 0.0280981
86 (QN/Block) 	Elapsed: 0.268	Loglikelihood: -278843	(delta): 0.0928315
87 (QN/Block) 	Elapsed: 0.271	Loglikelihood: -278843	(delta): 0.0621878
88 (QN/Block) 	Elapsed: 0.273	Loglikelihood: -278843	(delta): 0.0225066
89 (QN/Block) 	Elapsed: 0.267	Loglikelihood: -278843	(delta): 0.0123159
90 (QN/Block) 	Elapsed: 0.27	Loglikelihood: -278843	(delta): 0.0448937
91 (QN/Block) 	Elapsed: 0.272	Loglikelihood: -278843	(delta): 0.0865478
92 (QN/Block) 	Elapsed: 0.272	Loglikelihood: -278842	(delta): 0.188125
93 (QN/Block) 	Elapsed: 0.272	Loglikelihood: -278842	(delta): 0.23508
94 (QN/Block) 	Elapsed: 0.272	Loglikelihood: -278842	(delta): 0.154904
95 (QN/Block) 	Elapsed: 0.269	Loglikelihood: -278842	(delta): 0.0300023
96 (QN/Block) 	Elapsed: 0.268	Loglikelihood: -278842	(delta): 0.00455874
97 (QN/Block) 	Elapsed: 0.268	Loglikelihood: -278842	(delta): 0.000704447
98 (QN/Block) 	Elapsed: 0.268	Loglikelihood: -278842	(delta): 0.000325874
99 (QN/Block) 	Elapsed: 0.268	Loglikelihood: -278842	(delta): 5.15038e-05
Summary: 
Converged in 99 iterations (27.441 sec)
Loglikelihood: -278842.042333
Fst divergences between estimated populations: 
	Pop0	Pop1	Pop2	Pop3	Pop4	Pop5	
Pop0	
Pop1	0.441	
Pop2	0.418	0.323	
Pop3	0.440	0.117	0.327	
Pop4	0.444	0.026	0.326	0.118	
Pop5	0.436	0.353	0.363	0.371	0.353	
Pop6	0.468	0.297	0.395	0.311	0.295	0.408	
CV error (K=7): 0.17276
Writing output files.
