****                   ADMIXTURE Version 1.3.0                  ****
****                    Copyright 2008-2015                     ****
****           David Alexander, Suyash Shringarpure,            ****
****                John  Novembre, Ken Lange                   ****
****                                                            ****
****                 Please cite our paper!                     ****
****   Information at www.genetics.ucla.edu/software/admixture  ****

Cross-validation will be performed.  Folds=5.
Parallel execution requested.  Will use 10 threads.
Random seed: 1722617452
Point estimation method: Block relaxation algorithm
Convergence acceleration algorithm: QuasiNewton, 3 secant conditions
Point estimation will terminate when objective function delta < 0.0001
Estimation of standard errors disabled; will compute point estimates only.
Size of G: 364x3412
Performing five EM steps to prime main algorithm
1 (EM) 	Elapsed: 0.056	Loglikelihood: -449293	(delta): 1.20339e+06
2 (EM) 	Elapsed: 0.054	Loglikelihood: -421537	(delta): 27755.3
3 (EM) 	Elapsed: 0.054	Loglikelihood: -417360	(delta): 4177.56
4 (EM) 	Elapsed: 0.055	Loglikelihood: -414902	(delta): 2457.52
5 (EM) 	Elapsed: 0.054	Loglikelihood: -413040	(delta): 1862.63
Initial loglikelihood: -413040
Starting main algorithm
1 (QN/Block) 	Elapsed: 0.163	Loglikelihood: -339079	(delta): 73960.9
2 (QN/Block) 	Elapsed: 0.16	Loglikelihood: -316765	(delta): 22313.6
3 (QN/Block) 	Elapsed: 0.162	Loglikelihood: -308205	(delta): 8560.33
4 (QN/Block) 	Elapsed: 0.161	Loglikelihood: -303085	(delta): 5119.8
5 (QN/Block) 	Elapsed: 0.162	Loglikelihood: -301430	(delta): 1654.47
6 (QN/Block) 	Elapsed: 0.161	Loglikelihood: -301100	(delta): 330.579
7 (QN/Block) 	Elapsed: 0.16	Loglikelihood: -301058	(delta): 42.0265
8 (QN/Block) 	Elapsed: 0.163	Loglikelihood: -301050	(delta): 7.7072
9 (QN/Block) 	Elapsed: 0.162	Loglikelihood: -301048	(delta): 2.38246
10 (QN/Block) 	Elapsed: 0.162	Loglikelihood: -301047	(delta): 0.480703
11 (QN/Block) 	Elapsed: 0.165	Loglikelihood: -301047	(delta): 0.239169
12 (QN/Block) 	Elapsed: 0.161	Loglikelihood: -301047	(delta): 0.25368
13 (QN/Block) 	Elapsed: 0.162	Loglikelihood: -301047	(delta): 0.0688456
14 (QN/Block) 	Elapsed: 0.162	Loglikelihood: -301047	(delta): 0.00334985
15 (QN/Block) 	Elapsed: 0.161	Loglikelihood: -301047	(delta): 0.0011351
16 (QN/Block) 	Elapsed: 0.161	Loglikelihood: -301047	(delta): 0.00112103
17 (QN/Block) 	Elapsed: 0.162	Loglikelihood: -301047	(delta): 0.00059779
18 (QN/Block) 	Elapsed: 0.161	Loglikelihood: -301047	(delta): 0.000323722
19 (QN/Block) 	Elapsed: 0.161	Loglikelihood: -301047	(delta): 0.000512068
20 (QN/Block) 	Elapsed: 0.165	Loglikelihood: -301047	(delta): 1.85833e-05
Summary: 
Converged in 20 iterations (3.555 sec)
Loglikelihood: -301046.731965
Fst divergences between estimated populations: 
	Pop0	Pop1	Pop2	Pop3	
Pop0	
Pop1	0.362	
Pop2	0.320	0.362	
Pop3	0.321	0.348	0.103	
Pop4	0.362	0.384	0.379	0.381	
CV error (K=5): 0.18609
Writing output files.
