****                   ADMIXTURE Version 1.3.0                  ****
****                    Copyright 2008-2015                     ****
****           David Alexander, Suyash Shringarpure,            ****
****                John  Novembre, Ken Lange                   ****
****                                                            ****
****                 Please cite our paper!                     ****
****   Information at www.genetics.ucla.edu/software/admixture  ****

Cross-validation will be performed.  Folds=5.
Parallel execution requested.  Will use 10 threads.
Random seed: 1722617561
Point estimation method: Block relaxation algorithm
Convergence acceleration algorithm: QuasiNewton, 3 secant conditions
Point estimation will terminate when objective function delta < 0.0001
Estimation of standard errors disabled; will compute point estimates only.
Size of G: 364x3412
Performing five EM steps to prime main algorithm
1 (EM) 	Elapsed: 0.054	Loglikelihood: -450293	(delta): 1.18634e+06
2 (EM) 	Elapsed: 0.05	Loglikelihood: -421655	(delta): 28638
3 (EM) 	Elapsed: 0.05	Loglikelihood: -416968	(delta): 4687.15
4 (EM) 	Elapsed: 0.051	Loglikelihood: -414235	(delta): 2733.22
5 (EM) 	Elapsed: 0.05	Loglikelihood: -412187	(delta): 2047.41
Initial loglikelihood: -412187
Starting main algorithm
1 (QN/Block) 	Elapsed: 0.133	Loglikelihood: -343799	(delta): 68388.6
2 (QN/Block) 	Elapsed: 0.13	Loglikelihood: -320359	(delta): 23439.4
3 (QN/Block) 	Elapsed: 0.134	Loglikelihood: -312842	(delta): 7517.53
4 (QN/Block) 	Elapsed: 0.134	Loglikelihood: -308678	(delta): 4163.73
5 (QN/Block) 	Elapsed: 0.134	Loglikelihood: -307391	(delta): 1287.39
6 (QN/Block) 	Elapsed: 0.135	Loglikelihood: -307084	(delta): 306.586
7 (QN/Block) 	Elapsed: 0.134	Loglikelihood: -307023	(delta): 61.1252
8 (QN/Block) 	Elapsed: 0.133	Loglikelihood: -306984	(delta): 39.0217
9 (QN/Block) 	Elapsed: 0.136	Loglikelihood: -306260	(delta): 723.575
10 (QN/Block) 	Elapsed: 0.136	Loglikelihood: -296843	(delta): 9417.07
11 (QN/Block) 	Elapsed: 0.134	Loglikelihood: -294807	(delta): 2036.51
12 (QN/Block) 	Elapsed: 0.135	Loglikelihood: -294182	(delta): 624.505
13 (QN/Block) 	Elapsed: 0.137	Loglikelihood: -293831	(delta): 351.356
14 (QN/Block) 	Elapsed: 0.136	Loglikelihood: -293698	(delta): 132.658
15 (QN/Block) 	Elapsed: 0.136	Loglikelihood: -293676	(delta): 22.2033
16 (QN/Block) 	Elapsed: 0.137	Loglikelihood: -293669	(delta): 7.14769
17 (QN/Block) 	Elapsed: 0.137	Loglikelihood: -293664	(delta): 5.16523
18 (QN/Block) 	Elapsed: 0.137	Loglikelihood: -293658	(delta): 5.21178
19 (QN/Block) 	Elapsed: 0.136	Loglikelihood: -293653	(delta): 5.62517
20 (QN/Block) 	Elapsed: 0.135	Loglikelihood: -293649	(delta): 4.0943
21 (QN/Block) 	Elapsed: 0.136	Loglikelihood: -293647	(delta): 1.21269
22 (QN/Block) 	Elapsed: 0.134	Loglikelihood: -293647	(delta): 0.229599
23 (QN/Block) 	Elapsed: 0.134	Loglikelihood: -293647	(delta): 0.0780822
24 (QN/Block) 	Elapsed: 0.135	Loglikelihood: -293647	(delta): 0.0192908
25 (QN/Block) 	Elapsed: 0.134	Loglikelihood: -293647	(delta): 0.00606283
26 (QN/Block) 	Elapsed: 0.133	Loglikelihood: -293647	(delta): 0.00410132
27 (QN/Block) 	Elapsed: 0.134	Loglikelihood: -293647	(delta): 0.00357556
28 (QN/Block) 	Elapsed: 0.133	Loglikelihood: -293647	(delta): 0.0040003
29 (QN/Block) 	Elapsed: 0.136	Loglikelihood: -293647	(delta): 0.000342973
30 (QN/Block) 	Elapsed: 0.134	Loglikelihood: -293647	(delta): 3.4724e-05
Summary: 
Converged in 30 iterations (4.356 sec)
Loglikelihood: -293647.096344
Fst divergences between estimated populations: 
	Pop0	Pop1	Pop2	Pop3	
Pop0	
Pop1	0.292	
Pop2	0.398	0.425	
Pop3	0.101	0.302	0.394	
Pop4	0.348	0.407	0.393	0.362	
CV error (K=5): 0.17887
Writing output files.
