****                   ADMIXTURE Version 1.3.0                  ****
****                    Copyright 2008-2015                     ****
****           David Alexander, Suyash Shringarpure,            ****
****                John  Novembre, Ken Lange                   ****
****                                                            ****
****                 Please cite our paper!                     ****
****   Information at www.genetics.ucla.edu/software/admixture  ****

Cross-validation will be performed.  Folds=5.
Parallel execution requested.  Will use 10 threads.
Random seed: 1722617362
Point estimation method: Block relaxation algorithm
Convergence acceleration algorithm: QuasiNewton, 3 secant conditions
Point estimation will terminate when objective function delta < 0.0001
Estimation of standard errors disabled; will compute point estimates only.
Size of G: 364x3412
Performing five EM steps to prime main algorithm
1 (EM) 	Elapsed: 0.068	Loglikelihood: -450486	(delta): 1.16829e+06
2 (EM) 	Elapsed: 0.065	Loglikelihood: -421128	(delta): 29358.8
3 (EM) 	Elapsed: 0.064	Loglikelihood: -416655	(delta): 4472.96
4 (EM) 	Elapsed: 0.065	Loglikelihood: -414066	(delta): 2588.92
5 (EM) 	Elapsed: 0.065	Loglikelihood: -412076	(delta): 1989.35
Initial loglikelihood: -412076
Starting main algorithm
1 (QN/Block) 	Elapsed: 0.193	Loglikelihood: -338810	(delta): 73266.6
2 (QN/Block) 	Elapsed: 0.193	Loglikelihood: -304014	(delta): 34796
3 (QN/Block) 	Elapsed: 0.2	Loglikelihood: -292604	(delta): 11410.1
4 (QN/Block) 	Elapsed: 0.199	Loglikelihood: -285561	(delta): 7042.52
5 (QN/Block) 	Elapsed: 0.198	Loglikelihood: -282444	(delta): 3117.49
6 (QN/Block) 	Elapsed: 0.201	Loglikelihood: -281394	(delta): 1049.8
7 (QN/Block) 	Elapsed: 0.2	Loglikelihood: -281067	(delta): 327.164
8 (QN/Block) 	Elapsed: 0.201	Loglikelihood: -280928	(delta): 138.508
9 (QN/Block) 	Elapsed: 0.199	Loglikelihood: -280849	(delta): 79.5491
10 (QN/Block) 	Elapsed: 0.202	Loglikelihood: -280828	(delta): 20.6307
11 (QN/Block) 	Elapsed: 0.2	Loglikelihood: -280824	(delta): 4.38899
12 (QN/Block) 	Elapsed: 0.204	Loglikelihood: -280822	(delta): 1.39819
13 (QN/Block) 	Elapsed: 0.199	Loglikelihood: -280822	(delta): 0.538026
14 (QN/Block) 	Elapsed: 0.2	Loglikelihood: -280822	(delta): 0.105202
15 (QN/Block) 	Elapsed: 0.199	Loglikelihood: -280822	(delta): 0.025662
16 (QN/Block) 	Elapsed: 0.199	Loglikelihood: -280822	(delta): 0.0100776
17 (QN/Block) 	Elapsed: 0.2	Loglikelihood: -280822	(delta): 0.00742191
18 (QN/Block) 	Elapsed: 0.199	Loglikelihood: -280822	(delta): 0.00455877
19 (QN/Block) 	Elapsed: 0.201	Loglikelihood: -280822	(delta): 0.00197685
20 (QN/Block) 	Elapsed: 0.204	Loglikelihood: -280822	(delta): 0.00066035
21 (QN/Block) 	Elapsed: 0.199	Loglikelihood: -280822	(delta): 1.55036e-06
Summary: 
Converged in 21 iterations (4.582 sec)
Loglikelihood: -280821.629926
Fst divergences between estimated populations: 
	Pop0	Pop1	Pop2	Pop3	Pop4	
Pop0	
Pop1	0.436	
Pop2	0.321	0.418	
Pop3	0.364	0.436	0.362	
Pop4	0.103	0.441	0.322	0.350	
Pop5	0.304	0.468	0.394	0.407	0.292	
CV error (K=6): 0.16988
Writing output files.
