****                   ADMIXTURE Version 1.3.0                  ****
****                    Copyright 2008-2015                     ****
****           David Alexander, Suyash Shringarpure,            ****
****                John  Novembre, Ken Lange                   ****
****                                                            ****
****                 Please cite our paper!                     ****
****   Information at www.genetics.ucla.edu/software/admixture  ****

Cross-validation will be performed.  Folds=5.
Parallel execution requested.  Will use 10 threads.
Random seed: 1722617423
Point estimation method: Block relaxation algorithm
Convergence acceleration algorithm: QuasiNewton, 3 secant conditions
Point estimation will terminate when objective function delta < 0.0001
Estimation of standard errors disabled; will compute point estimates only.
Size of G: 364x3412
Performing five EM steps to prime main algorithm
1 (EM) 	Elapsed: 0.027	Loglikelihood: -443073	(delta): 1.31067e+06
2 (EM) 	Elapsed: 0.026	Loglikelihood: -420777	(delta): 22295.9
3 (EM) 	Elapsed: 0.026	Loglikelihood: -416993	(delta): 3784.11
4 (EM) 	Elapsed: 0.026	Loglikelihood: -414874	(delta): 2118.52
5 (EM) 	Elapsed: 0.026	Loglikelihood: -413487	(delta): 1387.36
Initial loglikelihood: -413487
Starting main algorithm
1 (QN/Block) 	Elapsed: 0.123	Loglikelihood: -362902	(delta): 50584.3
2 (QN/Block) 	Elapsed: 0.112	Loglikelihood: -348198	(delta): 14704.3
3 (QN/Block) 	Elapsed: 0.112	Loglikelihood: -337739	(delta): 10459.1
4 (QN/Block) 	Elapsed: 0.108	Loglikelihood: -330030	(delta): 7708.63
5 (QN/Block) 	Elapsed: 0.118	Loglikelihood: -327869	(delta): 2161.04
6 (QN/Block) 	Elapsed: 0.119	Loglikelihood: -327298	(delta): 571.852
7 (QN/Block) 	Elapsed: 0.101	Loglikelihood: -327164	(delta): 133.66
8 (QN/Block) 	Elapsed: 0.112	Loglikelihood: -327145	(delta): 18.5592
9 (QN/Block) 	Elapsed: 0.113	Loglikelihood: -327144	(delta): 1.46857
10 (QN/Block) 	Elapsed: 0.108	Loglikelihood: -327144	(delta): 0.085695
11 (QN/Block) 	Elapsed: 0.121	Loglikelihood: -327144	(delta): 0.0369643
12 (QN/Block) 	Elapsed: 0.116	Loglikelihood: -327144	(delta): 0.0128262
13 (QN/Block) 	Elapsed: 0.107	Loglikelihood: -327144	(delta): 0.00391242
14 (QN/Block) 	Elapsed: 0.104	Loglikelihood: -327144	(delta): 0.00137158
15 (QN/Block) 	Elapsed: 0.102	Loglikelihood: -327144	(delta): 0.000463574
16 (QN/Block) 	Elapsed: 0.108	Loglikelihood: -327144	(delta): 0.000558254
17 (QN/Block) 	Elapsed: 0.103	Loglikelihood: -327144	(delta): 2.66949e-05
Summary: 
Converged in 17 iterations (2.052 sec)
Loglikelihood: -327143.697354
Fst divergences between estimated populations: 
	Pop0	Pop1	
Pop0	
Pop1	0.279	
Pop2	0.264	0.320	
CV error (K=3): 0.20385
Writing output files.
