****                   ADMIXTURE Version 1.3.0                  ****
****                    Copyright 2008-2015                     ****
****           David Alexander, Suyash Shringarpure,            ****
****                John  Novembre, Ken Lange                   ****
****                                                            ****
****                 Please cite our paper!                     ****
****   Information at www.genetics.ucla.edu/software/admixture  ****

Cross-validation will be performed.  Folds=5.
Parallel execution requested.  Will use 10 threads.
Random seed: 1722617412
Point estimation method: Block relaxation algorithm
Convergence acceleration algorithm: QuasiNewton, 3 secant conditions
Point estimation will terminate when objective function delta < 0.0001
Estimation of standard errors disabled; will compute point estimates only.
Size of G: 364x3412
Performing five EM steps to prime main algorithm
1 (EM) 	Elapsed: 0.064	Loglikelihood: -453511	(delta): 1.15261e+06
2 (EM) 	Elapsed: 0.059	Loglikelihood: -421517	(delta): 31994.3
3 (EM) 	Elapsed: 0.061	Loglikelihood: -416177	(delta): 5340.08
4 (EM) 	Elapsed: 0.06	Loglikelihood: -413025	(delta): 3151.83
5 (EM) 	Elapsed: 0.059	Loglikelihood: -410327	(delta): 2697.93
Initial loglikelihood: -410327
Starting main algorithm
1 (QN/Block) 	Elapsed: 0.188	Loglikelihood: -331701	(delta): 78626
2 (QN/Block) 	Elapsed: 0.187	Loglikelihood: -306473	(delta): 25228.2
3 (QN/Block) 	Elapsed: 0.191	Loglikelihood: -296666	(delta): 9806.7
4 (QN/Block) 	Elapsed: 0.19	Loglikelihood: -287617	(delta): 9048.76
5 (QN/Block) 	Elapsed: 0.192	Loglikelihood: -282590	(delta): 5027.4
6 (QN/Block) 	Elapsed: 0.189	Loglikelihood: -281087	(delta): 1503.42
7 (QN/Block) 	Elapsed: 0.19	Loglikelihood: -280874	(delta): 212.29
8 (QN/Block) 	Elapsed: 0.19	Loglikelihood: -280830	(delta): 44.8103
9 (QN/Block) 	Elapsed: 0.191	Loglikelihood: -280823	(delta): 7.01032
10 (QN/Block) 	Elapsed: 0.192	Loglikelihood: -280822	(delta): 0.496101
11 (QN/Block) 	Elapsed: 0.193	Loglikelihood: -280822	(delta): 0.116355
12 (QN/Block) 	Elapsed: 0.19	Loglikelihood: -280822	(delta): 0.077549
13 (QN/Block) 	Elapsed: 0.191	Loglikelihood: -280822	(delta): 0.0704671
14 (QN/Block) 	Elapsed: 0.191	Loglikelihood: -280822	(delta): 0.0211307
15 (QN/Block) 	Elapsed: 0.192	Loglikelihood: -280822	(delta): 0.00972439
16 (QN/Block) 	Elapsed: 0.191	Loglikelihood: -280822	(delta): 0.00476379
17 (QN/Block) 	Elapsed: 0.192	Loglikelihood: -280822	(delta): 0.00318163
18 (QN/Block) 	Elapsed: 0.191	Loglikelihood: -280822	(delta): 0.00183916
19 (QN/Block) 	Elapsed: 0.19	Loglikelihood: -280822	(delta): 0.00222974
20 (QN/Block) 	Elapsed: 0.193	Loglikelihood: -280822	(delta): 0.000176742
21 (QN/Block) 	Elapsed: 0.19	Loglikelihood: -280822	(delta): 5.20732e-06
Summary: 
Converged in 21 iterations (4.356 sec)
Loglikelihood: -280821.709299
Fst divergences between estimated populations: 
	Pop0	Pop1	Pop2	Pop3	Pop4	
Pop0	
Pop1	0.436	
Pop2	0.441	0.350	
Pop3	0.468	0.407	0.292	
Pop4	0.418	0.362	0.322	0.394	
Pop5	0.436	0.364	0.103	0.304	0.321	
CV error (K=6): 0.16985
Writing output files.
