****                   ADMIXTURE Version 1.3.0                  ****
****                    Copyright 2008-2015                     ****
****           David Alexander, Suyash Shringarpure,            ****
****                John  Novembre, Ken Lange                   ****
****                                                            ****
****                 Please cite our paper!                     ****
****   Information at www.genetics.ucla.edu/software/admixture  ****

Cross-validation will be performed.  Folds=5.
Parallel execution requested.  Will use 10 threads.
Random seed: 1722617419
Point estimation method: Block relaxation algorithm
Convergence acceleration algorithm: QuasiNewton, 3 secant conditions
Point estimation will terminate when objective function delta < 0.0001
Estimation of standard errors disabled; will compute point estimates only.
Size of G: 364x3412
Performing five EM steps to prime main algorithm
1 (EM) 	Elapsed: 0.057	Loglikelihood: -453353	(delta): 1.16937e+06
2 (EM) 	Elapsed: 0.054	Loglikelihood: -422376	(delta): 30977.2
3 (EM) 	Elapsed: 0.053	Loglikelihood: -417421	(delta): 4955.02
4 (EM) 	Elapsed: 0.053	Loglikelihood: -414732	(delta): 2688.5
5 (EM) 	Elapsed: 0.053	Loglikelihood: -412740	(delta): 1992.57
Initial loglikelihood: -412740
Starting main algorithm
1 (QN/Block) 	Elapsed: 0.169	Loglikelihood: -336493	(delta): 76246.4
2 (QN/Block) 	Elapsed: 0.175	Loglikelihood: -302878	(delta): 33615.3
3 (QN/Block) 	Elapsed: 0.173	Loglikelihood: -289543	(delta): 13334.9
4 (QN/Block) 	Elapsed: 0.171	Loglikelihood: -283340	(delta): 6203.2
5 (QN/Block) 	Elapsed: 0.177	Loglikelihood: -281392	(delta): 1947.96
6 (QN/Block) 	Elapsed: 0.174	Loglikelihood: -280932	(delta): 459.941
7 (QN/Block) 	Elapsed: 0.174	Loglikelihood: -280838	(delta): 94.0204
8 (QN/Block) 	Elapsed: 0.179	Loglikelihood: -280826	(delta): 12.0261
9 (QN/Block) 	Elapsed: 0.188	Loglikelihood: -280822	(delta): 3.64209
10 (QN/Block) 	Elapsed: 0.176	Loglikelihood: -280822	(delta): 0.361411
11 (QN/Block) 	Elapsed: 0.19	Loglikelihood: -280822	(delta): 0.059719
12 (QN/Block) 	Elapsed: 0.18	Loglikelihood: -280822	(delta): 0.0294509
13 (QN/Block) 	Elapsed: 0.174	Loglikelihood: -280822	(delta): 0.0072786
14 (QN/Block) 	Elapsed: 0.195	Loglikelihood: -280822	(delta): 0.00465206
15 (QN/Block) 	Elapsed: 0.188	Loglikelihood: -280822	(delta): 0.0027582
16 (QN/Block) 	Elapsed: 0.194	Loglikelihood: -280822	(delta): 0.000439112
17 (QN/Block) 	Elapsed: 0.171	Loglikelihood: -280822	(delta): 1.19919e-06
Summary: 
Converged in 17 iterations (3.363 sec)
Loglikelihood: -280821.715051
Fst divergences between estimated populations: 
	Pop0	Pop1	Pop2	Pop3	Pop4	
Pop0	
Pop1	0.321	
Pop2	0.103	0.322	
Pop3	0.436	0.418	0.441	
Pop4	0.304	0.394	0.292	0.468	
Pop5	0.364	0.362	0.350	0.436	0.407	
CV error (K=6): 0.16997
Writing output files.
