****                   ADMIXTURE Version 1.3.0                  ****
****                    Copyright 2008-2015                     ****
****           David Alexander, Suyash Shringarpure,            ****
****                John  Novembre, Ken Lange                   ****
****                                                            ****
****                 Please cite our paper!                     ****
****   Information at www.genetics.ucla.edu/software/admixture  ****

Cross-validation will be performed.  Folds=5.
Parallel execution requested.  Will use 10 threads.
Random seed: 1722617394
Point estimation method: Block relaxation algorithm
Convergence acceleration algorithm: QuasiNewton, 3 secant conditions
Point estimation will terminate when objective function delta < 0.0001
Estimation of standard errors disabled; will compute point estimates only.
Size of G: 364x3412
Performing five EM steps to prime main algorithm
1 (EM) 	Elapsed: 0.067	Loglikelihood: -452232	(delta): 1.18875e+06
2 (EM) 	Elapsed: 0.065	Loglikelihood: -422442	(delta): 29789
3 (EM) 	Elapsed: 0.064	Loglikelihood: -417874	(delta): 4568.03
4 (EM) 	Elapsed: 0.064	Loglikelihood: -415387	(delta): 2487.74
5 (EM) 	Elapsed: 0.064	Loglikelihood: -413548	(delta): 1838.92
Initial loglikelihood: -413548
Starting main algorithm
1 (QN/Block) 	Elapsed: 0.177	Loglikelihood: -349002	(delta): 64545.5
2 (QN/Block) 	Elapsed: 0.175	Loglikelihood: -328357	(delta): 20644.8
3 (QN/Block) 	Elapsed: 0.179	Loglikelihood: -317874	(delta): 10484
4 (QN/Block) 	Elapsed: 0.182	Loglikelihood: -308423	(delta): 9450.27
5 (QN/Block) 	Elapsed: 0.176	Loglikelihood: -303483	(delta): 4940.58
6 (QN/Block) 	Elapsed: 0.18	Loglikelihood: -302112	(delta): 1370.71
7 (QN/Block) 	Elapsed: 0.178	Loglikelihood: -301453	(delta): 658.497
8 (QN/Block) 	Elapsed: 0.176	Loglikelihood: -301126	(delta): 327.047
9 (QN/Block) 	Elapsed: 0.184	Loglikelihood: -301057	(delta): 69.2306
10 (QN/Block) 	Elapsed: 0.177	Loglikelihood: -301048	(delta): 8.80713
11 (QN/Block) 	Elapsed: 0.178	Loglikelihood: -301047	(delta): 1.23045
12 (QN/Block) 	Elapsed: 0.182	Loglikelihood: -301047	(delta): 0.296052
13 (QN/Block) 	Elapsed: 0.177	Loglikelihood: -301047	(delta): 0.132744
14 (QN/Block) 	Elapsed: 0.19	Loglikelihood: -301047	(delta): 0.0505829
15 (QN/Block) 	Elapsed: 0.186	Loglikelihood: -301047	(delta): 0.0302402
16 (QN/Block) 	Elapsed: 0.178	Loglikelihood: -301047	(delta): 0.00872865
17 (QN/Block) 	Elapsed: 0.178	Loglikelihood: -301047	(delta): 0.00338576
18 (QN/Block) 	Elapsed: 0.189	Loglikelihood: -301047	(delta): 0.000575279
19 (QN/Block) 	Elapsed: 0.179	Loglikelihood: -301047	(delta): 4.76689e-05
Summary: 
Converged in 19 iterations (3.807 sec)
Loglikelihood: -301046.623933
Fst divergences between estimated populations: 
	Pop0	Pop1	Pop2	Pop3	
Pop0	
Pop1	0.362	
Pop2	0.103	0.348	
Pop3	0.379	0.384	0.381	
Pop4	0.320	0.362	0.321	0.361	
CV error (K=5): 0.18590
Writing output files.
