****                   ADMIXTURE Version 1.3.0                  ****
****                    Copyright 2008-2015                     ****
****           David Alexander, Suyash Shringarpure,            ****
****                John  Novembre, Ken Lange                   ****
****                                                            ****
****                 Please cite our paper!                     ****
****   Information at www.genetics.ucla.edu/software/admixture  ****

Cross-validation will be performed.  Folds=5.
Parallel execution requested.  Will use 10 threads.
Random seed: 1722617409
Point estimation method: Block relaxation algorithm
Convergence acceleration algorithm: QuasiNewton, 3 secant conditions
Point estimation will terminate when objective function delta < 0.0001
Estimation of standard errors disabled; will compute point estimates only.
Size of G: 364x3412
Performing five EM steps to prime main algorithm
1 (EM) 	Elapsed: 0.051	Loglikelihood: -448645	(delta): 1.22167e+06
2 (EM) 	Elapsed: 0.047	Loglikelihood: -421148	(delta): 27497
3 (EM) 	Elapsed: 0.047	Loglikelihood: -416712	(delta): 4436.01
4 (EM) 	Elapsed: 0.047	Loglikelihood: -414104	(delta): 2607.66
5 (EM) 	Elapsed: 0.047	Loglikelihood: -412123	(delta): 1981.71
Initial loglikelihood: -412123
Starting main algorithm
1 (QN/Block) 	Elapsed: 0.131	Loglikelihood: -354298	(delta): 57824.4
2 (QN/Block) 	Elapsed: 0.133	Loglikelihood: -333379	(delta): 20919.5
3 (QN/Block) 	Elapsed: 0.138	Loglikelihood: -325710	(delta): 7668.53
4 (QN/Block) 	Elapsed: 0.137	Loglikelihood: -321806	(delta): 3904.65
5 (QN/Block) 	Elapsed: 0.138	Loglikelihood: -320791	(delta): 1015.07
6 (QN/Block) 	Elapsed: 0.138	Loglikelihood: -320603	(delta): 187.176
7 (QN/Block) 	Elapsed: 0.137	Loglikelihood: -320583	(delta): 20.692
8 (QN/Block) 	Elapsed: 0.141	Loglikelihood: -320572	(delta): 10.7735
9 (QN/Block) 	Elapsed: 0.137	Loglikelihood: -320569	(delta): 3.07828
10 (QN/Block) 	Elapsed: 0.152	Loglikelihood: -320568	(delta): 0.602054
11 (QN/Block) 	Elapsed: 0.143	Loglikelihood: -320568	(delta): 0.0673233
12 (QN/Block) 	Elapsed: 0.136	Loglikelihood: -320568	(delta): 0.0541435
13 (QN/Block) 	Elapsed: 0.137	Loglikelihood: -320568	(delta): 0.00323665
14 (QN/Block) 	Elapsed: 0.139	Loglikelihood: -320568	(delta): 0.000485404
15 (QN/Block) 	Elapsed: 0.143	Loglikelihood: -320568	(delta): 0.000811451
16 (QN/Block) 	Elapsed: 0.139	Loglikelihood: -320568	(delta): 0.00144271
17 (QN/Block) 	Elapsed: 0.145	Loglikelihood: -320568	(delta): 8.51027e-05
Summary: 
Converged in 17 iterations (2.657 sec)
Loglikelihood: -320568.096616
Fst divergences between estimated populations: 
	Pop0	Pop1	Pop2	
Pop0	
Pop1	0.287	
Pop2	0.286	0.242	
Pop3	0.296	0.104	0.251	
CV error (K=4): 0.20096
Writing output files.
