****                   ADMIXTURE Version 1.3.0                  ****
****                    Copyright 2008-2015                     ****
****           David Alexander, Suyash Shringarpure,            ****
****                John  Novembre, Ken Lange                   ****
****                                                            ****
****                 Please cite our paper!                     ****
****   Information at www.genetics.ucla.edu/software/admixture  ****

Cross-validation will be performed.  Folds=5.
Parallel execution requested.  Will use 10 threads.
Random seed: 1722617369
Point estimation method: Block relaxation algorithm
Convergence acceleration algorithm: QuasiNewton, 3 secant conditions
Point estimation will terminate when objective function delta < 0.0001
Estimation of standard errors disabled; will compute point estimates only.
Size of G: 364x3412
Performing five EM steps to prime main algorithm
1 (EM) 	Elapsed: 0.037	Loglikelihood: -446596	(delta): 1.29189e+06
2 (EM) 	Elapsed: 0.035	Loglikelihood: -421663	(delta): 24933.2
3 (EM) 	Elapsed: 0.034	Loglikelihood: -417563	(delta): 4099.26
4 (EM) 	Elapsed: 0.034	Loglikelihood: -415347	(delta): 2216.44
5 (EM) 	Elapsed: 0.034	Loglikelihood: -413869	(delta): 1477.83
Initial loglikelihood: -413869
Starting main algorithm
1 (QN/Block) 	Elapsed: 0.099	Loglikelihood: -364015	(delta): 49853.9
2 (QN/Block) 	Elapsed: 0.12	Loglikelihood: -346017	(delta): 17998.4
3 (QN/Block) 	Elapsed: 0.109	Loglikelihood: -337065	(delta): 8951.79
4 (QN/Block) 	Elapsed: 0.119	Loglikelihood: -331599	(delta): 5465.97
5 (QN/Block) 	Elapsed: 0.115	Loglikelihood: -328696	(delta): 2902.76
6 (QN/Block) 	Elapsed: 0.12	Loglikelihood: -327339	(delta): 1357.32
7 (QN/Block) 	Elapsed: 0.122	Loglikelihood: -327178	(delta): 160.724
8 (QN/Block) 	Elapsed: 0.104	Loglikelihood: -327156	(delta): 22.4701
9 (QN/Block) 	Elapsed: 0.119	Loglikelihood: -327148	(delta): 7.80284
10 (QN/Block) 	Elapsed: 0.122	Loglikelihood: -327144	(delta): 4.2331
11 (QN/Block) 	Elapsed: 0.12	Loglikelihood: -327144	(delta): 0.0617548
12 (QN/Block) 	Elapsed: 0.115	Loglikelihood: -327144	(delta): 0.0154081
13 (QN/Block) 	Elapsed: 0.149	Loglikelihood: -327144	(delta): 0.00631761
14 (QN/Block) 	Elapsed: 0.106	Loglikelihood: -327144	(delta): 0.00776184
15 (QN/Block) 	Elapsed: 0.113	Loglikelihood: -327144	(delta): 0.00314443
16 (QN/Block) 	Elapsed: 0.112	Loglikelihood: -327144	(delta): 0.000667274
17 (QN/Block) 	Elapsed: 0.102	Loglikelihood: -327144	(delta): 0.00021148
18 (QN/Block) 	Elapsed: 0.112	Loglikelihood: -327144	(delta): 6.59288e-05
Summary: 
Converged in 18 iterations (2.301 sec)
Loglikelihood: -327143.757869
Fst divergences between estimated populations: 
	Pop0	Pop1	
Pop0	
Pop1	0.264	
Pop2	0.279	0.320	
CV error (K=3): 0.20367
Writing output files.
