****                   ADMIXTURE Version 1.3.0                  ****
****                    Copyright 2008-2015                     ****
****           David Alexander, Suyash Shringarpure,            ****
****                John  Novembre, Ken Lange                   ****
****                                                            ****
****                 Please cite our paper!                     ****
****   Information at www.genetics.ucla.edu/software/admixture  ****

Cross-validation will be performed.  Folds=5.
Parallel execution requested.  Will use 10 threads.
Random seed: 1722617353
Point estimation method: Block relaxation algorithm
Convergence acceleration algorithm: QuasiNewton, 3 secant conditions
Point estimation will terminate when objective function delta < 0.0001
Estimation of standard errors disabled; will compute point estimates only.
Size of G: 364x3412
Performing five EM steps to prime main algorithm
1 (EM) 	Elapsed: 0.047	Loglikelihood: -447946	(delta): 1.22789e+06
2 (EM) 	Elapsed: 0.045	Loglikelihood: -421725	(delta): 26220.9
3 (EM) 	Elapsed: 0.045	Loglikelihood: -416992	(delta): 4732.4
4 (EM) 	Elapsed: 0.045	Loglikelihood: -414310	(delta): 2682.22
5 (EM) 	Elapsed: 0.045	Loglikelihood: -412469	(delta): 1841.32
Initial loglikelihood: -412469
Starting main algorithm
1 (QN/Block) 	Elapsed: 0.127	Loglikelihood: -358113	(delta): 54355.5
2 (QN/Block) 	Elapsed: 0.129	Loglikelihood: -332585	(delta): 25528.3
3 (QN/Block) 	Elapsed: 0.134	Loglikelihood: -324442	(delta): 8143.38
4 (QN/Block) 	Elapsed: 0.134	Loglikelihood: -318343	(delta): 6098.85
5 (QN/Block) 	Elapsed: 0.133	Loglikelihood: -316760	(delta): 1583.03
6 (QN/Block) 	Elapsed: 0.133	Loglikelihood: -316348	(delta): 411.579
7 (QN/Block) 	Elapsed: 0.138	Loglikelihood: -315276	(delta): 1072.18
8 (QN/Block) 	Elapsed: 0.134	Loglikelihood: -311395	(delta): 3880.64
9 (QN/Block) 	Elapsed: 0.137	Loglikelihood: -305957	(delta): 5438.63
10 (QN/Block) 	Elapsed: 0.138	Loglikelihood: -301137	(delta): 4819.88
11 (QN/Block) 	Elapsed: 0.138	Loglikelihood: -300152	(delta): 984.513
12 (QN/Block) 	Elapsed: 0.134	Loglikelihood: -299922	(delta): 230.721
13 (QN/Block) 	Elapsed: 0.134	Loglikelihood: -299895	(delta): 27.0323
14 (QN/Block) 	Elapsed: 0.134	Loglikelihood: -299894	(delta): 0.866476
15 (QN/Block) 	Elapsed: 0.134	Loglikelihood: -299894	(delta): 0.119316
16 (QN/Block) 	Elapsed: 0.134	Loglikelihood: -299893	(delta): 0.0565655
17 (QN/Block) 	Elapsed: 0.137	Loglikelihood: -299893	(delta): 0.0240812
18 (QN/Block) 	Elapsed: 0.138	Loglikelihood: -299893	(delta): 0.0113095
19 (QN/Block) 	Elapsed: 0.139	Loglikelihood: -299893	(delta): 0.00513962
20 (QN/Block) 	Elapsed: 0.139	Loglikelihood: -299893	(delta): 0.00479273
21 (QN/Block) 	Elapsed: 0.139	Loglikelihood: -299893	(delta): 0.00284653
22 (QN/Block) 	Elapsed: 0.138	Loglikelihood: -299893	(delta): 0.00069636
23 (QN/Block) 	Elapsed: 0.134	Loglikelihood: -299893	(delta): 0.00106613
24 (QN/Block) 	Elapsed: 0.133	Loglikelihood: -299893	(delta): 1.06625e-05
Summary: 
Converged in 24 iterations (3.535 sec)
Loglikelihood: -299893.412587
Fst divergences between estimated populations: 
	Pop0	Pop1	Pop2	
Pop0	
Pop1	0.279	
Pop2	0.420	0.382	
Pop3	0.406	0.338	0.390	
CV error (K=4): 0.18148
Writing output files.
