****                   ADMIXTURE Version 1.3.0                  ****
****                    Copyright 2008-2015                     ****
****           David Alexander, Suyash Shringarpure,            ****
****                John  Novembre, Ken Lange                   ****
****                                                            ****
****                 Please cite our paper!                     ****
****   Information at www.genetics.ucla.edu/software/admixture  ****

Cross-validation will be performed.  Folds=5.
Parallel execution requested.  Will use 10 threads.
Random seed: 1722617596
Point estimation method: Block relaxation algorithm
Convergence acceleration algorithm: QuasiNewton, 3 secant conditions
Point estimation will terminate when objective function delta < 0.0001
Estimation of standard errors disabled; will compute point estimates only.
Size of G: 364x3412
Performing five EM steps to prime main algorithm
1 (EM) 	Elapsed: 0.068	Loglikelihood: -451329	(delta): 1.17033e+06
2 (EM) 	Elapsed: 0.067	Loglikelihood: -421737	(delta): 29592.2
3 (EM) 	Elapsed: 0.068	Loglikelihood: -416620	(delta): 5116.13
4 (EM) 	Elapsed: 0.067	Loglikelihood: -413629	(delta): 2991.23
5 (EM) 	Elapsed: 0.068	Loglikelihood: -411216	(delta): 2413.33
Initial loglikelihood: -411216
Starting main algorithm
1 (QN/Block) 	Elapsed: 0.23	Loglikelihood: -334275	(delta): 76940.9
2 (QN/Block) 	Elapsed: 0.23	Loglikelihood: -305924	(delta): 28351.4
3 (QN/Block) 	Elapsed: 0.234	Loglikelihood: -290642	(delta): 15281.6
4 (QN/Block) 	Elapsed: 0.234	Loglikelihood: -283883	(delta): 6759.05
5 (QN/Block) 	Elapsed: 0.234	Loglikelihood: -281322	(delta): 2560.89
6 (QN/Block) 	Elapsed: 0.236	Loglikelihood: -280906	(delta): 416.359
7 (QN/Block) 	Elapsed: 0.234	Loglikelihood: -280838	(delta): 68.1228
8 (QN/Block) 	Elapsed: 0.234	Loglikelihood: -280825	(delta): 12.3409
9 (QN/Block) 	Elapsed: 0.235	Loglikelihood: -280822	(delta): 3.15706
10 (QN/Block) 	Elapsed: 0.236	Loglikelihood: -280822	(delta): 0.25684
11 (QN/Block) 	Elapsed: 0.235	Loglikelihood: -280822	(delta): 0.0578746
12 (QN/Block) 	Elapsed: 0.234	Loglikelihood: -280822	(delta): 0.0450364
13 (QN/Block) 	Elapsed: 0.234	Loglikelihood: -280822	(delta): 0.0293415
14 (QN/Block) 	Elapsed: 0.234	Loglikelihood: -280822	(delta): 0.0113142
15 (QN/Block) 	Elapsed: 0.234	Loglikelihood: -280822	(delta): 0.00668648
16 (QN/Block) 	Elapsed: 0.238	Loglikelihood: -280822	(delta): 0.000947372
17 (QN/Block) 	Elapsed: 0.237	Loglikelihood: -280822	(delta): 7.18655e-06
Summary: 
Converged in 17 iterations (4.362 sec)
Loglikelihood: -280821.647515
Fst divergences between estimated populations: 
	Pop0	Pop1	Pop2	Pop3	Pop4	
Pop0	
Pop1	0.304	
Pop2	0.364	0.407	
Pop3	0.436	0.468	0.436	
Pop4	0.103	0.292	0.350	0.441	
Pop5	0.321	0.394	0.362	0.418	0.322	
CV error (K=6): 0.16983
Writing output files.
