****                   ADMIXTURE Version 1.3.0                  ****
****                    Copyright 2008-2015                     ****
****           David Alexander, Suyash Shringarpure,            ****
****                John  Novembre, Ken Lange                   ****
****                                                            ****
****                 Please cite our paper!                     ****
****   Information at www.genetics.ucla.edu/software/admixture  ****

Cross-validation will be performed.  Folds=5.
Parallel execution requested.  Will use 10 threads.
Random seed: 1722617370
Point estimation method: Block relaxation algorithm
Convergence acceleration algorithm: QuasiNewton, 3 secant conditions
Point estimation will terminate when objective function delta < 0.0001
Estimation of standard errors disabled; will compute point estimates only.
Size of G: 364x3412
Performing five EM steps to prime main algorithm
1 (EM) 	Elapsed: 0.024	Loglikelihood: -436022	(delta): 1.40212e+06
2 (EM) 	Elapsed: 0.019	Loglikelihood: -418184	(delta): 17838.2
3 (EM) 	Elapsed: 0.019	Loglikelihood: -414912	(delta): 3272.09
4 (EM) 	Elapsed: 0.02	Loglikelihood: -413305	(delta): 1606.32
5 (EM) 	Elapsed: 0.019	Loglikelihood: -412412	(delta): 893.149
Initial loglikelihood: -412412
Starting main algorithm
1 (QN/Block) 	Elapsed: 0.056	Loglikelihood: -377755	(delta): 34656.7
2 (QN/Block) 	Elapsed: 0.056	Loglikelihood: -366078	(delta): 11677.4
3 (QN/Block) 	Elapsed: 0.058	Loglikelihood: -356866	(delta): 9212.05
4 (QN/Block) 	Elapsed: 0.059	Loglikelihood: -352826	(delta): 4039.54
5 (QN/Block) 	Elapsed: 0.06	Loglikelihood: -351554	(delta): 1272.7
6 (QN/Block) 	Elapsed: 0.058	Loglikelihood: -351115	(delta): 438.979
7 (QN/Block) 	Elapsed: 0.058	Loglikelihood: -351007	(delta): 107.838
8 (QN/Block) 	Elapsed: 0.059	Loglikelihood: -350980	(delta): 26.5888
9 (QN/Block) 	Elapsed: 0.06	Loglikelihood: -350979	(delta): 1.25798
10 (QN/Block) 	Elapsed: 0.059	Loglikelihood: -350979	(delta): 0.0440111
11 (QN/Block) 	Elapsed: 0.058	Loglikelihood: -350979	(delta): 0.0350415
12 (QN/Block) 	Elapsed: 0.058	Loglikelihood: -350979	(delta): 0.0128168
13 (QN/Block) 	Elapsed: 0.061	Loglikelihood: -350979	(delta): 0.00197995
14 (QN/Block) 	Elapsed: 0.058	Loglikelihood: -350979	(delta): 0.00201427
15 (QN/Block) 	Elapsed: 0.058	Loglikelihood: -350979	(delta): 0.000178604
16 (QN/Block) 	Elapsed: 0.058	Loglikelihood: -350979	(delta): 1.65737e-05
Summary: 
Converged in 16 iterations (1.064 sec)
Loglikelihood: -350978.902636
Fst divergences between estimated populations: 
	Pop0	
Pop0	
Pop1	0.247	
CV error (K=2): 0.22243
Writing output files.
