****                   ADMIXTURE Version 1.3.0                  ****
****                    Copyright 2008-2015                     ****
****           David Alexander, Suyash Shringarpure,            ****
****                John  Novembre, Ken Lange                   ****
****                                                            ****
****                 Please cite our paper!                     ****
****   Information at www.genetics.ucla.edu/software/admixture  ****

Cross-validation will be performed.  Folds=5.
Parallel execution requested.  Will use 10 threads.
Random seed: 1722617311
Point estimation method: Block relaxation algorithm
Convergence acceleration algorithm: QuasiNewton, 3 secant conditions
Point estimation will terminate when objective function delta < 0.0001
Estimation of standard errors disabled; will compute point estimates only.
Size of G: 364x3412
Performing five EM steps to prime main algorithm
1 (EM) 	Elapsed: 0.051	Loglikelihood: -447694	(delta): 1.24188e+06
2 (EM) 	Elapsed: 0.051	Loglikelihood: -421493	(delta): 26200.6
3 (EM) 	Elapsed: 0.051	Loglikelihood: -417120	(delta): 4373.42
4 (EM) 	Elapsed: 0.05	Loglikelihood: -414563	(delta): 2556.8
5 (EM) 	Elapsed: 0.051	Loglikelihood: -412642	(delta): 1920.78
Initial loglikelihood: -412642
Starting main algorithm
1 (QN/Block) 	Elapsed: 0.186	Loglikelihood: -351009	(delta): 61633.1
2 (QN/Block) 	Elapsed: 0.139	Loglikelihood: -325336	(delta): 25672.8
3 (QN/Block) 	Elapsed: 0.148	Loglikelihood: -314443	(delta): 10893
4 (QN/Block) 	Elapsed: 0.155	Loglikelihood: -306507	(delta): 7936.29
5 (QN/Block) 	Elapsed: 0.156	Loglikelihood: -301693	(delta): 4814.2
6 (QN/Block) 	Elapsed: 0.169	Loglikelihood: -300753	(delta): 939.5
7 (QN/Block) 	Elapsed: 0.16	Loglikelihood: -300625	(delta): 128.438
8 (QN/Block) 	Elapsed: 0.165	Loglikelihood: -300593	(delta): 32.3424
9 (QN/Block) 	Elapsed: 0.157	Loglikelihood: -300584	(delta): 8.77928
10 (QN/Block) 	Elapsed: 0.159	Loglikelihood: -300582	(delta): 2.31709
11 (QN/Block) 	Elapsed: 0.146	Loglikelihood: -300581	(delta): 0.208837
12 (QN/Block) 	Elapsed: 0.145	Loglikelihood: -300581	(delta): 0.0704965
13 (QN/Block) 	Elapsed: 0.143	Loglikelihood: -300581	(delta): 0.0235065
14 (QN/Block) 	Elapsed: 0.146	Loglikelihood: -300581	(delta): 0.0018334
15 (QN/Block) 	Elapsed: 0.144	Loglikelihood: -300581	(delta): 0.00235706
16 (QN/Block) 	Elapsed: 0.157	Loglikelihood: -300581	(delta): 0.00196349
17 (QN/Block) 	Elapsed: 0.149	Loglikelihood: -300581	(delta): 0.000206985
18 (QN/Block) 	Elapsed: 0.147	Loglikelihood: -300581	(delta): 0.000189785
19 (QN/Block) 	Elapsed: 0.162	Loglikelihood: -300581	(delta): 0.000176306
20 (QN/Block) 	Elapsed: 0.155	Loglikelihood: -300581	(delta): 0.00015866
21 (QN/Block) 	Elapsed: 0.154	Loglikelihood: -300581	(delta): 4.75638e-06
Summary: 
Converged in 21 iterations (3.559 sec)
Loglikelihood: -300581.193497
Fst divergences between estimated populations: 
	Pop0	Pop1	Pop2	
Pop0	
Pop1	0.223	
Pop2	0.406	0.425	
Pop3	0.348	0.338	0.433	
CV error (K=4): 0.18140
Writing output files.
