****                   ADMIXTURE Version 1.3.0                  ****
****                    Copyright 2008-2015                     ****
****           David Alexander, Suyash Shringarpure,            ****
****                John  Novembre, Ken Lange                   ****
****                                                            ****
****                 Please cite our paper!                     ****
****   Information at www.genetics.ucla.edu/software/admixture  ****

Cross-validation will be performed.  Folds=5.
Parallel execution requested.  Will use 10 threads.
Random seed: 1722617588
Point estimation method: Block relaxation algorithm
Convergence acceleration algorithm: QuasiNewton, 3 secant conditions
Point estimation will terminate when objective function delta < 0.0001
Estimation of standard errors disabled; will compute point estimates only.
Size of G: 364x3412
Performing five EM steps to prime main algorithm
1 (EM) 	Elapsed: 0.076	Loglikelihood: -450866	(delta): 1.16819e+06
2 (EM) 	Elapsed: 0.073	Loglikelihood: -421793	(delta): 29072
3 (EM) 	Elapsed: 0.073	Loglikelihood: -417327	(delta): 4466.77
4 (EM) 	Elapsed: 0.074	Loglikelihood: -414868	(delta): 2458.33
5 (EM) 	Elapsed: 0.073	Loglikelihood: -412985	(delta): 1882.96
Initial loglikelihood: -412985
Starting main algorithm
1 (QN/Block) 	Elapsed: 0.243	Loglikelihood: -332153	(delta): 80832.7
2 (QN/Block) 	Elapsed: 0.243	Loglikelihood: -301106	(delta): 31046.6
3 (QN/Block) 	Elapsed: 0.247	Loglikelihood: -288806	(delta): 12299.9
4 (QN/Block) 	Elapsed: 0.248	Loglikelihood: -283435	(delta): 5371.73
5 (QN/Block) 	Elapsed: 0.249	Loglikelihood: -281391	(delta): 2043.22
6 (QN/Block) 	Elapsed: 0.251	Loglikelihood: -280902	(delta): 489.032
7 (QN/Block) 	Elapsed: 0.249	Loglikelihood: -280843	(delta): 59.6892
8 (QN/Block) 	Elapsed: 0.249	Loglikelihood: -280828	(delta): 14.5503
9 (QN/Block) 	Elapsed: 0.249	Loglikelihood: -280823	(delta): 5.31336
10 (QN/Block) 	Elapsed: 0.251	Loglikelihood: -280822	(delta): 0.6957
11 (QN/Block) 	Elapsed: 0.247	Loglikelihood: -280822	(delta): 0.220103
12 (QN/Block) 	Elapsed: 0.249	Loglikelihood: -280822	(delta): 0.0878665
13 (QN/Block) 	Elapsed: 0.247	Loglikelihood: -280822	(delta): 0.0313224
14 (QN/Block) 	Elapsed: 0.249	Loglikelihood: -280822	(delta): 0.0104734
15 (QN/Block) 	Elapsed: 0.247	Loglikelihood: -280822	(delta): 0.00531851
16 (QN/Block) 	Elapsed: 0.247	Loglikelihood: -280822	(delta): 0.00341572
17 (QN/Block) 	Elapsed: 0.248	Loglikelihood: -280822	(delta): 0.00076456
18 (QN/Block) 	Elapsed: 0.252	Loglikelihood: -280822	(delta): 4.90889e-05
Summary: 
Converged in 18 iterations (4.878 sec)
Loglikelihood: -280821.660972
Fst divergences between estimated populations: 
	Pop0	Pop1	Pop2	Pop3	Pop4	
Pop0	
Pop1	0.468	
Pop2	0.418	0.394	
Pop3	0.436	0.407	0.362	
Pop4	0.441	0.292	0.322	0.350	
Pop5	0.436	0.304	0.321	0.364	0.103	
CV error (K=6): 0.17016
Writing output files.
