****                   ADMIXTURE Version 1.3.0                  ****
****                    Copyright 2008-2015                     ****
****           David Alexander, Suyash Shringarpure,            ****
****                John  Novembre, Ken Lange                   ****
****                                                            ****
****                 Please cite our paper!                     ****
****   Information at www.genetics.ucla.edu/software/admixture  ****

Cross-validation will be performed.  Folds=5.
Parallel execution requested.  Will use 10 threads.
Random seed: 1722617337
Point estimation method: Block relaxation algorithm
Convergence acceleration algorithm: QuasiNewton, 3 secant conditions
Point estimation will terminate when objective function delta < 0.0001
Estimation of standard errors disabled; will compute point estimates only.
Size of G: 364x3412
Performing five EM steps to prime main algorithm
1 (EM) 	Elapsed: 0.027	Loglikelihood: -434044	(delta): 1.4133e+06
2 (EM) 	Elapsed: 0.027	Loglikelihood: -418732	(delta): 15311.7
3 (EM) 	Elapsed: 0.026	Loglikelihood: -415952	(delta): 2780.39
4 (EM) 	Elapsed: 0.027	Loglikelihood: -414575	(delta): 1377.09
5 (EM) 	Elapsed: 0.027	Loglikelihood: -413862	(delta): 712.82
Initial loglikelihood: -413862
Starting main algorithm
1 (QN/Block) 	Elapsed: 0.074	Loglikelihood: -381412	(delta): 32450.2
2 (QN/Block) 	Elapsed: 0.073	Loglikelihood: -368648	(delta): 12763.2
3 (QN/Block) 	Elapsed: 0.073	Loglikelihood: -362330	(delta): 6318.21
4 (QN/Block) 	Elapsed: 0.074	Loglikelihood: -356873	(delta): 5456.82
5 (QN/Block) 	Elapsed: 0.073	Loglikelihood: -352699	(delta): 4174.62
6 (QN/Block) 	Elapsed: 0.075	Loglikelihood: -351342	(delta): 1356.25
7 (QN/Block) 	Elapsed: 0.074	Loglikelihood: -351063	(delta): 279.838
8 (QN/Block) 	Elapsed: 0.067	Loglikelihood: -350990	(delta): 72.7472
9 (QN/Block) 	Elapsed: 0.07	Loglikelihood: -350979	(delta): 10.5469
10 (QN/Block) 	Elapsed: 0.068	Loglikelihood: -350979	(delta): 0.367196
11 (QN/Block) 	Elapsed: 0.067	Loglikelihood: -350979	(delta): 0.0499215
12 (QN/Block) 	Elapsed: 0.07	Loglikelihood: -350979	(delta): 0.0139688
13 (QN/Block) 	Elapsed: 0.066	Loglikelihood: -350979	(delta): 0.0057067
14 (QN/Block) 	Elapsed: 0.066	Loglikelihood: -350979	(delta): 0.00108939
15 (QN/Block) 	Elapsed: 0.067	Loglikelihood: -350979	(delta): 0.000761
16 (QN/Block) 	Elapsed: 0.066	Loglikelihood: -350979	(delta): 0.000173819
17 (QN/Block) 	Elapsed: 0.065	Loglikelihood: -350979	(delta): 0.000120007
18 (QN/Block) 	Elapsed: 0.064	Loglikelihood: -350979	(delta): 0.000113473
19 (QN/Block) 	Elapsed: 0.065	Loglikelihood: -350979	(delta): 5.54288e-06
Summary: 
Converged in 19 iterations (1.498 sec)
Loglikelihood: -350978.902628
Fst divergences between estimated populations: 
	Pop0	
Pop0	
Pop1	0.247	
CV error (K=2): 0.22262
Writing output files.
