****                   ADMIXTURE Version 1.3.0                  ****
****                    Copyright 2008-2015                     ****
****           David Alexander, Suyash Shringarpure,            ****
****                John  Novembre, Ken Lange                   ****
****                                                            ****
****                 Please cite our paper!                     ****
****   Information at www.genetics.ucla.edu/software/admixture  ****

Cross-validation will be performed.  Folds=5.
Parallel execution requested.  Will use 10 threads.
Random seed: 1722617481
Point estimation method: Block relaxation algorithm
Convergence acceleration algorithm: QuasiNewton, 3 secant conditions
Point estimation will terminate when objective function delta < 0.0001
Estimation of standard errors disabled; will compute point estimates only.
Size of G: 364x3412
Performing five EM steps to prime main algorithm
1 (EM) 	Elapsed: 0.07	Loglikelihood: -452732	(delta): 1.18143e+06
2 (EM) 	Elapsed: 0.067	Loglikelihood: -421701	(delta): 31030.8
3 (EM) 	Elapsed: 0.067	Loglikelihood: -416706	(delta): 4995.18
4 (EM) 	Elapsed: 0.067	Loglikelihood: -413771	(delta): 2935.25
5 (EM) 	Elapsed: 0.068	Loglikelihood: -411390	(delta): 2381.3
Initial loglikelihood: -411390
Starting main algorithm
1 (QN/Block) 	Elapsed: 0.201	Loglikelihood: -332883	(delta): 78506.1
2 (QN/Block) 	Elapsed: 0.201	Loglikelihood: -308124	(delta): 24759.1
3 (QN/Block) 	Elapsed: 0.206	Loglikelihood: -299448	(delta): 8676.33
4 (QN/Block) 	Elapsed: 0.204	Loglikelihood: -294931	(delta): 4517.38
5 (QN/Block) 	Elapsed: 0.204	Loglikelihood: -293212	(delta): 1718.75
6 (QN/Block) 	Elapsed: 0.205	Loglikelihood: -292726	(delta): 485.645
7 (QN/Block) 	Elapsed: 0.203	Loglikelihood: -292563	(delta): 163.221
8 (QN/Block) 	Elapsed: 0.204	Loglikelihood: -292515	(delta): 48.235
9 (QN/Block) 	Elapsed: 0.204	Loglikelihood: -292472	(delta): 43.067
10 (QN/Block) 	Elapsed: 0.205	Loglikelihood: -292446	(delta): 25.4337
11 (QN/Block) 	Elapsed: 0.205	Loglikelihood: -292436	(delta): 9.95066
12 (QN/Block) 	Elapsed: 0.204	Loglikelihood: -292433	(delta): 3.39098
13 (QN/Block) 	Elapsed: 0.205	Loglikelihood: -292431	(delta): 1.47092
14 (QN/Block) 	Elapsed: 0.206	Loglikelihood: -292431	(delta): 0.672454
15 (QN/Block) 	Elapsed: 0.205	Loglikelihood: -292430	(delta): 0.77471
16 (QN/Block) 	Elapsed: 0.205	Loglikelihood: -292430	(delta): 0.0897694
17 (QN/Block) 	Elapsed: 0.204	Loglikelihood: -292430	(delta): 0.0400527
18 (QN/Block) 	Elapsed: 0.208	Loglikelihood: -292430	(delta): 0.0121635
19 (QN/Block) 	Elapsed: 0.207	Loglikelihood: -292430	(delta): 0.00701823
20 (QN/Block) 	Elapsed: 0.207	Loglikelihood: -292430	(delta): 0.0049175
21 (QN/Block) 	Elapsed: 0.209	Loglikelihood: -292430	(delta): 0.00584413
22 (QN/Block) 	Elapsed: 0.208	Loglikelihood: -292430	(delta): 0.00741147
23 (QN/Block) 	Elapsed: 0.209	Loglikelihood: -292430	(delta): 0.00997625
24 (QN/Block) 	Elapsed: 0.207	Loglikelihood: -292430	(delta): 0.0143586
25 (QN/Block) 	Elapsed: 0.207	Loglikelihood: -292430	(delta): 0.021687
26 (QN/Block) 	Elapsed: 0.209	Loglikelihood: -292430	(delta): 0.0268464
27 (QN/Block) 	Elapsed: 0.207	Loglikelihood: -292430	(delta): 0.0139497
28 (QN/Block) 	Elapsed: 0.208	Loglikelihood: -292430	(delta): 0.011021
29 (QN/Block) 	Elapsed: 0.207	Loglikelihood: -292430	(delta): 0.0113989
30 (QN/Block) 	Elapsed: 0.207	Loglikelihood: -292430	(delta): 0.00633376
31 (QN/Block) 	Elapsed: 0.207	Loglikelihood: -292430	(delta): 0.00207351
32 (QN/Block) 	Elapsed: 0.205	Loglikelihood: -292430	(delta): 0.00226916
33 (QN/Block) 	Elapsed: 0.207	Loglikelihood: -292430	(delta): 0.00116353
34 (QN/Block) 	Elapsed: 0.204	Loglikelihood: -292430	(delta): 0.000779764
35 (QN/Block) 	Elapsed: 0.204	Loglikelihood: -292430	(delta): 0.000632745
36 (QN/Block) 	Elapsed: 0.205	Loglikelihood: -292430	(delta): 8.69932e-05
Summary: 
Converged in 36 iterations (7.815 sec)
Loglikelihood: -292429.740179
Fst divergences between estimated populations: 
	Pop0	Pop1	Pop2	Pop3	Pop4	
Pop0	
Pop1	0.031	
Pop2	0.124	0.115	
Pop3	0.439	0.442	0.438	
Pop4	0.240	0.244	0.253	0.409	
Pop5	0.351	0.354	0.369	0.433	0.352	
CV error (K=6): 0.18220
Writing output files.
