****                   ADMIXTURE Version 1.3.0                  ****
****                    Copyright 2008-2015                     ****
****           David Alexander, Suyash Shringarpure,            ****
****                John  Novembre, Ken Lange                   ****
****                                                            ****
****                 Please cite our paper!                     ****
****   Information at www.genetics.ucla.edu/software/admixture  ****

Cross-validation will be performed.  Folds=5.
Parallel execution requested.  Will use 10 threads.
Random seed: 1722617399
Point estimation method: Block relaxation algorithm
Convergence acceleration algorithm: QuasiNewton, 3 secant conditions
Point estimation will terminate when objective function delta < 0.0001
Estimation of standard errors disabled; will compute point estimates only.
Size of G: 364x3412
Performing five EM steps to prime main algorithm
1 (EM) 	Elapsed: 0.065	Loglikelihood: -453396	(delta): 1.17344e+06
2 (EM) 	Elapsed: 0.064	Loglikelihood: -422006	(delta): 31389.4
3 (EM) 	Elapsed: 0.064	Loglikelihood: -417149	(delta): 4857.11
4 (EM) 	Elapsed: 0.064	Loglikelihood: -414397	(delta): 2752.24
5 (EM) 	Elapsed: 0.064	Loglikelihood: -412341	(delta): 2056.28
Initial loglikelihood: -412341
Starting main algorithm
1 (QN/Block) 	Elapsed: 0.188	Loglikelihood: -338333	(delta): 74008.2
2 (QN/Block) 	Elapsed: 0.189	Loglikelihood: -310283	(delta): 28050
3 (QN/Block) 	Elapsed: 0.194	Loglikelihood: -299858	(delta): 10424.4
4 (QN/Block) 	Elapsed: 0.195	Loglikelihood: -291041	(delta): 8817.22
5 (QN/Block) 	Elapsed: 0.194	Loglikelihood: -283478	(delta): 7563.24
6 (QN/Block) 	Elapsed: 0.196	Loglikelihood: -281488	(delta): 1989.39
7 (QN/Block) 	Elapsed: 0.193	Loglikelihood: -280933	(delta): 555.178
8 (QN/Block) 	Elapsed: 0.194	Loglikelihood: -280841	(delta): 92.5199
9 (QN/Block) 	Elapsed: 0.196	Loglikelihood: -280824	(delta): 17.0522
10 (QN/Block) 	Elapsed: 0.197	Loglikelihood: -280823	(delta): 0.987196
11 (QN/Block) 	Elapsed: 0.191	Loglikelihood: -280822	(delta): 0.63319
12 (QN/Block) 	Elapsed: 0.192	Loglikelihood: -280822	(delta): 0.262291
13 (QN/Block) 	Elapsed: 0.196	Loglikelihood: -280822	(delta): 0.0157659
14 (QN/Block) 	Elapsed: 0.196	Loglikelihood: -280822	(delta): 0.00118944
15 (QN/Block) 	Elapsed: 0.192	Loglikelihood: -280822	(delta): 0.000104896
16 (QN/Block) 	Elapsed: 0.191	Loglikelihood: -280822	(delta): 6.18013e-05
Summary: 
Converged in 16 iterations (3.469 sec)
Loglikelihood: -280821.704017
Fst divergences between estimated populations: 
	Pop0	Pop1	Pop2	Pop3	Pop4	
Pop0	
Pop1	0.441	
Pop2	0.103	0.436	
Pop3	0.322	0.418	0.321	
Pop4	0.350	0.436	0.364	0.362	
Pop5	0.292	0.468	0.304	0.394	0.407	
CV error (K=6): 0.17020
Writing output files.
