****                   ADMIXTURE Version 1.3.0                  ****
****                    Copyright 2008-2015                     ****
****           David Alexander, Suyash Shringarpure,            ****
****                John  Novembre, Ken Lange                   ****
****                                                            ****
****                 Please cite our paper!                     ****
****   Information at www.genetics.ucla.edu/software/admixture  ****

Cross-validation will be performed.  Folds=5.
Parallel execution requested.  Will use 10 threads.
Random seed: 1722617461
Point estimation method: Block relaxation algorithm
Convergence acceleration algorithm: QuasiNewton, 3 secant conditions
Point estimation will terminate when objective function delta < 0.0001
Estimation of standard errors disabled; will compute point estimates only.
Size of G: 364x3412
Performing five EM steps to prime main algorithm
1 (EM) 	Elapsed: 0.028	Loglikelihood: -447364	(delta): 1.28406e+06
2 (EM) 	Elapsed: 0.026	Loglikelihood: -421934	(delta): 25430.4
3 (EM) 	Elapsed: 0.026	Loglikelihood: -417149	(delta): 4784.24
4 (EM) 	Elapsed: 0.026	Loglikelihood: -414612	(delta): 2537.69
5 (EM) 	Elapsed: 0.026	Loglikelihood: -412829	(delta): 1782.54
Initial loglikelihood: -412829
Starting main algorithm
1 (QN/Block) 	Elapsed: 0.085	Loglikelihood: -382711	(delta): 30118.4
2 (QN/Block) 	Elapsed: 0.085	Loglikelihood: -357750	(delta): 24960.3
3 (QN/Block) 	Elapsed: 0.089	Loglikelihood: -343049	(delta): 14701.7
4 (QN/Block) 	Elapsed: 0.088	Loglikelihood: -331469	(delta): 11579.9
5 (QN/Block) 	Elapsed: 0.091	Loglikelihood: -324841	(delta): 6627.9
6 (QN/Block) 	Elapsed: 0.089	Loglikelihood: -323218	(delta): 1622.84
7 (QN/Block) 	Elapsed: 0.088	Loglikelihood: -322942	(delta): 275.703
8 (QN/Block) 	Elapsed: 0.088	Loglikelihood: -322894	(delta): 48.3062
9 (QN/Block) 	Elapsed: 0.088	Loglikelihood: -322884	(delta): 10.6552
10 (QN/Block) 	Elapsed: 0.088	Loglikelihood: -322882	(delta): 1.95406
11 (QN/Block) 	Elapsed: 0.09	Loglikelihood: -322881	(delta): 0.248033
12 (QN/Block) 	Elapsed: 0.088	Loglikelihood: -322881	(delta): 0.00382526
13 (QN/Block) 	Elapsed: 0.09	Loglikelihood: -322881	(delta): 0.000754297
14 (QN/Block) 	Elapsed: 0.088	Loglikelihood: -322881	(delta): 0.0022964
15 (QN/Block) 	Elapsed: 0.088	Loglikelihood: -322881	(delta): 0.000996907
16 (QN/Block) 	Elapsed: 0.088	Loglikelihood: -322881	(delta): 0.000241512
17 (QN/Block) 	Elapsed: 0.088	Loglikelihood: -322881	(delta): 5.18461e-05
Summary: 
Converged in 17 iterations (1.664 sec)
Loglikelihood: -322881.298011
Fst divergences between estimated populations: 
	Pop0	Pop1	
Pop0	
Pop1	0.358	
Pop2	0.378	0.310	
CV error (K=3): 0.19891
Writing output files.
