****                   ADMIXTURE Version 1.3.0                  ****
****                    Copyright 2008-2015                     ****
****           David Alexander, Suyash Shringarpure,            ****
****                John  Novembre, Ken Lange                   ****
****                                                            ****
****                 Please cite our paper!                     ****
****   Information at www.genetics.ucla.edu/software/admixture  ****

Cross-validation will be performed.  Folds=5.
Parallel execution requested.  Will use 10 threads.
Random seed: 1722617404
Point estimation method: Block relaxation algorithm
Convergence acceleration algorithm: QuasiNewton, 3 secant conditions
Point estimation will terminate when objective function delta < 0.0001
Estimation of standard errors disabled; will compute point estimates only.
Size of G: 364x3412
Performing five EM steps to prime main algorithm
1 (EM) 	Elapsed: 0.025	Loglikelihood: -435895	(delta): 1.37942e+06
2 (EM) 	Elapsed: 0.022	Loglikelihood: -418944	(delta): 16951.9
3 (EM) 	Elapsed: 0.022	Loglikelihood: -415758	(delta): 3185.75
4 (EM) 	Elapsed: 0.022	Loglikelihood: -414121	(delta): 1636.79
5 (EM) 	Elapsed: 0.022	Loglikelihood: -413194	(delta): 926.707
Initial loglikelihood: -413194
Starting main algorithm
1 (QN/Block) 	Elapsed: 0.062	Loglikelihood: -386730	(delta): 26464.2
2 (QN/Block) 	Elapsed: 0.07	Loglikelihood: -373016	(delta): 13713.8
3 (QN/Block) 	Elapsed: 0.082	Loglikelihood: -364254	(delta): 8762.63
4 (QN/Block) 	Elapsed: 0.076	Loglikelihood: -357875	(delta): 6378.55
5 (QN/Block) 	Elapsed: 0.075	Loglikelihood: -352701	(delta): 5173.75
6 (QN/Block) 	Elapsed: 0.075	Loglikelihood: -351102	(delta): 1599.33
7 (QN/Block) 	Elapsed: 0.078	Loglikelihood: -350996	(delta): 105.774
8 (QN/Block) 	Elapsed: 0.073	Loglikelihood: -350983	(delta): 13.4388
9 (QN/Block) 	Elapsed: 0.071	Loglikelihood: -350979	(delta): 3.34466
10 (QN/Block) 	Elapsed: 0.075	Loglikelihood: -350979	(delta): 0.475072
11 (QN/Block) 	Elapsed: 0.075	Loglikelihood: -350979	(delta): 0.0144841
12 (QN/Block) 	Elapsed: 0.065	Loglikelihood: -350979	(delta): 0.0129376
13 (QN/Block) 	Elapsed: 0.068	Loglikelihood: -350979	(delta): 0.00552057
14 (QN/Block) 	Elapsed: 0.065	Loglikelihood: -350979	(delta): 0.000193964
15 (QN/Block) 	Elapsed: 0.067	Loglikelihood: -350979	(delta): 0.000104883
16 (QN/Block) 	Elapsed: 0.066	Loglikelihood: -350979	(delta): 3.54121e-05
Summary: 
Converged in 16 iterations (1.298 sec)
Loglikelihood: -350978.902631
Fst divergences between estimated populations: 
	Pop0	
Pop0	
Pop1	0.247	
CV error (K=2): 0.22245
Writing output files.
