****                   ADMIXTURE Version 1.3.0                  ****
****                    Copyright 2008-2015                     ****
****           David Alexander, Suyash Shringarpure,            ****
****                John  Novembre, Ken Lange                   ****
****                                                            ****
****                 Please cite our paper!                     ****
****   Information at www.genetics.ucla.edu/software/admixture  ****

Cross-validation will be performed.  Folds=5.
Parallel execution requested.  Will use 10 threads.
Random seed: 1722617349
Point estimation method: Block relaxation algorithm
Convergence acceleration algorithm: QuasiNewton, 3 secant conditions
Point estimation will terminate when objective function delta < 0.0001
Estimation of standard errors disabled; will compute point estimates only.
Size of G: 364x3412
Performing five EM steps to prime main algorithm
1 (EM) 	Elapsed: 0.045	Loglikelihood: -448511	(delta): 1.21307e+06
2 (EM) 	Elapsed: 0.045	Loglikelihood: -422466	(delta): 26045
3 (EM) 	Elapsed: 0.044	Loglikelihood: -418009	(delta): 4456.89
4 (EM) 	Elapsed: 0.044	Loglikelihood: -415497	(delta): 2511.45
5 (EM) 	Elapsed: 0.044	Loglikelihood: -413755	(delta): 1741.98
Initial loglikelihood: -413755
Starting main algorithm
1 (QN/Block) 	Elapsed: 0.128	Loglikelihood: -346720	(delta): 67034.9
2 (QN/Block) 	Elapsed: 0.128	Loglikelihood: -319372	(delta): 27348.6
3 (QN/Block) 	Elapsed: 0.133	Loglikelihood: -309556	(delta): 9815.99
4 (QN/Block) 	Elapsed: 0.133	Loglikelihood: -303747	(delta): 5808.39
5 (QN/Block) 	Elapsed: 0.132	Loglikelihood: -301258	(delta): 2488.99
6 (QN/Block) 	Elapsed: 0.137	Loglikelihood: -300670	(delta): 588.563
7 (QN/Block) 	Elapsed: 0.134	Loglikelihood: -300590	(delta): 79.9879
8 (QN/Block) 	Elapsed: 0.136	Loglikelihood: -300583	(delta): 6.32645
9 (QN/Block) 	Elapsed: 0.138	Loglikelihood: -300582	(delta): 1.49218
10 (QN/Block) 	Elapsed: 0.133	Loglikelihood: -300581	(delta): 0.573853
11 (QN/Block) 	Elapsed: 0.134	Loglikelihood: -300581	(delta): 0.142874
12 (QN/Block) 	Elapsed: 0.133	Loglikelihood: -300581	(delta): 0.00196348
13 (QN/Block) 	Elapsed: 0.133	Loglikelihood: -300581	(delta): 0.000235267
14 (QN/Block) 	Elapsed: 0.132	Loglikelihood: -300581	(delta): 0.00015589
15 (QN/Block) 	Elapsed: 0.133	Loglikelihood: -300581	(delta): 6.28387e-05
Summary: 
Converged in 15 iterations (2.268 sec)
Loglikelihood: -300581.225640
Fst divergences between estimated populations: 
	Pop0	Pop1	Pop2	
Pop0	
Pop1	0.348	
Pop2	0.338	0.223	
Pop3	0.433	0.406	0.425	
CV error (K=4): 0.18183
Writing output files.
