****                   ADMIXTURE Version 1.3.0                  ****
****                    Copyright 2008-2015                     ****
****           David Alexander, Suyash Shringarpure,            ****
****                John  Novembre, Ken Lange                   ****
****                                                            ****
****                 Please cite our paper!                     ****
****   Information at www.genetics.ucla.edu/software/admixture  ****

Cross-validation will be performed.  Folds=5.
Parallel execution requested.  Will use 10 threads.
Random seed: 1722617580
Point estimation method: Block relaxation algorithm
Convergence acceleration algorithm: QuasiNewton, 3 secant conditions
Point estimation will terminate when objective function delta < 0.0001
Estimation of standard errors disabled; will compute point estimates only.
Size of G: 364x3412
Performing five EM steps to prime main algorithm
1 (EM) 	Elapsed: 0.076	Loglikelihood: -450099	(delta): 1.1793e+06
2 (EM) 	Elapsed: 0.074	Loglikelihood: -421790	(delta): 28308.6
3 (EM) 	Elapsed: 0.075	Loglikelihood: -417266	(delta): 4524.07
4 (EM) 	Elapsed: 0.074	Loglikelihood: -414698	(delta): 2568.71
5 (EM) 	Elapsed: 0.074	Loglikelihood: -412762	(delta): 1935.87
Initial loglikelihood: -412762
Starting main algorithm
1 (QN/Block) 	Elapsed: 0.237	Loglikelihood: -341286	(delta): 71476.1
2 (QN/Block) 	Elapsed: 0.239	Loglikelihood: -312280	(delta): 29005.6
3 (QN/Block) 	Elapsed: 0.24	Loglikelihood: -300610	(delta): 11669.9
4 (QN/Block) 	Elapsed: 0.241	Loglikelihood: -286572	(delta): 14038.3
5 (QN/Block) 	Elapsed: 0.241	Loglikelihood: -282134	(delta): 4437.76
6 (QN/Block) 	Elapsed: 0.242	Loglikelihood: -281138	(delta): 995.98
7 (QN/Block) 	Elapsed: 0.238	Loglikelihood: -280875	(delta): 263.591
8 (QN/Block) 	Elapsed: 0.241	Loglikelihood: -280836	(delta): 38.8602
9 (QN/Block) 	Elapsed: 0.243	Loglikelihood: -280826	(delta): 9.50308
10 (QN/Block) 	Elapsed: 0.254	Loglikelihood: -280823	(delta): 3.18788
11 (QN/Block) 	Elapsed: 0.239	Loglikelihood: -280822	(delta): 0.875969
12 (QN/Block) 	Elapsed: 0.242	Loglikelihood: -280822	(delta): 0.273659
13 (QN/Block) 	Elapsed: 0.253	Loglikelihood: -280822	(delta): 0.0833104
14 (QN/Block) 	Elapsed: 0.251	Loglikelihood: -280822	(delta): 0.0376237
15 (QN/Block) 	Elapsed: 0.24	Loglikelihood: -280822	(delta): 0.0166754
16 (QN/Block) 	Elapsed: 0.241	Loglikelihood: -280822	(delta): 0.00652106
17 (QN/Block) 	Elapsed: 0.247	Loglikelihood: -280822	(delta): 0.00478652
18 (QN/Block) 	Elapsed: 0.245	Loglikelihood: -280822	(delta): 0.00333279
19 (QN/Block) 	Elapsed: 0.246	Loglikelihood: -280822	(delta): 0.00100692
20 (QN/Block) 	Elapsed: 0.259	Loglikelihood: -280822	(delta): 2.28433e-05
Summary: 
Converged in 20 iterations (5.301 sec)
Loglikelihood: -280821.688520
Fst divergences between estimated populations: 
	Pop0	Pop1	Pop2	Pop3	Pop4	
Pop0	
Pop1	0.436	
Pop2	0.103	0.441	
Pop3	0.304	0.468	0.292	
Pop4	0.321	0.418	0.322	0.394	
Pop5	0.364	0.436	0.350	0.407	0.362	
CV error (K=6): 0.17037
Writing output files.
