****                   ADMIXTURE Version 1.3.0                  ****
****                    Copyright 2008-2015                     ****
****           David Alexander, Suyash Shringarpure,            ****
****                John  Novembre, Ken Lange                   ****
****                                                            ****
****                 Please cite our paper!                     ****
****   Information at www.genetics.ucla.edu/software/admixture  ****

Cross-validation will be performed.  Folds=5.
Parallel execution requested.  Will use 10 threads.
Random seed: 1722617480
Point estimation method: Block relaxation algorithm
Convergence acceleration algorithm: QuasiNewton, 3 secant conditions
Point estimation will terminate when objective function delta < 0.0001
Estimation of standard errors disabled; will compute point estimates only.
Size of G: 364x3412
Performing five EM steps to prime main algorithm
1 (EM) 	Elapsed: 0.057	Loglikelihood: -450879	(delta): 1.19399e+06
2 (EM) 	Elapsed: 0.054	Loglikelihood: -421992	(delta): 28887.8
3 (EM) 	Elapsed: 0.054	Loglikelihood: -417326	(delta): 4665.26
4 (EM) 	Elapsed: 0.054	Loglikelihood: -414840	(delta): 2486.3
5 (EM) 	Elapsed: 0.054	Loglikelihood: -413085	(delta): 1755.44
Initial loglikelihood: -413085
Starting main algorithm
1 (QN/Block) 	Elapsed: 0.184	Loglikelihood: -335350	(delta): 77734.9
2 (QN/Block) 	Elapsed: 0.179	Loglikelihood: -309925	(delta): 25424.3
3 (QN/Block) 	Elapsed: 0.185	Loglikelihood: -300699	(delta): 9226.23
4 (QN/Block) 	Elapsed: 0.186	Loglikelihood: -295490	(delta): 5209.32
5 (QN/Block) 	Elapsed: 0.186	Loglikelihood: -294013	(delta): 1476.4
6 (QN/Block) 	Elapsed: 0.182	Loglikelihood: -293706	(delta): 307.831
7 (QN/Block) 	Elapsed: 0.185	Loglikelihood: -293675	(delta): 30.3626
8 (QN/Block) 	Elapsed: 0.189	Loglikelihood: -293667	(delta): 8.08513
9 (QN/Block) 	Elapsed: 0.188	Loglikelihood: -293661	(delta): 5.6889
10 (QN/Block) 	Elapsed: 0.19	Loglikelihood: -293656	(delta): 5.44185
11 (QN/Block) 	Elapsed: 0.188	Loglikelihood: -293651	(delta): 5.35215
12 (QN/Block) 	Elapsed: 0.183	Loglikelihood: -293648	(delta): 2.92073
13 (QN/Block) 	Elapsed: 0.186	Loglikelihood: -293647	(delta): 0.484653
14 (QN/Block) 	Elapsed: 0.184	Loglikelihood: -293647	(delta): 0.0975671
15 (QN/Block) 	Elapsed: 0.184	Loglikelihood: -293647	(delta): 0.0179239
16 (QN/Block) 	Elapsed: 0.183	Loglikelihood: -293647	(delta): 0.00484735
17 (QN/Block) 	Elapsed: 0.184	Loglikelihood: -293647	(delta): 0.00676737
18 (QN/Block) 	Elapsed: 0.184	Loglikelihood: -293647	(delta): 0.000163452
19 (QN/Block) 	Elapsed: 0.184	Loglikelihood: -293647	(delta): 1.95304e-05
Summary: 
Converged in 19 iterations (3.83 sec)
Loglikelihood: -293647.073930
Fst divergences between estimated populations: 
	Pop0	Pop1	Pop2	Pop3	
Pop0	
Pop1	0.425	
Pop2	0.302	0.394	
Pop3	0.407	0.393	0.362	
Pop4	0.292	0.398	0.101	0.348	
CV error (K=5): 0.17884
Writing output files.
