****                   ADMIXTURE Version 1.3.0                  ****
****                    Copyright 2008-2015                     ****
****           David Alexander, Suyash Shringarpure,            ****
****                John  Novembre, Ken Lange                   ****
****                                                            ****
****                 Please cite our paper!                     ****
****   Information at www.genetics.ucla.edu/software/admixture  ****

Cross-validation will be performed.  Folds=5.
Parallel execution requested.  Will use 10 threads.
Random seed: 1722617498
Point estimation method: Block relaxation algorithm
Convergence acceleration algorithm: QuasiNewton, 3 secant conditions
Point estimation will terminate when objective function delta < 0.0001
Estimation of standard errors disabled; will compute point estimates only.
Size of G: 364x3412
Performing five EM steps to prime main algorithm
1 (EM) 	Elapsed: 0.045	Loglikelihood: -450245	(delta): 1.21313e+06
2 (EM) 	Elapsed: 0.043	Loglikelihood: -422023	(delta): 28221.9
3 (EM) 	Elapsed: 0.043	Loglikelihood: -417225	(delta): 4797.9
4 (EM) 	Elapsed: 0.043	Loglikelihood: -414508	(delta): 2717.88
5 (EM) 	Elapsed: 0.043	Loglikelihood: -412639	(delta): 1868.78
Initial loglikelihood: -412639
Starting main algorithm
1 (QN/Block) 	Elapsed: 0.138	Loglikelihood: -353120	(delta): 59519.3
2 (QN/Block) 	Elapsed: 0.143	Loglikelihood: -333278	(delta): 19841.8
3 (QN/Block) 	Elapsed: 0.132	Loglikelihood: -325764	(delta): 7513.73
4 (QN/Block) 	Elapsed: 0.158	Loglikelihood: -319457	(delta): 6306.75
5 (QN/Block) 	Elapsed: 0.156	Loglikelihood: -316943	(delta): 2514.62
6 (QN/Block) 	Elapsed: 0.138	Loglikelihood: -312405	(delta): 4538.04
7 (QN/Block) 	Elapsed: 0.136	Loglikelihood: -307317	(delta): 5087.54
8 (QN/Block) 	Elapsed: 0.159	Loglikelihood: -302412	(delta): 4905.46
9 (QN/Block) 	Elapsed: 0.153	Loglikelihood: -300501	(delta): 1910.99
10 (QN/Block) 	Elapsed: 0.143	Loglikelihood: -300048	(delta): 452.934
11 (QN/Block) 	Elapsed: 0.129	Loglikelihood: -299913	(delta): 134.132
12 (QN/Block) 	Elapsed: 0.144	Loglikelihood: -299895	(delta): 18.6613
13 (QN/Block) 	Elapsed: 0.141	Loglikelihood: -299893	(delta): 1.40514
14 (QN/Block) 	Elapsed: 0.14	Loglikelihood: -299893	(delta): 0.0221186
15 (QN/Block) 	Elapsed: 0.165	Loglikelihood: -299893	(delta): 0.0234713
16 (QN/Block) 	Elapsed: 0.131	Loglikelihood: -299893	(delta): 0.00416259
17 (QN/Block) 	Elapsed: 0.135	Loglikelihood: -299893	(delta): 0.00255686
18 (QN/Block) 	Elapsed: 0.141	Loglikelihood: -299893	(delta): 0.001027
19 (QN/Block) 	Elapsed: 0.131	Loglikelihood: -299893	(delta): 0.00025462
20 (QN/Block) 	Elapsed: 0.13	Loglikelihood: -299893	(delta): 0.000115141
21 (QN/Block) 	Elapsed: 0.147	Loglikelihood: -299893	(delta): 6.38003e-06
Summary: 
Converged in 21 iterations (3.245 sec)
Loglikelihood: -299893.376242
Fst divergences between estimated populations: 
	Pop0	Pop1	Pop2	
Pop0	
Pop1	0.390	
Pop2	0.382	0.338	
Pop3	0.420	0.406	0.279	
CV error (K=4): 0.18051
Writing output files.
