****                   ADMIXTURE Version 1.3.0                  ****
****                    Copyright 2008-2015                     ****
****           David Alexander, Suyash Shringarpure,            ****
****                John  Novembre, Ken Lange                   ****
****                                                            ****
****                 Please cite our paper!                     ****
****   Information at www.genetics.ucla.edu/software/admixture  ****

Cross-validation will be performed.  Folds=5.
Parallel execution requested.  Will use 10 threads.
Random seed: 1722617407
Point estimation method: Block relaxation algorithm
Convergence acceleration algorithm: QuasiNewton, 3 secant conditions
Point estimation will terminate when objective function delta < 0.0001
Estimation of standard errors disabled; will compute point estimates only.
Size of G: 364x3412
Performing five EM steps to prime main algorithm
1 (EM) 	Elapsed: 0.069	Loglikelihood: -452256	(delta): 1.1851e+06
2 (EM) 	Elapsed: 0.066	Loglikelihood: -422079	(delta): 30177.5
3 (EM) 	Elapsed: 0.066	Loglikelihood: -416624	(delta): 5454.67
4 (EM) 	Elapsed: 0.066	Loglikelihood: -413546	(delta): 3077.35
5 (EM) 	Elapsed: 0.065	Loglikelihood: -411135	(delta): 2411.48
Initial loglikelihood: -411135
Starting main algorithm
1 (QN/Block) 	Elapsed: 0.181	Loglikelihood: -335663	(delta): 75472.1
2 (QN/Block) 	Elapsed: 0.181	Loglikelihood: -310295	(delta): 25367.8
3 (QN/Block) 	Elapsed: 0.197	Loglikelihood: -301102	(delta): 9192.89
4 (QN/Block) 	Elapsed: 0.183	Loglikelihood: -296394	(delta): 4708.43
5 (QN/Block) 	Elapsed: 0.184	Loglikelihood: -294711	(delta): 1683.29
6 (QN/Block) 	Elapsed: 0.188	Loglikelihood: -294182	(delta): 528.226
7 (QN/Block) 	Elapsed: 0.184	Loglikelihood: -293880	(delta): 301.843
8 (QN/Block) 	Elapsed: 0.187	Loglikelihood: -293727	(delta): 153.238
9 (QN/Block) 	Elapsed: 0.187	Loglikelihood: -293695	(delta): 32.3928
10 (QN/Block) 	Elapsed: 0.183	Loglikelihood: -293681	(delta): 13.3295
11 (QN/Block) 	Elapsed: 0.187	Loglikelihood: -293677	(delta): 4.33212
12 (QN/Block) 	Elapsed: 0.188	Loglikelihood: -293675	(delta): 2.18429
13 (QN/Block) 	Elapsed: 0.187	Loglikelihood: -293673	(delta): 2.1618
14 (QN/Block) 	Elapsed: 0.189	Loglikelihood: -293670	(delta): 3.09813
15 (QN/Block) 	Elapsed: 0.191	Loglikelihood: -293665	(delta): 4.86682
16 (QN/Block) 	Elapsed: 0.187	Loglikelihood: -293660	(delta): 5.31165
17 (QN/Block) 	Elapsed: 0.188	Loglikelihood: -293654	(delta): 5.6039
18 (QN/Block) 	Elapsed: 0.187	Loglikelihood: -293649	(delta): 4.546
19 (QN/Block) 	Elapsed: 0.182	Loglikelihood: -293647	(delta): 2.02588
20 (QN/Block) 	Elapsed: 0.186	Loglikelihood: -293647	(delta): 0.175544
21 (QN/Block) 	Elapsed: 0.18	Loglikelihood: -293647	(delta): 0.0921712
22 (QN/Block) 	Elapsed: 0.185	Loglikelihood: -293647	(delta): 0.0120259
23 (QN/Block) 	Elapsed: 0.181	Loglikelihood: -293647	(delta): 0.00444074
24 (QN/Block) 	Elapsed: 0.181	Loglikelihood: -293647	(delta): 0.00292241
25 (QN/Block) 	Elapsed: 0.179	Loglikelihood: -293647	(delta): 0.00179538
26 (QN/Block) 	Elapsed: 0.186	Loglikelihood: -293647	(delta): 0.0031176
27 (QN/Block) 	Elapsed: 0.187	Loglikelihood: -293647	(delta): 0.000322602
28 (QN/Block) 	Elapsed: 0.186	Loglikelihood: -293647	(delta): 0.000222529
29 (QN/Block) 	Elapsed: 0.182	Loglikelihood: -293647	(delta): 1.51871e-05
Summary: 
Converged in 29 iterations (5.793 sec)
Loglikelihood: -293647.060044
Fst divergences between estimated populations: 
	Pop0	Pop1	Pop2	Pop3	
Pop0	
Pop1	0.393	
Pop2	0.398	0.348	
Pop3	0.394	0.362	0.101	
Pop4	0.425	0.407	0.292	0.302	
CV error (K=5): 0.17930
Writing output files.
