****                   ADMIXTURE Version 1.3.0                  ****
****                    Copyright 2008-2015                     ****
****           David Alexander, Suyash Shringarpure,            ****
****                John  Novembre, Ken Lange                   ****
****                                                            ****
****                 Please cite our paper!                     ****
****   Information at www.genetics.ucla.edu/software/admixture  ****

Cross-validation will be performed.  Folds=5.
Parallel execution requested.  Will use 10 threads.
Random seed: 1722617991
Point estimation method: Block relaxation algorithm
Convergence acceleration algorithm: QuasiNewton, 3 secant conditions
Point estimation will terminate when objective function delta < 0.0001
Estimation of standard errors disabled; will compute point estimates only.
Size of G: 364x3412
Performing five EM steps to prime main algorithm
1 (EM) 	Elapsed: 0.124	Loglikelihood: -453883	(delta): 1.12992e+06
2 (EM) 	Elapsed: 0.123	Loglikelihood: -421908	(delta): 31974.8
3 (EM) 	Elapsed: 0.124	Loglikelihood: -417477	(delta): 4430.74
4 (EM) 	Elapsed: 0.123	Loglikelihood: -415199	(delta): 2278.13
5 (EM) 	Elapsed: 0.123	Loglikelihood: -413518	(delta): 1681.17
Initial loglikelihood: -413518
Starting main algorithm
1 (QN/Block) 	Elapsed: 0.315	Loglikelihood: -338401	(delta): 75117.1
2 (QN/Block) 	Elapsed: 0.318	Loglikelihood: -305692	(delta): 32708.2
3 (QN/Block) 	Elapsed: 0.321	Loglikelihood: -296668	(delta): 9024.13
4 (QN/Block) 	Elapsed: 0.32	Loglikelihood: -291951	(delta): 4717.27
5 (QN/Block) 	Elapsed: 0.324	Loglikelihood: -286929	(delta): 5021.73
6 (QN/Block) 	Elapsed: 0.322	Loglikelihood: -281410	(delta): 5518.96
7 (QN/Block) 	Elapsed: 0.322	Loglikelihood: -278748	(delta): 2662.65
8 (QN/Block) 	Elapsed: 0.32	Loglikelihood: -277732	(delta): 1015.98
9 (QN/Block) 	Elapsed: 0.32	Loglikelihood: -277518	(delta): 213.834
10 (QN/Block) 	Elapsed: 0.322	Loglikelihood: -277462	(delta): 56.3898
11 (QN/Block) 	Elapsed: 0.321	Loglikelihood: -277441	(delta): 20.7677
12 (QN/Block) 	Elapsed: 0.321	Loglikelihood: -277420	(delta): 20.4176
13 (QN/Block) 	Elapsed: 0.319	Loglikelihood: -277407	(delta): 13.645
14 (QN/Block) 	Elapsed: 0.32	Loglikelihood: -277402	(delta): 4.8091
15 (QN/Block) 	Elapsed: 0.325	Loglikelihood: -277398	(delta): 4.0403
16 (QN/Block) 	Elapsed: 0.325	Loglikelihood: -277395	(delta): 2.94938
17 (QN/Block) 	Elapsed: 0.325	Loglikelihood: -277391	(delta): 3.86825
18 (QN/Block) 	Elapsed: 0.323	Loglikelihood: -277387	(delta): 3.608
19 (QN/Block) 	Elapsed: 0.325	Loglikelihood: -277385	(delta): 2.64652
20 (QN/Block) 	Elapsed: 0.325	Loglikelihood: -277378	(delta): 6.69101
21 (QN/Block) 	Elapsed: 0.325	Loglikelihood: -277370	(delta): 7.82533
22 (QN/Block) 	Elapsed: 0.326	Loglikelihood: -277362	(delta): 8.20526
23 (QN/Block) 	Elapsed: 0.323	Loglikelihood: -277353	(delta): 9.16352
24 (QN/Block) 	Elapsed: 0.326	Loglikelihood: -277343	(delta): 9.60708
25 (QN/Block) 	Elapsed: 0.324	Loglikelihood: -277331	(delta): 11.9866
26 (QN/Block) 	Elapsed: 0.323	Loglikelihood: -277322	(delta): 9.44718
27 (QN/Block) 	Elapsed: 0.322	Loglikelihood: -277312	(delta): 9.4997
28 (QN/Block) 	Elapsed: 0.322	Loglikelihood: -277292	(delta): 19.9792
29 (QN/Block) 	Elapsed: 0.32	Loglikelihood: -277281	(delta): 11.1168
30 (QN/Block) 	Elapsed: 0.32	Loglikelihood: -277274	(delta): 7.28027
31 (QN/Block) 	Elapsed: 0.32	Loglikelihood: -277271	(delta): 3.32583
32 (QN/Block) 	Elapsed: 0.323	Loglikelihood: -277263	(delta): 7.24789
33 (QN/Block) 	Elapsed: 0.321	Loglikelihood: -277261	(delta): 2.48689
34 (QN/Block) 	Elapsed: 0.323	Loglikelihood: -277256	(delta): 4.86822
35 (QN/Block) 	Elapsed: 0.325	Loglikelihood: -277250	(delta): 6.20176
36 (QN/Block) 	Elapsed: 0.323	Loglikelihood: -277248	(delta): 1.71694
37 (QN/Block) 	Elapsed: 0.322	Loglikelihood: -277246	(delta): 1.7544
38 (QN/Block) 	Elapsed: 0.325	Loglikelihood: -277242	(delta): 4.59225
39 (QN/Block) 	Elapsed: 0.325	Loglikelihood: -277236	(delta): 5.36206
40 (QN/Block) 	Elapsed: 0.324	Loglikelihood: -277232	(delta): 4.46641
41 (QN/Block) 	Elapsed: 0.326	Loglikelihood: -277228	(delta): 3.94503
42 (QN/Block) 	Elapsed: 0.321	Loglikelihood: -277224	(delta): 3.91963
43 (QN/Block) 	Elapsed: 0.325	Loglikelihood: -277222	(delta): 1.95475
44 (QN/Block) 	Elapsed: 0.322	Loglikelihood: -277221	(delta): 0.751697
45 (QN/Block) 	Elapsed: 0.324	Loglikelihood: -277220	(delta): 1.32831
46 (QN/Block) 	Elapsed: 0.324	Loglikelihood: -277219	(delta): 0.828667
47 (QN/Block) 	Elapsed: 0.324	Loglikelihood: -277217	(delta): 2.03042
48 (QN/Block) 	Elapsed: 0.322	Loglikelihood: -277216	(delta): 1.52453
49 (QN/Block) 	Elapsed: 0.323	Loglikelihood: -277215	(delta): 0.83153
50 (QN/Block) 	Elapsed: 0.325	Loglikelihood: -277214	(delta): 0.487343
51 (QN/Block) 	Elapsed: 0.321	Loglikelihood: -277214	(delta): 0.10758
52 (QN/Block) 	Elapsed: 0.324	Loglikelihood: -277214	(delta): 0.0502544
53 (QN/Block) 	Elapsed: 0.32	Loglikelihood: -277214	(delta): 0.0549395
54 (QN/Block) 	Elapsed: 0.321	Loglikelihood: -277214	(delta): 0.0365419
55 (QN/Block) 	Elapsed: 0.323	Loglikelihood: -277214	(delta): 0.0203047
56 (QN/Block) 	Elapsed: 0.325	Loglikelihood: -277214	(delta): 0.0164635
57 (QN/Block) 	Elapsed: 0.325	Loglikelihood: -277214	(delta): 0.015474
58 (QN/Block) 	Elapsed: 0.326	Loglikelihood: -277214	(delta): 0.0208401
59 (QN/Block) 	Elapsed: 0.325	Loglikelihood: -277214	(delta): 0.0227947
60 (QN/Block) 	Elapsed: 0.326	Loglikelihood: -277214	(delta): 0.00340563
61 (QN/Block) 	Elapsed: 0.323	Loglikelihood: -277214	(delta): 0.00295769
62 (QN/Block) 	Elapsed: 0.326	Loglikelihood: -277214	(delta): 0.0029572
63 (QN/Block) 	Elapsed: 0.325	Loglikelihood: -277214	(delta): 0.00299842
64 (QN/Block) 	Elapsed: 0.324	Loglikelihood: -277214	(delta): 0.00306242
65 (QN/Block) 	Elapsed: 0.323	Loglikelihood: -277214	(delta): 0.0032404
66 (QN/Block) 	Elapsed: 0.324	Loglikelihood: -277214	(delta): 0.00350297
67 (QN/Block) 	Elapsed: 0.325	Loglikelihood: -277214	(delta): 0.00381666
68 (QN/Block) 	Elapsed: 0.325	Loglikelihood: -277214	(delta): 0.00417927
69 (QN/Block) 	Elapsed: 0.325	Loglikelihood: -277214	(delta): 0.00456523
70 (QN/Block) 	Elapsed: 0.325	Loglikelihood: -277214	(delta): 0.00500645
71 (QN/Block) 	Elapsed: 0.325	Loglikelihood: -277214	(delta): 0.00552188
72 (QN/Block) 	Elapsed: 0.325	Loglikelihood: -277214	(delta): 0.00612383
73 (QN/Block) 	Elapsed: 0.325	Loglikelihood: -277214	(delta): 0.00683391
74 (QN/Block) 	Elapsed: 0.325	Loglikelihood: -277214	(delta): 0.00768307
75 (QN/Block) 	Elapsed: 0.326	Loglikelihood: -277214	(delta): 0.00871364
76 (QN/Block) 	Elapsed: 0.325	Loglikelihood: -277214	(delta): 0.00859355
77 (QN/Block) 	Elapsed: 0.325	Loglikelihood: -277214	(delta): 0.00693526
78 (QN/Block) 	Elapsed: 0.325	Loglikelihood: -277214	(delta): 0.00600739
79 (QN/Block) 	Elapsed: 0.325	Loglikelihood: -277214	(delta): 0.00468348
80 (QN/Block) 	Elapsed: 0.322	Loglikelihood: -277214	(delta): 0.0105441
81 (QN/Block) 	Elapsed: 0.318	Loglikelihood: -277214	(delta): 0.0111471
82 (QN/Block) 	Elapsed: 0.321	Loglikelihood: -277214	(delta): 0.0025036
83 (QN/Block) 	Elapsed: 0.32	Loglikelihood: -277214	(delta): 0.00062222
84 (QN/Block) 	Elapsed: 0.32	Loglikelihood: -277214	(delta): 0.000140892
85 (QN/Block) 	Elapsed: 0.32	Loglikelihood: -277214	(delta): 4.30067e-05
Summary: 
Converged in 85 iterations (28.248 sec)
Loglikelihood: -277213.855920
Fst divergences between estimated populations: 
	Pop0	Pop1	Pop2	Pop3	Pop4	Pop5	Pop6	
Pop0	
Pop1	0.031	
Pop2	0.135	0.135	
Pop3	0.356	0.356	0.377	
Pop4	0.048	0.044	0.124	0.358	
Pop5	0.446	0.446	0.445	0.436	0.446	
Pop6	0.330	0.327	0.332	0.363	0.329	0.418	
Pop7	0.303	0.298	0.317	0.408	0.296	0.468	0.395	
CV error (K=8): 0.17416
Writing output files.
