****                   ADMIXTURE Version 1.3.0                  ****
****                    Copyright 2008-2015                     ****
****           David Alexander, Suyash Shringarpure,            ****
****                John  Novembre, Ken Lange                   ****
****                                                            ****
****                 Please cite our paper!                     ****
****   Information at www.genetics.ucla.edu/software/admixture  ****

Cross-validation will be performed.  Folds=5.
Parallel execution requested.  Will use 10 threads.
Random seed: 1722617330
Point estimation method: Block relaxation algorithm
Convergence acceleration algorithm: QuasiNewton, 3 secant conditions
Point estimation will terminate when objective function delta < 0.0001
Estimation of standard errors disabled; will compute point estimates only.
Size of G: 364x3412
Performing five EM steps to prime main algorithm
1 (EM) 	Elapsed: 0.025	Loglikelihood: -433767	(delta): 1.40713e+06
2 (EM) 	Elapsed: 0.023	Loglikelihood: -418225	(delta): 15542.6
3 (EM) 	Elapsed: 0.021	Loglikelihood: -415243	(delta): 2981.34
4 (EM) 	Elapsed: 0.021	Loglikelihood: -413822	(delta): 1421.48
5 (EM) 	Elapsed: 0.021	Loglikelihood: -413121	(delta): 700.921
Initial loglikelihood: -413121
Starting main algorithm
1 (QN/Block) 	Elapsed: 0.061	Loglikelihood: -381116	(delta): 32005.2
2 (QN/Block) 	Elapsed: 0.059	Loglikelihood: -366969	(delta): 14147.1
3 (QN/Block) 	Elapsed: 0.073	Loglikelihood: -358311	(delta): 8657.19
4 (QN/Block) 	Elapsed: 0.064	Loglikelihood: -353158	(delta): 5153.09
5 (QN/Block) 	Elapsed: 0.062	Loglikelihood: -350541	(delta): 2617.49
6 (QN/Block) 	Elapsed: 0.061	Loglikelihood: -349956	(delta): 584.69
7 (QN/Block) 	Elapsed: 0.065	Loglikelihood: -349920	(delta): 35.9273
8 (QN/Block) 	Elapsed: 0.059	Loglikelihood: -349919	(delta): 0.730325
9 (QN/Block) 	Elapsed: 0.058	Loglikelihood: -349919	(delta): 0.127241
10 (QN/Block) 	Elapsed: 0.059	Loglikelihood: -349919	(delta): 0.0430335
11 (QN/Block) 	Elapsed: 0.078	Loglikelihood: -349919	(delta): 0.0121895
12 (QN/Block) 	Elapsed: 0.06	Loglikelihood: -349919	(delta): 0.00754956
13 (QN/Block) 	Elapsed: 0.067	Loglikelihood: -349919	(delta): 0.00550412
14 (QN/Block) 	Elapsed: 0.059	Loglikelihood: -349919	(delta): 0.00184903
15 (QN/Block) 	Elapsed: 0.071	Loglikelihood: -349919	(delta): 0.000914344
16 (QN/Block) 	Elapsed: 0.061	Loglikelihood: -349919	(delta): 1.25894e-05
Summary: 
Converged in 16 iterations (1.164 sec)
Loglikelihood: -349919.259554
Fst divergences between estimated populations: 
	Pop0	
Pop0	
Pop1	0.249	
CV error (K=2): 0.22102
Writing output files.
