****                   ADMIXTURE Version 1.3.0                  ****
****                    Copyright 2008-2015                     ****
****           David Alexander, Suyash Shringarpure,            ****
****                John  Novembre, Ken Lange                   ****
****                                                            ****
****                 Please cite our paper!                     ****
****   Information at www.genetics.ucla.edu/software/admixture  ****

Cross-validation will be performed.  Folds=5.
Parallel execution requested.  Will use 10 threads.
Random seed: 1722617306
Point estimation method: Block relaxation algorithm
Convergence acceleration algorithm: QuasiNewton, 3 secant conditions
Point estimation will terminate when objective function delta < 0.0001
Estimation of standard errors disabled; will compute point estimates only.
Size of G: 364x3412
Performing five EM steps to prime main algorithm
1 (EM) 	Elapsed: 0.086	Loglikelihood: -450517	(delta): 1.16999e+06
2 (EM) 	Elapsed: 0.076	Loglikelihood: -421476	(delta): 29040.7
3 (EM) 	Elapsed: 0.076	Loglikelihood: -416549	(delta): 4926.5
4 (EM) 	Elapsed: 0.076	Loglikelihood: -413635	(delta): 2914.92
5 (EM) 	Elapsed: 0.075	Loglikelihood: -411348	(delta): 2286.67
Initial loglikelihood: -411348
Starting main algorithm
1 (QN/Block) 	Elapsed: 0.218	Loglikelihood: -336645	(delta): 74702.7
2 (QN/Block) 	Elapsed: 0.229	Loglikelihood: -319421	(delta): 17224.7
3 (QN/Block) 	Elapsed: 0.231	Loglikelihood: -309794	(delta): 9626.85
4 (QN/Block) 	Elapsed: 0.222	Loglikelihood: -304372	(delta): 5421.39
5 (QN/Block) 	Elapsed: 0.223	Loglikelihood: -302401	(delta): 1970.83
6 (QN/Block) 	Elapsed: 0.233	Loglikelihood: -301575	(delta): 826.468
7 (QN/Block) 	Elapsed: 0.277	Loglikelihood: -299996	(delta): 1579.18
8 (QN/Block) 	Elapsed: 0.224	Loglikelihood: -295233	(delta): 4763.11
9 (QN/Block) 	Elapsed: 0.231	Loglikelihood: -289894	(delta): 5338.99
10 (QN/Block) 	Elapsed: 0.226	Loglikelihood: -288347	(delta): 1546.57
11 (QN/Block) 	Elapsed: 0.228	Loglikelihood: -287264	(delta): 1083.23
12 (QN/Block) 	Elapsed: 0.22	Loglikelihood: -287072	(delta): 191.701
13 (QN/Block) 	Elapsed: 0.216	Loglikelihood: -287033	(delta): 38.9959
14 (QN/Block) 	Elapsed: 0.211	Loglikelihood: -287019	(delta): 14.4453
15 (QN/Block) 	Elapsed: 0.218	Loglikelihood: -287014	(delta): 5.06891
16 (QN/Block) 	Elapsed: 0.21	Loglikelihood: -287013	(delta): 0.990203
17 (QN/Block) 	Elapsed: 0.218	Loglikelihood: -287012	(delta): 0.761338
18 (QN/Block) 	Elapsed: 0.211	Loglikelihood: -287012	(delta): 0.0107333
19 (QN/Block) 	Elapsed: 0.217	Loglikelihood: -287012	(delta): 0.000712224
20 (QN/Block) 	Elapsed: 0.252	Loglikelihood: -287012	(delta): 0.000675962
21 (QN/Block) 	Elapsed: 0.211	Loglikelihood: -287012	(delta): 0.000356996
22 (QN/Block) 	Elapsed: 0.211	Loglikelihood: -287012	(delta): 5.29907e-05
Summary: 
Converged in 22 iterations (5.399 sec)
Loglikelihood: -287011.936514
Fst divergences between estimated populations: 
	Pop0	Pop1	Pop2	Pop3	
Pop0	
Pop1	0.394	
Pop2	0.407	0.362	
Pop3	0.280	0.307	0.340	
Pop4	0.467	0.418	0.436	0.428	
CV error (K=5): 0.17208
Writing output files.
