****                   ADMIXTURE Version 1.3.0                  ****
****                    Copyright 2008-2015                     ****
****           David Alexander, Suyash Shringarpure,            ****
****                John  Novembre, Ken Lange                   ****
****                                                            ****
****                 Please cite our paper!                     ****
****   Information at www.genetics.ucla.edu/software/admixture  ****

Cross-validation will be performed.  Folds=5.
Parallel execution requested.  Will use 10 threads.
Random seed: 1722617585
Point estimation method: Block relaxation algorithm
Convergence acceleration algorithm: QuasiNewton, 3 secant conditions
Point estimation will terminate when objective function delta < 0.0001
Estimation of standard errors disabled; will compute point estimates only.
Size of G: 364x3412
Performing five EM steps to prime main algorithm
1 (EM) 	Elapsed: 0.053	Loglikelihood: -451507	(delta): 1.1852e+06
2 (EM) 	Elapsed: 0.05	Loglikelihood: -422138	(delta): 29368.7
3 (EM) 	Elapsed: 0.05	Loglikelihood: -417623	(delta): 4514.55
4 (EM) 	Elapsed: 0.05	Loglikelihood: -415179	(delta): 2444.39
5 (EM) 	Elapsed: 0.05	Loglikelihood: -413357	(delta): 1821.96
Initial loglikelihood: -413357
Starting main algorithm
1 (QN/Block) 	Elapsed: 0.139	Loglikelihood: -342856	(delta): 70500.6
2 (QN/Block) 	Elapsed: 0.139	Loglikelihood: -317425	(delta): 25431.4
3 (QN/Block) 	Elapsed: 0.142	Loglikelihood: -304278	(delta): 13146.6
4 (QN/Block) 	Elapsed: 0.142	Loglikelihood: -297715	(delta): 6562.93
5 (QN/Block) 	Elapsed: 0.143	Loglikelihood: -295144	(delta): 2570.97
6 (QN/Block) 	Elapsed: 0.142	Loglikelihood: -294600	(delta): 544.177
7 (QN/Block) 	Elapsed: 0.142	Loglikelihood: -294444	(delta): 156.513
8 (QN/Block) 	Elapsed: 0.143	Loglikelihood: -294394	(delta): 49.7632
9 (QN/Block) 	Elapsed: 0.145	Loglikelihood: -294381	(delta): 13.412
10 (QN/Block) 	Elapsed: 0.142	Loglikelihood: -294378	(delta): 2.9914
11 (QN/Block) 	Elapsed: 0.145	Loglikelihood: -294376	(delta): 1.24229
12 (QN/Block) 	Elapsed: 0.142	Loglikelihood: -294376	(delta): 0.223625
13 (QN/Block) 	Elapsed: 0.142	Loglikelihood: -294376	(delta): 0.0195783
14 (QN/Block) 	Elapsed: 0.143	Loglikelihood: -294376	(delta): 0.00567482
15 (QN/Block) 	Elapsed: 0.143	Loglikelihood: -294376	(delta): 0.00120863
16 (QN/Block) 	Elapsed: 0.143	Loglikelihood: -294376	(delta): 0.000240694
17 (QN/Block) 	Elapsed: 0.142	Loglikelihood: -294376	(delta): 9.19037e-05
Summary: 
Converged in 17 iterations (2.711 sec)
Loglikelihood: -294376.052727
Fst divergences between estimated populations: 
	Pop0	Pop1	Pop2	Pop3	
Pop0	
Pop1	0.438	
Pop2	0.434	0.102	
Pop3	0.408	0.238	0.246	
Pop4	0.433	0.349	0.363	0.350	
CV error (K=5): 0.17956
Writing output files.
