****                   ADMIXTURE Version 1.3.0                  ****
****                    Copyright 2008-2015                     ****
****           David Alexander, Suyash Shringarpure,            ****
****                John  Novembre, Ken Lange                   ****
****                                                            ****
****                 Please cite our paper!                     ****
****   Information at www.genetics.ucla.edu/software/admixture  ****

Cross-validation will be performed.  Folds=5.
Parallel execution requested.  Will use 10 threads.
Random seed: 1722617297
Point estimation method: Block relaxation algorithm
Convergence acceleration algorithm: QuasiNewton, 3 secant conditions
Point estimation will terminate when objective function delta < 0.0001
Estimation of standard errors disabled; will compute point estimates only.
Size of G: 364x3412
Performing five EM steps to prime main algorithm
1 (EM) 	Elapsed: 0.096	Loglikelihood: -450929	(delta): 1.1992e+06
2 (EM) 	Elapsed: 0.095	Loglikelihood: -422221	(delta): 28708.4
3 (EM) 	Elapsed: 0.095	Loglikelihood: -417531	(delta): 4690.24
4 (EM) 	Elapsed: 0.095	Loglikelihood: -415025	(delta): 2505.93
5 (EM) 	Elapsed: 0.095	Loglikelihood: -413169	(delta): 1855.41
Initial loglikelihood: -413169
Starting main algorithm
1 (QN/Block) 	Elapsed: 0.276	Loglikelihood: -343016	(delta): 70153.2
2 (QN/Block) 	Elapsed: 0.275	Loglikelihood: -325880	(delta): 17136.1
3 (QN/Block) 	Elapsed: 0.278	Loglikelihood: -318603	(delta): 7277.17
4 (QN/Block) 	Elapsed: 0.274	Loglikelihood: -315227	(delta): 3375.68
5 (QN/Block) 	Elapsed: 0.244	Loglikelihood: -309704	(delta): 5522.8
6 (QN/Block) 	Elapsed: 0.242	Loglikelihood: -299926	(delta): 9778.29
7 (QN/Block) 	Elapsed: 0.267	Loglikelihood: -293299	(delta): 6627.55
8 (QN/Block) 	Elapsed: 0.24	Loglikelihood: -288299	(delta): 4999.88
9 (QN/Block) 	Elapsed: 0.238	Loglikelihood: -287298	(delta): 1000.23
10 (QN/Block) 	Elapsed: 0.252	Loglikelihood: -287088	(delta): 210.37
11 (QN/Block) 	Elapsed: 0.233	Loglikelihood: -287025	(delta): 62.6301
12 (QN/Block) 	Elapsed: 0.247	Loglikelihood: -287013	(delta): 12.7161
13 (QN/Block) 	Elapsed: 0.244	Loglikelihood: -287012	(delta): 0.600109
14 (QN/Block) 	Elapsed: 0.233	Loglikelihood: -287012	(delta): 0.0516072
15 (QN/Block) 	Elapsed: 0.235	Loglikelihood: -287012	(delta): 0.0434043
16 (QN/Block) 	Elapsed: 0.252	Loglikelihood: -287012	(delta): 0.0331918
17 (QN/Block) 	Elapsed: 0.232	Loglikelihood: -287012	(delta): 0.0157148
18 (QN/Block) 	Elapsed: 0.239	Loglikelihood: -287012	(delta): 0.00769857
19 (QN/Block) 	Elapsed: 0.233	Loglikelihood: -287012	(delta): 0.000496502
20 (QN/Block) 	Elapsed: 0.232	Loglikelihood: -287012	(delta): 0.000235794
21 (QN/Block) 	Elapsed: 0.24	Loglikelihood: -287012	(delta): 0.000162139
22 (QN/Block) 	Elapsed: 0.242	Loglikelihood: -287012	(delta): 4.14639e-05
Summary: 
Converged in 22 iterations (5.99 sec)
Loglikelihood: -287011.966657
Fst divergences between estimated populations: 
	Pop0	Pop1	Pop2	Pop3	
Pop0	
Pop1	0.394	
Pop2	0.362	0.407	
Pop3	0.418	0.467	0.436	
Pop4	0.307	0.280	0.340	0.428	
CV error (K=5): 0.17217
Writing output files.
