****                   ADMIXTURE Version 1.3.0                  ****
****                    Copyright 2008-2015                     ****
****           David Alexander, Suyash Shringarpure,            ****
****                John  Novembre, Ken Lange                   ****
****                                                            ****
****                 Please cite our paper!                     ****
****   Information at www.genetics.ucla.edu/software/admixture  ****

Cross-validation will be performed.  Folds=5.
Parallel execution requested.  Will use 10 threads.
Random seed: 1722617490
Point estimation method: Block relaxation algorithm
Convergence acceleration algorithm: QuasiNewton, 3 secant conditions
Point estimation will terminate when objective function delta < 0.0001
Estimation of standard errors disabled; will compute point estimates only.
Size of G: 364x3412
Performing five EM steps to prime main algorithm
1 (EM) 	Elapsed: 0.044	Loglikelihood: -451424	(delta): 1.23154e+06
2 (EM) 	Elapsed: 0.042	Loglikelihood: -422118	(delta): 29306
3 (EM) 	Elapsed: 0.042	Loglikelihood: -417547	(delta): 4570.71
4 (EM) 	Elapsed: 0.042	Loglikelihood: -415039	(delta): 2508.54
5 (EM) 	Elapsed: 0.042	Loglikelihood: -413231	(delta): 1807.33
Initial loglikelihood: -413231
Starting main algorithm
1 (QN/Block) 	Elapsed: 0.15	Loglikelihood: -352352	(delta): 60879.4
2 (QN/Block) 	Elapsed: 0.141	Loglikelihood: -331024	(delta): 21328
3 (QN/Block) 	Elapsed: 0.132	Loglikelihood: -318605	(delta): 12418.8
4 (QN/Block) 	Elapsed: 0.146	Loglikelihood: -308804	(delta): 9801.21
5 (QN/Block) 	Elapsed: 0.139	Loglikelihood: -302530	(delta): 6273.93
6 (QN/Block) 	Elapsed: 0.148	Loglikelihood: -300317	(delta): 2212.47
7 (QN/Block) 	Elapsed: 0.136	Loglikelihood: -299980	(delta): 337.589
8 (QN/Block) 	Elapsed: 0.146	Loglikelihood: -299904	(delta): 75.4885
9 (QN/Block) 	Elapsed: 0.147	Loglikelihood: -299895	(delta): 9.1385
10 (QN/Block) 	Elapsed: 0.146	Loglikelihood: -299894	(delta): 1.65266
11 (QN/Block) 	Elapsed: 0.146	Loglikelihood: -299893	(delta): 0.0601448
12 (QN/Block) 	Elapsed: 0.153	Loglikelihood: -299893	(delta): 0.0187133
13 (QN/Block) 	Elapsed: 0.146	Loglikelihood: -299893	(delta): 0.0154454
14 (QN/Block) 	Elapsed: 0.143	Loglikelihood: -299893	(delta): 0.00733314
15 (QN/Block) 	Elapsed: 0.133	Loglikelihood: -299893	(delta): 0.00516609
16 (QN/Block) 	Elapsed: 0.137	Loglikelihood: -299893	(delta): 0.000325293
17 (QN/Block) 	Elapsed: 0.144	Loglikelihood: -299893	(delta): 7.12819e-05
Summary: 
Converged in 17 iterations (2.678 sec)
Loglikelihood: -299893.448077
Fst divergences between estimated populations: 
	Pop0	Pop1	Pop2	
Pop0	
Pop1	0.338	
Pop2	0.279	0.406	
Pop3	0.382	0.390	0.420	
CV error (K=4): 0.18113
Writing output files.
