****                   ADMIXTURE Version 1.3.0                  ****
****                    Copyright 2008-2015                     ****
****           David Alexander, Suyash Shringarpure,            ****
****                John  Novembre, Ken Lange                   ****
****                                                            ****
****                 Please cite our paper!                     ****
****   Information at www.genetics.ucla.edu/software/admixture  ****

Cross-validation will be performed.  Folds=5.
Parallel execution requested.  Will use 10 threads.
Random seed: 1722617297
Point estimation method: Block relaxation algorithm
Convergence acceleration algorithm: QuasiNewton, 3 secant conditions
Point estimation will terminate when objective function delta < 0.0001
Estimation of standard errors disabled; will compute point estimates only.
Size of G: 364x3412
Performing five EM steps to prime main algorithm
1 (EM) 	Elapsed: 0.031	Loglikelihood: -435145	(delta): 1.40437e+06
2 (EM) 	Elapsed: 0.029	Loglikelihood: -418601	(delta): 16544.6
3 (EM) 	Elapsed: 0.029	Loglikelihood: -415867	(delta): 2734.14
4 (EM) 	Elapsed: 0.028	Loglikelihood: -414488	(delta): 1378.85
5 (EM) 	Elapsed: 0.029	Loglikelihood: -413754	(delta): 733.283
Initial loglikelihood: -413754
Starting main algorithm
1 (QN/Block) 	Elapsed: 0.089	Loglikelihood: -376451	(delta): 37303.8
2 (QN/Block) 	Elapsed: 0.087	Loglikelihood: -363020	(delta): 13430.2
3 (QN/Block) 	Elapsed: 0.094	Loglikelihood: -355429	(delta): 7591.14
4 (QN/Block) 	Elapsed: 0.093	Loglikelihood: -351526	(delta): 3903.1
5 (QN/Block) 	Elapsed: 0.093	Loglikelihood: -350324	(delta): 1201.92
6 (QN/Block) 	Elapsed: 0.093	Loglikelihood: -349987	(delta): 337.06
7 (QN/Block) 	Elapsed: 0.092	Loglikelihood: -349932	(delta): 55.6754
8 (QN/Block) 	Elapsed: 0.094	Loglikelihood: -349920	(delta): 11.1851
9 (QN/Block) 	Elapsed: 0.098	Loglikelihood: -349919	(delta): 1.09818
10 (QN/Block) 	Elapsed: 0.094	Loglikelihood: -349919	(delta): 0.0164235
11 (QN/Block) 	Elapsed: 0.093	Loglikelihood: -349919	(delta): 0.00603636
12 (QN/Block) 	Elapsed: 0.097	Loglikelihood: -349919	(delta): 0.011044
13 (QN/Block) 	Elapsed: 0.096	Loglikelihood: -349919	(delta): 0.000196727
14 (QN/Block) 	Elapsed: 0.093	Loglikelihood: -349919	(delta): 4.74573e-05
Summary: 
Converged in 14 iterations (1.487 sec)
Loglikelihood: -349919.259556
Fst divergences between estimated populations: 
	Pop0	
Pop0	
Pop1	0.249	
CV error (K=2): 0.22092
Writing output files.
