****                   ADMIXTURE Version 1.3.0                  ****
****                    Copyright 2008-2015                     ****
****           David Alexander, Suyash Shringarpure,            ****
****                John  Novembre, Ken Lange                   ****
****                                                            ****
****                 Please cite our paper!                     ****
****   Information at www.genetics.ucla.edu/software/admixture  ****

Cross-validation will be performed.  Folds=5.
Parallel execution requested.  Will use 10 threads.
Random seed: 1722617353
Point estimation method: Block relaxation algorithm
Convergence acceleration algorithm: QuasiNewton, 3 secant conditions
Point estimation will terminate when objective function delta < 0.0001
Estimation of standard errors disabled; will compute point estimates only.
Size of G: 364x3412
Performing five EM steps to prime main algorithm
1 (EM) 	Elapsed: 0.072	Loglikelihood: -449388	(delta): 1.18509e+06
2 (EM) 	Elapsed: 0.07	Loglikelihood: -421912	(delta): 27476.3
3 (EM) 	Elapsed: 0.069	Loglikelihood: -417487	(delta): 4425.01
4 (EM) 	Elapsed: 0.069	Loglikelihood: -414926	(delta): 2560.57
5 (EM) 	Elapsed: 0.069	Loglikelihood: -413025	(delta): 1901.03
Initial loglikelihood: -413025
Starting main algorithm
1 (QN/Block) 	Elapsed: 0.188	Loglikelihood: -337156	(delta): 75869.7
2 (QN/Block) 	Elapsed: 0.191	Loglikelihood: -311504	(delta): 25651.3
3 (QN/Block) 	Elapsed: 0.197	Loglikelihood: -301730	(delta): 9774.59
4 (QN/Block) 	Elapsed: 0.186	Loglikelihood: -295843	(delta): 5886.53
5 (QN/Block) 	Elapsed: 0.18	Loglikelihood: -294210	(delta): 1633.32
6 (QN/Block) 	Elapsed: 0.181	Loglikelihood: -293769	(delta): 441.276
7 (QN/Block) 	Elapsed: 0.185	Loglikelihood: -293675	(delta): 93.9427
8 (QN/Block) 	Elapsed: 0.178	Loglikelihood: -293652	(delta): 22.6183
9 (QN/Block) 	Elapsed: 0.18	Loglikelihood: -293648	(delta): 4.16901
10 (QN/Block) 	Elapsed: 0.181	Loglikelihood: -293647	(delta): 0.637476
11 (QN/Block) 	Elapsed: 0.182	Loglikelihood: -293647	(delta): 0.0315417
12 (QN/Block) 	Elapsed: 0.182	Loglikelihood: -293647	(delta): 0.0156355
13 (QN/Block) 	Elapsed: 0.178	Loglikelihood: -293647	(delta): 0.014653
14 (QN/Block) 	Elapsed: 0.179	Loglikelihood: -293647	(delta): 0.00471805
15 (QN/Block) 	Elapsed: 0.182	Loglikelihood: -293647	(delta): 0.00260161
16 (QN/Block) 	Elapsed: 0.182	Loglikelihood: -293647	(delta): 0.00257636
17 (QN/Block) 	Elapsed: 0.183	Loglikelihood: -293647	(delta): 0.00158461
18 (QN/Block) 	Elapsed: 0.179	Loglikelihood: -293647	(delta): 0.000653476
19 (QN/Block) 	Elapsed: 0.179	Loglikelihood: -293647	(delta): 0.00192696
20 (QN/Block) 	Elapsed: 0.195	Loglikelihood: -293647	(delta): 0.00027204
21 (QN/Block) 	Elapsed: 0.196	Loglikelihood: -293647	(delta): 0.000618955
22 (QN/Block) 	Elapsed: 0.201	Loglikelihood: -293647	(delta): 4.96222e-05
Summary: 
Converged in 22 iterations (4.482 sec)
Loglikelihood: -293647.095991
Fst divergences between estimated populations: 
	Pop0	Pop1	Pop2	Pop3	
Pop0	
Pop1	0.393	
Pop2	0.394	0.362	
Pop3	0.425	0.407	0.302	
Pop4	0.398	0.348	0.101	0.292	
CV error (K=5): 0.17861
Writing output files.
