****                   ADMIXTURE Version 1.3.0                  ****
****                    Copyright 2008-2015                     ****
****           David Alexander, Suyash Shringarpure,            ****
****                John  Novembre, Ken Lange                   ****
****                                                            ****
****                 Please cite our paper!                     ****
****   Information at www.genetics.ucla.edu/software/admixture  ****

Cross-validation will be performed.  Folds=5.
Parallel execution requested.  Will use 10 threads.
Random seed: 1722617372
Point estimation method: Block relaxation algorithm
Convergence acceleration algorithm: QuasiNewton, 3 secant conditions
Point estimation will terminate when objective function delta < 0.0001
Estimation of standard errors disabled; will compute point estimates only.
Size of G: 364x3412
Performing five EM steps to prime main algorithm
1 (EM) 	Elapsed: 0.021	Loglikelihood: -434961	(delta): 1.41999e+06
2 (EM) 	Elapsed: 0.018	Loglikelihood: -418653	(delta): 16308
3 (EM) 	Elapsed: 0.018	Loglikelihood: -415413	(delta): 3240.63
4 (EM) 	Elapsed: 0.018	Loglikelihood: -413818	(delta): 1594.5
5 (EM) 	Elapsed: 0.018	Loglikelihood: -413001	(delta): 817.465
Initial loglikelihood: -413001
Starting main algorithm
1 (QN/Block) 	Elapsed: 0.066	Loglikelihood: -376777	(delta): 36223.9
2 (QN/Block) 	Elapsed: 0.066	Loglikelihood: -363553	(delta): 13224.4
3 (QN/Block) 	Elapsed: 0.078	Loglikelihood: -355717	(delta): 7836.04
4 (QN/Block) 	Elapsed: 0.071	Loglikelihood: -351048	(delta): 4668.18
5 (QN/Block) 	Elapsed: 0.064	Loglikelihood: -350091	(delta): 956.875
6 (QN/Block) 	Elapsed: 0.071	Loglikelihood: -349929	(delta): 162.832
7 (QN/Block) 	Elapsed: 0.076	Loglikelihood: -349920	(delta): 8.73327
8 (QN/Block) 	Elapsed: 0.069	Loglikelihood: -349919	(delta): 0.56454
9 (QN/Block) 	Elapsed: 0.067	Loglikelihood: -349919	(delta): 0.0445547
10 (QN/Block) 	Elapsed: 0.07	Loglikelihood: -349919	(delta): 0.0328723
11 (QN/Block) 	Elapsed: 0.068	Loglikelihood: -349919	(delta): 0.00789938
12 (QN/Block) 	Elapsed: 0.062	Loglikelihood: -349919	(delta): 0.000109399
13 (QN/Block) 	Elapsed: 0.061	Loglikelihood: -349919	(delta): 1.09756e-06
Summary: 
Converged in 13 iterations (1.009 sec)
Loglikelihood: -349919.259554
Fst divergences between estimated populations: 
	Pop0	
Pop0	
Pop1	0.249	
CV error (K=2): 0.22101
Writing output files.
