****                   ADMIXTURE Version 1.3.0                  ****
****                    Copyright 2008-2015                     ****
****           David Alexander, Suyash Shringarpure,            ****
****                John  Novembre, Ken Lange                   ****
****                                                            ****
****                 Please cite our paper!                     ****
****   Information at www.genetics.ucla.edu/software/admixture  ****

Cross-validation will be performed.  Folds=5.
Parallel execution requested.  Will use 10 threads.
Random seed: 1722618026
Point estimation method: Block relaxation algorithm
Convergence acceleration algorithm: QuasiNewton, 3 secant conditions
Point estimation will terminate when objective function delta < 0.0001
Estimation of standard errors disabled; will compute point estimates only.
Size of G: 364x3412
Performing five EM steps to prime main algorithm
1 (EM) 	Elapsed: 0.086	Loglikelihood: -452932	(delta): 1.15327e+06
2 (EM) 	Elapsed: 0.085	Loglikelihood: -421554	(delta): 31378.5
3 (EM) 	Elapsed: 0.085	Loglikelihood: -416391	(delta): 5162.85
4 (EM) 	Elapsed: 0.085	Loglikelihood: -413448	(delta): 2943.59
5 (EM) 	Elapsed: 0.084	Loglikelihood: -411129	(delta): 2318.61
Initial loglikelihood: -411129
Starting main algorithm
1 (QN/Block) 	Elapsed: 0.271	Loglikelihood: -332497	(delta): 78632.2
2 (QN/Block) 	Elapsed: 0.292	Loglikelihood: -305382	(delta): 27114.8
3 (QN/Block) 	Elapsed: 0.275	Loglikelihood: -296615	(delta): 8766.6
4 (QN/Block) 	Elapsed: 0.273	Loglikelihood: -292601	(delta): 4014.53
5 (QN/Block) 	Elapsed: 0.287	Loglikelihood: -291165	(delta): 1435.42
6 (QN/Block) 	Elapsed: 0.283	Loglikelihood: -290765	(delta): 400.106
7 (QN/Block) 	Elapsed: 0.295	Loglikelihood: -290534	(delta): 231.291
8 (QN/Block) 	Elapsed: 0.276	Loglikelihood: -289900	(delta): 633.813
9 (QN/Block) 	Elapsed: 0.269	Loglikelihood: -286525	(delta): 3375.09
10 (QN/Block) 	Elapsed: 0.275	Loglikelihood: -281350	(delta): 5174.75
11 (QN/Block) 	Elapsed: 0.275	Loglikelihood: -280152	(delta): 1197.99
12 (QN/Block) 	Elapsed: 0.277	Loglikelihood: -279870	(delta): 282.609
13 (QN/Block) 	Elapsed: 0.278	Loglikelihood: -279768	(delta): 101.436
14 (QN/Block) 	Elapsed: 0.284	Loglikelihood: -279754	(delta): 14.0738
15 (QN/Block) 	Elapsed: 0.276	Loglikelihood: -279752	(delta): 2.13621
16 (QN/Block) 	Elapsed: 0.287	Loglikelihood: -279752	(delta): 0.304946
17 (QN/Block) 	Elapsed: 0.278	Loglikelihood: -279751	(delta): 0.54543
18 (QN/Block) 	Elapsed: 0.276	Loglikelihood: -279750	(delta): 0.649914
19 (QN/Block) 	Elapsed: 0.275	Loglikelihood: -279749	(delta): 1.20722
20 (QN/Block) 	Elapsed: 0.288	Loglikelihood: -279749	(delta): 0.0765181
21 (QN/Block) 	Elapsed: 0.275	Loglikelihood: -279749	(delta): 0.0216176
22 (QN/Block) 	Elapsed: 0.278	Loglikelihood: -279749	(delta): 0.00682619
23 (QN/Block) 	Elapsed: 0.29	Loglikelihood: -279749	(delta): 0.0117611
24 (QN/Block) 	Elapsed: 0.283	Loglikelihood: -279749	(delta): 0.030341
25 (QN/Block) 	Elapsed: 0.274	Loglikelihood: -279749	(delta): 0.0811879
26 (QN/Block) 	Elapsed: 0.295	Loglikelihood: -279749	(delta): 0.211505
27 (QN/Block) 	Elapsed: 0.305	Loglikelihood: -279749	(delta): 0.0281815
28 (QN/Block) 	Elapsed: 0.287	Loglikelihood: -279749	(delta): 0.00196396
29 (QN/Block) 	Elapsed: 0.282	Loglikelihood: -279749	(delta): 0.00187326
30 (QN/Block) 	Elapsed: 0.287	Loglikelihood: -279749	(delta): 0.000325536
31 (QN/Block) 	Elapsed: 0.272	Loglikelihood: -279749	(delta): 7.02247e-05
Summary: 
Converged in 31 iterations (9.203 sec)
Loglikelihood: -279748.796632
Fst divergences between estimated populations: 
	Pop0	Pop1	Pop2	Pop3	Pop4	Pop5	
Pop0	
Pop1	0.443	
Pop2	0.418	0.368	
Pop3	0.436	0.370	0.321	
Pop4	0.437	0.037	0.366	0.367	
Pop5	0.441	0.357	0.322	0.103	0.351	
Pop6	0.468	0.413	0.394	0.304	0.410	0.292	
CV error (K=7): 0.17222
Writing output files.
