****                   ADMIXTURE Version 1.3.0                  ****
****                    Copyright 2008-2015                     ****
****           David Alexander, Suyash Shringarpure,            ****
****                John  Novembre, Ken Lange                   ****
****                                                            ****
****                 Please cite our paper!                     ****
****   Information at www.genetics.ucla.edu/software/admixture  ****

Cross-validation will be performed.  Folds=5.
Parallel execution requested.  Will use 10 threads.
Random seed: 1722617352
Point estimation method: Block relaxation algorithm
Convergence acceleration algorithm: QuasiNewton, 3 secant conditions
Point estimation will terminate when objective function delta < 0.0001
Estimation of standard errors disabled; will compute point estimates only.
Size of G: 364x3412
Performing five EM steps to prime main algorithm
1 (EM) 	Elapsed: 0.02	Loglikelihood: -434112	(delta): 1.42318e+06
2 (EM) 	Elapsed: 0.018	Loglikelihood: -418225	(delta): 15886.8
3 (EM) 	Elapsed: 0.018	Loglikelihood: -415224	(delta): 3000.71
4 (EM) 	Elapsed: 0.018	Loglikelihood: -413907	(delta): 1317.58
5 (EM) 	Elapsed: 0.018	Loglikelihood: -413284	(delta): 622.826
Initial loglikelihood: -413284
Starting main algorithm
1 (QN/Block) 	Elapsed: 0.064	Loglikelihood: -398890	(delta): 14393.6
2 (QN/Block) 	Elapsed: 0.069	Loglikelihood: -390366	(delta): 8524.21
3 (QN/Block) 	Elapsed: 0.068	Loglikelihood: -382649	(delta): 7717.42
4 (QN/Block) 	Elapsed: 0.073	Loglikelihood: -371675	(delta): 10973.3
5 (QN/Block) 	Elapsed: 0.071	Loglikelihood: -365701	(delta): 5974.23
6 (QN/Block) 	Elapsed: 0.08	Loglikelihood: -363283	(delta): 2418.67
7 (QN/Block) 	Elapsed: 0.07	Loglikelihood: -353434	(delta): 9849.01
8 (QN/Block) 	Elapsed: 0.079	Loglikelihood: -351509	(delta): 1924.61
9 (QN/Block) 	Elapsed: 0.079	Loglikelihood: -351090	(delta): 419.289
10 (QN/Block) 	Elapsed: 0.071	Loglikelihood: -350992	(delta): 97.7649
11 (QN/Block) 	Elapsed: 0.074	Loglikelihood: -350979	(delta): 12.4155
12 (QN/Block) 	Elapsed: 0.07	Loglikelihood: -350979	(delta): 0.474118
13 (QN/Block) 	Elapsed: 0.068	Loglikelihood: -350979	(delta): 0.0379604
14 (QN/Block) 	Elapsed: 0.078	Loglikelihood: -350979	(delta): 0.0112458
15 (QN/Block) 	Elapsed: 0.076	Loglikelihood: -350979	(delta): 0.00640295
16 (QN/Block) 	Elapsed: 0.079	Loglikelihood: -350979	(delta): 0.00160084
17 (QN/Block) 	Elapsed: 0.067	Loglikelihood: -350979	(delta): 0.000499719
18 (QN/Block) 	Elapsed: 0.067	Loglikelihood: -350979	(delta): 8.53534e-05
Summary: 
Converged in 18 iterations (1.429 sec)
Loglikelihood: -350978.902635
Fst divergences between estimated populations: 
	Pop0	
Pop0	
Pop1	0.247	
CV error (K=2): 0.22177
Writing output files.
