****                   ADMIXTURE Version 1.3.0                  ****
****                    Copyright 2008-2015                     ****
****           David Alexander, Suyash Shringarpure,            ****
****                John  Novembre, Ken Lange                   ****
****                                                            ****
****                 Please cite our paper!                     ****
****   Information at www.genetics.ucla.edu/software/admixture  ****

Cross-validation will be performed.  Folds=5.
Parallel execution requested.  Will use 10 threads.
Random seed: 1722617423
Point estimation method: Block relaxation algorithm
Convergence acceleration algorithm: QuasiNewton, 3 secant conditions
Point estimation will terminate when objective function delta < 0.0001
Estimation of standard errors disabled; will compute point estimates only.
Size of G: 364x3412
Performing five EM steps to prime main algorithm
1 (EM) 	Elapsed: 0.041	Loglikelihood: -449014	(delta): 1.23567e+06
2 (EM) 	Elapsed: 0.037	Loglikelihood: -422521	(delta): 26493.2
3 (EM) 	Elapsed: 0.037	Loglikelihood: -417753	(delta): 4767.9
4 (EM) 	Elapsed: 0.037	Loglikelihood: -415054	(delta): 2698.63
5 (EM) 	Elapsed: 0.038	Loglikelihood: -413163	(delta): 1891.8
Initial loglikelihood: -413163
Starting main algorithm
1 (QN/Block) 	Elapsed: 0.12	Loglikelihood: -356523	(delta): 56639.5
2 (QN/Block) 	Elapsed: 0.119	Loglikelihood: -332519	(delta): 24003.8
3 (QN/Block) 	Elapsed: 0.125	Loglikelihood: -322219	(delta): 10300.4
4 (QN/Block) 	Elapsed: 0.128	Loglikelihood: -314500	(delta): 7718.94
5 (QN/Block) 	Elapsed: 0.122	Loglikelihood: -311327	(delta): 3173.06
6 (QN/Block) 	Elapsed: 0.123	Loglikelihood: -310400	(delta): 927.242
7 (QN/Block) 	Elapsed: 0.128	Loglikelihood: -310085	(delta): 314.647
8 (QN/Block) 	Elapsed: 0.122	Loglikelihood: -309969	(delta): 116.385
9 (QN/Block) 	Elapsed: 0.123	Loglikelihood: -309939	(delta): 29.5884
10 (QN/Block) 	Elapsed: 0.125	Loglikelihood: -309936	(delta): 3.23146
11 (QN/Block) 	Elapsed: 0.124	Loglikelihood: -309936	(delta): 0.156179
12 (QN/Block) 	Elapsed: 0.123	Loglikelihood: -309936	(delta): 0.0166088
13 (QN/Block) 	Elapsed: 0.122	Loglikelihood: -309936	(delta): 0.0310428
14 (QN/Block) 	Elapsed: 0.122	Loglikelihood: -309936	(delta): 0.00557943
15 (QN/Block) 	Elapsed: 0.124	Loglikelihood: -309936	(delta): 0.00153438
16 (QN/Block) 	Elapsed: 0.125	Loglikelihood: -309936	(delta): 0.00130508
17 (QN/Block) 	Elapsed: 0.125	Loglikelihood: -309936	(delta): 2.98413e-05
Summary: 
Converged in 17 iterations (2.327 sec)
Loglikelihood: -309935.614869
Fst divergences between estimated populations: 
	Pop0	Pop1	Pop2	
Pop0	
Pop1	0.311	
Pop2	0.403	0.425	
Pop3	0.333	0.305	0.417	
CV error (K=4): 0.19046
Writing output files.
