****                   ADMIXTURE Version 1.3.0                  ****
****                    Copyright 2008-2015                     ****
****           David Alexander, Suyash Shringarpure,            ****
****                John  Novembre, Ken Lange                   ****
****                                                            ****
****                 Please cite our paper!                     ****
****   Information at www.genetics.ucla.edu/software/admixture  ****

Cross-validation will be performed.  Folds=5.
Parallel execution requested.  Will use 10 threads.
Random seed: 1722617368
Point estimation method: Block relaxation algorithm
Convergence acceleration algorithm: QuasiNewton, 3 secant conditions
Point estimation will terminate when objective function delta < 0.0001
Estimation of standard errors disabled; will compute point estimates only.
Size of G: 364x3412
Performing five EM steps to prime main algorithm
1 (EM) 	Elapsed: 0.021	Loglikelihood: -436290	(delta): 1.38318e+06
2 (EM) 	Elapsed: 0.018	Loglikelihood: -418679	(delta): 17611.5
3 (EM) 	Elapsed: 0.018	Loglikelihood: -415393	(delta): 3285.47
4 (EM) 	Elapsed: 0.018	Loglikelihood: -413631	(delta): 1761.94
5 (EM) 	Elapsed: 0.018	Loglikelihood: -412560	(delta): 1071.29
Initial loglikelihood: -412560
Starting main algorithm
1 (QN/Block) 	Elapsed: 0.061	Loglikelihood: -378591	(delta): 33968.5
2 (QN/Block) 	Elapsed: 0.079	Loglikelihood: -367678	(delta): 10913.4
3 (QN/Block) 	Elapsed: 0.071	Loglikelihood: -359316	(delta): 8362.09
4 (QN/Block) 	Elapsed: 0.063	Loglikelihood: -353951	(delta): 5365.27
5 (QN/Block) 	Elapsed: 0.071	Loglikelihood: -352208	(delta): 1742.41
6 (QN/Block) 	Elapsed: 0.061	Loglikelihood: -351432	(delta): 775.8
7 (QN/Block) 	Elapsed: 0.062	Loglikelihood: -351085	(delta): 347.777
8 (QN/Block) 	Elapsed: 0.07	Loglikelihood: -350987	(delta): 98.0831
9 (QN/Block) 	Elapsed: 0.072	Loglikelihood: -350980	(delta): 7.02129
10 (QN/Block) 	Elapsed: 0.061	Loglikelihood: -350979	(delta): 0.486109
11 (QN/Block) 	Elapsed: 0.06	Loglikelihood: -350979	(delta): 0.098004
12 (QN/Block) 	Elapsed: 0.079	Loglikelihood: -350979	(delta): 0.0250577
13 (QN/Block) 	Elapsed: 0.06	Loglikelihood: -350979	(delta): 0.0157609
14 (QN/Block) 	Elapsed: 0.07	Loglikelihood: -350979	(delta): 0.00638213
15 (QN/Block) 	Elapsed: 0.067	Loglikelihood: -350979	(delta): 0.0038822
16 (QN/Block) 	Elapsed: 0.064	Loglikelihood: -350979	(delta): 0.00154997
17 (QN/Block) 	Elapsed: 0.06	Loglikelihood: -350979	(delta): 0.000139066
18 (QN/Block) 	Elapsed: 0.067	Loglikelihood: -350979	(delta): 2.58786e-05
Summary: 
Converged in 18 iterations (1.324 sec)
Loglikelihood: -350978.902632
Fst divergences between estimated populations: 
	Pop0	
Pop0	
Pop1	0.247	
CV error (K=2): 0.22230
Writing output files.
