****                   ADMIXTURE Version 1.3.0                  ****
****                    Copyright 2008-2015                     ****
****           David Alexander, Suyash Shringarpure,            ****
****                John  Novembre, Ken Lange                   ****
****                                                            ****
****                 Please cite our paper!                     ****
****   Information at www.genetics.ucla.edu/software/admixture  ****

Cross-validation will be performed.  Folds=5.
Parallel execution requested.  Will use 10 threads.
Random seed: 1722617377
Point estimation method: Block relaxation algorithm
Convergence acceleration algorithm: QuasiNewton, 3 secant conditions
Point estimation will terminate when objective function delta < 0.0001
Estimation of standard errors disabled; will compute point estimates only.
Size of G: 364x3412
Performing five EM steps to prime main algorithm
1 (EM) 	Elapsed: 0.035	Loglikelihood: -446277	(delta): 1.27172e+06
2 (EM) 	Elapsed: 0.034	Loglikelihood: -421245	(delta): 25032
3 (EM) 	Elapsed: 0.034	Loglikelihood: -416838	(delta): 4407.5
4 (EM) 	Elapsed: 0.034	Loglikelihood: -414532	(delta): 2305.88
5 (EM) 	Elapsed: 0.034	Loglikelihood: -413012	(delta): 1519.41
Initial loglikelihood: -413012
Starting main algorithm
1 (QN/Block) 	Elapsed: 0.107	Loglikelihood: -359254	(delta): 53758.8
2 (QN/Block) 	Elapsed: 0.108	Loglikelihood: -338281	(delta): 20972.7
3 (QN/Block) 	Elapsed: 0.112	Loglikelihood: -330574	(delta): 7707.11
4 (QN/Block) 	Elapsed: 0.113	Loglikelihood: -324166	(delta): 6408.2
5 (QN/Block) 	Elapsed: 0.115	Loglikelihood: -321744	(delta): 2421.6
6 (QN/Block) 	Elapsed: 0.118	Loglikelihood: -321121	(delta): 623.094
7 (QN/Block) 	Elapsed: 0.115	Loglikelihood: -321006	(delta): 114.943
8 (QN/Block) 	Elapsed: 0.116	Loglikelihood: -320978	(delta): 27.6065
9 (QN/Block) 	Elapsed: 0.115	Loglikelihood: -320973	(delta): 5.59033
10 (QN/Block) 	Elapsed: 0.116	Loglikelihood: -320972	(delta): 0.774192
11 (QN/Block) 	Elapsed: 0.113	Loglikelihood: -320972	(delta): 0.0948837
12 (QN/Block) 	Elapsed: 0.113	Loglikelihood: -320972	(delta): 0.0272123
13 (QN/Block) 	Elapsed: 0.113	Loglikelihood: -320972	(delta): 0.00941135
14 (QN/Block) 	Elapsed: 0.115	Loglikelihood: -320972	(delta): 0.00922381
15 (QN/Block) 	Elapsed: 0.113	Loglikelihood: -320972	(delta): 0.000499824
16 (QN/Block) 	Elapsed: 0.113	Loglikelihood: -320972	(delta): 0.000194551
17 (QN/Block) 	Elapsed: 0.113	Loglikelihood: -320972	(delta): 0.000249066
18 (QN/Block) 	Elapsed: 0.113	Loglikelihood: -320972	(delta): 0.000317095
19 (QN/Block) 	Elapsed: 0.113	Loglikelihood: -320972	(delta): 2.21575e-05
Summary: 
Converged in 19 iterations (2.38 sec)
Loglikelihood: -320971.917881
Fst divergences between estimated populations: 
	Pop0	Pop1	
Pop0	
Pop1	0.338	
Pop2	0.319	0.296	
CV error (K=3): 0.19755
Writing output files.
