****                   ADMIXTURE Version 1.3.0                  ****
****                    Copyright 2008-2015                     ****
****           David Alexander, Suyash Shringarpure,            ****
****                John  Novembre, Ken Lange                   ****
****                                                            ****
****                 Please cite our paper!                     ****
****   Information at www.genetics.ucla.edu/software/admixture  ****

Cross-validation will be performed.  Folds=5.
Parallel execution requested.  Will use 10 threads.
Random seed: 1722617434
Point estimation method: Block relaxation algorithm
Convergence acceleration algorithm: QuasiNewton, 3 secant conditions
Point estimation will terminate when objective function delta < 0.0001
Estimation of standard errors disabled; will compute point estimates only.
Size of G: 364x3412
Performing five EM steps to prime main algorithm
1 (EM) 	Elapsed: 0.089	Loglikelihood: -453188	(delta): 1.14403e+06
2 (EM) 	Elapsed: 0.087	Loglikelihood: -421181	(delta): 32007.7
3 (EM) 	Elapsed: 0.088	Loglikelihood: -416454	(delta): 4726.93
4 (EM) 	Elapsed: 0.088	Loglikelihood: -413921	(delta): 2532.31
5 (EM) 	Elapsed: 0.087	Loglikelihood: -411949	(delta): 1972.04
Initial loglikelihood: -411949
Starting main algorithm
1 (QN/Block) 	Elapsed: 0.287	Loglikelihood: -324216	(delta): 87733.9
2 (QN/Block) 	Elapsed: 0.293	Loglikelihood: -296345	(delta): 27870.4
3 (QN/Block) 	Elapsed: 0.292	Loglikelihood: -285600	(delta): 10745.3
4 (QN/Block) 	Elapsed: 0.291	Loglikelihood: -280796	(delta): 4803.78
5 (QN/Block) 	Elapsed: 0.291	Loglikelihood: -279102	(delta): 1693.75
6 (QN/Block) 	Elapsed: 0.291	Loglikelihood: -278614	(delta): 488.148
7 (QN/Block) 	Elapsed: 0.292	Loglikelihood: -278425	(delta): 188.904
8 (QN/Block) 	Elapsed: 0.292	Loglikelihood: -278335	(delta): 90.5118
9 (QN/Block) 	Elapsed: 0.292	Loglikelihood: -278269	(delta): 65.7482
10 (QN/Block) 	Elapsed: 0.291	Loglikelihood: -278211	(delta): 58.2038
11 (QN/Block) 	Elapsed: 0.294	Loglikelihood: -278154	(delta): 56.9447
12 (QN/Block) 	Elapsed: 0.295	Loglikelihood: -278105	(delta): 49.0227
13 (QN/Block) 	Elapsed: 0.295	Loglikelihood: -278059	(delta): 45.8114
14 (QN/Block) 	Elapsed: 0.295	Loglikelihood: -278027	(delta): 32.2359
15 (QN/Block) 	Elapsed: 0.295	Loglikelihood: -277994	(delta): 32.9658
16 (QN/Block) 	Elapsed: 0.294	Loglikelihood: -277969	(delta): 25.239
17 (QN/Block) 	Elapsed: 0.294	Loglikelihood: -277954	(delta): 14.984
18 (QN/Block) 	Elapsed: 0.292	Loglikelihood: -277944	(delta): 9.91623
19 (QN/Block) 	Elapsed: 0.295	Loglikelihood: -277932	(delta): 11.7253
20 (QN/Block) 	Elapsed: 0.293	Loglikelihood: -277925	(delta): 6.67895
21 (QN/Block) 	Elapsed: 0.291	Loglikelihood: -277923	(delta): 1.85049
22 (QN/Block) 	Elapsed: 0.293	Loglikelihood: -277915	(delta): 8.47215
23 (QN/Block) 	Elapsed: 0.292	Loglikelihood: -277910	(delta): 4.46795
24 (QN/Block) 	Elapsed: 0.293	Loglikelihood: -277907	(delta): 3.02971
25 (QN/Block) 	Elapsed: 0.294	Loglikelihood: -277904	(delta): 3.2881
26 (QN/Block) 	Elapsed: 0.295	Loglikelihood: -277903	(delta): 1.53817
27 (QN/Block) 	Elapsed: 0.296	Loglikelihood: -277901	(delta): 1.94403
28 (QN/Block) 	Elapsed: 0.291	Loglikelihood: -277899	(delta): 1.49438
29 (QN/Block) 	Elapsed: 0.295	Loglikelihood: -277897	(delta): 2.26331
30 (QN/Block) 	Elapsed: 0.295	Loglikelihood: -277896	(delta): 0.794218
31 (QN/Block) 	Elapsed: 0.294	Loglikelihood: -277896	(delta): 0.55405
32 (QN/Block) 	Elapsed: 0.294	Loglikelihood: -277895	(delta): 0.581172
33 (QN/Block) 	Elapsed: 0.295	Loglikelihood: -277894	(delta): 1.24683
34 (QN/Block) 	Elapsed: 0.295	Loglikelihood: -277893	(delta): 0.885432
35 (QN/Block) 	Elapsed: 0.296	Loglikelihood: -277892	(delta): 0.701216
36 (QN/Block) 	Elapsed: 0.296	Loglikelihood: -277891	(delta): 0.679183
37 (QN/Block) 	Elapsed: 0.296	Loglikelihood: -277891	(delta): 0.682441
38 (QN/Block) 	Elapsed: 0.296	Loglikelihood: -277890	(delta): 0.744052
39 (QN/Block) 	Elapsed: 0.294	Loglikelihood: -277889	(delta): 1.08158
40 (QN/Block) 	Elapsed: 0.296	Loglikelihood: -277888	(delta): 0.495136
41 (QN/Block) 	Elapsed: 0.295	Loglikelihood: -277888	(delta): 0.925852
42 (QN/Block) 	Elapsed: 0.295	Loglikelihood: -277886	(delta): 1.07751
43 (QN/Block) 	Elapsed: 0.295	Loglikelihood: -277885	(delta): 1.24478
44 (QN/Block) 	Elapsed: 0.294	Loglikelihood: -277883	(delta): 1.81189
45 (QN/Block) 	Elapsed: 0.294	Loglikelihood: -277882	(delta): 1.71789
46 (QN/Block) 	Elapsed: 0.295	Loglikelihood: -277880	(delta): 1.38859
47 (QN/Block) 	Elapsed: 0.292	Loglikelihood: -277879	(delta): 1.48088
48 (QN/Block) 	Elapsed: 0.295	Loglikelihood: -277878	(delta): 1.11118
49 (QN/Block) 	Elapsed: 0.294	Loglikelihood: -277877	(delta): 0.551369
50 (QN/Block) 	Elapsed: 0.294	Loglikelihood: -277876	(delta): 0.688175
51 (QN/Block) 	Elapsed: 0.295	Loglikelihood: -277876	(delta): 0.874611
52 (QN/Block) 	Elapsed: 0.295	Loglikelihood: -277873	(delta): 2.18892
53 (QN/Block) 	Elapsed: 0.295	Loglikelihood: -277870	(delta): 3.74844
54 (QN/Block) 	Elapsed: 0.294	Loglikelihood: -277868	(delta): 1.37584
55 (QN/Block) 	Elapsed: 0.294	Loglikelihood: -277867	(delta): 0.912113
56 (QN/Block) 	Elapsed: 0.294	Loglikelihood: -277866	(delta): 1.43004
57 (QN/Block) 	Elapsed: 0.293	Loglikelihood: -277864	(delta): 2.01546
58 (QN/Block) 	Elapsed: 0.294	Loglikelihood: -277861	(delta): 2.61265
59 (QN/Block) 	Elapsed: 0.295	Loglikelihood: -277860	(delta): 1.79956
60 (QN/Block) 	Elapsed: 0.294	Loglikelihood: -277858	(delta): 1.09689
61 (QN/Block) 	Elapsed: 0.294	Loglikelihood: -277858	(delta): 0.875468
62 (QN/Block) 	Elapsed: 0.294	Loglikelihood: -277855	(delta): 2.34193
63 (QN/Block) 	Elapsed: 0.294	Loglikelihood: -277849	(delta): 6.04338
64 (QN/Block) 	Elapsed: 0.293	Loglikelihood: -277847	(delta): 2.5137
65 (QN/Block) 	Elapsed: 0.295	Loglikelihood: -277845	(delta): 1.75245
66 (QN/Block) 	Elapsed: 0.294	Loglikelihood: -277843	(delta): 2.24016
67 (QN/Block) 	Elapsed: 0.294	Loglikelihood: -277841	(delta): 2.13744
68 (QN/Block) 	Elapsed: 0.293	Loglikelihood: -277839	(delta): 1.77952
69 (QN/Block) 	Elapsed: 0.29	Loglikelihood: -277838	(delta): 0.658866
70 (QN/Block) 	Elapsed: 0.294	Loglikelihood: -277837	(delta): 0.933363
71 (QN/Block) 	Elapsed: 0.294	Loglikelihood: -277836	(delta): 0.685771
72 (QN/Block) 	Elapsed: 0.291	Loglikelihood: -277836	(delta): 0.45659
73 (QN/Block) 	Elapsed: 0.29	Loglikelihood: -277836	(delta): 0.0813456
74 (QN/Block) 	Elapsed: 0.29	Loglikelihood: -277836	(delta): 0.0620444
75 (QN/Block) 	Elapsed: 0.295	Loglikelihood: -277836	(delta): 0.0829043
76 (QN/Block) 	Elapsed: 0.295	Loglikelihood: -277836	(delta): 0.0817123
77 (QN/Block) 	Elapsed: 0.294	Loglikelihood: -277836	(delta): 0.130384
78 (QN/Block) 	Elapsed: 0.296	Loglikelihood: -277836	(delta): 0.0655236
79 (QN/Block) 	Elapsed: 0.294	Loglikelihood: -277836	(delta): 0.0124937
80 (QN/Block) 	Elapsed: 0.296	Loglikelihood: -277835	(delta): 0.0191998
81 (QN/Block) 	Elapsed: 0.295	Loglikelihood: -277835	(delta): 0.0374256
82 (QN/Block) 	Elapsed: 0.295	Loglikelihood: -277835	(delta): 0.0670184
83 (QN/Block) 	Elapsed: 0.295	Loglikelihood: -277835	(delta): 0.0906705
84 (QN/Block) 	Elapsed: 0.295	Loglikelihood: -277835	(delta): 0.0994261
85 (QN/Block) 	Elapsed: 0.295	Loglikelihood: -277835	(delta): 0.0635256
86 (QN/Block) 	Elapsed: 0.295	Loglikelihood: -277835	(delta): 0.0267692
87 (QN/Block) 	Elapsed: 0.295	Loglikelihood: -277835	(delta): 0.121925
88 (QN/Block) 	Elapsed: 0.294	Loglikelihood: -277835	(delta): 0.314171
89 (QN/Block) 	Elapsed: 0.294	Loglikelihood: -277834	(delta): 0.328947
90 (QN/Block) 	Elapsed: 0.294	Loglikelihood: -277834	(delta): 0.0432296
91 (QN/Block) 	Elapsed: 0.293	Loglikelihood: -277834	(delta): 0.109206
92 (QN/Block) 	Elapsed: 0.29	Loglikelihood: -277834	(delta): 0.0437646
93 (QN/Block) 	Elapsed: 0.293	Loglikelihood: -277834	(delta): 0.0250127
94 (QN/Block) 	Elapsed: 0.292	Loglikelihood: -277834	(delta): 0.0026094
95 (QN/Block) 	Elapsed: 0.291	Loglikelihood: -277834	(delta): 0.000224091
96 (QN/Block) 	Elapsed: 0.29	Loglikelihood: -277834	(delta): 4.14632e-05
Summary: 
Converged in 96 iterations (28.822 sec)
Loglikelihood: -277834.107992
Fst divergences between estimated populations: 
	Pop0	Pop1	Pop2	Pop3	Pop4	Pop5	Pop6	
Pop0	
Pop1	0.044	
Pop2	0.357	0.355	
Pop3	0.441	0.438	0.443	
Pop4	0.374	0.376	0.119	0.441	
Pop5	0.357	0.356	0.025	0.442	0.115	
Pop6	0.366	0.369	0.324	0.418	0.327	0.325	
Pop7	0.413	0.412	0.294	0.468	0.311	0.298	0.395	
CV error (K=8): 0.17506
Writing output files.
