****                   ADMIXTURE Version 1.3.0                  ****
****                    Copyright 2008-2015                     ****
****           David Alexander, Suyash Shringarpure,            ****
****                John  Novembre, Ken Lange                   ****
****                                                            ****
****                 Please cite our paper!                     ****
****   Information at www.genetics.ucla.edu/software/admixture  ****

Cross-validation will be performed.  Folds=5.
Parallel execution requested.  Will use 10 threads.
Random seed: 1722618193
Point estimation method: Block relaxation algorithm
Convergence acceleration algorithm: QuasiNewton, 3 secant conditions
Point estimation will terminate when objective function delta < 0.0001
Estimation of standard errors disabled; will compute point estimates only.
Size of G: 364x3412
Performing five EM steps to prime main algorithm
1 (EM) 	Elapsed: 0.124	Loglikelihood: -452686	(delta): 1.12902e+06
2 (EM) 	Elapsed: 0.122	Loglikelihood: -421271	(delta): 31414.6
3 (EM) 	Elapsed: 0.123	Loglikelihood: -416546	(delta): 4725.26
4 (EM) 	Elapsed: 0.122	Loglikelihood: -413930	(delta): 2615.67
5 (EM) 	Elapsed: 0.122	Loglikelihood: -411857	(delta): 2072.94
Initial loglikelihood: -411857
Starting main algorithm
1 (QN/Block) 	Elapsed: 0.313	Loglikelihood: -328706	(delta): 83151.2
2 (QN/Block) 	Elapsed: 0.312	Loglikelihood: -294274	(delta): 34432.3
3 (QN/Block) 	Elapsed: 0.318	Loglikelihood: -285020	(delta): 9253.55
4 (QN/Block) 	Elapsed: 0.315	Loglikelihood: -280536	(delta): 4483.91
5 (QN/Block) 	Elapsed: 0.315	Loglikelihood: -278854	(delta): 1682.69
6 (QN/Block) 	Elapsed: 0.316	Loglikelihood: -278361	(delta): 492.516
7 (QN/Block) 	Elapsed: 0.317	Loglikelihood: -278198	(delta): 162.768
8 (QN/Block) 	Elapsed: 0.319	Loglikelihood: -278118	(delta): 79.8147
9 (QN/Block) 	Elapsed: 0.318	Loglikelihood: -278062	(delta): 56.3968
10 (QN/Block) 	Elapsed: 0.317	Loglikelihood: -278023	(delta): 39.3958
11 (QN/Block) 	Elapsed: 0.317	Loglikelihood: -277992	(delta): 30.8136
12 (QN/Block) 	Elapsed: 0.316	Loglikelihood: -277980	(delta): 11.9627
13 (QN/Block) 	Elapsed: 0.317	Loglikelihood: -277971	(delta): 8.45579
14 (QN/Block) 	Elapsed: 0.32	Loglikelihood: -277961	(delta): 9.91836
15 (QN/Block) 	Elapsed: 0.32	Loglikelihood: -277948	(delta): 13.9159
16 (QN/Block) 	Elapsed: 0.32	Loglikelihood: -277929	(delta): 18.4266
17 (QN/Block) 	Elapsed: 0.319	Loglikelihood: -277911	(delta): 17.6609
18 (QN/Block) 	Elapsed: 0.321	Loglikelihood: -277902	(delta): 9.89291
19 (QN/Block) 	Elapsed: 0.319	Loglikelihood: -277895	(delta): 6.65351
20 (QN/Block) 	Elapsed: 0.32	Loglikelihood: -277890	(delta): 5.1439
21 (QN/Block) 	Elapsed: 0.321	Loglikelihood: -277885	(delta): 4.45352
22 (QN/Block) 	Elapsed: 0.322	Loglikelihood: -277879	(delta): 6.65517
23 (QN/Block) 	Elapsed: 0.322	Loglikelihood: -277871	(delta): 7.54687
24 (QN/Block) 	Elapsed: 0.323	Loglikelihood: -277865	(delta): 6.16836
25 (QN/Block) 	Elapsed: 0.322	Loglikelihood: -277857	(delta): 7.70561
26 (QN/Block) 	Elapsed: 0.321	Loglikelihood: -277850	(delta): 7.54086
27 (QN/Block) 	Elapsed: 0.322	Loglikelihood: -277841	(delta): 8.95311
28 (QN/Block) 	Elapsed: 0.322	Loglikelihood: -277833	(delta): 7.62875
29 (QN/Block) 	Elapsed: 0.318	Loglikelihood: -277827	(delta): 6.35991
30 (QN/Block) 	Elapsed: 0.322	Loglikelihood: -277822	(delta): 5.00725
31 (QN/Block) 	Elapsed: 0.32	Loglikelihood: -277817	(delta): 4.3435
32 (QN/Block) 	Elapsed: 0.32	Loglikelihood: -277811	(delta): 6.09122
33 (QN/Block) 	Elapsed: 0.318	Loglikelihood: -277808	(delta): 3.80602
34 (QN/Block) 	Elapsed: 0.32	Loglikelihood: -277805	(delta): 2.04178
35 (QN/Block) 	Elapsed: 0.319	Loglikelihood: -277804	(delta): 1.3904
36 (QN/Block) 	Elapsed: 0.322	Loglikelihood: -277803	(delta): 1.44747
37 (QN/Block) 	Elapsed: 0.319	Loglikelihood: -277802	(delta): 0.571046
38 (QN/Block) 	Elapsed: 0.319	Loglikelihood: -277802	(delta): 0.419774
39 (QN/Block) 	Elapsed: 0.322	Loglikelihood: -277801	(delta): 0.248305
40 (QN/Block) 	Elapsed: 0.324	Loglikelihood: -277801	(delta): 0.407992
41 (QN/Block) 	Elapsed: 0.322	Loglikelihood: -277801	(delta): 0.294302
42 (QN/Block) 	Elapsed: 0.32	Loglikelihood: -277801	(delta): 0.187697
43 (QN/Block) 	Elapsed: 0.321	Loglikelihood: -277800	(delta): 0.170935
44 (QN/Block) 	Elapsed: 0.321	Loglikelihood: -277800	(delta): 0.304957
45 (QN/Block) 	Elapsed: 0.319	Loglikelihood: -277800	(delta): 0.349798
46 (QN/Block) 	Elapsed: 0.32	Loglikelihood: -277799	(delta): 0.528825
47 (QN/Block) 	Elapsed: 0.322	Loglikelihood: -277799	(delta): 0.480617
48 (QN/Block) 	Elapsed: 0.319	Loglikelihood: -277798	(delta): 0.431025
49 (QN/Block) 	Elapsed: 0.321	Loglikelihood: -277798	(delta): 0.481325
50 (QN/Block) 	Elapsed: 0.321	Loglikelihood: -277797	(delta): 0.704109
51 (QN/Block) 	Elapsed: 0.319	Loglikelihood: -277797	(delta): 0.495842
52 (QN/Block) 	Elapsed: 0.317	Loglikelihood: -277796	(delta): 0.191982
53 (QN/Block) 	Elapsed: 0.319	Loglikelihood: -277796	(delta): 0.201225
54 (QN/Block) 	Elapsed: 0.318	Loglikelihood: -277796	(delta): 0.183316
55 (QN/Block) 	Elapsed: 0.318	Loglikelihood: -277796	(delta): 0.0346271
56 (QN/Block) 	Elapsed: 0.322	Loglikelihood: -277796	(delta): 0.0242733
57 (QN/Block) 	Elapsed: 0.321	Loglikelihood: -277796	(delta): 0.0171659
58 (QN/Block) 	Elapsed: 0.321	Loglikelihood: -277796	(delta): 0.0210562
59 (QN/Block) 	Elapsed: 0.322	Loglikelihood: -277796	(delta): 0.0232216
60 (QN/Block) 	Elapsed: 0.321	Loglikelihood: -277796	(delta): 0.00220736
61 (QN/Block) 	Elapsed: 0.321	Loglikelihood: -277796	(delta): 0.00212225
62 (QN/Block) 	Elapsed: 0.322	Loglikelihood: -277796	(delta): 0.000818914
63 (QN/Block) 	Elapsed: 0.321	Loglikelihood: -277796	(delta): 0.00128669
64 (QN/Block) 	Elapsed: 0.322	Loglikelihood: -277796	(delta): 0.00191901
65 (QN/Block) 	Elapsed: 0.321	Loglikelihood: -277796	(delta): 0.0029197
66 (QN/Block) 	Elapsed: 0.316	Loglikelihood: -277796	(delta): 0.0066941
67 (QN/Block) 	Elapsed: 0.316	Loglikelihood: -277796	(delta): 0.00428493
68 (QN/Block) 	Elapsed: 0.322	Loglikelihood: -277796	(delta): 0.00240535
69 (QN/Block) 	Elapsed: 0.323	Loglikelihood: -277796	(delta): 0.00249812
70 (QN/Block) 	Elapsed: 0.324	Loglikelihood: -277796	(delta): 0.00346248
71 (QN/Block) 	Elapsed: 0.324	Loglikelihood: -277796	(delta): 0.00502228
72 (QN/Block) 	Elapsed: 0.323	Loglikelihood: -277796	(delta): 0.00749642
73 (QN/Block) 	Elapsed: 0.321	Loglikelihood: -277796	(delta): 0.0115111
74 (QN/Block) 	Elapsed: 0.322	Loglikelihood: -277796	(delta): 0.0182654
75 (QN/Block) 	Elapsed: 0.323	Loglikelihood: -277796	(delta): 0.0302428
76 (QN/Block) 	Elapsed: 0.324	Loglikelihood: -277796	(delta): 0.0298141
77 (QN/Block) 	Elapsed: 0.322	Loglikelihood: -277796	(delta): 0.0239515
78 (QN/Block) 	Elapsed: 0.323	Loglikelihood: -277796	(delta): 0.0190607
79 (QN/Block) 	Elapsed: 0.322	Loglikelihood: -277796	(delta): 0.0129217
80 (QN/Block) 	Elapsed: 0.322	Loglikelihood: -277796	(delta): 0.0449203
81 (QN/Block) 	Elapsed: 0.324	Loglikelihood: -277796	(delta): 0.0230633
82 (QN/Block) 	Elapsed: 0.323	Loglikelihood: -277796	(delta): 0.108564
83 (QN/Block) 	Elapsed: 0.322	Loglikelihood: -277795	(delta): 0.102476
84 (QN/Block) 	Elapsed: 0.323	Loglikelihood: -277795	(delta): 0.0502289
85 (QN/Block) 	Elapsed: 0.323	Loglikelihood: -277795	(delta): 0.0667075
86 (QN/Block) 	Elapsed: 0.323	Loglikelihood: -277795	(delta): 0.0922955
87 (QN/Block) 	Elapsed: 0.323	Loglikelihood: -277795	(delta): 0.19681
88 (QN/Block) 	Elapsed: 0.323	Loglikelihood: -277794	(delta): 1.20874
89 (QN/Block) 	Elapsed: 0.324	Loglikelihood: -277793	(delta): 0.6189
90 (QN/Block) 	Elapsed: 0.323	Loglikelihood: -277793	(delta): 0.184821
91 (QN/Block) 	Elapsed: 0.321	Loglikelihood: -277792	(delta): 0.551454
92 (QN/Block) 	Elapsed: 0.322	Loglikelihood: -277792	(delta): 0.494925
93 (QN/Block) 	Elapsed: 0.321	Loglikelihood: -277792	(delta): 0.296698
94 (QN/Block) 	Elapsed: 0.321	Loglikelihood: -277792	(delta): 0.10301
95 (QN/Block) 	Elapsed: 0.319	Loglikelihood: -277792	(delta): 0.0274672
96 (QN/Block) 	Elapsed: 0.318	Loglikelihood: -277791	(delta): 0.0323426
97 (QN/Block) 	Elapsed: 0.323	Loglikelihood: -277791	(delta): 0.0141295
98 (QN/Block) 	Elapsed: 0.322	Loglikelihood: -277791	(delta): 0.00609651
99 (QN/Block) 	Elapsed: 0.323	Loglikelihood: -277791	(delta): 0.00620095
100 (QN/Block) 	Elapsed: 0.323	Loglikelihood: -277791	(delta): 0.00595698
101 (QN/Block) 	Elapsed: 0.323	Loglikelihood: -277791	(delta): 0.00466412
102 (QN/Block) 	Elapsed: 0.322	Loglikelihood: -277791	(delta): 0.00250287
103 (QN/Block) 	Elapsed: 0.318	Loglikelihood: -277791	(delta): 0.00209509
104 (QN/Block) 	Elapsed: 0.318	Loglikelihood: -277791	(delta): 0.000218023
105 (QN/Block) 	Elapsed: 0.319	Loglikelihood: -277791	(delta): 7.18457e-05
Summary: 
Converged in 105 iterations (34.461 sec)
Loglikelihood: -277791.433480
Fst divergences between estimated populations: 
	Pop0	Pop1	Pop2	Pop3	Pop4	Pop5	Pop6	
Pop0	
Pop1	0.119	
Pop2	0.363	0.378	
Pop3	0.030	0.120	0.361	
Pop4	0.327	0.328	0.370	0.325	
Pop5	0.443	0.441	0.444	0.444	0.418	
Pop6	0.358	0.376	0.044	0.356	0.367	0.439	
Pop7	0.298	0.312	0.414	0.295	0.395	0.468	0.413	
CV error (K=8): 0.17501
Writing output files.
