****                   ADMIXTURE Version 1.3.0                  ****
****                    Copyright 2008-2015                     ****
****           David Alexander, Suyash Shringarpure,            ****
****                John  Novembre, Ken Lange                   ****
****                                                            ****
****                 Please cite our paper!                     ****
****   Information at www.genetics.ucla.edu/software/admixture  ****

Cross-validation will be performed.  Folds=5.
Parallel execution requested.  Will use 10 threads.
Random seed: 1722618165
Point estimation method: Block relaxation algorithm
Convergence acceleration algorithm: QuasiNewton, 3 secant conditions
Point estimation will terminate when objective function delta < 0.0001
Estimation of standard errors disabled; will compute point estimates only.
Size of G: 364x3412
Performing five EM steps to prime main algorithm
1 (EM) 	Elapsed: 0.123	Loglikelihood: -452547	(delta): 1.12447e+06
2 (EM) 	Elapsed: 0.122	Loglikelihood: -421172	(delta): 31374.3
3 (EM) 	Elapsed: 0.122	Loglikelihood: -416160	(delta): 5012.2
4 (EM) 	Elapsed: 0.122	Loglikelihood: -413176	(delta): 2984.17
5 (EM) 	Elapsed: 0.121	Loglikelihood: -410654	(delta): 2522.27
Initial loglikelihood: -410654
Starting main algorithm
1 (QN/Block) 	Elapsed: 0.328	Loglikelihood: -322459	(delta): 88195.1
2 (QN/Block) 	Elapsed: 0.323	Loglikelihood: -293066	(delta): 29392.1
3 (QN/Block) 	Elapsed: 0.332	Loglikelihood: -284287	(delta): 8779.64
4 (QN/Block) 	Elapsed: 0.334	Loglikelihood: -279543	(delta): 4744.04
5 (QN/Block) 	Elapsed: 0.327	Loglikelihood: -277933	(delta): 1609.78
6 (QN/Block) 	Elapsed: 0.334	Loglikelihood: -277532	(delta): 400.913
7 (QN/Block) 	Elapsed: 0.357	Loglikelihood: -277434	(delta): 97.7601
8 (QN/Block) 	Elapsed: 0.355	Loglikelihood: -277397	(delta): 37.0374
9 (QN/Block) 	Elapsed: 0.379	Loglikelihood: -277369	(delta): 28.1916
10 (QN/Block) 	Elapsed: 0.351	Loglikelihood: -277358	(delta): 11.1897
11 (QN/Block) 	Elapsed: 0.348	Loglikelihood: -277351	(delta): 7.30439
12 (QN/Block) 	Elapsed: 0.338	Loglikelihood: -277346	(delta): 4.73604
13 (QN/Block) 	Elapsed: 0.328	Loglikelihood: -277342	(delta): 4.30254
14 (QN/Block) 	Elapsed: 0.349	Loglikelihood: -277339	(delta): 2.28151
15 (QN/Block) 	Elapsed: 0.334	Loglikelihood: -277337	(delta): 2.22829
16 (QN/Block) 	Elapsed: 0.331	Loglikelihood: -277334	(delta): 3.21695
17 (QN/Block) 	Elapsed: 0.328	Loglikelihood: -277332	(delta): 1.49946
18 (QN/Block) 	Elapsed: 0.333	Loglikelihood: -277332	(delta): 0.739317
19 (QN/Block) 	Elapsed: 0.348	Loglikelihood: -277331	(delta): 0.879114
20 (QN/Block) 	Elapsed: 0.33	Loglikelihood: -277330	(delta): 0.616864
21 (QN/Block) 	Elapsed: 0.335	Loglikelihood: -277330	(delta): 0.346957
22 (QN/Block) 	Elapsed: 0.327	Loglikelihood: -277330	(delta): 0.194705
23 (QN/Block) 	Elapsed: 0.332	Loglikelihood: -277329	(delta): 0.106471
24 (QN/Block) 	Elapsed: 0.342	Loglikelihood: -277329	(delta): 0.0910313
25 (QN/Block) 	Elapsed: 0.34	Loglikelihood: -277329	(delta): 0.17418
26 (QN/Block) 	Elapsed: 0.341	Loglikelihood: -277329	(delta): 0.213736
27 (QN/Block) 	Elapsed: 0.331	Loglikelihood: -277329	(delta): 0.130757
28 (QN/Block) 	Elapsed: 0.337	Loglikelihood: -277329	(delta): 0.228161
29 (QN/Block) 	Elapsed: 0.341	Loglikelihood: -277328	(delta): 0.219898
30 (QN/Block) 	Elapsed: 0.345	Loglikelihood: -277328	(delta): 0.27056
31 (QN/Block) 	Elapsed: 0.348	Loglikelihood: -277328	(delta): 0.27125
32 (QN/Block) 	Elapsed: 0.341	Loglikelihood: -277328	(delta): 0.214019
33 (QN/Block) 	Elapsed: 0.336	Loglikelihood: -277327	(delta): 0.159555
34 (QN/Block) 	Elapsed: 0.348	Loglikelihood: -277327	(delta): 0.119563
35 (QN/Block) 	Elapsed: 0.335	Loglikelihood: -277327	(delta): 0.0579887
36 (QN/Block) 	Elapsed: 0.334	Loglikelihood: -277327	(delta): 0.101558
37 (QN/Block) 	Elapsed: 0.391	Loglikelihood: -277327	(delta): 0.231106
38 (QN/Block) 	Elapsed: 0.332	Loglikelihood: -277327	(delta): 0.374446
39 (QN/Block) 	Elapsed: 0.333	Loglikelihood: -277326	(delta): 0.272152
40 (QN/Block) 	Elapsed: 0.357	Loglikelihood: -277326	(delta): 0.0840571
41 (QN/Block) 	Elapsed: 0.332	Loglikelihood: -277326	(delta): 0.0710148
42 (QN/Block) 	Elapsed: 0.357	Loglikelihood: -277326	(delta): 0.139175
43 (QN/Block) 	Elapsed: 0.345	Loglikelihood: -277326	(delta): 0.109814
44 (QN/Block) 	Elapsed: 0.332	Loglikelihood: -277326	(delta): 0.105148
45 (QN/Block) 	Elapsed: 0.335	Loglikelihood: -277326	(delta): 0.1833
46 (QN/Block) 	Elapsed: 0.332	Loglikelihood: -277326	(delta): 0.130858
47 (QN/Block) 	Elapsed: 0.328	Loglikelihood: -277325	(delta): 0.0825807
48 (QN/Block) 	Elapsed: 0.338	Loglikelihood: -277325	(delta): 0.0510272
49 (QN/Block) 	Elapsed: 0.328	Loglikelihood: -277325	(delta): 0.0169434
50 (QN/Block) 	Elapsed: 0.333	Loglikelihood: -277325	(delta): 0.00499547
51 (QN/Block) 	Elapsed: 0.341	Loglikelihood: -277325	(delta): 0.00541798
52 (QN/Block) 	Elapsed: 0.334	Loglikelihood: -277325	(delta): 0.0063728
53 (QN/Block) 	Elapsed: 0.369	Loglikelihood: -277325	(delta): 0.012871
54 (QN/Block) 	Elapsed: 0.374	Loglikelihood: -277325	(delta): 0.0268513
55 (QN/Block) 	Elapsed: 0.352	Loglikelihood: -277325	(delta): 0.00879725
56 (QN/Block) 	Elapsed: 0.377	Loglikelihood: -277325	(delta): 0.0115264
57 (QN/Block) 	Elapsed: 0.334	Loglikelihood: -277325	(delta): 0.0108323
58 (QN/Block) 	Elapsed: 0.33	Loglikelihood: -277325	(delta): 0.00862105
59 (QN/Block) 	Elapsed: 0.381	Loglikelihood: -277325	(delta): 0.00888044
60 (QN/Block) 	Elapsed: 0.339	Loglikelihood: -277325	(delta): 0.0076413
61 (QN/Block) 	Elapsed: 0.361	Loglikelihood: -277325	(delta): 0.00215567
62 (QN/Block) 	Elapsed: 0.33	Loglikelihood: -277325	(delta): 0.00104709
63 (QN/Block) 	Elapsed: 0.333	Loglikelihood: -277325	(delta): 0.000223892
64 (QN/Block) 	Elapsed: 0.376	Loglikelihood: -277325	(delta): 0.000203638
65 (QN/Block) 	Elapsed: 0.362	Loglikelihood: -277325	(delta): 0.000116562
66 (QN/Block) 	Elapsed: 0.342	Loglikelihood: -277325	(delta): 8.79678e-05
Summary: 
Converged in 66 iterations (23.354 sec)
Loglikelihood: -277325.244199
Fst divergences between estimated populations: 
	Pop0	Pop1	Pop2	Pop3	Pop4	Pop5	Pop6	
Pop0	
Pop1	0.353	
Pop2	0.297	0.408	
Pop3	0.137	0.378	0.318	
Pop4	0.034	0.361	0.305	0.139	
Pop5	0.326	0.363	0.395	0.334	0.334	
Pop6	0.443	0.436	0.468	0.446	0.451	0.418	
Pop7	0.045	0.357	0.297	0.127	0.051	0.328	0.444	
CV error (K=8): 0.17496
Writing output files.
