****                   ADMIXTURE Version 1.3.0                  ****
****                    Copyright 2008-2015                     ****
****           David Alexander, Suyash Shringarpure,            ****
****                John  Novembre, Ken Lange                   ****
****                                                            ****
****                 Please cite our paper!                     ****
****   Information at www.genetics.ucla.edu/software/admixture  ****

Cross-validation will be performed.  Folds=5.
Parallel execution requested.  Will use 10 threads.
Random seed: 1722617289
Point estimation method: Block relaxation algorithm
Convergence acceleration algorithm: QuasiNewton, 3 secant conditions
Point estimation will terminate when objective function delta < 0.0001
Estimation of standard errors disabled; will compute point estimates only.
Size of G: 364x3412
Performing five EM steps to prime main algorithm
1 (EM) 	Elapsed: 0.07	Loglikelihood: -451394	(delta): 1.18457e+06
2 (EM) 	Elapsed: 0.066	Loglikelihood: -421414	(delta): 29979.9
3 (EM) 	Elapsed: 0.067	Loglikelihood: -416531	(delta): 4883.47
4 (EM) 	Elapsed: 0.066	Loglikelihood: -413651	(delta): 2880.3
5 (EM) 	Elapsed: 0.066	Loglikelihood: -411306	(delta): 2344.62
Initial loglikelihood: -411306
Starting main algorithm
1 (QN/Block) 	Elapsed: 0.235	Loglikelihood: -334651	(delta): 76655.5
2 (QN/Block) 	Elapsed: 0.234	Loglikelihood: -309599	(delta): 25051.7
3 (QN/Block) 	Elapsed: 0.24	Loglikelihood: -300510	(delta): 9089.35
4 (QN/Block) 	Elapsed: 0.242	Loglikelihood: -294589	(delta): 5920.32
5 (QN/Block) 	Elapsed: 0.242	Loglikelihood: -289484	(delta): 5104.9
6 (QN/Block) 	Elapsed: 0.242	Loglikelihood: -287468	(delta): 2016.47
7 (QN/Block) 	Elapsed: 0.243	Loglikelihood: -287074	(delta): 393.385
8 (QN/Block) 	Elapsed: 0.239	Loglikelihood: -287017	(delta): 57.2171
9 (QN/Block) 	Elapsed: 0.238	Loglikelihood: -287013	(delta): 4.68657
10 (QN/Block) 	Elapsed: 0.239	Loglikelihood: -287012	(delta): 0.488428
11 (QN/Block) 	Elapsed: 0.238	Loglikelihood: -287012	(delta): 0.0661722
12 (QN/Block) 	Elapsed: 0.238	Loglikelihood: -287012	(delta): 0.0697619
13 (QN/Block) 	Elapsed: 0.242	Loglikelihood: -287012	(delta): 0.00964498
14 (QN/Block) 	Elapsed: 0.254	Loglikelihood: -287012	(delta): 0.00208504
15 (QN/Block) 	Elapsed: 0.255	Loglikelihood: -287012	(delta): 0.00072358
16 (QN/Block) 	Elapsed: 0.253	Loglikelihood: -287012	(delta): 0.000465303
17 (QN/Block) 	Elapsed: 0.252	Loglikelihood: -287012	(delta): 0.000361183
18 (QN/Block) 	Elapsed: 0.253	Loglikelihood: -287012	(delta): 9.22348e-05
Summary: 
Converged in 18 iterations (4.76 sec)
Loglikelihood: -287011.936681
Fst divergences between estimated populations: 
	Pop0	Pop1	Pop2	Pop3	
Pop0	
Pop1	0.407	
Pop2	0.280	0.340	
Pop3	0.394	0.362	0.307	
Pop4	0.467	0.436	0.428	0.418	
CV error (K=5): 0.17218
Writing output files.
