****                   ADMIXTURE Version 1.3.0                  ****
****                    Copyright 2008-2015                     ****
****           David Alexander, Suyash Shringarpure,            ****
****                John  Novembre, Ken Lange                   ****
****                                                            ****
****                 Please cite our paper!                     ****
****   Information at www.genetics.ucla.edu/software/admixture  ****

Cross-validation will be performed.  Folds=5.
Parallel execution requested.  Will use 10 threads.
Random seed: 1722617393
Point estimation method: Block relaxation algorithm
Convergence acceleration algorithm: QuasiNewton, 3 secant conditions
Point estimation will terminate when objective function delta < 0.0001
Estimation of standard errors disabled; will compute point estimates only.
Size of G: 364x3412
Performing five EM steps to prime main algorithm
1 (EM) 	Elapsed: 0.037	Loglikelihood: -448519	(delta): 1.3124e+06
2 (EM) 	Elapsed: 0.034	Loglikelihood: -422047	(delta): 26472.4
3 (EM) 	Elapsed: 0.034	Loglikelihood: -417775	(delta): 4272.37
4 (EM) 	Elapsed: 0.033	Loglikelihood: -415531	(delta): 2244.17
5 (EM) 	Elapsed: 0.034	Loglikelihood: -414135	(delta): 1395.94
Initial loglikelihood: -414135
Starting main algorithm
1 (QN/Block) 	Elapsed: 0.129	Loglikelihood: -377045	(delta): 37090.1
2 (QN/Block) 	Elapsed: 0.122	Loglikelihood: -351221	(delta): 25823.6
3 (QN/Block) 	Elapsed: 0.122	Loglikelihood: -341273	(delta): 9947.78
4 (QN/Block) 	Elapsed: 0.122	Loglikelihood: -327039	(delta): 14234.3
5 (QN/Block) 	Elapsed: 0.128	Loglikelihood: -322113	(delta): 4925.38
6 (QN/Block) 	Elapsed: 0.124	Loglikelihood: -321343	(delta): 769.987
7 (QN/Block) 	Elapsed: 0.131	Loglikelihood: -321081	(delta): 262.103
8 (QN/Block) 	Elapsed: 0.12	Loglikelihood: -321000	(delta): 81.3948
9 (QN/Block) 	Elapsed: 0.127	Loglikelihood: -320976	(delta): 23.7758
10 (QN/Block) 	Elapsed: 0.124	Loglikelihood: -320972	(delta): 3.69152
11 (QN/Block) 	Elapsed: 0.13	Loglikelihood: -320972	(delta): 0.477867
12 (QN/Block) 	Elapsed: 0.13	Loglikelihood: -320972	(delta): 0.0813761
13 (QN/Block) 	Elapsed: 0.124	Loglikelihood: -320972	(delta): 0.0142519
14 (QN/Block) 	Elapsed: 0.126	Loglikelihood: -320972	(delta): 0.0115182
15 (QN/Block) 	Elapsed: 0.125	Loglikelihood: -320972	(delta): 0.00339444
16 (QN/Block) 	Elapsed: 0.128	Loglikelihood: -320972	(delta): 0.000379166
17 (QN/Block) 	Elapsed: 0.12	Loglikelihood: -320972	(delta): 0.000342599
18 (QN/Block) 	Elapsed: 0.114	Loglikelihood: -320972	(delta): 0.000464684
19 (QN/Block) 	Elapsed: 0.109	Loglikelihood: -320972	(delta): 0.000337592
20 (QN/Block) 	Elapsed: 0.11	Loglikelihood: -320972	(delta): 0.000302102
21 (QN/Block) 	Elapsed: 0.114	Loglikelihood: -320972	(delta): 4.42175e-05
Summary: 
Converged in 21 iterations (2.808 sec)
Loglikelihood: -320971.867441
Fst divergences between estimated populations: 
	Pop0	Pop1	
Pop0	
Pop1	0.319	
Pop2	0.338	0.296	
CV error (K=3): 0.19739
Writing output files.
