****                   ADMIXTURE Version 1.3.0                  ****
****                    Copyright 2008-2015                     ****
****           David Alexander, Suyash Shringarpure,            ****
****                John  Novembre, Ken Lange                   ****
****                                                            ****
****                 Please cite our paper!                     ****
****   Information at www.genetics.ucla.edu/software/admixture  ****

Cross-validation will be performed.  Folds=5.
Parallel execution requested.  Will use 10 threads.
Random seed: 1722617401
Point estimation method: Block relaxation algorithm
Convergence acceleration algorithm: QuasiNewton, 3 secant conditions
Point estimation will terminate when objective function delta < 0.0001
Estimation of standard errors disabled; will compute point estimates only.
Size of G: 364x3412
Performing five EM steps to prime main algorithm
1 (EM) 	Elapsed: 0.067	Loglikelihood: -450787	(delta): 1.18498e+06
2 (EM) 	Elapsed: 0.066	Loglikelihood: -422264	(delta): 28523.4
3 (EM) 	Elapsed: 0.064	Loglikelihood: -417600	(delta): 4663.55
4 (EM) 	Elapsed: 0.065	Loglikelihood: -414968	(delta): 2632.01
5 (EM) 	Elapsed: 0.065	Loglikelihood: -412973	(delta): 1995.63
Initial loglikelihood: -412973
Starting main algorithm
1 (QN/Block) 	Elapsed: 0.179	Loglikelihood: -342738	(delta): 70234.8
2 (QN/Block) 	Elapsed: 0.179	Loglikelihood: -313608	(delta): 29130.1
3 (QN/Block) 	Elapsed: 0.185	Loglikelihood: -303568	(delta): 10040.4
4 (QN/Block) 	Elapsed: 0.194	Loglikelihood: -297379	(delta): 6188.45
5 (QN/Block) 	Elapsed: 0.191	Loglikelihood: -295492	(delta): 1886.62
6 (QN/Block) 	Elapsed: 0.183	Loglikelihood: -294975	(delta): 517.418
7 (QN/Block) 	Elapsed: 0.205	Loglikelihood: -294793	(delta): 182.308
8 (QN/Block) 	Elapsed: 0.188	Loglikelihood: -293857	(delta): 935.784
9 (QN/Block) 	Elapsed: 0.19	Loglikelihood: -293689	(delta): 168.133
10 (QN/Block) 	Elapsed: 0.183	Loglikelihood: -293659	(delta): 30.1889
11 (QN/Block) 	Elapsed: 0.18	Loglikelihood: -293648	(delta): 10.4986
12 (QN/Block) 	Elapsed: 0.178	Loglikelihood: -293647	(delta): 0.643298
13 (QN/Block) 	Elapsed: 0.18	Loglikelihood: -293647	(delta): 0.166964
14 (QN/Block) 	Elapsed: 0.179	Loglikelihood: -293647	(delta): 0.0582689
15 (QN/Block) 	Elapsed: 0.18	Loglikelihood: -293647	(delta): 0.0129869
16 (QN/Block) 	Elapsed: 0.179	Loglikelihood: -293647	(delta): 0.00204946
17 (QN/Block) 	Elapsed: 0.185	Loglikelihood: -293647	(delta): 0.000399741
18 (QN/Block) 	Elapsed: 0.184	Loglikelihood: -293647	(delta): 0.000338234
19 (QN/Block) 	Elapsed: 0.182	Loglikelihood: -293647	(delta): 8.53424e-05
Summary: 
Converged in 19 iterations (3.893 sec)
Loglikelihood: -293647.214060
Fst divergences between estimated populations: 
	Pop0	Pop1	Pop2	Pop3	
Pop0	
Pop1	0.425	
Pop2	0.407	0.393	
Pop3	0.302	0.394	0.362	
Pop4	0.292	0.398	0.348	0.101	
CV error (K=5): 0.17906
Writing output files.
