****                   ADMIXTURE Version 1.3.0                  ****
****                    Copyright 2008-2015                     ****
****           David Alexander, Suyash Shringarpure,            ****
****                John  Novembre, Ken Lange                   ****
****                                                            ****
****                 Please cite our paper!                     ****
****   Information at www.genetics.ucla.edu/software/admixture  ****

Cross-validation will be performed.  Folds=5.
Parallel execution requested.  Will use 10 threads.
Random seed: 1722618455
Point estimation method: Block relaxation algorithm
Convergence acceleration algorithm: QuasiNewton, 3 secant conditions
Point estimation will terminate when objective function delta < 0.0001
Estimation of standard errors disabled; will compute point estimates only.
Size of G: 364x3412
Performing five EM steps to prime main algorithm
1 (EM) 	Elapsed: 0.144	Loglikelihood: -451364	(delta): 1.13251e+06
2 (EM) 	Elapsed: 0.143	Loglikelihood: -420863	(delta): 30500.8
3 (EM) 	Elapsed: 0.142	Loglikelihood: -416311	(delta): 4551.75
4 (EM) 	Elapsed: 0.142	Loglikelihood: -413757	(delta): 2554.14
5 (EM) 	Elapsed: 0.142	Loglikelihood: -411665	(delta): 2092.18
Initial loglikelihood: -411665
Starting main algorithm
1 (QN/Block) 	Elapsed: 0.327	Loglikelihood: -326264	(delta): 85401.4
2 (QN/Block) 	Elapsed: 0.327	Loglikelihood: -296346	(delta): 29917.3
3 (QN/Block) 	Elapsed: 0.332	Loglikelihood: -285787	(delta): 10559.7
4 (QN/Block) 	Elapsed: 0.331	Loglikelihood: -280595	(delta): 5191.84
5 (QN/Block) 	Elapsed: 0.331	Loglikelihood: -278671	(delta): 1924.26
6 (QN/Block) 	Elapsed: 0.334	Loglikelihood: -278084	(delta): 586.975
7 (QN/Block) 	Elapsed: 0.334	Loglikelihood: -277944	(delta): 139.785
8 (QN/Block) 	Elapsed: 0.335	Loglikelihood: -277908	(delta): 35.8811
9 (QN/Block) 	Elapsed: 0.335	Loglikelihood: -277882	(delta): 25.5166
10 (QN/Block) 	Elapsed: 0.335	Loglikelihood: -277871	(delta): 11.9051
11 (QN/Block) 	Elapsed: 0.332	Loglikelihood: -277861	(delta): 9.66935
12 (QN/Block) 	Elapsed: 0.333	Loglikelihood: -277854	(delta): 7.21892
13 (QN/Block) 	Elapsed: 0.333	Loglikelihood: -277847	(delta): 6.46116
14 (QN/Block) 	Elapsed: 0.332	Loglikelihood: -277840	(delta): 7.31369
15 (QN/Block) 	Elapsed: 0.333	Loglikelihood: -277834	(delta): 5.8497
16 (QN/Block) 	Elapsed: 0.332	Loglikelihood: -277829	(delta): 5.04295
17 (QN/Block) 	Elapsed: 0.333	Loglikelihood: -277822	(delta): 7.125
18 (QN/Block) 	Elapsed: 0.334	Loglikelihood: -277815	(delta): 7.01787
19 (QN/Block) 	Elapsed: 0.336	Loglikelihood: -277807	(delta): 7.86909
20 (QN/Block) 	Elapsed: 0.335	Loglikelihood: -277801	(delta): 6.18798
21 (QN/Block) 	Elapsed: 0.332	Loglikelihood: -277794	(delta): 6.87342
22 (QN/Block) 	Elapsed: 0.33	Loglikelihood: -277788	(delta): 6.31946
23 (QN/Block) 	Elapsed: 0.33	Loglikelihood: -277783	(delta): 4.298
24 (QN/Block) 	Elapsed: 0.331	Loglikelihood: -277781	(delta): 2.76348
25 (QN/Block) 	Elapsed: 0.333	Loglikelihood: -277778	(delta): 2.26068
26 (QN/Block) 	Elapsed: 0.334	Loglikelihood: -277777	(delta): 1.36612
27 (QN/Block) 	Elapsed: 0.333	Loglikelihood: -277775	(delta): 1.7365
28 (QN/Block) 	Elapsed: 0.334	Loglikelihood: -277773	(delta): 2.17713
29 (QN/Block) 	Elapsed: 0.333	Loglikelihood: -277771	(delta): 1.84024
30 (QN/Block) 	Elapsed: 0.334	Loglikelihood: -277770	(delta): 1.13456
31 (QN/Block) 	Elapsed: 0.332	Loglikelihood: -277769	(delta): 0.909818
32 (QN/Block) 	Elapsed: 0.334	Loglikelihood: -277768	(delta): 1.61885
33 (QN/Block) 	Elapsed: 0.334	Loglikelihood: -277767	(delta): 0.884937
34 (QN/Block) 	Elapsed: 0.334	Loglikelihood: -277766	(delta): 1.0088
35 (QN/Block) 	Elapsed: 0.333	Loglikelihood: -277765	(delta): 0.932211
36 (QN/Block) 	Elapsed: 0.332	Loglikelihood: -277763	(delta): 1.42734
37 (QN/Block) 	Elapsed: 0.333	Loglikelihood: -277761	(delta): 2.75569
38 (QN/Block) 	Elapsed: 0.331	Loglikelihood: -277759	(delta): 1.55409
39 (QN/Block) 	Elapsed: 0.33	Loglikelihood: -277758	(delta): 1.02558
40 (QN/Block) 	Elapsed: 0.333	Loglikelihood: -277757	(delta): 1.35699
41 (QN/Block) 	Elapsed: 0.328	Loglikelihood: -277756	(delta): 0.341953
42 (QN/Block) 	Elapsed: 0.334	Loglikelihood: -277756	(delta): 0.249254
43 (QN/Block) 	Elapsed: 0.333	Loglikelihood: -277755	(delta): 0.514021
44 (QN/Block) 	Elapsed: 0.331	Loglikelihood: -277755	(delta): 0.425119
45 (QN/Block) 	Elapsed: 0.333	Loglikelihood: -277755	(delta): 0.107103
46 (QN/Block) 	Elapsed: 0.33	Loglikelihood: -277755	(delta): 0.0527463
47 (QN/Block) 	Elapsed: 0.334	Loglikelihood: -277755	(delta): 0.033798
48 (QN/Block) 	Elapsed: 0.334	Loglikelihood: -277755	(delta): 0.0247436
49 (QN/Block) 	Elapsed: 0.333	Loglikelihood: -277755	(delta): 0.0296825
50 (QN/Block) 	Elapsed: 0.333	Loglikelihood: -277755	(delta): 0.0414906
51 (QN/Block) 	Elapsed: 0.334	Loglikelihood: -277755	(delta): 0.0710017
52 (QN/Block) 	Elapsed: 0.333	Loglikelihood: -277755	(delta): 0.0618765
53 (QN/Block) 	Elapsed: 0.33	Loglikelihood: -277755	(delta): 0.0955889
54 (QN/Block) 	Elapsed: 0.33	Loglikelihood: -277754	(delta): 0.115791
55 (QN/Block) 	Elapsed: 0.334	Loglikelihood: -277754	(delta): 0.234848
56 (QN/Block) 	Elapsed: 0.333	Loglikelihood: -277754	(delta): 0.141836
57 (QN/Block) 	Elapsed: 0.334	Loglikelihood: -277754	(delta): 0.19203
58 (QN/Block) 	Elapsed: 0.333	Loglikelihood: -277754	(delta): 0.139053
59 (QN/Block) 	Elapsed: 0.333	Loglikelihood: -277754	(delta): 0.102666
60 (QN/Block) 	Elapsed: 0.329	Loglikelihood: -277754	(delta): 0.0319272
61 (QN/Block) 	Elapsed: 0.333	Loglikelihood: -277754	(delta): 0.00979149
62 (QN/Block) 	Elapsed: 0.329	Loglikelihood: -277754	(delta): 0.00145928
63 (QN/Block) 	Elapsed: 0.328	Loglikelihood: -277754	(delta): 0.000258211
64 (QN/Block) 	Elapsed: 0.329	Loglikelihood: -277754	(delta): 3.48573e-05
Summary: 
Converged in 64 iterations (22.108 sec)
Loglikelihood: -277753.558724
Fst divergences between estimated populations: 
	Pop0	Pop1	Pop2	Pop3	Pop4	Pop5	Pop6	
Pop0	
Pop1	0.413	
Pop2	0.395	0.368	
Pop3	0.468	0.442	0.418	
Pop4	0.297	0.357	0.326	0.444	
Pop5	0.294	0.355	0.323	0.441	0.026	
Pop6	0.411	0.036	0.366	0.438	0.357	0.356	
Pop7	0.311	0.374	0.327	0.440	0.120	0.114	0.375	
CV error (K=8): 0.17514
Writing output files.
