****                   ADMIXTURE Version 1.3.0                  ****
****                    Copyright 2008-2015                     ****
****           David Alexander, Suyash Shringarpure,            ****
****                John  Novembre, Ken Lange                   ****
****                                                            ****
****                 Please cite our paper!                     ****
****   Information at www.genetics.ucla.edu/software/admixture  ****

Cross-validation will be performed.  Folds=5.
Parallel execution requested.  Will use 10 threads.
Random seed: 1722617378
Point estimation method: Block relaxation algorithm
Convergence acceleration algorithm: QuasiNewton, 3 secant conditions
Point estimation will terminate when objective function delta < 0.0001
Estimation of standard errors disabled; will compute point estimates only.
Size of G: 364x3412
Performing five EM steps to prime main algorithm
1 (EM) 	Elapsed: 0.053	Loglikelihood: -449335	(delta): 1.23377e+06
2 (EM) 	Elapsed: 0.05	Loglikelihood: -421980	(delta): 27354.2
3 (EM) 	Elapsed: 0.05	Loglikelihood: -417525	(delta): 4455.67
4 (EM) 	Elapsed: 0.049	Loglikelihood: -414979	(delta): 2546.12
5 (EM) 	Elapsed: 0.05	Loglikelihood: -413145	(delta): 1833.62
Initial loglikelihood: -413145
Starting main algorithm
1 (QN/Block) 	Elapsed: 0.138	Loglikelihood: -348563	(delta): 64582.5
2 (QN/Block) 	Elapsed: 0.139	Loglikelihood: -331711	(delta): 16851.8
3 (QN/Block) 	Elapsed: 0.145	Loglikelihood: -324663	(delta): 7048.13
4 (QN/Block) 	Elapsed: 0.145	Loglikelihood: -320818	(delta): 3845
5 (QN/Block) 	Elapsed: 0.147	Loglikelihood: -317921	(delta): 2896.68
6 (QN/Block) 	Elapsed: 0.144	Loglikelihood: -314886	(delta): 3035.3
7 (QN/Block) 	Elapsed: 0.144	Loglikelihood: -313651	(delta): 1234.91
8 (QN/Block) 	Elapsed: 0.144	Loglikelihood: -313362	(delta): 289.104
9 (QN/Block) 	Elapsed: 0.145	Loglikelihood: -313245	(delta): 116.188
10 (QN/Block) 	Elapsed: 0.148	Loglikelihood: -313223	(delta): 22.4472
11 (QN/Block) 	Elapsed: 0.149	Loglikelihood: -313219	(delta): 4.15216
12 (QN/Block) 	Elapsed: 0.149	Loglikelihood: -313217	(delta): 2.16344
13 (QN/Block) 	Elapsed: 0.149	Loglikelihood: -313213	(delta): 3.62218
14 (QN/Block) 	Elapsed: 0.148	Loglikelihood: -313206	(delta): 6.8756
15 (QN/Block) 	Elapsed: 0.148	Loglikelihood: -313191	(delta): 15.221
16 (QN/Block) 	Elapsed: 0.148	Loglikelihood: -313134	(delta): 57.2786
17 (QN/Block) 	Elapsed: 0.148	Loglikelihood: -310744	(delta): 2389.74
18 (QN/Block) 	Elapsed: 0.148	Loglikelihood: -302041	(delta): 8702.64
19 (QN/Block) 	Elapsed: 0.153	Loglikelihood: -300713	(delta): 1327.87
20 (QN/Block) 	Elapsed: 0.152	Loglikelihood: -300127	(delta): 586.004
21 (QN/Block) 	Elapsed: 0.155	Loglikelihood: -299956	(delta): 171.305
22 (QN/Block) 	Elapsed: 0.153	Loglikelihood: -299907	(delta): 48.7736
23 (QN/Block) 	Elapsed: 0.155	Loglikelihood: -299930	(delta): -22.6311
24 (QN/Block) 	Elapsed: 0.152	Loglikelihood: -299910	(delta): 19.8966
25 (QN/Block) 	Elapsed: 0.141	Loglikelihood: -299899	(delta): 11.3333
26 (QN/Block) 	Elapsed: 0.143	Loglikelihood: -299894	(delta): 4.7645
27 (QN/Block) 	Elapsed: 0.146	Loglikelihood: -299893	(delta): 0.579039
28 (QN/Block) 	Elapsed: 0.141	Loglikelihood: -299893	(delta): 0.00301269
29 (QN/Block) 	Elapsed: 0.141	Loglikelihood: -299893	(delta): 0.00408127
30 (QN/Block) 	Elapsed: 0.145	Loglikelihood: -299893	(delta): 0.00175127
31 (QN/Block) 	Elapsed: 0.145	Loglikelihood: -299893	(delta): 0.00135481
32 (QN/Block) 	Elapsed: 0.146	Loglikelihood: -299893	(delta): 9.02514e-05
Summary: 
Converged in 32 iterations (5.031 sec)
Loglikelihood: -299893.424223
Fst divergences between estimated populations: 
	Pop0	Pop1	Pop2	
Pop0	
Pop1	0.338	
Pop2	0.406	0.279	
Pop3	0.390	0.382	0.420	
CV error (K=4): 0.18112
Writing output files.
