****                   ADMIXTURE Version 1.3.0                  ****
****                    Copyright 2008-2015                     ****
****           David Alexander, Suyash Shringarpure,            ****
****                John  Novembre, Ken Lange                   ****
****                                                            ****
****                 Please cite our paper!                     ****
****   Information at www.genetics.ucla.edu/software/admixture  ****

Cross-validation will be performed.  Folds=5.
Parallel execution requested.  Will use 10 threads.
Random seed: 1722617367
Point estimation method: Block relaxation algorithm
Convergence acceleration algorithm: QuasiNewton, 3 secant conditions
Point estimation will terminate when objective function delta < 0.0001
Estimation of standard errors disabled; will compute point estimates only.
Size of G: 364x3412
Performing five EM steps to prime main algorithm
1 (EM) 	Elapsed: 0.068	Loglikelihood: -452122	(delta): 1.19489e+06
2 (EM) 	Elapsed: 0.064	Loglikelihood: -422990	(delta): 29131.5
3 (EM) 	Elapsed: 0.064	Loglikelihood: -418073	(delta): 4917.26
4 (EM) 	Elapsed: 0.064	Loglikelihood: -415383	(delta): 2690.48
5 (EM) 	Elapsed: 0.064	Loglikelihood: -413475	(delta): 1907.47
Initial loglikelihood: -413475
Starting main algorithm
1 (QN/Block) 	Elapsed: 0.176	Loglikelihood: -350945	(delta): 62529.9
2 (QN/Block) 	Elapsed: 0.175	Loglikelihood: -315678	(delta): 35267.5
3 (QN/Block) 	Elapsed: 0.182	Loglikelihood: -303876	(delta): 11801.9
4 (QN/Block) 	Elapsed: 0.181	Loglikelihood: -297332	(delta): 6543.47
5 (QN/Block) 	Elapsed: 0.182	Loglikelihood: -295230	(delta): 2102.25
6 (QN/Block) 	Elapsed: 0.182	Loglikelihood: -294538	(delta): 691.801
7 (QN/Block) 	Elapsed: 0.186	Loglikelihood: -294410	(delta): 128.836
8 (QN/Block) 	Elapsed: 0.184	Loglikelihood: -294385	(delta): 24.2468
9 (QN/Block) 	Elapsed: 0.18	Loglikelihood: -294378	(delta): 7.70542
10 (QN/Block) 	Elapsed: 0.181	Loglikelihood: -294376	(delta): 1.09174
11 (QN/Block) 	Elapsed: 0.18	Loglikelihood: -294376	(delta): 0.347326
12 (QN/Block) 	Elapsed: 0.181	Loglikelihood: -294376	(delta): 0.0543349
13 (QN/Block) 	Elapsed: 0.181	Loglikelihood: -294376	(delta): 0.0126776
14 (QN/Block) 	Elapsed: 0.181	Loglikelihood: -294376	(delta): 0.0028864
15 (QN/Block) 	Elapsed: 0.185	Loglikelihood: -294376	(delta): 0.000651368
16 (QN/Block) 	Elapsed: 0.181	Loglikelihood: -294376	(delta): 8.5493e-05
Summary: 
Converged in 16 iterations (3.278 sec)
Loglikelihood: -294376.056097
Fst divergences between estimated populations: 
	Pop0	Pop1	Pop2	Pop3	
Pop0	
Pop1	0.408	
Pop2	0.246	0.434	
Pop3	0.350	0.433	0.363	
Pop4	0.238	0.438	0.102	0.349	
CV error (K=5): 0.18008
Writing output files.
