****                   ADMIXTURE Version 1.3.0                  ****
****                    Copyright 2008-2015                     ****
****           David Alexander, Suyash Shringarpure,            ****
****                John  Novembre, Ken Lange                   ****
****                                                            ****
****                 Please cite our paper!                     ****
****   Information at www.genetics.ucla.edu/software/admixture  ****

Cross-validation will be performed.  Folds=5.
Parallel execution requested.  Will use 10 threads.
Random seed: 1722617907
Point estimation method: Block relaxation algorithm
Convergence acceleration algorithm: QuasiNewton, 3 secant conditions
Point estimation will terminate when objective function delta < 0.0001
Estimation of standard errors disabled; will compute point estimates only.
Size of G: 364x3412
Performing five EM steps to prime main algorithm
1 (EM) 	Elapsed: 0.087	Loglikelihood: -453566	(delta): 1.15236e+06
2 (EM) 	Elapsed: 0.085	Loglikelihood: -421159	(delta): 32406.8
3 (EM) 	Elapsed: 0.085	Loglikelihood: -416193	(delta): 4966.26
4 (EM) 	Elapsed: 0.085	Loglikelihood: -413354	(delta): 2839.37
5 (EM) 	Elapsed: 0.085	Loglikelihood: -410986	(delta): 2367.42
Initial loglikelihood: -410986
Starting main algorithm
1 (QN/Block) 	Elapsed: 0.256	Loglikelihood: -331075	(delta): 79911.1
2 (QN/Block) 	Elapsed: 0.257	Loglikelihood: -299434	(delta): 31641.5
3 (QN/Block) 	Elapsed: 0.261	Loglikelihood: -288332	(delta): 11101.5
4 (QN/Block) 	Elapsed: 0.26	Loglikelihood: -282463	(delta): 5868.96
5 (QN/Block) 	Elapsed: 0.26	Loglikelihood: -280582	(delta): 1881.41
6 (QN/Block) 	Elapsed: 0.261	Loglikelihood: -280064	(delta): 517.775
7 (QN/Block) 	Elapsed: 0.259	Loglikelihood: -279898	(delta): 165.829
8 (QN/Block) 	Elapsed: 0.259	Loglikelihood: -279808	(delta): 90.4054
9 (QN/Block) 	Elapsed: 0.26	Loglikelihood: -279782	(delta): 26.1576
10 (QN/Block) 	Elapsed: 0.259	Loglikelihood: -279772	(delta): 9.99184
11 (QN/Block) 	Elapsed: 0.261	Loglikelihood: -279770	(delta): 1.64576
12 (QN/Block) 	Elapsed: 0.263	Loglikelihood: -279770	(delta): 0.23044
13 (QN/Block) 	Elapsed: 0.263	Loglikelihood: -279770	(delta): 0.123889
14 (QN/Block) 	Elapsed: 0.263	Loglikelihood: -279770	(delta): 0.168016
15 (QN/Block) 	Elapsed: 0.263	Loglikelihood: -279769	(delta): 0.202906
16 (QN/Block) 	Elapsed: 0.26	Loglikelihood: -279769	(delta): 0.121397
17 (QN/Block) 	Elapsed: 0.26	Loglikelihood: -279769	(delta): 0.0347574
18 (QN/Block) 	Elapsed: 0.259	Loglikelihood: -279769	(delta): 0.0201943
19 (QN/Block) 	Elapsed: 0.259	Loglikelihood: -279769	(delta): 0.0272471
20 (QN/Block) 	Elapsed: 0.263	Loglikelihood: -279769	(delta): 0.0352971
21 (QN/Block) 	Elapsed: 0.263	Loglikelihood: -279769	(delta): 0.0342843
22 (QN/Block) 	Elapsed: 0.263	Loglikelihood: -279769	(delta): 0.0591453
23 (QN/Block) 	Elapsed: 0.262	Loglikelihood: -279769	(delta): 0.104646
24 (QN/Block) 	Elapsed: 0.263	Loglikelihood: -279769	(delta): 0.216019
25 (QN/Block) 	Elapsed: 0.263	Loglikelihood: -279768	(delta): 0.385039
26 (QN/Block) 	Elapsed: 0.263	Loglikelihood: -279768	(delta): 0.62273
27 (QN/Block) 	Elapsed: 0.263	Loglikelihood: -279767	(delta): 1.09891
28 (QN/Block) 	Elapsed: 0.262	Loglikelihood: -279766	(delta): 0.230755
29 (QN/Block) 	Elapsed: 0.259	Loglikelihood: -279766	(delta): 0.0294512
30 (QN/Block) 	Elapsed: 0.259	Loglikelihood: -279766	(delta): 0.00178074
31 (QN/Block) 	Elapsed: 0.259	Loglikelihood: -279766	(delta): 0.00030084
32 (QN/Block) 	Elapsed: 0.26	Loglikelihood: -279766	(delta): 6.55847e-05
Summary: 
Converged in 32 iterations (8.837 sec)
Loglikelihood: -279766.335337
Fst divergences between estimated populations: 
	Pop0	Pop1	Pop2	Pop3	Pop4	Pop5	
Pop0	
Pop1	0.037	
Pop2	0.411	0.413	
Pop3	0.368	0.369	0.304	
Pop4	0.352	0.356	0.292	0.103	
Pop5	0.365	0.369	0.394	0.321	0.322	
Pop6	0.437	0.443	0.468	0.436	0.441	0.418	
CV error (K=7): 0.17201
Writing output files.
