****                   ADMIXTURE Version 1.3.0                  ****
****                    Copyright 2008-2015                     ****
****           David Alexander, Suyash Shringarpure,            ****
****                John  Novembre, Ken Lange                   ****
****                                                            ****
****                 Please cite our paper!                     ****
****   Information at www.genetics.ucla.edu/software/admixture  ****

Cross-validation will be performed.  Folds=5.
Parallel execution requested.  Will use 10 threads.
Random seed: 1722618023
Point estimation method: Block relaxation algorithm
Convergence acceleration algorithm: QuasiNewton, 3 secant conditions
Point estimation will terminate when objective function delta < 0.0001
Estimation of standard errors disabled; will compute point estimates only.
Size of G: 364x3412
Performing five EM steps to prime main algorithm
1 (EM) 	Elapsed: 0.123	Loglikelihood: -452185	(delta): 1.14395e+06
2 (EM) 	Elapsed: 0.122	Loglikelihood: -420728	(delta): 31456.5
3 (EM) 	Elapsed: 0.122	Loglikelihood: -415908	(delta): 4820.06
4 (EM) 	Elapsed: 0.122	Loglikelihood: -413038	(delta): 2869.54
5 (EM) 	Elapsed: 0.122	Loglikelihood: -410633	(delta): 2405.37
Initial loglikelihood: -410633
Starting main algorithm
1 (QN/Block) 	Elapsed: 0.315	Loglikelihood: -332063	(delta): 78570.3
2 (QN/Block) 	Elapsed: 0.316	Loglikelihood: -300088	(delta): 31974.9
3 (QN/Block) 	Elapsed: 0.322	Loglikelihood: -287716	(delta): 12371.7
4 (QN/Block) 	Elapsed: 0.319	Loglikelihood: -281870	(delta): 5846.43
5 (QN/Block) 	Elapsed: 0.318	Loglikelihood: -279147	(delta): 2722.78
6 (QN/Block) 	Elapsed: 0.32	Loglikelihood: -278268	(delta): 879.014
7 (QN/Block) 	Elapsed: 0.319	Loglikelihood: -278063	(delta): 205.013
8 (QN/Block) 	Elapsed: 0.319	Loglikelihood: -277936	(delta): 126.651
9 (QN/Block) 	Elapsed: 0.319	Loglikelihood: -277902	(delta): 34.2967
10 (QN/Block) 	Elapsed: 0.322	Loglikelihood: -277885	(delta): 16.7082
11 (QN/Block) 	Elapsed: 0.32	Loglikelihood: -277878	(delta): 7.53024
12 (QN/Block) 	Elapsed: 0.323	Loglikelihood: -277871	(delta): 6.6263
13 (QN/Block) 	Elapsed: 0.322	Loglikelihood: -277865	(delta): 6.46418
14 (QN/Block) 	Elapsed: 0.32	Loglikelihood: -277861	(delta): 3.3023
15 (QN/Block) 	Elapsed: 0.323	Loglikelihood: -277860	(delta): 1.41936
16 (QN/Block) 	Elapsed: 0.323	Loglikelihood: -277859	(delta): 1.16542
17 (QN/Block) 	Elapsed: 0.322	Loglikelihood: -277858	(delta): 1.29267
18 (QN/Block) 	Elapsed: 0.322	Loglikelihood: -277857	(delta): 1.00341
19 (QN/Block) 	Elapsed: 0.318	Loglikelihood: -277855	(delta): 1.10973
20 (QN/Block) 	Elapsed: 0.322	Loglikelihood: -277851	(delta): 4.0191
21 (QN/Block) 	Elapsed: 0.322	Loglikelihood: -277840	(delta): 11.69
22 (QN/Block) 	Elapsed: 0.323	Loglikelihood: -277836	(delta): 3.71064
23 (QN/Block) 	Elapsed: 0.323	Loglikelihood: -277835	(delta): 0.858801
24 (QN/Block) 	Elapsed: 0.322	Loglikelihood: -277832	(delta): 2.94253
25 (QN/Block) 	Elapsed: 0.322	Loglikelihood: -277829	(delta): 2.86885
26 (QN/Block) 	Elapsed: 0.322	Loglikelihood: -277828	(delta): 0.886301
27 (QN/Block) 	Elapsed: 0.318	Loglikelihood: -277827	(delta): 1.24575
28 (QN/Block) 	Elapsed: 0.321	Loglikelihood: -277825	(delta): 2.0354
29 (QN/Block) 	Elapsed: 0.322	Loglikelihood: -277825	(delta): 0.585412
30 (QN/Block) 	Elapsed: 0.321	Loglikelihood: -277824	(delta): 0.490278
31 (QN/Block) 	Elapsed: 0.321	Loglikelihood: -277824	(delta): 0.269928
32 (QN/Block) 	Elapsed: 0.323	Loglikelihood: -277823	(delta): 0.760587
33 (QN/Block) 	Elapsed: 0.323	Loglikelihood: -277822	(delta): 0.839331
34 (QN/Block) 	Elapsed: 0.323	Loglikelihood: -277822	(delta): 0.660991
35 (QN/Block) 	Elapsed: 0.323	Loglikelihood: -277821	(delta): 0.638295
36 (QN/Block) 	Elapsed: 0.323	Loglikelihood: -277821	(delta): 0.411708
37 (QN/Block) 	Elapsed: 0.325	Loglikelihood: -277820	(delta): 0.484709
38 (QN/Block) 	Elapsed: 0.32	Loglikelihood: -277819	(delta): 0.600193
39 (QN/Block) 	Elapsed: 0.323	Loglikelihood: -277819	(delta): 0.361658
40 (QN/Block) 	Elapsed: 0.322	Loglikelihood: -277819	(delta): 0.205265
41 (QN/Block) 	Elapsed: 0.324	Loglikelihood: -277819	(delta): 0.0678265
42 (QN/Block) 	Elapsed: 0.324	Loglikelihood: -277819	(delta): 0.0940339
43 (QN/Block) 	Elapsed: 0.326	Loglikelihood: -277819	(delta): 0.135972
44 (QN/Block) 	Elapsed: 0.328	Loglikelihood: -277818	(delta): 0.18782
45 (QN/Block) 	Elapsed: 0.326	Loglikelihood: -277818	(delta): 0.606529
46 (QN/Block) 	Elapsed: 0.326	Loglikelihood: -277816	(delta): 1.49962
47 (QN/Block) 	Elapsed: 0.328	Loglikelihood: -277815	(delta): 0.790223
48 (QN/Block) 	Elapsed: 0.325	Loglikelihood: -277815	(delta): 0.410092
49 (QN/Block) 	Elapsed: 0.326	Loglikelihood: -277814	(delta): 1.09582
50 (QN/Block) 	Elapsed: 0.329	Loglikelihood: -277813	(delta): 0.539472
51 (QN/Block) 	Elapsed: 0.322	Loglikelihood: -277813	(delta): 0.0711915
52 (QN/Block) 	Elapsed: 0.322	Loglikelihood: -277813	(delta): 0.0273673
53 (QN/Block) 	Elapsed: 0.327	Loglikelihood: -277813	(delta): 0.055475
54 (QN/Block) 	Elapsed: 0.324	Loglikelihood: -277813	(delta): 0.046998
55 (QN/Block) 	Elapsed: 0.327	Loglikelihood: -277813	(delta): 0.0690389
56 (QN/Block) 	Elapsed: 0.329	Loglikelihood: -277813	(delta): 0.0167358
57 (QN/Block) 	Elapsed: 0.324	Loglikelihood: -277813	(delta): 0.0246864
58 (QN/Block) 	Elapsed: 0.326	Loglikelihood: -277813	(delta): 0.0254459
59 (QN/Block) 	Elapsed: 0.327	Loglikelihood: -277813	(delta): 0.0163681
60 (QN/Block) 	Elapsed: 0.327	Loglikelihood: -277813	(delta): 0.0259863
61 (QN/Block) 	Elapsed: 0.326	Loglikelihood: -277813	(delta): 0.0497052
62 (QN/Block) 	Elapsed: 0.327	Loglikelihood: -277813	(delta): 0.0861252
63 (QN/Block) 	Elapsed: 0.327	Loglikelihood: -277813	(delta): 0.0620456
64 (QN/Block) 	Elapsed: 0.326	Loglikelihood: -277813	(delta): 0.0629423
65 (QN/Block) 	Elapsed: 0.327	Loglikelihood: -277813	(delta): 0.089156
66 (QN/Block) 	Elapsed: 0.327	Loglikelihood: -277813	(delta): 0.155242
67 (QN/Block) 	Elapsed: 0.326	Loglikelihood: -277812	(delta): 0.284096
68 (QN/Block) 	Elapsed: 0.327	Loglikelihood: -277812	(delta): 0.125843
69 (QN/Block) 	Elapsed: 0.327	Loglikelihood: -277812	(delta): 0.0515225
70 (QN/Block) 	Elapsed: 0.327	Loglikelihood: -277812	(delta): 0.0660638
71 (QN/Block) 	Elapsed: 0.327	Loglikelihood: -277812	(delta): 0.0484381
72 (QN/Block) 	Elapsed: 0.327	Loglikelihood: -277812	(delta): 0.0417243
73 (QN/Block) 	Elapsed: 0.326	Loglikelihood: -277812	(delta): 0.0271208
74 (QN/Block) 	Elapsed: 0.323	Loglikelihood: -277812	(delta): 0.0104341
75 (QN/Block) 	Elapsed: 0.326	Loglikelihood: -277812	(delta): 0.0077288
76 (QN/Block) 	Elapsed: 0.322	Loglikelihood: -277812	(delta): 0.0138823
77 (QN/Block) 	Elapsed: 0.326	Loglikelihood: -277812	(delta): 0.005143
78 (QN/Block) 	Elapsed: 0.327	Loglikelihood: -277812	(delta): 0.00334174
79 (QN/Block) 	Elapsed: 0.327	Loglikelihood: -277812	(delta): 0.00309312
80 (QN/Block) 	Elapsed: 0.322	Loglikelihood: -277812	(delta): 0.000388479
81 (QN/Block) 	Elapsed: 0.322	Loglikelihood: -277812	(delta): 9.76277e-05
Summary: 
Converged in 81 iterations (26.97 sec)
Loglikelihood: -277811.851348
Fst divergences between estimated populations: 
	Pop0	Pop1	Pop2	Pop3	Pop4	Pop5	Pop6	
Pop0	
Pop1	0.352	
Pop2	0.111	0.374	
Pop3	0.440	0.437	0.441	
Pop4	0.360	0.043	0.378	0.445	
Pop5	0.323	0.365	0.327	0.418	0.371	
Pop6	0.292	0.411	0.311	0.468	0.414	0.395	
Pop7	0.028	0.356	0.126	0.446	0.363	0.328	0.300	
CV error (K=8): 0.17492
Writing output files.
