****                   ADMIXTURE Version 1.3.0                  ****
****                    Copyright 2008-2015                     ****
****           David Alexander, Suyash Shringarpure,            ****
****                John  Novembre, Ken Lange                   ****
****                                                            ****
****                 Please cite our paper!                     ****
****   Information at www.genetics.ucla.edu/software/admixture  ****

Cross-validation will be performed.  Folds=5.
Parallel execution requested.  Will use 10 threads.
Random seed: 1722617335
Point estimation method: Block relaxation algorithm
Convergence acceleration algorithm: QuasiNewton, 3 secant conditions
Point estimation will terminate when objective function delta < 0.0001
Estimation of standard errors disabled; will compute point estimates only.
Size of G: 364x3412
Performing five EM steps to prime main algorithm
1 (EM) 	Elapsed: 0.021	Loglikelihood: -437256	(delta): 1.40245e+06
2 (EM) 	Elapsed: 0.02	Loglikelihood: -419020	(delta): 18235.7
3 (EM) 	Elapsed: 0.02	Loglikelihood: -415828	(delta): 3191.8
4 (EM) 	Elapsed: 0.02	Loglikelihood: -414340	(delta): 1488.57
5 (EM) 	Elapsed: 0.02	Loglikelihood: -413572	(delta): 768.25
Initial loglikelihood: -413572
Starting main algorithm
1 (QN/Block) 	Elapsed: 0.061	Loglikelihood: -394232	(delta): 19339.8
2 (QN/Block) 	Elapsed: 0.055	Loglikelihood: -377648	(delta): 16583.6
3 (QN/Block) 	Elapsed: 0.058	Loglikelihood: -373035	(delta): 4613.7
4 (QN/Block) 	Elapsed: 0.068	Loglikelihood: -365614	(delta): 7420.78
5 (QN/Block) 	Elapsed: 0.059	Loglikelihood: -356849	(delta): 8764.62
6 (QN/Block) 	Elapsed: 0.066	Loglikelihood: -351420	(delta): 5428.79
7 (QN/Block) 	Elapsed: 0.071	Loglikelihood: -350141	(delta): 1279.46
8 (QN/Block) 	Elapsed: 0.064	Loglikelihood: -349941	(delta): 200.381
9 (QN/Block) 	Elapsed: 0.06	Loglikelihood: -349922	(delta): 18.5392
10 (QN/Block) 	Elapsed: 0.069	Loglikelihood: -349919	(delta): 2.47301
11 (QN/Block) 	Elapsed: 0.069	Loglikelihood: -349919	(delta): 0.214607
12 (QN/Block) 	Elapsed: 0.06	Loglikelihood: -349919	(delta): 0.00559685
13 (QN/Block) 	Elapsed: 0.059	Loglikelihood: -349919	(delta): 0.0130159
14 (QN/Block) 	Elapsed: 0.076	Loglikelihood: -349919	(delta): 0.000735474
15 (QN/Block) 	Elapsed: 0.06	Loglikelihood: -349919	(delta): 3.83297e-05
Summary: 
Converged in 15 iterations (1.084 sec)
Loglikelihood: -349919.259556
Fst divergences between estimated populations: 
	Pop0	
Pop0	
Pop1	0.249	
CV error (K=2): 0.22082
Writing output files.
