****                   ADMIXTURE Version 1.3.0                  ****
****                    Copyright 2008-2015                     ****
****           David Alexander, Suyash Shringarpure,            ****
****                John  Novembre, Ken Lange                   ****
****                                                            ****
****                 Please cite our paper!                     ****
****   Information at www.genetics.ucla.edu/software/admixture  ****

Cross-validation will be performed.  Folds=5.
Parallel execution requested.  Will use 10 threads.
Random seed: 1722617448
Point estimation method: Block relaxation algorithm
Convergence acceleration algorithm: QuasiNewton, 3 secant conditions
Point estimation will terminate when objective function delta < 0.0001
Estimation of standard errors disabled; will compute point estimates only.
Size of G: 364x3412
Performing five EM steps to prime main algorithm
1 (EM) 	Elapsed: 0.03	Loglikelihood: -446677	(delta): 1.28912e+06
2 (EM) 	Elapsed: 0.026	Loglikelihood: -421932	(delta): 24745
3 (EM) 	Elapsed: 0.026	Loglikelihood: -417407	(delta): 4524.98
4 (EM) 	Elapsed: 0.026	Loglikelihood: -414934	(delta): 2473.25
5 (EM) 	Elapsed: 0.026	Loglikelihood: -413298	(delta): 1635.29
Initial loglikelihood: -413298
Starting main algorithm
1 (QN/Block) 	Elapsed: 0.088	Loglikelihood: -361181	(delta): 52117.8
2 (QN/Block) 	Elapsed: 0.098	Loglikelihood: -341243	(delta): 19937.4
3 (QN/Block) 	Elapsed: 0.095	Loglikelihood: -333275	(delta): 7967.96
4 (QN/Block) 	Elapsed: 0.095	Loglikelihood: -325901	(delta): 7374.57
5 (QN/Block) 	Elapsed: 0.097	Loglikelihood: -323237	(delta): 2663.56
6 (QN/Block) 	Elapsed: 0.103	Loglikelihood: -322786	(delta): 450.72
7 (QN/Block) 	Elapsed: 0.096	Loglikelihood: -322669	(delta): 117.057
8 (QN/Block) 	Elapsed: 0.098	Loglikelihood: -322657	(delta): 12.8224
9 (QN/Block) 	Elapsed: 0.103	Loglikelihood: -322655	(delta): 1.28063
10 (QN/Block) 	Elapsed: 0.104	Loglikelihood: -322655	(delta): 0.0591814
11 (QN/Block) 	Elapsed: 0.091	Loglikelihood: -322655	(delta): 0.0170824
12 (QN/Block) 	Elapsed: 0.098	Loglikelihood: -322655	(delta): 0.00646217
13 (QN/Block) 	Elapsed: 0.091	Loglikelihood: -322655	(delta): 0.00552584
14 (QN/Block) 	Elapsed: 0.092	Loglikelihood: -322655	(delta): 0.00232299
15 (QN/Block) 	Elapsed: 0.101	Loglikelihood: -322655	(delta): 0.000600197
16 (QN/Block) 	Elapsed: 0.091	Loglikelihood: -322655	(delta): 0.000835117
17 (QN/Block) 	Elapsed: 0.1	Loglikelihood: -322655	(delta): 9.15022e-05
Summary: 
Converged in 17 iterations (1.807 sec)
Loglikelihood: -322655.149635
Fst divergences between estimated populations: 
	Pop0	Pop1	
Pop0	
Pop1	0.322	
Pop2	0.390	0.366	
CV error (K=3): 0.19825
Writing output files.
