****                   ADMIXTURE Version 1.3.0                  ****
****                    Copyright 2008-2015                     ****
****           David Alexander, Suyash Shringarpure,            ****
****                John  Novembre, Ken Lange                   ****
****                                                            ****
****                 Please cite our paper!                     ****
****   Information at www.genetics.ucla.edu/software/admixture  ****

Cross-validation will be performed.  Folds=5.
Parallel execution requested.  Will use 10 threads.
Random seed: 1722617373
Point estimation method: Block relaxation algorithm
Convergence acceleration algorithm: QuasiNewton, 3 secant conditions
Point estimation will terminate when objective function delta < 0.0001
Estimation of standard errors disabled; will compute point estimates only.
Size of G: 364x3412
Performing five EM steps to prime main algorithm
1 (EM) 	Elapsed: 0.037	Loglikelihood: -446486	(delta): 1.26466e+06
2 (EM) 	Elapsed: 0.034	Loglikelihood: -421962	(delta): 24523.3
3 (EM) 	Elapsed: 0.034	Loglikelihood: -417772	(delta): 4189.99
4 (EM) 	Elapsed: 0.034	Loglikelihood: -415581	(delta): 2191.02
5 (EM) 	Elapsed: 0.034	Loglikelihood: -414122	(delta): 1459.84
Initial loglikelihood: -414122
Starting main algorithm
1 (QN/Block) 	Elapsed: 0.11	Loglikelihood: -368385	(delta): 45736.9
2 (QN/Block) 	Elapsed: 0.117	Loglikelihood: -354689	(delta): 13696.1
3 (QN/Block) 	Elapsed: 0.114	Loglikelihood: -346751	(delta): 7937.58
4 (QN/Block) 	Elapsed: 0.131	Loglikelihood: -338648	(delta): 8102.82
5 (QN/Block) 	Elapsed: 0.128	Loglikelihood: -331499	(delta): 7149.34
6 (QN/Block) 	Elapsed: 0.121	Loglikelihood: -328399	(delta): 3099.83
7 (QN/Block) 	Elapsed: 0.127	Loglikelihood: -327547	(delta): 852.346
8 (QN/Block) 	Elapsed: 0.137	Loglikelihood: -327259	(delta): 287.544
9 (QN/Block) 	Elapsed: 0.135	Loglikelihood: -327164	(delta): 95.3387
10 (QN/Block) 	Elapsed: 0.124	Loglikelihood: -327146	(delta): 17.68
11 (QN/Block) 	Elapsed: 0.125	Loglikelihood: -327144	(delta): 2.22517
12 (QN/Block) 	Elapsed: 0.138	Loglikelihood: -327144	(delta): 0.148842
13 (QN/Block) 	Elapsed: 0.126	Loglikelihood: -327144	(delta): 0.0305869
14 (QN/Block) 	Elapsed: 0.13	Loglikelihood: -327144	(delta): 0.0327089
15 (QN/Block) 	Elapsed: 0.135	Loglikelihood: -327144	(delta): 0.0031571
16 (QN/Block) 	Elapsed: 0.122	Loglikelihood: -327144	(delta): 0.00241868
17 (QN/Block) 	Elapsed: 0.129	Loglikelihood: -327144	(delta): 0.000390658
18 (QN/Block) 	Elapsed: 0.124	Loglikelihood: -327144	(delta): 0.000317077
19 (QN/Block) 	Elapsed: 0.121	Loglikelihood: -327144	(delta): 0.000104751
20 (QN/Block) 	Elapsed: 0.131	Loglikelihood: -327144	(delta): 2.31382e-05
Summary: 
Converged in 20 iterations (2.752 sec)
Loglikelihood: -327143.644396
Fst divergences between estimated populations: 
	Pop0	Pop1	
Pop0	
Pop1	0.320	
Pop2	0.264	0.279	
CV error (K=3): 0.20364
Writing output files.
