****                   ADMIXTURE Version 1.3.0                  ****
****                    Copyright 2008-2015                     ****
****           David Alexander, Suyash Shringarpure,            ****
****                John  Novembre, Ken Lange                   ****
****                                                            ****
****                 Please cite our paper!                     ****
****   Information at www.genetics.ucla.edu/software/admixture  ****

Cross-validation will be performed.  Folds=5.
Parallel execution requested.  Will use 10 threads.
Random seed: 1722617517
Point estimation method: Block relaxation algorithm
Convergence acceleration algorithm: QuasiNewton, 3 secant conditions
Point estimation will terminate when objective function delta < 0.0001
Estimation of standard errors disabled; will compute point estimates only.
Size of G: 364x3412
Performing five EM steps to prime main algorithm
1 (EM) 	Elapsed: 0.045	Loglikelihood: -447032	(delta): 1.21001e+06
2 (EM) 	Elapsed: 0.043	Loglikelihood: -421505	(delta): 25526.7
3 (EM) 	Elapsed: 0.043	Loglikelihood: -417307	(delta): 4198.4
4 (EM) 	Elapsed: 0.043	Loglikelihood: -414918	(delta): 2388.72
5 (EM) 	Elapsed: 0.043	Loglikelihood: -413285	(delta): 1633.41
Initial loglikelihood: -413285
Starting main algorithm
1 (QN/Block) 	Elapsed: 0.127	Loglikelihood: -373789	(delta): 39495.2
2 (QN/Block) 	Elapsed: 0.127	Loglikelihood: -337531	(delta): 36258.2
3 (QN/Block) 	Elapsed: 0.131	Loglikelihood: -327782	(delta): 9749.47
4 (QN/Block) 	Elapsed: 0.129	Loglikelihood: -323300	(delta): 4482.06
5 (QN/Block) 	Elapsed: 0.13	Loglikelihood: -321285	(delta): 2014.87
6 (QN/Block) 	Elapsed: 0.128	Loglikelihood: -320768	(delta): 516.412
7 (QN/Block) 	Elapsed: 0.131	Loglikelihood: -320615	(delta): 152.997
8 (QN/Block) 	Elapsed: 0.13	Loglikelihood: -320585	(delta): 30.6476
9 (QN/Block) 	Elapsed: 0.129	Loglikelihood: -320573	(delta): 11.3962
10 (QN/Block) 	Elapsed: 0.13	Loglikelihood: -320568	(delta): 5.08668
11 (QN/Block) 	Elapsed: 0.132	Loglikelihood: -320568	(delta): 0.224949
12 (QN/Block) 	Elapsed: 0.129	Loglikelihood: -320568	(delta): 0.0168272
13 (QN/Block) 	Elapsed: 0.129	Loglikelihood: -320568	(delta): 0.00372791
14 (QN/Block) 	Elapsed: 0.13	Loglikelihood: -320568	(delta): 0.000656516
15 (QN/Block) 	Elapsed: 0.13	Loglikelihood: -320568	(delta): 8.44749e-05
Summary: 
Converged in 15 iterations (2.192 sec)
Loglikelihood: -320568.063094
Fst divergences between estimated populations: 
	Pop0	Pop1	Pop2	
Pop0	
Pop1	0.242	
Pop2	0.286	0.287	
Pop3	0.251	0.104	0.296	
CV error (K=4): 0.20109
Writing output files.
