****                   ADMIXTURE Version 1.3.0                  ****
****                    Copyright 2008-2015                     ****
****           David Alexander, Suyash Shringarpure,            ****
****                John  Novembre, Ken Lange                   ****
****                                                            ****
****                 Please cite our paper!                     ****
****   Information at www.genetics.ucla.edu/software/admixture  ****

Cross-validation will be performed.  Folds=5.
Parallel execution requested.  Will use 10 threads.
Random seed: 1722617305
Point estimation method: Block relaxation algorithm
Convergence acceleration algorithm: QuasiNewton, 3 secant conditions
Point estimation will terminate when objective function delta < 0.0001
Estimation of standard errors disabled; will compute point estimates only.
Size of G: 364x3412
Performing five EM steps to prime main algorithm
1 (EM) 	Elapsed: 0.044	Loglikelihood: -441881	(delta): 1.29008e+06
2 (EM) 	Elapsed: 0.041	Loglikelihood: -419720	(delta): 22161.7
3 (EM) 	Elapsed: 0.041	Loglikelihood: -415551	(delta): 4169.11
4 (EM) 	Elapsed: 0.041	Loglikelihood: -413092	(delta): 2458.86
5 (EM) 	Elapsed: 0.041	Loglikelihood: -411342	(delta): 1749.6
Initial loglikelihood: -411342
Starting main algorithm
1 (QN/Block) 	Elapsed: 0.136	Loglikelihood: -363643	(delta): 47699.2
2 (QN/Block) 	Elapsed: 0.13	Loglikelihood: -351272	(delta): 12371
3 (QN/Block) 	Elapsed: 0.14	Loglikelihood: -342636	(delta): 8635.75
4 (QN/Block) 	Elapsed: 0.143	Loglikelihood: -334826	(delta): 7810.48
5 (QN/Block) 	Elapsed: 0.156	Loglikelihood: -328975	(delta): 5850.63
6 (QN/Block) 	Elapsed: 0.138	Loglikelihood: -327633	(delta): 1342.09
7 (QN/Block) 	Elapsed: 0.137	Loglikelihood: -327254	(delta): 378.78
8 (QN/Block) 	Elapsed: 0.132	Loglikelihood: -327164	(delta): 90.6282
9 (QN/Block) 	Elapsed: 0.162	Loglikelihood: -327144	(delta): 19.1442
10 (QN/Block) 	Elapsed: 0.158	Loglikelihood: -327144	(delta): 0.588443
11 (QN/Block) 	Elapsed: 0.149	Loglikelihood: -327144	(delta): 0.141384
12 (QN/Block) 	Elapsed: 0.147	Loglikelihood: -327144	(delta): 0.0460264
13 (QN/Block) 	Elapsed: 0.156	Loglikelihood: -327144	(delta): 0.0141179
14 (QN/Block) 	Elapsed: 0.144	Loglikelihood: -327144	(delta): 0.00590437
15 (QN/Block) 	Elapsed: 0.137	Loglikelihood: -327144	(delta): 0.00349973
16 (QN/Block) 	Elapsed: 0.141	Loglikelihood: -327144	(delta): 0.00149915
17 (QN/Block) 	Elapsed: 0.157	Loglikelihood: -327144	(delta): 0.000388191
18 (QN/Block) 	Elapsed: 0.14	Loglikelihood: -327144	(delta): 0.00020277
19 (QN/Block) 	Elapsed: 0.141	Loglikelihood: -327144	(delta): 0.000260191
20 (QN/Block) 	Elapsed: 0.148	Loglikelihood: -327144	(delta): 4.03631e-05
Summary: 
Converged in 20 iterations (3.154 sec)
Loglikelihood: -327143.663281
Fst divergences between estimated populations: 
	Pop0	Pop1	
Pop0	
Pop1	0.279	
Pop2	0.264	0.320	
CV error (K=3): 0.20329
Writing output files.
