****                   ADMIXTURE Version 1.3.0                  ****
****                    Copyright 2008-2015                     ****
****           David Alexander, Suyash Shringarpure,            ****
****                John  Novembre, Ken Lange                   ****
****                                                            ****
****                 Please cite our paper!                     ****
****   Information at www.genetics.ucla.edu/software/admixture  ****

Cross-validation will be performed.  Folds=5.
Parallel execution requested.  Will use 10 threads.
Random seed: 1722617413
Point estimation method: Block relaxation algorithm
Convergence acceleration algorithm: QuasiNewton, 3 secant conditions
Point estimation will terminate when objective function delta < 0.0001
Estimation of standard errors disabled; will compute point estimates only.
Size of G: 364x3412
Performing five EM steps to prime main algorithm
1 (EM) 	Elapsed: 0.028	Loglikelihood: -446460	(delta): 1.27975e+06
2 (EM) 	Elapsed: 0.026	Loglikelihood: -421527	(delta): 24932.5
3 (EM) 	Elapsed: 0.026	Loglikelihood: -417289	(delta): 4238.19
4 (EM) 	Elapsed: 0.026	Loglikelihood: -415015	(delta): 2273.66
5 (EM) 	Elapsed: 0.026	Loglikelihood: -413510	(delta): 1505.71
Initial loglikelihood: -413510
Starting main algorithm
1 (QN/Block) 	Elapsed: 0.106	Loglikelihood: -368489	(delta): 45020.5
2 (QN/Block) 	Elapsed: 0.106	Loglikelihood: -344870	(delta): 23618.7
3 (QN/Block) 	Elapsed: 0.104	Loglikelihood: -334220	(delta): 10650.6
4 (QN/Block) 	Elapsed: 0.101	Loglikelihood: -327967	(delta): 6252.93
5 (QN/Block) 	Elapsed: 0.102	Loglikelihood: -325152	(delta): 2814.42
6 (QN/Block) 	Elapsed: 0.11	Loglikelihood: -324111	(delta): 1041.49
7 (QN/Block) 	Elapsed: 0.117	Loglikelihood: -323109	(delta): 1001.77
8 (QN/Block) 	Elapsed: 0.11	Loglikelihood: -322970	(delta): 138.793
9 (QN/Block) 	Elapsed: 0.105	Loglikelihood: -322901	(delta): 69.0884
10 (QN/Block) 	Elapsed: 0.096	Loglikelihood: -322883	(delta): 17.7853
11 (QN/Block) 	Elapsed: 0.113	Loglikelihood: -322882	(delta): 1.9279
12 (QN/Block) 	Elapsed: 0.102	Loglikelihood: -322881	(delta): 0.0209347
13 (QN/Block) 	Elapsed: 0.113	Loglikelihood: -322881	(delta): 0.00651805
14 (QN/Block) 	Elapsed: 0.093	Loglikelihood: -322881	(delta): 0.00245501
15 (QN/Block) 	Elapsed: 0.102	Loglikelihood: -322881	(delta): 0.00129242
16 (QN/Block) 	Elapsed: 0.092	Loglikelihood: -322881	(delta): 0.00195795
17 (QN/Block) 	Elapsed: 0.111	Loglikelihood: -322881	(delta): 0.00104555
18 (QN/Block) 	Elapsed: 0.104	Loglikelihood: -322881	(delta): 0.00022827
19 (QN/Block) 	Elapsed: 0.095	Loglikelihood: -322881	(delta): 0.000101981
20 (QN/Block) 	Elapsed: 0.091	Loglikelihood: -322881	(delta): 5.76177e-05
Summary: 
Converged in 20 iterations (2.241 sec)
Loglikelihood: -322881.476488
Fst divergences between estimated populations: 
	Pop0	Pop1	
Pop0	
Pop1	0.378	
Pop2	0.310	0.358	
CV error (K=3): 0.19933
Writing output files.
