****                   ADMIXTURE Version 1.3.0                  ****
****                    Copyright 2008-2015                     ****
****           David Alexander, Suyash Shringarpure,            ****
****                John  Novembre, Ken Lange                   ****
****                                                            ****
****                 Please cite our paper!                     ****
****   Information at www.genetics.ucla.edu/software/admixture  ****

Cross-validation will be performed.  Folds=5.
Parallel execution requested.  Will use 10 threads.
Random seed: 1722617534
Point estimation method: Block relaxation algorithm
Convergence acceleration algorithm: QuasiNewton, 3 secant conditions
Point estimation will terminate when objective function delta < 0.0001
Estimation of standard errors disabled; will compute point estimates only.
Size of G: 364x3412
Performing five EM steps to prime main algorithm
1 (EM) 	Elapsed: 0.044	Loglikelihood: -450182	(delta): 1.25372e+06
2 (EM) 	Elapsed: 0.042	Loglikelihood: -422797	(delta): 27384.9
3 (EM) 	Elapsed: 0.043	Loglikelihood: -417886	(delta): 4911.2
4 (EM) 	Elapsed: 0.042	Loglikelihood: -415304	(delta): 2582.03
5 (EM) 	Elapsed: 0.042	Loglikelihood: -413554	(delta): 1750.42
Initial loglikelihood: -413554
Starting main algorithm
1 (QN/Block) 	Elapsed: 0.139	Loglikelihood: -352245	(delta): 61308.6
2 (QN/Block) 	Elapsed: 0.144	Loglikelihood: -320110	(delta): 32135.2
3 (QN/Block) 	Elapsed: 0.134	Loglikelihood: -311511	(delta): 8599.05
4 (QN/Block) 	Elapsed: 0.153	Loglikelihood: -303757	(delta): 7754.35
5 (QN/Block) 	Elapsed: 0.135	Loglikelihood: -300936	(delta): 2820.94
6 (QN/Block) 	Elapsed: 0.15	Loglikelihood: -300075	(delta): 860.705
7 (QN/Block) 	Elapsed: 0.143	Loglikelihood: -299909	(delta): 165.67
8 (QN/Block) 	Elapsed: 0.142	Loglikelihood: -299895	(delta): 14.4753
9 (QN/Block) 	Elapsed: 0.148	Loglikelihood: -299893	(delta): 1.32517
10 (QN/Block) 	Elapsed: 0.151	Loglikelihood: -299893	(delta): 0.0291637
11 (QN/Block) 	Elapsed: 0.135	Loglikelihood: -299893	(delta): 0.00907733
12 (QN/Block) 	Elapsed: 0.15	Loglikelihood: -299893	(delta): 0.000625086
13 (QN/Block) 	Elapsed: 0.152	Loglikelihood: -299893	(delta): 0.000625593
14 (QN/Block) 	Elapsed: 0.16	Loglikelihood: -299893	(delta): 0.00038383
15 (QN/Block) 	Elapsed: 0.142	Loglikelihood: -299893	(delta): 3.82445e-05
Summary: 
Converged in 15 iterations (2.425 sec)
Loglikelihood: -299893.403825
Fst divergences between estimated populations: 
	Pop0	Pop1	Pop2	
Pop0	
Pop1	0.406	
Pop2	0.390	0.420	
Pop3	0.338	0.279	0.382	
CV error (K=4): 0.18093
Writing output files.
