****                   ADMIXTURE Version 1.3.0                  ****
****                    Copyright 2008-2015                     ****
****           David Alexander, Suyash Shringarpure,            ****
****                John  Novembre, Ken Lange                   ****
****                                                            ****
****                 Please cite our paper!                     ****
****   Information at www.genetics.ucla.edu/software/admixture  ****

Cross-validation will be performed.  Folds=5.
Parallel execution requested.  Will use 10 threads.
Random seed: 1722617551
Point estimation method: Block relaxation algorithm
Convergence acceleration algorithm: QuasiNewton, 3 secant conditions
Point estimation will terminate when objective function delta < 0.0001
Estimation of standard errors disabled; will compute point estimates only.
Size of G: 364x3412
Performing five EM steps to prime main algorithm
1 (EM) 	Elapsed: 0.07	Loglikelihood: -451325	(delta): 1.16642e+06
2 (EM) 	Elapsed: 0.065	Loglikelihood: -421679	(delta): 29646.6
3 (EM) 	Elapsed: 0.066	Loglikelihood: -417202	(delta): 4476.57
4 (EM) 	Elapsed: 0.065	Loglikelihood: -414708	(delta): 2494.61
5 (EM) 	Elapsed: 0.066	Loglikelihood: -412756	(delta): 1952.05
Initial loglikelihood: -412756
Starting main algorithm
1 (QN/Block) 	Elapsed: 0.217	Loglikelihood: -334587	(delta): 78169
2 (QN/Block) 	Elapsed: 0.217	Loglikelihood: -310005	(delta): 24581.4
3 (QN/Block) 	Elapsed: 0.22	Loglikelihood: -295268	(delta): 14736.8
4 (QN/Block) 	Elapsed: 0.221	Loglikelihood: -286671	(delta): 8597.01
5 (QN/Block) 	Elapsed: 0.218	Loglikelihood: -282634	(delta): 4037.54
6 (QN/Block) 	Elapsed: 0.267	Loglikelihood: -281317	(delta): 1317.24
7 (QN/Block) 	Elapsed: 0.249	Loglikelihood: -280979	(delta): 337.314
8 (QN/Block) 	Elapsed: 0.232	Loglikelihood: -280874	(delta): 105.193
9 (QN/Block) 	Elapsed: 0.224	Loglikelihood: -280838	(delta): 36.3466
10 (QN/Block) 	Elapsed: 0.224	Loglikelihood: -280826	(delta): 11.8787
11 (QN/Block) 	Elapsed: 0.229	Loglikelihood: -280823	(delta): 3.1968
12 (QN/Block) 	Elapsed: 0.22	Loglikelihood: -280822	(delta): 0.745045
13 (QN/Block) 	Elapsed: 0.23	Loglikelihood: -280822	(delta): 0.229173
14 (QN/Block) 	Elapsed: 0.243	Loglikelihood: -280822	(delta): 0.0362408
15 (QN/Block) 	Elapsed: 0.225	Loglikelihood: -280822	(delta): 0.0156899
16 (QN/Block) 	Elapsed: 0.221	Loglikelihood: -280822	(delta): 0.00928107
17 (QN/Block) 	Elapsed: 0.221	Loglikelihood: -280822	(delta): 0.00297746
18 (QN/Block) 	Elapsed: 0.234	Loglikelihood: -280822	(delta): 0.00169009
19 (QN/Block) 	Elapsed: 0.22	Loglikelihood: -280822	(delta): 0.00261885
20 (QN/Block) 	Elapsed: 0.224	Loglikelihood: -280822	(delta): 0.000745687
21 (QN/Block) 	Elapsed: 0.22	Loglikelihood: -280822	(delta): 4.75324e-07
Summary: 
Converged in 21 iterations (5.153 sec)
Loglikelihood: -280821.621666
Fst divergences between estimated populations: 
	Pop0	Pop1	Pop2	Pop3	Pop4	
Pop0	
Pop1	0.321	
Pop2	0.364	0.362	
Pop3	0.304	0.394	0.407	
Pop4	0.436	0.418	0.436	0.468	
Pop5	0.103	0.322	0.350	0.292	0.441	
CV error (K=6): 0.17020
Writing output files.
