****                   ADMIXTURE Version 1.3.0                  ****
****                    Copyright 2008-2015                     ****
****           David Alexander, Suyash Shringarpure,            ****
****                John  Novembre, Ken Lange                   ****
****                                                            ****
****                 Please cite our paper!                     ****
****   Information at www.genetics.ucla.edu/software/admixture  ****

Cross-validation will be performed.  Folds=5.
Parallel execution requested.  Will use 10 threads.
Random seed: 1722617573
Point estimation method: Block relaxation algorithm
Convergence acceleration algorithm: QuasiNewton, 3 secant conditions
Point estimation will terminate when objective function delta < 0.0001
Estimation of standard errors disabled; will compute point estimates only.
Size of G: 364x3412
Performing five EM steps to prime main algorithm
1 (EM) 	Elapsed: 0.075	Loglikelihood: -451874	(delta): 1.16206e+06
2 (EM) 	Elapsed: 0.074	Loglikelihood: -421844	(delta): 30029.6
3 (EM) 	Elapsed: 0.073	Loglikelihood: -416912	(delta): 4932.18
4 (EM) 	Elapsed: 0.073	Loglikelihood: -414213	(delta): 2699.4
5 (EM) 	Elapsed: 0.074	Loglikelihood: -412055	(delta): 2157.87
Initial loglikelihood: -412055
Starting main algorithm
1 (QN/Block) 	Elapsed: 0.244	Loglikelihood: -334827	(delta): 77227.6
2 (QN/Block) 	Elapsed: 0.244	Loglikelihood: -304024	(delta): 30803.6
3 (QN/Block) 	Elapsed: 0.248	Loglikelihood: -290116	(delta): 13907.4
4 (QN/Block) 	Elapsed: 0.248	Loglikelihood: -283498	(delta): 6617.99
5 (QN/Block) 	Elapsed: 0.249	Loglikelihood: -281533	(delta): 1965.25
6 (QN/Block) 	Elapsed: 0.248	Loglikelihood: -281027	(delta): 506.076
7 (QN/Block) 	Elapsed: 0.248	Loglikelihood: -280907	(delta): 120.449
8 (QN/Block) 	Elapsed: 0.248	Loglikelihood: -280862	(delta): 44.8445
9 (QN/Block) 	Elapsed: 0.248	Loglikelihood: -280833	(delta): 28.9676
10 (QN/Block) 	Elapsed: 0.251	Loglikelihood: -280823	(delta): 10.144
11 (QN/Block) 	Elapsed: 0.253	Loglikelihood: -280822	(delta): 0.815783
12 (QN/Block) 	Elapsed: 0.249	Loglikelihood: -280821	(delta): 0.341962
13 (QN/Block) 	Elapsed: 0.248	Loglikelihood: -280821	(delta): 0.0361714
14 (QN/Block) 	Elapsed: 0.249	Loglikelihood: -280821	(delta): 0.000235448
15 (QN/Block) 	Elapsed: 0.248	Loglikelihood: -280821	(delta): 1.04143e-05
Summary: 
Converged in 15 iterations (4.131 sec)
Loglikelihood: -280821.418084
Fst divergences between estimated populations: 
	Pop0	Pop1	Pop2	Pop3	Pop4	
Pop0	
Pop1	0.468	
Pop2	0.418	0.394	
Pop3	0.436	0.407	0.362	
Pop4	0.436	0.304	0.321	0.364	
Pop5	0.441	0.292	0.322	0.350	0.103	
CV error (K=6): 0.16983
Writing output files.
