****                   ADMIXTURE Version 1.3.0                  ****
****                    Copyright 2008-2015                     ****
****           David Alexander, Suyash Shringarpure,            ****
****                John  Novembre, Ken Lange                   ****
****                                                            ****
****                 Please cite our paper!                     ****
****   Information at www.genetics.ucla.edu/software/admixture  ****

Cross-validation will be performed.  Folds=5.
Parallel execution requested.  Will use 10 threads.
Random seed: 1722617350
Point estimation method: Block relaxation algorithm
Convergence acceleration algorithm: QuasiNewton, 3 secant conditions
Point estimation will terminate when objective function delta < 0.0001
Estimation of standard errors disabled; will compute point estimates only.
Size of G: 364x3412
Performing five EM steps to prime main algorithm
1 (EM) 	Elapsed: 0.035	Loglikelihood: -448259	(delta): 1.29414e+06
2 (EM) 	Elapsed: 0.034	Loglikelihood: -422102	(delta): 26157.2
3 (EM) 	Elapsed: 0.033	Loglikelihood: -417961	(delta): 4141.59
4 (EM) 	Elapsed: 0.033	Loglikelihood: -415718	(delta): 2242.22
5 (EM) 	Elapsed: 0.033	Loglikelihood: -414194	(delta): 1524.52
Initial loglikelihood: -414194
Starting main algorithm
1 (QN/Block) 	Elapsed: 0.126	Loglikelihood: -358679	(delta): 55514.7
2 (QN/Block) 	Elapsed: 0.107	Loglikelihood: -342193	(delta): 16486.5
3 (QN/Block) 	Elapsed: 0.122	Loglikelihood: -334801	(delta): 7391.59
4 (QN/Block) 	Elapsed: 0.12	Loglikelihood: -329717	(delta): 5083.82
5 (QN/Block) 	Elapsed: 0.126	Loglikelihood: -327511	(delta): 2205.74
6 (QN/Block) 	Elapsed: 0.124	Loglikelihood: -327196	(delta): 315.162
7 (QN/Block) 	Elapsed: 0.119	Loglikelihood: -327152	(delta): 44.7715
8 (QN/Block) 	Elapsed: 0.122	Loglikelihood: -327144	(delta): 7.20958
9 (QN/Block) 	Elapsed: 0.121	Loglikelihood: -327144	(delta): 0.566272
10 (QN/Block) 	Elapsed: 0.127	Loglikelihood: -327144	(delta): 0.0797611
11 (QN/Block) 	Elapsed: 0.115	Loglikelihood: -327144	(delta): 0.00727053
12 (QN/Block) 	Elapsed: 0.119	Loglikelihood: -327144	(delta): 0.00239161
13 (QN/Block) 	Elapsed: 0.122	Loglikelihood: -327144	(delta): 0.000230353
14 (QN/Block) 	Elapsed: 0.114	Loglikelihood: -327144	(delta): 0.000401289
15 (QN/Block) 	Elapsed: 0.123	Loglikelihood: -327144	(delta): 9.48217e-05
Summary: 
Converged in 15 iterations (2.02 sec)
Loglikelihood: -327143.665218
Fst divergences between estimated populations: 
	Pop0	Pop1	
Pop0	
Pop1	0.279	
Pop2	0.320	0.264	
CV error (K=3): 0.20366
Writing output files.
