****                   ADMIXTURE Version 1.3.0                  ****
****                    Copyright 2008-2015                     ****
****           David Alexander, Suyash Shringarpure,            ****
****                John  Novembre, Ken Lange                   ****
****                                                            ****
****                 Please cite our paper!                     ****
****   Information at www.genetics.ucla.edu/software/admixture  ****

Cross-validation will be performed.  Folds=5.
Parallel execution requested.  Will use 10 threads.
Random seed: 1722617354
Point estimation method: Block relaxation algorithm
Convergence acceleration algorithm: QuasiNewton, 3 secant conditions
Point estimation will terminate when objective function delta < 0.0001
Estimation of standard errors disabled; will compute point estimates only.
Size of G: 364x3412
Performing five EM steps to prime main algorithm
1 (EM) 	Elapsed: 0.034	Loglikelihood: -445289	(delta): 1.26299e+06
2 (EM) 	Elapsed: 0.033	Loglikelihood: -421215	(delta): 24074
3 (EM) 	Elapsed: 0.033	Loglikelihood: -417095	(delta): 4120.28
4 (EM) 	Elapsed: 0.032	Loglikelihood: -414847	(delta): 2247.8
5 (EM) 	Elapsed: 0.033	Loglikelihood: -413323	(delta): 1523.52
Initial loglikelihood: -413323
Starting main algorithm
1 (QN/Block) 	Elapsed: 0.119	Loglikelihood: -363706	(delta): 49616.9
2 (QN/Block) 	Elapsed: 0.108	Loglikelihood: -352628	(delta): 11078.6
3 (QN/Block) 	Elapsed: 0.12	Loglikelihood: -346361	(delta): 6267.02
4 (QN/Block) 	Elapsed: 0.134	Loglikelihood: -342409	(delta): 3952.3
5 (QN/Block) 	Elapsed: 0.12	Loglikelihood: -338479	(delta): 3929.09
6 (QN/Block) 	Elapsed: 0.11	Loglikelihood: -333282	(delta): 5197.47
7 (QN/Block) 	Elapsed: 0.133	Loglikelihood: -328926	(delta): 4355.54
8 (QN/Block) 	Elapsed: 0.117	Loglikelihood: -327680	(delta): 1246.11
9 (QN/Block) 	Elapsed: 0.132	Loglikelihood: -327254	(delta): 426.256
10 (QN/Block) 	Elapsed: 0.118	Loglikelihood: -327154	(delta): 100.529
11 (QN/Block) 	Elapsed: 0.149	Loglikelihood: -327144	(delta): 9.24824
12 (QN/Block) 	Elapsed: 0.124	Loglikelihood: -327144	(delta): 0.527505
13 (QN/Block) 	Elapsed: 0.125	Loglikelihood: -327144	(delta): 0.0503225
14 (QN/Block) 	Elapsed: 0.123	Loglikelihood: -327144	(delta): 0.023167
15 (QN/Block) 	Elapsed: 0.111	Loglikelihood: -327144	(delta): 0.00588143
16 (QN/Block) 	Elapsed: 0.11	Loglikelihood: -327144	(delta): 0.00381411
17 (QN/Block) 	Elapsed: 0.111	Loglikelihood: -327144	(delta): 0.00275529
18 (QN/Block) 	Elapsed: 0.11	Loglikelihood: -327144	(delta): 0.00149145
19 (QN/Block) 	Elapsed: 0.116	Loglikelihood: -327144	(delta): 0.00118534
20 (QN/Block) 	Elapsed: 0.12	Loglikelihood: -327144	(delta): 0.000227751
21 (QN/Block) 	Elapsed: 0.114	Loglikelihood: -327144	(delta): 0.000382195
22 (QN/Block) 	Elapsed: 0.108	Loglikelihood: -327144	(delta): 0.000121529
23 (QN/Block) 	Elapsed: 0.114	Loglikelihood: -327144	(delta): 1.51118e-05
Summary: 
Converged in 23 iterations (2.974 sec)
Loglikelihood: -327143.680451
Fst divergences between estimated populations: 
	Pop0	Pop1	
Pop0	
Pop1	0.279	
Pop2	0.264	0.320	
CV error (K=3): 0.20354
Writing output files.
