****                   ADMIXTURE Version 1.3.0                  ****
****                    Copyright 2008-2015                     ****
****           David Alexander, Suyash Shringarpure,            ****
****                John  Novembre, Ken Lange                   ****
****                                                            ****
****                 Please cite our paper!                     ****
****   Information at www.genetics.ucla.edu/software/admixture  ****

Cross-validation will be performed.  Folds=5.
Parallel execution requested.  Will use 10 threads.
Random seed: 1722617316
Point estimation method: Block relaxation algorithm
Convergence acceleration algorithm: QuasiNewton, 3 secant conditions
Point estimation will terminate when objective function delta < 0.0001
Estimation of standard errors disabled; will compute point estimates only.
Size of G: 364x3412
Performing five EM steps to prime main algorithm
1 (EM) 	Elapsed: 0.067	Loglikelihood: -453001	(delta): 1.16358e+06
2 (EM) 	Elapsed: 0.061	Loglikelihood: -421618	(delta): 31383
3 (EM) 	Elapsed: 0.061	Loglikelihood: -416835	(delta): 4782.08
4 (EM) 	Elapsed: 0.063	Loglikelihood: -414223	(delta): 2612.42
5 (EM) 	Elapsed: 0.061	Loglikelihood: -412246	(delta): 1976.51
Initial loglikelihood: -412246
Starting main algorithm
1 (QN/Block) 	Elapsed: 0.194	Loglikelihood: -343753	(delta): 68493.5
2 (QN/Block) 	Elapsed: 0.205	Loglikelihood: -307714	(delta): 36038.9
3 (QN/Block) 	Elapsed: 0.208	Loglikelihood: -292220	(delta): 15493.8
4 (QN/Block) 	Elapsed: 0.199	Loglikelihood: -284594	(delta): 7626.7
5 (QN/Block) 	Elapsed: 0.204	Loglikelihood: -281574	(delta): 3019.58
6 (QN/Block) 	Elapsed: 0.21	Loglikelihood: -281003	(delta): 571.208
7 (QN/Block) 	Elapsed: 0.203	Loglikelihood: -280865	(delta): 138.182
8 (QN/Block) 	Elapsed: 0.206	Loglikelihood: -280830	(delta): 34.1209
9 (QN/Block) 	Elapsed: 0.202	Loglikelihood: -280823	(delta): 7.65126
10 (QN/Block) 	Elapsed: 0.206	Loglikelihood: -280822	(delta): 0.842083
11 (QN/Block) 	Elapsed: 0.211	Loglikelihood: -280822	(delta): 0.143635
12 (QN/Block) 	Elapsed: 0.21	Loglikelihood: -280822	(delta): 0.0948151
13 (QN/Block) 	Elapsed: 0.219	Loglikelihood: -280822	(delta): 0.0276387
14 (QN/Block) 	Elapsed: 0.222	Loglikelihood: -280822	(delta): 0.0222641
15 (QN/Block) 	Elapsed: 0.225	Loglikelihood: -280822	(delta): 0.0128611
16 (QN/Block) 	Elapsed: 0.221	Loglikelihood: -280822	(delta): 0.0057278
17 (QN/Block) 	Elapsed: 0.225	Loglikelihood: -280822	(delta): 0.00307089
18 (QN/Block) 	Elapsed: 0.225	Loglikelihood: -280822	(delta): 0.00126218
19 (QN/Block) 	Elapsed: 0.24	Loglikelihood: -280822	(delta): 0.00165923
20 (QN/Block) 	Elapsed: 0.224	Loglikelihood: -280822	(delta): 0.000508127
21 (QN/Block) 	Elapsed: 0.244	Loglikelihood: -280822	(delta): 3.46669e-05
Summary: 
Converged in 21 iterations (4.873 sec)
Loglikelihood: -280821.675402
Fst divergences between estimated populations: 
	Pop0	Pop1	Pop2	Pop3	Pop4	
Pop0	
Pop1	0.350	
Pop2	0.292	0.407	
Pop3	0.103	0.364	0.304	
Pop4	0.322	0.362	0.394	0.321	
Pop5	0.441	0.436	0.468	0.436	0.418	
CV error (K=6): 0.16981
Writing output files.
