****                   ADMIXTURE Version 1.3.0                  ****
****                    Copyright 2008-2015                     ****
****           David Alexander, Suyash Shringarpure,            ****
****                John  Novembre, Ken Lange                   ****
****                                                            ****
****                 Please cite our paper!                     ****
****   Information at www.genetics.ucla.edu/software/admixture  ****

Cross-validation will be performed.  Folds=5.
Parallel execution requested.  Will use 10 threads.
Random seed: 1722617332
Point estimation method: Block relaxation algorithm
Convergence acceleration algorithm: QuasiNewton, 3 secant conditions
Point estimation will terminate when objective function delta < 0.0001
Estimation of standard errors disabled; will compute point estimates only.
Size of G: 364x3412
Performing five EM steps to prime main algorithm
1 (EM) 	Elapsed: 0.041	Loglikelihood: -450999	(delta): 1.22597e+06
2 (EM) 	Elapsed: 0.041	Loglikelihood: -422312	(delta): 28687.1
3 (EM) 	Elapsed: 0.041	Loglikelihood: -417560	(delta): 4752.12
4 (EM) 	Elapsed: 0.04	Loglikelihood: -414988	(delta): 2571.17
5 (EM) 	Elapsed: 0.04	Loglikelihood: -413140	(delta): 1848.57
Initial loglikelihood: -413140
Starting main algorithm
1 (QN/Block) 	Elapsed: 0.127	Loglikelihood: -354972	(delta): 58167.5
2 (QN/Block) 	Elapsed: 0.144	Loglikelihood: -332060	(delta): 22912.6
3 (QN/Block) 	Elapsed: 0.127	Loglikelihood: -323960	(delta): 8100.16
4 (QN/Block) 	Elapsed: 0.173	Loglikelihood: -319704	(delta): 4256.02
5 (QN/Block) 	Elapsed: 0.162	Loglikelihood: -316811	(delta): 2892.8
6 (QN/Block) 	Elapsed: 0.141	Loglikelihood: -314468	(delta): 2342.43
7 (QN/Block) 	Elapsed: 0.178	Loglikelihood: -311875	(delta): 2593.23
8 (QN/Block) 	Elapsed: 0.128	Loglikelihood: -308170	(delta): 3704.94
9 (QN/Block) 	Elapsed: 0.157	Loglikelihood: -302557	(delta): 5612.91
10 (QN/Block) 	Elapsed: 0.125	Loglikelihood: -300429	(delta): 2128.19
11 (QN/Block) 	Elapsed: 0.126	Loglikelihood: -299989	(delta): 440.118
12 (QN/Block) 	Elapsed: 0.122	Loglikelihood: -299899	(delta): 90.2706
13 (QN/Block) 	Elapsed: 0.121	Loglikelihood: -299894	(delta): 4.81539
14 (QN/Block) 	Elapsed: 0.148	Loglikelihood: -299894	(delta): 0.308903
15 (QN/Block) 	Elapsed: 0.142	Loglikelihood: -299894	(delta): 0.0671058
16 (QN/Block) 	Elapsed: 0.124	Loglikelihood: -299893	(delta): 0.0264916
17 (QN/Block) 	Elapsed: 0.135	Loglikelihood: -299893	(delta): 0.0225396
18 (QN/Block) 	Elapsed: 0.14	Loglikelihood: -299893	(delta): 0.00329768
19 (QN/Block) 	Elapsed: 0.156	Loglikelihood: -299893	(delta): 0.000326743
20 (QN/Block) 	Elapsed: 0.125	Loglikelihood: -299893	(delta): 0.000336936
21 (QN/Block) 	Elapsed: 0.149	Loglikelihood: -299893	(delta): 0.000196695
22 (QN/Block) 	Elapsed: 0.139	Loglikelihood: -299893	(delta): 1.60614e-05
Summary: 
Converged in 22 iterations (3.354 sec)
Loglikelihood: -299893.450197
Fst divergences between estimated populations: 
	Pop0	Pop1	Pop2	
Pop0	
Pop1	0.420	
Pop2	0.279	0.382	
Pop3	0.406	0.390	0.338	
CV error (K=4): 0.18063
Writing output files.
