****                   ADMIXTURE Version 1.3.0                  ****
****                    Copyright 2008-2015                     ****
****           David Alexander, Suyash Shringarpure,            ****
****                John  Novembre, Ken Lange                   ****
****                                                            ****
****                 Please cite our paper!                     ****
****   Information at www.genetics.ucla.edu/software/admixture  ****

Cross-validation will be performed.  Folds=5.
Parallel execution requested.  Will use 10 threads.
Random seed: 1722617289
Point estimation method: Block relaxation algorithm
Convergence acceleration algorithm: QuasiNewton, 3 secant conditions
Point estimation will terminate when objective function delta < 0.0001
Estimation of standard errors disabled; will compute point estimates only.
Size of G: 364x3412
Performing five EM steps to prime main algorithm
1 (EM) 	Elapsed: 0.046	Loglikelihood: -444451	(delta): 1.30859e+06
2 (EM) 	Elapsed: 0.048	Loglikelihood: -421174	(delta): 23277.1
3 (EM) 	Elapsed: 0.048	Loglikelihood: -416922	(delta): 4251.26
4 (EM) 	Elapsed: 0.048	Loglikelihood: -414564	(delta): 2358.84
5 (EM) 	Elapsed: 0.049	Loglikelihood: -412976	(delta): 1587.58
Initial loglikelihood: -412976
Starting main algorithm
1 (QN/Block) 	Elapsed: 0.144	Loglikelihood: -363175	(delta): 49800.8
2 (QN/Block) 	Elapsed: 0.145	Loglikelihood: -353022	(delta): 10153.3
3 (QN/Block) 	Elapsed: 0.153	Loglikelihood: -346828	(delta): 6193.58
4 (QN/Block) 	Elapsed: 0.151	Loglikelihood: -340240	(delta): 6588.13
5 (QN/Block) 	Elapsed: 0.152	Loglikelihood: -337080	(delta): 3160.36
6 (QN/Block) 	Elapsed: 0.155	Loglikelihood: -336167	(delta): 912.958
7 (QN/Block) 	Elapsed: 0.155	Loglikelihood: -335961	(delta): 206.209
8 (QN/Block) 	Elapsed: 0.152	Loglikelihood: -335945	(delta): 15.6469
9 (QN/Block) 	Elapsed: 0.158	Loglikelihood: -335944	(delta): 1.28794
10 (QN/Block) 	Elapsed: 0.156	Loglikelihood: -335943	(delta): 0.332605
11 (QN/Block) 	Elapsed: 0.155	Loglikelihood: -335942	(delta): 0.926407
12 (QN/Block) 	Elapsed: 0.156	Loglikelihood: -335934	(delta): 8.11237
13 (QN/Block) 	Elapsed: 0.156	Loglikelihood: -335620	(delta): 314.008
14 (QN/Block) 	Elapsed: 0.153	Loglikelihood: -325076	(delta): 10544.3
15 (QN/Block) 	Elapsed: 0.158	Loglikelihood: -323464	(delta): 1611.97
16 (QN/Block) 	Elapsed: 0.161	Loglikelihood: -322984	(delta): 479.872
17 (QN/Block) 	Elapsed: 0.158	Loglikelihood: -322773	(delta): 210.824
18 (QN/Block) 	Elapsed: 0.16	Loglikelihood: -322683	(delta): 90.554
19 (QN/Block) 	Elapsed: 0.164	Loglikelihood: -322657	(delta): 25.8879
20 (QN/Block) 	Elapsed: 0.164	Loglikelihood: -322655	(delta): 1.85785
21 (QN/Block) 	Elapsed: 0.157	Loglikelihood: -322655	(delta): 0.0166022
22 (QN/Block) 	Elapsed: 0.159	Loglikelihood: -322655	(delta): 0.017895
23 (QN/Block) 	Elapsed: 0.16	Loglikelihood: -322655	(delta): 0.00346848
24 (QN/Block) 	Elapsed: 0.157	Loglikelihood: -322655	(delta): 0.0056483
25 (QN/Block) 	Elapsed: 0.156	Loglikelihood: -322655	(delta): 0.00203453
26 (QN/Block) 	Elapsed: 0.156	Loglikelihood: -322655	(delta): 0.000539761
27 (QN/Block) 	Elapsed: 0.151	Loglikelihood: -322655	(delta): 0.000377936
28 (QN/Block) 	Elapsed: 0.152	Loglikelihood: -322655	(delta): 0.000215936
29 (QN/Block) 	Elapsed: 0.15	Loglikelihood: -322655	(delta): 5.43791e-05
Summary: 
Converged in 29 iterations (4.814 sec)
Loglikelihood: -322654.996148
Fst divergences between estimated populations: 
	Pop0	Pop1	
Pop0	
Pop1	0.366	
Pop2	0.390	0.322	
CV error (K=3): 0.19866
Writing output files.
