****                   ADMIXTURE Version 1.3.0                  ****
****                    Copyright 2008-2015                     ****
****           David Alexander, Suyash Shringarpure,            ****
****                John  Novembre, Ken Lange                   ****
****                                                            ****
****                 Please cite our paper!                     ****
****   Information at www.genetics.ucla.edu/software/admixture  ****

Cross-validation will be performed.  Folds=5.
Parallel execution requested.  Will use 10 threads.
Random seed: 1722617448
Point estimation method: Block relaxation algorithm
Convergence acceleration algorithm: QuasiNewton, 3 secant conditions
Point estimation will terminate when objective function delta < 0.0001
Estimation of standard errors disabled; will compute point estimates only.
Size of G: 364x3412
Performing five EM steps to prime main algorithm
1 (EM) 	Elapsed: 0.055	Loglikelihood: -453635	(delta): 1.1591e+06
2 (EM) 	Elapsed: 0.053	Loglikelihood: -421704	(delta): 31931
3 (EM) 	Elapsed: 0.053	Loglikelihood: -416629	(delta): 5074.23
4 (EM) 	Elapsed: 0.054	Loglikelihood: -413812	(delta): 2817.42
5 (EM) 	Elapsed: 0.053	Loglikelihood: -411554	(delta): 2258.42
Initial loglikelihood: -411554
Starting main algorithm
1 (QN/Block) 	Elapsed: 0.171	Loglikelihood: -338098	(delta): 73456
2 (QN/Block) 	Elapsed: 0.188	Loglikelihood: -302960	(delta): 35138.1
3 (QN/Block) 	Elapsed: 0.188	Loglikelihood: -289900	(delta): 13059.9
4 (QN/Block) 	Elapsed: 0.188	Loglikelihood: -283682	(delta): 6217.16
5 (QN/Block) 	Elapsed: 0.189	Loglikelihood: -281434	(delta): 2248.13
6 (QN/Block) 	Elapsed: 0.188	Loglikelihood: -280968	(delta): 466.307
7 (QN/Block) 	Elapsed: 0.189	Loglikelihood: -280851	(delta): 117.293
8 (QN/Block) 	Elapsed: 0.188	Loglikelihood: -280833	(delta): 17.4226
9 (QN/Block) 	Elapsed: 0.188	Loglikelihood: -280827	(delta): 6.51843
10 (QN/Block) 	Elapsed: 0.188	Loglikelihood: -280823	(delta): 4.11831
11 (QN/Block) 	Elapsed: 0.191	Loglikelihood: -280822	(delta): 0.912521
12 (QN/Block) 	Elapsed: 0.191	Loglikelihood: -280822	(delta): 0.0444992
13 (QN/Block) 	Elapsed: 0.189	Loglikelihood: -280822	(delta): 0.032627
14 (QN/Block) 	Elapsed: 0.188	Loglikelihood: -280822	(delta): 0.0178772
15 (QN/Block) 	Elapsed: 0.188	Loglikelihood: -280822	(delta): 0.00789673
16 (QN/Block) 	Elapsed: 0.189	Loglikelihood: -280822	(delta): 0.00401972
17 (QN/Block) 	Elapsed: 0.191	Loglikelihood: -280822	(delta): 0.000124293
18 (QN/Block) 	Elapsed: 0.191	Loglikelihood: -280822	(delta): 4.22035e-06
Summary: 
Converged in 18 iterations (3.697 sec)
Loglikelihood: -280821.688024
Fst divergences between estimated populations: 
	Pop0	Pop1	Pop2	Pop3	Pop4	
Pop0	
Pop1	0.322	
Pop2	0.394	0.292	
Pop3	0.418	0.441	0.468	
Pop4	0.362	0.350	0.407	0.436	
Pop5	0.321	0.103	0.304	0.436	0.364	
CV error (K=6): 0.16999
Writing output files.
