****                   ADMIXTURE Version 1.3.0                  ****
****                    Copyright 2008-2015                     ****
****           David Alexander, Suyash Shringarpure,            ****
****                John  Novembre, Ken Lange                   ****
****                                                            ****
****                 Please cite our paper!                     ****
****   Information at www.genetics.ucla.edu/software/admixture  ****

Cross-validation will be performed.  Folds=5.
Parallel execution requested.  Will use 10 threads.
Random seed: 1722617568
Point estimation method: Block relaxation algorithm
Convergence acceleration algorithm: QuasiNewton, 3 secant conditions
Point estimation will terminate when objective function delta < 0.0001
Estimation of standard errors disabled; will compute point estimates only.
Size of G: 364x3412
Performing five EM steps to prime main algorithm
1 (EM) 	Elapsed: 0.055	Loglikelihood: -449657	(delta): 1.18854e+06
2 (EM) 	Elapsed: 0.052	Loglikelihood: -420834	(delta): 28823.3
3 (EM) 	Elapsed: 0.051	Loglikelihood: -415765	(delta): 5069.23
4 (EM) 	Elapsed: 0.051	Loglikelihood: -412733	(delta): 3031.45
5 (EM) 	Elapsed: 0.051	Loglikelihood: -410253	(delta): 2480.49
Initial loglikelihood: -410253
Starting main algorithm
1 (QN/Block) 	Elapsed: 0.16	Loglikelihood: -332473	(delta): 77780
2 (QN/Block) 	Elapsed: 0.173	Loglikelihood: -311094	(delta): 21378.6
3 (QN/Block) 	Elapsed: 0.159	Loglikelihood: -301919	(delta): 9174.95
4 (QN/Block) 	Elapsed: 0.16	Loglikelihood: -295689	(delta): 6230.28
5 (QN/Block) 	Elapsed: 0.158	Loglikelihood: -294069	(delta): 1620.34
6 (QN/Block) 	Elapsed: 0.154	Loglikelihood: -293738	(delta): 330.158
7 (QN/Block) 	Elapsed: 0.154	Loglikelihood: -293692	(delta): 46.1993
8 (QN/Block) 	Elapsed: 0.157	Loglikelihood: -293677	(delta): 15.2822
9 (QN/Block) 	Elapsed: 0.155	Loglikelihood: -293662	(delta): 14.6283
10 (QN/Block) 	Elapsed: 0.157	Loglikelihood: -293653	(delta): 8.8823
11 (QN/Block) 	Elapsed: 0.158	Loglikelihood: -293648	(delta): 5.51142
12 (QN/Block) 	Elapsed: 0.169	Loglikelihood: -293647	(delta): 0.702622
13 (QN/Block) 	Elapsed: 0.156	Loglikelihood: -293647	(delta): 0.0899164
14 (QN/Block) 	Elapsed: 0.156	Loglikelihood: -293647	(delta): 0.0390824
15 (QN/Block) 	Elapsed: 0.155	Loglikelihood: -293647	(delta): 0.01971
16 (QN/Block) 	Elapsed: 0.161	Loglikelihood: -293647	(delta): 0.00556011
17 (QN/Block) 	Elapsed: 0.157	Loglikelihood: -293647	(delta): 0.00429252
18 (QN/Block) 	Elapsed: 0.16	Loglikelihood: -293647	(delta): 0.00327814
19 (QN/Block) 	Elapsed: 0.169	Loglikelihood: -293647	(delta): 0.00426343
20 (QN/Block) 	Elapsed: 0.169	Loglikelihood: -293647	(delta): 0.000116988
21 (QN/Block) 	Elapsed: 0.156	Loglikelihood: -293647	(delta): 1.46062e-05
Summary: 
Converged in 21 iterations (3.658 sec)
Loglikelihood: -293647.088365
Fst divergences between estimated populations: 
	Pop0	Pop1	Pop2	Pop3	
Pop0	
Pop1	0.394	
Pop2	0.393	0.362	
Pop3	0.398	0.101	0.348	
Pop4	0.425	0.302	0.407	0.292	
CV error (K=5): 0.17852
Writing output files.
