****                   ADMIXTURE Version 1.3.0                  ****
****                    Copyright 2008-2015                     ****
****           David Alexander, Suyash Shringarpure,            ****
****                John  Novembre, Ken Lange                   ****
****                                                            ****
****                 Please cite our paper!                     ****
****   Information at www.genetics.ucla.edu/software/admixture  ****

Cross-validation will be performed.  Folds=5.
Parallel execution requested.  Will use 10 threads.
Random seed: 1722617389
Point estimation method: Block relaxation algorithm
Convergence acceleration algorithm: QuasiNewton, 3 secant conditions
Point estimation will terminate when objective function delta < 0.0001
Estimation of standard errors disabled; will compute point estimates only.
Size of G: 364x3412
Performing five EM steps to prime main algorithm
1 (EM) 	Elapsed: 0.043	Loglikelihood: -445256	(delta): 1.30139e+06
2 (EM) 	Elapsed: 0.04	Loglikelihood: -421310	(delta): 23945.8
3 (EM) 	Elapsed: 0.04	Loglikelihood: -417190	(delta): 4120.14
4 (EM) 	Elapsed: 0.04	Loglikelihood: -415018	(delta): 2172.72
5 (EM) 	Elapsed: 0.04	Loglikelihood: -413617	(delta): 1400.54
Initial loglikelihood: -413617
Starting main algorithm
1 (QN/Block) 	Elapsed: 0.125	Loglikelihood: -370782	(delta): 42835
2 (QN/Block) 	Elapsed: 0.126	Loglikelihood: -339295	(delta): 31487.5
3 (QN/Block) 	Elapsed: 0.152	Loglikelihood: -329393	(delta): 9901.95
4 (QN/Block) 	Elapsed: 0.134	Loglikelihood: -323927	(delta): 5465.63
5 (QN/Block) 	Elapsed: 0.153	Loglikelihood: -322166	(delta): 1760.61
6 (QN/Block) 	Elapsed: 0.15	Loglikelihood: -321895	(delta): 271.173
7 (QN/Block) 	Elapsed: 0.147	Loglikelihood: -321812	(delta): 83.0979
8 (QN/Block) 	Elapsed: 0.123	Loglikelihood: -321781	(delta): 30.8952
9 (QN/Block) 	Elapsed: 0.12	Loglikelihood: -321776	(delta): 4.90462
10 (QN/Block) 	Elapsed: 0.113	Loglikelihood: -321776	(delta): 0.740012
11 (QN/Block) 	Elapsed: 0.117	Loglikelihood: -321775	(delta): 0.15638
12 (QN/Block) 	Elapsed: 0.113	Loglikelihood: -321775	(delta): 0.0248563
13 (QN/Block) 	Elapsed: 0.119	Loglikelihood: -321775	(delta): 0.00881904
14 (QN/Block) 	Elapsed: 0.101	Loglikelihood: -321775	(delta): 0.00323108
15 (QN/Block) 	Elapsed: 0.11	Loglikelihood: -321775	(delta): 0.00766065
16 (QN/Block) 	Elapsed: 0.114	Loglikelihood: -321775	(delta): 8.37178e-05
Summary: 
Converged in 16 iterations (2.268 sec)
Loglikelihood: -321775.330334
Fst divergences between estimated populations: 
	Pop0	Pop1	
Pop0	
Pop1	0.334	
Pop2	0.320	0.343	
CV error (K=3): 0.19826
Writing output files.
