****                   ADMIXTURE Version 1.3.0                  ****
****                    Copyright 2008-2015                     ****
****           David Alexander, Suyash Shringarpure,            ****
****                John  Novembre, Ken Lange                   ****
****                                                            ****
****                 Please cite our paper!                     ****
****   Information at www.genetics.ucla.edu/software/admixture  ****

Cross-validation will be performed.  Folds=5.
Parallel execution requested.  Will use 10 threads.
Random seed: 1722617566
Point estimation method: Block relaxation algorithm
Convergence acceleration algorithm: QuasiNewton, 3 secant conditions
Point estimation will terminate when objective function delta < 0.0001
Estimation of standard errors disabled; will compute point estimates only.
Size of G: 364x3412
Performing five EM steps to prime main algorithm
1 (EM) 	Elapsed: 0.062	Loglikelihood: -451378	(delta): 1.15479e+06
2 (EM) 	Elapsed: 0.059	Loglikelihood: -421588	(delta): 29790.1
3 (EM) 	Elapsed: 0.059	Loglikelihood: -416964	(delta): 4623.61
4 (EM) 	Elapsed: 0.059	Loglikelihood: -414264	(delta): 2700.96
5 (EM) 	Elapsed: 0.059	Loglikelihood: -412115	(delta): 2148.87
Initial loglikelihood: -412115
Starting main algorithm
1 (QN/Block) 	Elapsed: 0.204	Loglikelihood: -329003	(delta): 83111.2
2 (QN/Block) 	Elapsed: 0.197	Loglikelihood: -298794	(delta): 30209
3 (QN/Block) 	Elapsed: 0.206	Loglikelihood: -288748	(delta): 10046.2
4 (QN/Block) 	Elapsed: 0.203	Loglikelihood: -283120	(delta): 5628.64
5 (QN/Block) 	Elapsed: 0.199	Loglikelihood: -281307	(delta): 1812.18
6 (QN/Block) 	Elapsed: 0.199	Loglikelihood: -280909	(delta): 398.144
7 (QN/Block) 	Elapsed: 0.203	Loglikelihood: -280838	(delta): 70.8104
8 (QN/Block) 	Elapsed: 0.201	Loglikelihood: -280827	(delta): 11.2007
9 (QN/Block) 	Elapsed: 0.199	Loglikelihood: -280824	(delta): 3.44883
10 (QN/Block) 	Elapsed: 0.23	Loglikelihood: -280822	(delta): 1.84016
11 (QN/Block) 	Elapsed: 0.199	Loglikelihood: -280822	(delta): 0.315217
12 (QN/Block) 	Elapsed: 0.205	Loglikelihood: -280822	(delta): 0.0496466
13 (QN/Block) 	Elapsed: 0.201	Loglikelihood: -280822	(delta): 0.0134834
14 (QN/Block) 	Elapsed: 0.202	Loglikelihood: -280822	(delta): 0.00604555
15 (QN/Block) 	Elapsed: 0.2	Loglikelihood: -280822	(delta): 0.001466
16 (QN/Block) 	Elapsed: 0.201	Loglikelihood: -280822	(delta): 0.00027543
17 (QN/Block) 	Elapsed: 0.23	Loglikelihood: -280822	(delta): 5.28904e-05
Summary: 
Converged in 17 iterations (3.816 sec)
Loglikelihood: -280821.522587
Fst divergences between estimated populations: 
	Pop0	Pop1	Pop2	Pop3	Pop4	
Pop0	
Pop1	0.441	
Pop2	0.436	0.103	
Pop3	0.468	0.292	0.304	
Pop4	0.436	0.350	0.364	0.407	
Pop5	0.418	0.322	0.321	0.394	0.362	
CV error (K=6): 0.17025
Writing output files.
