****                   ADMIXTURE Version 1.3.0                  ****
****                    Copyright 2008-2015                     ****
****           David Alexander, Suyash Shringarpure,            ****
****                John  Novembre, Ken Lange                   ****
****                                                            ****
****                 Please cite our paper!                     ****
****   Information at www.genetics.ucla.edu/software/admixture  ****

Cross-validation will be performed.  Folds=5.
Parallel execution requested.  Will use 10 threads.
Random seed: 1722617356
Point estimation method: Block relaxation algorithm
Convergence acceleration algorithm: QuasiNewton, 3 secant conditions
Point estimation will terminate when objective function delta < 0.0001
Estimation of standard errors disabled; will compute point estimates only.
Size of G: 364x3412
Performing five EM steps to prime main algorithm
1 (EM) 	Elapsed: 0.088	Loglikelihood: -451543	(delta): 1.16909e+06
2 (EM) 	Elapsed: 0.085	Loglikelihood: -421728	(delta): 29815.1
3 (EM) 	Elapsed: 0.084	Loglikelihood: -417075	(delta): 4652.39
4 (EM) 	Elapsed: 0.084	Loglikelihood: -414491	(delta): 2584.38
5 (EM) 	Elapsed: 0.084	Loglikelihood: -412532	(delta): 1958.99
Initial loglikelihood: -412532
Starting main algorithm
1 (QN/Block) 	Elapsed: 0.24	Loglikelihood: -335192	(delta): 77340.2
2 (QN/Block) 	Elapsed: 0.26	Loglikelihood: -301799	(delta): 33392.5
3 (QN/Block) 	Elapsed: 0.258	Loglikelihood: -290311	(delta): 11488.3
4 (QN/Block) 	Elapsed: 0.208	Loglikelihood: -283834	(delta): 6476.73
5 (QN/Block) 	Elapsed: 0.194	Loglikelihood: -281402	(delta): 2432.58
6 (QN/Block) 	Elapsed: 0.191	Loglikelihood: -280907	(delta): 494.568
7 (QN/Block) 	Elapsed: 0.191	Loglikelihood: -280830	(delta): 77.5197
8 (QN/Block) 	Elapsed: 0.189	Loglikelihood: -280823	(delta): 6.54251
9 (QN/Block) 	Elapsed: 0.191	Loglikelihood: -280822	(delta): 1.57217
10 (QN/Block) 	Elapsed: 0.196	Loglikelihood: -280821	(delta): 0.113533
11 (QN/Block) 	Elapsed: 0.206	Loglikelihood: -280821	(delta): 0.0208308
12 (QN/Block) 	Elapsed: 0.196	Loglikelihood: -280821	(delta): 0.0104675
13 (QN/Block) 	Elapsed: 0.2	Loglikelihood: -280821	(delta): 0.00620045
14 (QN/Block) 	Elapsed: 0.196	Loglikelihood: -280821	(delta): 0.00318537
15 (QN/Block) 	Elapsed: 0.191	Loglikelihood: -280821	(delta): 0.00175611
16 (QN/Block) 	Elapsed: 0.191	Loglikelihood: -280821	(delta): 0.000118442
17 (QN/Block) 	Elapsed: 0.188	Loglikelihood: -280821	(delta): 6.18922e-07
Summary: 
Converged in 17 iterations (3.971 sec)
Loglikelihood: -280821.408524
Fst divergences between estimated populations: 
	Pop0	Pop1	Pop2	Pop3	Pop4	
Pop0	
Pop1	0.394	
Pop2	0.322	0.292	
Pop3	0.321	0.304	0.103	
Pop4	0.362	0.407	0.350	0.364	
Pop5	0.418	0.468	0.441	0.436	0.436	
CV error (K=6): 0.17001
Writing output files.
