****                   ADMIXTURE Version 1.3.0                  ****
****                    Copyright 2008-2015                     ****
****           David Alexander, Suyash Shringarpure,            ****
****                John  Novembre, Ken Lange                   ****
****                                                            ****
****                 Please cite our paper!                     ****
****   Information at www.genetics.ucla.edu/software/admixture  ****

Cross-validation will be performed.  Folds=5.
Parallel execution requested.  Will use 10 threads.
Random seed: 1722617397
Point estimation method: Block relaxation algorithm
Convergence acceleration algorithm: QuasiNewton, 3 secant conditions
Point estimation will terminate when objective function delta < 0.0001
Estimation of standard errors disabled; will compute point estimates only.
Size of G: 364x3412
Performing five EM steps to prime main algorithm
1 (EM) 	Elapsed: 0.034	Loglikelihood: -442972	(delta): 1.27684e+06
2 (EM) 	Elapsed: 0.031	Loglikelihood: -420606	(delta): 22366.2
3 (EM) 	Elapsed: 0.031	Loglikelihood: -416431	(delta): 4174.5
4 (EM) 	Elapsed: 0.03	Loglikelihood: -414023	(delta): 2408.29
5 (EM) 	Elapsed: 0.03	Loglikelihood: -412324	(delta): 1698.96
Initial loglikelihood: -412324
Starting main algorithm
1 (QN/Block) 	Elapsed: 0.096	Loglikelihood: -365472	(delta): 46852.3
2 (QN/Block) 	Elapsed: 0.117	Loglikelihood: -348454	(delta): 17017.9
3 (QN/Block) 	Elapsed: 0.099	Loglikelihood: -340822	(delta): 7631.77
4 (QN/Block) 	Elapsed: 0.101	Loglikelihood: -333525	(delta): 7297.29
5 (QN/Block) 	Elapsed: 0.126	Loglikelihood: -328248	(delta): 5276.5
6 (QN/Block) 	Elapsed: 0.104	Loglikelihood: -327202	(delta): 1046.72
7 (QN/Block) 	Elapsed: 0.127	Loglikelihood: -326919	(delta): 282.237
8 (QN/Block) 	Elapsed: 0.105	Loglikelihood: -326830	(delta): 89.7099
9 (QN/Block) 	Elapsed: 0.112	Loglikelihood: -326807	(delta): 22.9586
10 (QN/Block) 	Elapsed: 0.098	Loglikelihood: -326798	(delta): 8.80227
11 (QN/Block) 	Elapsed: 0.109	Loglikelihood: -326796	(delta): 2.05601
12 (QN/Block) 	Elapsed: 0.137	Loglikelihood: -326795	(delta): 0.520491
13 (QN/Block) 	Elapsed: 0.096	Loglikelihood: -326795	(delta): 0.102879
14 (QN/Block) 	Elapsed: 0.138	Loglikelihood: -326795	(delta): 0.0242839
15 (QN/Block) 	Elapsed: 0.108	Loglikelihood: -326795	(delta): 0.00997816
16 (QN/Block) 	Elapsed: 0.108	Loglikelihood: -326795	(delta): 0.00523638
17 (QN/Block) 	Elapsed: 0.119	Loglikelihood: -326795	(delta): 0.00170361
18 (QN/Block) 	Elapsed: 0.117	Loglikelihood: -326795	(delta): 0.000739837
19 (QN/Block) 	Elapsed: 0.107	Loglikelihood: -326795	(delta): 0.000142329
20 (QN/Block) 	Elapsed: 0.107	Loglikelihood: -326795	(delta): 3.84059e-05
Summary: 
Converged in 20 iterations (2.44 sec)
Loglikelihood: -326795.271792
Fst divergences between estimated populations: 
	Pop0	Pop1	
Pop0	
Pop1	0.276	
Pop2	0.227	0.285	
CV error (K=3): 0.20356
Writing output files.
