****                   ADMIXTURE Version 1.3.0                  ****
****                    Copyright 2008-2015                     ****
****           David Alexander, Suyash Shringarpure,            ****
****                John  Novembre, Ken Lange                   ****
****                                                            ****
****                 Please cite our paper!                     ****
****   Information at www.genetics.ucla.edu/software/admixture  ****

Cross-validation will be performed.  Folds=5.
Parallel execution requested.  Will use 10 threads.
Random seed: 1722617471
Point estimation method: Block relaxation algorithm
Convergence acceleration algorithm: QuasiNewton, 3 secant conditions
Point estimation will terminate when objective function delta < 0.0001
Estimation of standard errors disabled; will compute point estimates only.
Size of G: 364x3412
Performing five EM steps to prime main algorithm
1 (EM) 	Elapsed: 0.029	Loglikelihood: -445213	(delta): 1.28005e+06
2 (EM) 	Elapsed: 0.026	Loglikelihood: -421567	(delta): 23646.6
3 (EM) 	Elapsed: 0.026	Loglikelihood: -417468	(delta): 4099.23
4 (EM) 	Elapsed: 0.026	Loglikelihood: -415217	(delta): 2250.12
5 (EM) 	Elapsed: 0.026	Loglikelihood: -413666	(delta): 1551.11
Initial loglikelihood: -413666
Starting main algorithm
1 (QN/Block) 	Elapsed: 0.093	Loglikelihood: -364847	(delta): 48819.5
2 (QN/Block) 	Elapsed: 0.093	Loglikelihood: -346687	(delta): 18159.3
3 (QN/Block) 	Elapsed: 0.097	Loglikelihood: -337060	(delta): 9627.81
4 (QN/Block) 	Elapsed: 0.096	Loglikelihood: -329615	(delta): 7445.01
5 (QN/Block) 	Elapsed: 0.097	Loglikelihood: -327612	(delta): 2003.08
6 (QN/Block) 	Elapsed: 0.096	Loglikelihood: -327203	(delta): 408.479
7 (QN/Block) 	Elapsed: 0.097	Loglikelihood: -327150	(delta): 53.1414
8 (QN/Block) 	Elapsed: 0.097	Loglikelihood: -327144	(delta): 5.72502
9 (QN/Block) 	Elapsed: 0.099	Loglikelihood: -327144	(delta): 0.371597
10 (QN/Block) 	Elapsed: 0.096	Loglikelihood: -327144	(delta): 0.0383947
11 (QN/Block) 	Elapsed: 0.096	Loglikelihood: -327144	(delta): 0.0124638
12 (QN/Block) 	Elapsed: 0.1	Loglikelihood: -327144	(delta): 0.00823577
13 (QN/Block) 	Elapsed: 0.096	Loglikelihood: -327144	(delta): 0.00184373
14 (QN/Block) 	Elapsed: 0.096	Loglikelihood: -327144	(delta): 0.00136251
15 (QN/Block) 	Elapsed: 0.096	Loglikelihood: -327144	(delta): 0.000357794
16 (QN/Block) 	Elapsed: 0.096	Loglikelihood: -327144	(delta): 0.000156026
17 (QN/Block) 	Elapsed: 0.096	Loglikelihood: -327144	(delta): 0.000134777
18 (QN/Block) 	Elapsed: 0.096	Loglikelihood: -327144	(delta): 3.6987e-05
Summary: 
Converged in 18 iterations (1.9 sec)
Loglikelihood: -327143.725262
Fst divergences between estimated populations: 
	Pop0	Pop1	
Pop0	
Pop1	0.264	
Pop2	0.279	0.320	
CV error (K=3): 0.20355
Writing output files.
