****                   ADMIXTURE Version 1.3.0                  ****
****                    Copyright 2008-2015                     ****
****           David Alexander, Suyash Shringarpure,            ****
****                John  Novembre, Ken Lange                   ****
****                                                            ****
****                 Please cite our paper!                     ****
****   Information at www.genetics.ucla.edu/software/admixture  ****

Cross-validation will be performed.  Folds=5.
Parallel execution requested.  Will use 10 threads.
Random seed: 1722617505
Point estimation method: Block relaxation algorithm
Convergence acceleration algorithm: QuasiNewton, 3 secant conditions
Point estimation will terminate when objective function delta < 0.0001
Estimation of standard errors disabled; will compute point estimates only.
Size of G: 364x3412
Performing five EM steps to prime main algorithm
1 (EM) 	Elapsed: 0.057	Loglikelihood: -450556	(delta): 1.19013e+06
2 (EM) 	Elapsed: 0.054	Loglikelihood: -421714	(delta): 28841.4
3 (EM) 	Elapsed: 0.055	Loglikelihood: -417012	(delta): 4702.4
4 (EM) 	Elapsed: 0.054	Loglikelihood: -414284	(delta): 2727.85
5 (EM) 	Elapsed: 0.055	Loglikelihood: -412196	(delta): 2088.54
Initial loglikelihood: -412196
Starting main algorithm
1 (QN/Block) 	Elapsed: 0.189	Loglikelihood: -338127	(delta): 74068.3
2 (QN/Block) 	Elapsed: 0.19	Loglikelihood: -315082	(delta): 23044.9
3 (QN/Block) 	Elapsed: 0.193	Loglikelihood: -303093	(delta): 11989.3
4 (QN/Block) 	Elapsed: 0.192	Loglikelihood: -297378	(delta): 5714.71
5 (QN/Block) 	Elapsed: 0.192	Loglikelihood: -294914	(delta): 2464.13
6 (QN/Block) 	Elapsed: 0.193	Loglikelihood: -294469	(delta): 445.46
7 (QN/Block) 	Elapsed: 0.193	Loglikelihood: -294392	(delta): 77.0819
8 (QN/Block) 	Elapsed: 0.192	Loglikelihood: -294380	(delta): 11.8538
9 (QN/Block) 	Elapsed: 0.192	Loglikelihood: -294377	(delta): 2.67947
10 (QN/Block) 	Elapsed: 0.194	Loglikelihood: -294376	(delta): 0.901055
11 (QN/Block) 	Elapsed: 0.193	Loglikelihood: -294376	(delta): 0.142646
12 (QN/Block) 	Elapsed: 0.193	Loglikelihood: -294376	(delta): 0.0378834
13 (QN/Block) 	Elapsed: 0.192	Loglikelihood: -294376	(delta): 0.0143715
14 (QN/Block) 	Elapsed: 0.192	Loglikelihood: -294376	(delta): 0.00301258
15 (QN/Block) 	Elapsed: 0.195	Loglikelihood: -294376	(delta): 0.000327995
16 (QN/Block) 	Elapsed: 0.193	Loglikelihood: -294376	(delta): 2.15384e-05
Summary: 
Converged in 16 iterations (3.39 sec)
Loglikelihood: -294376.122737
Fst divergences between estimated populations: 
	Pop0	Pop1	Pop2	Pop3	
Pop0	
Pop1	0.363	
Pop2	0.246	0.350	
Pop3	0.102	0.349	0.238	
Pop4	0.434	0.433	0.408	0.438	
CV error (K=5): 0.17958
Writing output files.
