****                   ADMIXTURE Version 1.3.0                  ****
****                    Copyright 2008-2015                     ****
****           David Alexander, Suyash Shringarpure,            ****
****                John  Novembre, Ken Lange                   ****
****                                                            ****
****                 Please cite our paper!                     ****
****   Information at www.genetics.ucla.edu/software/admixture  ****

Cross-validation will be performed.  Folds=5.
Parallel execution requested.  Will use 10 threads.
Random seed: 1722617469
Point estimation method: Block relaxation algorithm
Convergence acceleration algorithm: QuasiNewton, 3 secant conditions
Point estimation will terminate when objective function delta < 0.0001
Estimation of standard errors disabled; will compute point estimates only.
Size of G: 364x3412
Performing five EM steps to prime main algorithm
1 (EM) 	Elapsed: 0.054	Loglikelihood: -451228	(delta): 1.20161e+06
2 (EM) 	Elapsed: 0.052	Loglikelihood: -422345	(delta): 28883.7
3 (EM) 	Elapsed: 0.052	Loglikelihood: -417725	(delta): 4619.8
4 (EM) 	Elapsed: 0.052	Loglikelihood: -415094	(delta): 2631.33
5 (EM) 	Elapsed: 0.052	Loglikelihood: -413210	(delta): 1883.59
Initial loglikelihood: -413210
Starting main algorithm
1 (QN/Block) 	Elapsed: 0.146	Loglikelihood: -346247	(delta): 66962.5
2 (QN/Block) 	Elapsed: 0.144	Loglikelihood: -317943	(delta): 28304
3 (QN/Block) 	Elapsed: 0.148	Loglikelihood: -302763	(delta): 15180.3
4 (QN/Block) 	Elapsed: 0.147	Loglikelihood: -292555	(delta): 10207.8
5 (QN/Block) 	Elapsed: 0.148	Loglikelihood: -288256	(delta): 4299.28
6 (QN/Block) 	Elapsed: 0.148	Loglikelihood: -287227	(delta): 1028.77
7 (QN/Block) 	Elapsed: 0.148	Loglikelihood: -287035	(delta): 192.495
8 (QN/Block) 	Elapsed: 0.147	Loglikelihood: -287015	(delta): 19.968
9 (QN/Block) 	Elapsed: 0.147	Loglikelihood: -287012	(delta): 2.56284
10 (QN/Block) 	Elapsed: 0.147	Loglikelihood: -287012	(delta): 0.281826
11 (QN/Block) 	Elapsed: 0.147	Loglikelihood: -287012	(delta): 0.0342788
12 (QN/Block) 	Elapsed: 0.147	Loglikelihood: -287012	(delta): 0.0252083
13 (QN/Block) 	Elapsed: 0.148	Loglikelihood: -287012	(delta): 0.00992595
14 (QN/Block) 	Elapsed: 0.149	Loglikelihood: -287012	(delta): 0.00545349
15 (QN/Block) 	Elapsed: 0.148	Loglikelihood: -287012	(delta): 0.000527724
16 (QN/Block) 	Elapsed: 0.147	Loglikelihood: -287012	(delta): 0.000268804
17 (QN/Block) 	Elapsed: 0.147	Loglikelihood: -287012	(delta): 0.000288192
18 (QN/Block) 	Elapsed: 0.147	Loglikelihood: -287012	(delta): 5.99914e-05
Summary: 
Converged in 18 iterations (2.952 sec)
Loglikelihood: -287011.922800
Fst divergences between estimated populations: 
	Pop0	Pop1	Pop2	Pop3	
Pop0	
Pop1	0.418	
Pop2	0.362	0.436	
Pop3	0.394	0.467	0.407	
Pop4	0.307	0.428	0.340	0.280	
CV error (K=5): 0.17257
Writing output files.
