****                   ADMIXTURE Version 1.3.0                  ****
****                    Copyright 2008-2015                     ****
****           David Alexander, Suyash Shringarpure,            ****
****                John  Novembre, Ken Lange                   ****
****                                                            ****
****                 Please cite our paper!                     ****
****   Information at www.genetics.ucla.edu/software/admixture  ****

Cross-validation will be performed.  Folds=5.
Parallel execution requested.  Will use 10 threads.
Random seed: 1722617395
Point estimation method: Block relaxation algorithm
Convergence acceleration algorithm: QuasiNewton, 3 secant conditions
Point estimation will terminate when objective function delta < 0.0001
Estimation of standard errors disabled; will compute point estimates only.
Size of G: 364x3412
Performing five EM steps to prime main algorithm
1 (EM) 	Elapsed: 0.023	Loglikelihood: -434697	(delta): 1.44152e+06
2 (EM) 	Elapsed: 0.021	Loglikelihood: -418311	(delta): 16386.5
3 (EM) 	Elapsed: 0.021	Loglikelihood: -415526	(delta): 2785.02
4 (EM) 	Elapsed: 0.021	Loglikelihood: -414164	(delta): 1361.27
5 (EM) 	Elapsed: 0.021	Loglikelihood: -413462	(delta): 702.546
Initial loglikelihood: -413462
Starting main algorithm
1 (QN/Block) 	Elapsed: 0.06	Loglikelihood: -385927	(delta): 27535.1
2 (QN/Block) 	Elapsed: 0.06	Loglikelihood: -370030	(delta): 15897.2
3 (QN/Block) 	Elapsed: 0.063	Loglikelihood: -359542	(delta): 10487.2
4 (QN/Block) 	Elapsed: 0.062	Loglikelihood: -352802	(delta): 6739.97
5 (QN/Block) 	Elapsed: 0.063	Loglikelihood: -350312	(delta): 2490.05
6 (QN/Block) 	Elapsed: 0.064	Loglikelihood: -349969	(delta): 343.631
7 (QN/Block) 	Elapsed: 0.061	Loglikelihood: -349927	(delta): 41.3269
8 (QN/Block) 	Elapsed: 0.061	Loglikelihood: -349920	(delta): 7.69195
9 (QN/Block) 	Elapsed: 0.061	Loglikelihood: -349919	(delta): 0.309043
10 (QN/Block) 	Elapsed: 0.061	Loglikelihood: -349919	(delta): 0.0283756
11 (QN/Block) 	Elapsed: 0.061	Loglikelihood: -349919	(delta): 0.0116048
12 (QN/Block) 	Elapsed: 0.061	Loglikelihood: -349919	(delta): 0.00866303
13 (QN/Block) 	Elapsed: 0.063	Loglikelihood: -349919	(delta): 0.00293861
14 (QN/Block) 	Elapsed: 0.063	Loglikelihood: -349919	(delta): 0.00143786
15 (QN/Block) 	Elapsed: 0.064	Loglikelihood: -349919	(delta): 0.000242253
16 (QN/Block) 	Elapsed: 0.064	Loglikelihood: -349919	(delta): 1.07149e-06
Summary: 
Converged in 16 iterations (1.131 sec)
Loglikelihood: -349919.259554
Fst divergences between estimated populations: 
	Pop0	
Pop0	
Pop1	0.249	
CV error (K=2): 0.22102
Writing output files.
