****                   ADMIXTURE Version 1.3.0                  ****
****                    Copyright 2008-2015                     ****
****           David Alexander, Suyash Shringarpure,            ****
****                John  Novembre, Ken Lange                   ****
****                                                            ****
****                 Please cite our paper!                     ****
****   Information at www.genetics.ucla.edu/software/admixture  ****

Cross-validation will be performed.  Folds=5.
Parallel execution requested.  Will use 10 threads.
Random seed: 1722617418
Point estimation method: Block relaxation algorithm
Convergence acceleration algorithm: QuasiNewton, 3 secant conditions
Point estimation will terminate when objective function delta < 0.0001
Estimation of standard errors disabled; will compute point estimates only.
Size of G: 364x3412
Performing five EM steps to prime main algorithm
1 (EM) 	Elapsed: 0.039	Loglikelihood: -447884	(delta): 1.22154e+06
2 (EM) 	Elapsed: 0.037	Loglikelihood: -421152	(delta): 26732.4
3 (EM) 	Elapsed: 0.037	Loglikelihood: -416527	(delta): 4625.6
4 (EM) 	Elapsed: 0.037	Loglikelihood: -413785	(delta): 2741.17
5 (EM) 	Elapsed: 0.037	Loglikelihood: -411693	(delta): 2092.49
Initial loglikelihood: -411693
Starting main algorithm
1 (QN/Block) 	Elapsed: 0.12	Loglikelihood: -344572	(delta): 67121.1
2 (QN/Block) 	Elapsed: 0.127	Loglikelihood: -321042	(delta): 23529.7
3 (QN/Block) 	Elapsed: 0.121	Loglikelihood: -309685	(delta): 11357.1
4 (QN/Block) 	Elapsed: 0.122	Loglikelihood: -304262	(delta): 5422.88
5 (QN/Block) 	Elapsed: 0.142	Loglikelihood: -301736	(delta): 2525.54
6 (QN/Block) 	Elapsed: 0.132	Loglikelihood: -301255	(delta): 481.499
7 (QN/Block) 	Elapsed: 0.141	Loglikelihood: -300588	(delta): 667.061
8 (QN/Block) 	Elapsed: 0.139	Loglikelihood: -299990	(delta): 597.701
9 (QN/Block) 	Elapsed: 0.127	Loglikelihood: -299922	(delta): 68.3353
10 (QN/Block) 	Elapsed: 0.133	Loglikelihood: -299899	(delta): 22.5015
11 (QN/Block) 	Elapsed: 0.122	Loglikelihood: -299894	(delta): 5.56833
12 (QN/Block) 	Elapsed: 0.126	Loglikelihood: -299893	(delta): 0.298813
13 (QN/Block) 	Elapsed: 0.121	Loglikelihood: -299893	(delta): 0.00768739
14 (QN/Block) 	Elapsed: 0.141	Loglikelihood: -299893	(delta): 0.00481871
15 (QN/Block) 	Elapsed: 0.122	Loglikelihood: -299893	(delta): 0.00105438
16 (QN/Block) 	Elapsed: 0.122	Loglikelihood: -299893	(delta): 0.000949875
17 (QN/Block) 	Elapsed: 0.124	Loglikelihood: -299893	(delta): 0.000511524
18 (QN/Block) 	Elapsed: 0.121	Loglikelihood: -299893	(delta): 7.13253e-06
Summary: 
Converged in 18 iterations (2.53 sec)
Loglikelihood: -299893.473339
Fst divergences between estimated populations: 
	Pop0	Pop1	Pop2	
Pop0	
Pop1	0.338	
Pop2	0.382	0.390	
Pop3	0.279	0.406	0.420	
CV error (K=4): 0.18077
Writing output files.
