****                   ADMIXTURE Version 1.3.0                  ****
****                    Copyright 2008-2015                     ****
****           David Alexander, Suyash Shringarpure,            ****
****                John  Novembre, Ken Lange                   ****
****                                                            ****
****                 Please cite our paper!                     ****
****   Information at www.genetics.ucla.edu/software/admixture  ****

Cross-validation will be performed.  Folds=5.
Parallel execution requested.  Will use 10 threads.
Random seed: 1722617380
Point estimation method: Block relaxation algorithm
Convergence acceleration algorithm: QuasiNewton, 3 secant conditions
Point estimation will terminate when objective function delta < 0.0001
Estimation of standard errors disabled; will compute point estimates only.
Size of G: 364x3412
Performing five EM steps to prime main algorithm
1 (EM) 	Elapsed: 0.11	Loglikelihood: -452011	(delta): 1.15994e+06
2 (EM) 	Elapsed: 0.105	Loglikelihood: -421435	(delta): 30576.4
3 (EM) 	Elapsed: 0.105	Loglikelihood: -416885	(delta): 4549.81
4 (EM) 	Elapsed: 0.105	Loglikelihood: -414328	(delta): 2556.92
5 (EM) 	Elapsed: 0.105	Loglikelihood: -412356	(delta): 1971.96
Initial loglikelihood: -412356
Starting main algorithm
1 (QN/Block) 	Elapsed: 0.286	Loglikelihood: -338644	(delta): 73712.3
2 (QN/Block) 	Elapsed: 0.285	Loglikelihood: -301159	(delta): 37485
3 (QN/Block) 	Elapsed: 0.288	Loglikelihood: -288242	(delta): 12916.7
4 (QN/Block) 	Elapsed: 0.292	Loglikelihood: -282345	(delta): 5896.66
5 (QN/Block) 	Elapsed: 0.294	Loglikelihood: -280437	(delta): 1908.21
6 (QN/Block) 	Elapsed: 0.295	Loglikelihood: -279919	(delta): 517.691
7 (QN/Block) 	Elapsed: 0.293	Loglikelihood: -279835	(delta): 84.5407
8 (QN/Block) 	Elapsed: 0.295	Loglikelihood: -279814	(delta): 20.6966
9 (QN/Block) 	Elapsed: 0.289	Loglikelihood: -279803	(delta): 11.2701
10 (QN/Block) 	Elapsed: 0.287	Loglikelihood: -279798	(delta): 4.97386
11 (QN/Block) 	Elapsed: 0.29	Loglikelihood: -279794	(delta): 4.35545
12 (QN/Block) 	Elapsed: 0.285	Loglikelihood: -279789	(delta): 4.59226
13 (QN/Block) 	Elapsed: 0.29	Loglikelihood: -279787	(delta): 2.24478
14 (QN/Block) 	Elapsed: 0.282	Loglikelihood: -279786	(delta): 0.803543
15 (QN/Block) 	Elapsed: 0.3	Loglikelihood: -279784	(delta): 2.00714
16 (QN/Block) 	Elapsed: 0.303	Loglikelihood: -279781	(delta): 2.79627
17 (QN/Block) 	Elapsed: 0.302	Loglikelihood: -279781	(delta): 0.349015
18 (QN/Block) 	Elapsed: 0.296	Loglikelihood: -279780	(delta): 0.455331
19 (QN/Block) 	Elapsed: 0.296	Loglikelihood: -279780	(delta): 0.570197
20 (QN/Block) 	Elapsed: 0.295	Loglikelihood: -279779	(delta): 0.316111
21 (QN/Block) 	Elapsed: 0.294	Loglikelihood: -279779	(delta): 0.0213495
22 (QN/Block) 	Elapsed: 0.293	Loglikelihood: -279779	(delta): 0.0253628
23 (QN/Block) 	Elapsed: 0.296	Loglikelihood: -279779	(delta): 0.0329658
24 (QN/Block) 	Elapsed: 0.295	Loglikelihood: -279779	(delta): 0.0567315
25 (QN/Block) 	Elapsed: 0.293	Loglikelihood: -279779	(delta): 0.0930131
26 (QN/Block) 	Elapsed: 0.284	Loglikelihood: -279779	(delta): 0.148255
27 (QN/Block) 	Elapsed: 0.28	Loglikelihood: -279779	(delta): 0.292384
28 (QN/Block) 	Elapsed: 0.301	Loglikelihood: -279778	(delta): 0.6475
29 (QN/Block) 	Elapsed: 0.283	Loglikelihood: -279778	(delta): 0.557559
30 (QN/Block) 	Elapsed: 0.28	Loglikelihood: -279777	(delta): 0.317377
31 (QN/Block) 	Elapsed: 0.283	Loglikelihood: -279777	(delta): 0.143871
32 (QN/Block) 	Elapsed: 0.282	Loglikelihood: -279777	(delta): 0.12624
33 (QN/Block) 	Elapsed: 0.282	Loglikelihood: -279777	(delta): 0.177412
34 (QN/Block) 	Elapsed: 0.28	Loglikelihood: -279777	(delta): 0.134126
35 (QN/Block) 	Elapsed: 0.281	Loglikelihood: -279777	(delta): 0.119358
36 (QN/Block) 	Elapsed: 0.277	Loglikelihood: -279776	(delta): 0.0375082
37 (QN/Block) 	Elapsed: 0.284	Loglikelihood: -279776	(delta): 0.0327932
38 (QN/Block) 	Elapsed: 0.287	Loglikelihood: -279776	(delta): 0.107219
39 (QN/Block) 	Elapsed: 0.283	Loglikelihood: -279776	(delta): 0.342939
40 (QN/Block) 	Elapsed: 0.278	Loglikelihood: -279775	(delta): 0.685415
41 (QN/Block) 	Elapsed: 0.281	Loglikelihood: -279775	(delta): 0.0276566
42 (QN/Block) 	Elapsed: 0.254	Loglikelihood: -279775	(delta): 0.000422251
43 (QN/Block) 	Elapsed: 0.253	Loglikelihood: -279775	(delta): 8.212e-05
Summary: 
Converged in 43 iterations (13.015 sec)
Loglikelihood: -279775.281587
Fst divergences between estimated populations: 
	Pop0	Pop1	Pop2	Pop3	Pop4	Pop5	
Pop0	
Pop1	0.321	
Pop2	0.418	0.436	
Pop3	0.394	0.304	0.468	
Pop4	0.366	0.366	0.440	0.409	
Pop5	0.367	0.370	0.439	0.413	0.032	
Pop6	0.322	0.103	0.441	0.292	0.352	0.356	
CV error (K=7): 0.17229
Writing output files.
