****                   ADMIXTURE Version 1.3.0                  ****
****                    Copyright 2008-2015                     ****
****           David Alexander, Suyash Shringarpure,            ****
****                John  Novembre, Ken Lange                   ****
****                                                            ****
****                 Please cite our paper!                     ****
****   Information at www.genetics.ucla.edu/software/admixture  ****

Cross-validation will be performed.  Folds=5.
Parallel execution requested.  Will use 10 threads.
Random seed: 1722617436
Point estimation method: Block relaxation algorithm
Convergence acceleration algorithm: QuasiNewton, 3 secant conditions
Point estimation will terminate when objective function delta < 0.0001
Estimation of standard errors disabled; will compute point estimates only.
Size of G: 364x3412
Performing five EM steps to prime main algorithm
1 (EM) 	Elapsed: 0.055	Loglikelihood: -451988	(delta): 1.17038e+06
2 (EM) 	Elapsed: 0.053	Loglikelihood: -422049	(delta): 29939.1
3 (EM) 	Elapsed: 0.053	Loglikelihood: -417206	(delta): 4842.92
4 (EM) 	Elapsed: 0.054	Loglikelihood: -414397	(delta): 2808.73
5 (EM) 	Elapsed: 0.053	Loglikelihood: -412216	(delta): 2181.17
Initial loglikelihood: -412216
Starting main algorithm
1 (QN/Block) 	Elapsed: 0.17	Loglikelihood: -335314	(delta): 76902
2 (QN/Block) 	Elapsed: 0.187	Loglikelihood: -314317	(delta): 20996.8
3 (QN/Block) 	Elapsed: 0.181	Loglikelihood: -305848	(delta): 8468.57
4 (QN/Block) 	Elapsed: 0.172	Loglikelihood: -299640	(delta): 6208.77
5 (QN/Block) 	Elapsed: 0.175	Loglikelihood: -290809	(delta): 8830.87
6 (QN/Block) 	Elapsed: 0.175	Loglikelihood: -284298	(delta): 6510.97
7 (QN/Block) 	Elapsed: 0.176	Loglikelihood: -282208	(delta): 2090.35
8 (QN/Block) 	Elapsed: 0.181	Loglikelihood: -281202	(delta): 1005.36
9 (QN/Block) 	Elapsed: 0.176	Loglikelihood: -280880	(delta): 322.206
10 (QN/Block) 	Elapsed: 0.177	Loglikelihood: -280826	(delta): 54.1502
11 (QN/Block) 	Elapsed: 0.174	Loglikelihood: -280823	(delta): 2.75592
12 (QN/Block) 	Elapsed: 0.177	Loglikelihood: -280822	(delta): 1.041
13 (QN/Block) 	Elapsed: 0.179	Loglikelihood: -280822	(delta): 0.178819
14 (QN/Block) 	Elapsed: 0.18	Loglikelihood: -280822	(delta): 0.0323786
15 (QN/Block) 	Elapsed: 0.172	Loglikelihood: -280822	(delta): 0.0316792
16 (QN/Block) 	Elapsed: 0.174	Loglikelihood: -280822	(delta): 0.0183756
17 (QN/Block) 	Elapsed: 0.195	Loglikelihood: -280822	(delta): 0.00307472
18 (QN/Block) 	Elapsed: 0.176	Loglikelihood: -280822	(delta): 0.00275607
19 (QN/Block) 	Elapsed: 0.195	Loglikelihood: -280822	(delta): 0.00106925
20 (QN/Block) 	Elapsed: 0.177	Loglikelihood: -280822	(delta): 2.97074e-06
Summary: 
Converged in 20 iterations (3.886 sec)
Loglikelihood: -280821.722437
Fst divergences between estimated populations: 
	Pop0	Pop1	Pop2	Pop3	Pop4	
Pop0	
Pop1	0.407	
Pop2	0.350	0.292	
Pop3	0.362	0.394	0.322	
Pop4	0.436	0.468	0.441	0.418	
Pop5	0.364	0.304	0.103	0.321	0.436	
CV error (K=6): 0.17006
Writing output files.
