****                   ADMIXTURE Version 1.3.0                  ****
****                    Copyright 2008-2015                     ****
****           David Alexander, Suyash Shringarpure,            ****
****                John  Novembre, Ken Lange                   ****
****                                                            ****
****                 Please cite our paper!                     ****
****   Information at www.genetics.ucla.edu/software/admixture  ****

Cross-validation will be performed.  Folds=5.
Parallel execution requested.  Will use 10 threads.
Random seed: 1722617398
Point estimation method: Block relaxation algorithm
Convergence acceleration algorithm: QuasiNewton, 3 secant conditions
Point estimation will terminate when objective function delta < 0.0001
Estimation of standard errors disabled; will compute point estimates only.
Size of G: 364x3412
Performing five EM steps to prime main algorithm
1 (EM) 	Elapsed: 0.024	Loglikelihood: -437241	(delta): 1.43747e+06
2 (EM) 	Elapsed: 0.021	Loglikelihood: -418782	(delta): 18458.6
3 (EM) 	Elapsed: 0.021	Loglikelihood: -415446	(delta): 3336.55
4 (EM) 	Elapsed: 0.021	Loglikelihood: -413893	(delta): 1553.25
5 (EM) 	Elapsed: 0.021	Loglikelihood: -413051	(delta): 841.368
Initial loglikelihood: -413051
Starting main algorithm
1 (QN/Block) 	Elapsed: 0.065	Loglikelihood: -376936	(delta): 36115.6
2 (QN/Block) 	Elapsed: 0.085	Loglikelihood: -363176	(delta): 13760.1
3 (QN/Block) 	Elapsed: 0.084	Loglikelihood: -355782	(delta): 7394.05
4 (QN/Block) 	Elapsed: 0.085	Loglikelihood: -354195	(delta): 1586.76
5 (QN/Block) 	Elapsed: 0.097	Loglikelihood: -352308	(delta): 1887.08
6 (QN/Block) 	Elapsed: 0.082	Loglikelihood: -351152	(delta): 1155.5
7 (QN/Block) 	Elapsed: 0.072	Loglikelihood: -350413	(delta): 738.95
8 (QN/Block) 	Elapsed: 0.069	Loglikelihood: -349972	(delta): 440.925
9 (QN/Block) 	Elapsed: 0.087	Loglikelihood: -349920	(delta): 51.9783
10 (QN/Block) 	Elapsed: 0.072	Loglikelihood: -349919	(delta): 1.06036
11 (QN/Block) 	Elapsed: 0.069	Loglikelihood: -349919	(delta): 0.0153113
12 (QN/Block) 	Elapsed: 0.084	Loglikelihood: -349919	(delta): 0.00863812
13 (QN/Block) 	Elapsed: 0.069	Loglikelihood: -349919	(delta): 0.00486116
14 (QN/Block) 	Elapsed: 0.074	Loglikelihood: -349919	(delta): 0.00138388
15 (QN/Block) 	Elapsed: 0.071	Loglikelihood: -349919	(delta): 2.302e-05
Summary: 
Converged in 15 iterations (1.312 sec)
Loglikelihood: -349919.259556
Fst divergences between estimated populations: 
	Pop0	
Pop0	
Pop1	0.249	
CV error (K=2): 0.22086
Writing output files.
