****                   ADMIXTURE Version 1.3.0                  ****
****                    Copyright 2008-2015                     ****
****           David Alexander, Suyash Shringarpure,            ****
****                John  Novembre, Ken Lange                   ****
****                                                            ****
****                 Please cite our paper!                     ****
****   Information at www.genetics.ucla.edu/software/admixture  ****

Cross-validation will be performed.  Folds=5.
Parallel execution requested.  Will use 10 threads.
Random seed: 1722617538
Point estimation method: Block relaxation algorithm
Convergence acceleration algorithm: QuasiNewton, 3 secant conditions
Point estimation will terminate when objective function delta < 0.0001
Estimation of standard errors disabled; will compute point estimates only.
Size of G: 364x3412
Performing five EM steps to prime main algorithm
1 (EM) 	Elapsed: 0.044	Loglikelihood: -448640	(delta): 1.23372e+06
2 (EM) 	Elapsed: 0.043	Loglikelihood: -422228	(delta): 26412.3
3 (EM) 	Elapsed: 0.043	Loglikelihood: -417729	(delta): 4499.04
4 (EM) 	Elapsed: 0.043	Loglikelihood: -415180	(delta): 2548.71
5 (EM) 	Elapsed: 0.042	Loglikelihood: -413351	(delta): 1828.42
Initial loglikelihood: -413351
Starting main algorithm
1 (QN/Block) 	Elapsed: 0.13	Loglikelihood: -350985	(delta): 62366.3
2 (QN/Block) 	Elapsed: 0.13	Loglikelihood: -329133	(delta): 21852.2
3 (QN/Block) 	Elapsed: 0.133	Loglikelihood: -321729	(delta): 7404.39
4 (QN/Block) 	Elapsed: 0.135	Loglikelihood: -316931	(delta): 4797.26
5 (QN/Block) 	Elapsed: 0.135	Loglikelihood: -310744	(delta): 6187.75
6 (QN/Block) 	Elapsed: 0.135	Loglikelihood: -304900	(delta): 5843.9
7 (QN/Block) 	Elapsed: 0.135	Loglikelihood: -301160	(delta): 3739.38
8 (QN/Block) 	Elapsed: 0.135	Loglikelihood: -300244	(delta): 916.211
9 (QN/Block) 	Elapsed: 0.132	Loglikelihood: -299939	(delta): 304.977
10 (QN/Block) 	Elapsed: 0.135	Loglikelihood: -299903	(delta): 35.6772
11 (QN/Block) 	Elapsed: 0.132	Loglikelihood: -299896	(delta): 7.26582
12 (QN/Block) 	Elapsed: 0.133	Loglikelihood: -299894	(delta): 2.61308
13 (QN/Block) 	Elapsed: 0.133	Loglikelihood: -299893	(delta): 0.0626913
14 (QN/Block) 	Elapsed: 0.132	Loglikelihood: -299893	(delta): 0.0175982
15 (QN/Block) 	Elapsed: 0.134	Loglikelihood: -299893	(delta): 0.0186204
16 (QN/Block) 	Elapsed: 0.132	Loglikelihood: -299893	(delta): 0.00765555
17 (QN/Block) 	Elapsed: 0.135	Loglikelihood: -299893	(delta): 0.0154212
18 (QN/Block) 	Elapsed: 0.133	Loglikelihood: -299893	(delta): 0.000254659
19 (QN/Block) 	Elapsed: 0.132	Loglikelihood: -299893	(delta): 0.000176947
20 (QN/Block) 	Elapsed: 0.132	Loglikelihood: -299893	(delta): 3.75007e-05
Summary: 
Converged in 20 iterations (2.918 sec)
Loglikelihood: -299893.417406
Fst divergences between estimated populations: 
	Pop0	Pop1	Pop2	
Pop0	
Pop1	0.406	
Pop2	0.279	0.338	
Pop3	0.420	0.390	0.382	
CV error (K=4): 0.18109
Writing output files.
