****                   ADMIXTURE Version 1.3.0                  ****
****                    Copyright 2008-2015                     ****
****           David Alexander, Suyash Shringarpure,            ****
****                John  Novembre, Ken Lange                   ****
****                                                            ****
****                 Please cite our paper!                     ****
****   Information at www.genetics.ucla.edu/software/admixture  ****

Cross-validation will be performed.  Folds=5.
Parallel execution requested.  Will use 10 threads.
Random seed: 1722617346
Point estimation method: Block relaxation algorithm
Convergence acceleration algorithm: QuasiNewton, 3 secant conditions
Point estimation will terminate when objective function delta < 0.0001
Estimation of standard errors disabled; will compute point estimates only.
Size of G: 364x3412
Performing five EM steps to prime main algorithm
1 (EM) 	Elapsed: 0.067	Loglikelihood: -449653	(delta): 1.17673e+06
2 (EM) 	Elapsed: 0.064	Loglikelihood: -421299	(delta): 28353.2
3 (EM) 	Elapsed: 0.064	Loglikelihood: -416071	(delta): 5228.22
4 (EM) 	Elapsed: 0.064	Loglikelihood: -412954	(delta): 3117.34
5 (EM) 	Elapsed: 0.064	Loglikelihood: -410509	(delta): 2444.75
Initial loglikelihood: -410509
Starting main algorithm
1 (QN/Block) 	Elapsed: 0.182	Loglikelihood: -341381	(delta): 69127.7
2 (QN/Block) 	Elapsed: 0.186	Loglikelihood: -312831	(delta): 28550.6
3 (QN/Block) 	Elapsed: 0.191	Loglikelihood: -301593	(delta): 11237.8
4 (QN/Block) 	Elapsed: 0.19	Loglikelihood: -296108	(delta): 5485.28
5 (QN/Block) 	Elapsed: 0.192	Loglikelihood: -294274	(delta): 1833.76
6 (QN/Block) 	Elapsed: 0.189	Loglikelihood: -293766	(delta): 507.75
7 (QN/Block) 	Elapsed: 0.186	Loglikelihood: -293675	(delta): 91.3655
8 (QN/Block) 	Elapsed: 0.189	Loglikelihood: -293650	(delta): 24.5232
9 (QN/Block) 	Elapsed: 0.19	Loglikelihood: -293647	(delta): 2.90932
10 (QN/Block) 	Elapsed: 0.193	Loglikelihood: -293647	(delta): 0.117809
11 (QN/Block) 	Elapsed: 0.186	Loglikelihood: -293647	(delta): 0.075783
12 (QN/Block) 	Elapsed: 0.186	Loglikelihood: -293647	(delta): 0.0169155
13 (QN/Block) 	Elapsed: 0.188	Loglikelihood: -293647	(delta): 0.00838946
14 (QN/Block) 	Elapsed: 0.188	Loglikelihood: -293647	(delta): 0.00261714
15 (QN/Block) 	Elapsed: 0.203	Loglikelihood: -293647	(delta): 0.00332786
16 (QN/Block) 	Elapsed: 0.209	Loglikelihood: -293647	(delta): 0.00189976
17 (QN/Block) 	Elapsed: 0.204	Loglikelihood: -293647	(delta): 0.00134251
18 (QN/Block) 	Elapsed: 0.209	Loglikelihood: -293647	(delta): 0.000615864
19 (QN/Block) 	Elapsed: 0.21	Loglikelihood: -293647	(delta): 0.00050491
20 (QN/Block) 	Elapsed: 0.208	Loglikelihood: -293647	(delta): 0.000105129
21 (QN/Block) 	Elapsed: 0.203	Loglikelihood: -293647	(delta): 5.43556e-05
Summary: 
Converged in 21 iterations (4.475 sec)
Loglikelihood: -293647.113862
Fst divergences between estimated populations: 
	Pop0	Pop1	Pop2	Pop3	
Pop0	
Pop1	0.362	
Pop2	0.407	0.302	
Pop3	0.348	0.101	0.292	
Pop4	0.393	0.394	0.425	0.398	
CV error (K=5): 0.17892
Writing output files.
