****                   ADMIXTURE Version 1.3.0                  ****
****                    Copyright 2008-2015                     ****
****           David Alexander, Suyash Shringarpure,            ****
****                John  Novembre, Ken Lange                   ****
****                                                            ****
****                 Please cite our paper!                     ****
****   Information at www.genetics.ucla.edu/software/admixture  ****

Cross-validation will be performed.  Folds=5.
Parallel execution requested.  Will use 10 threads.
Random seed: 1722617454
Point estimation method: Block relaxation algorithm
Convergence acceleration algorithm: QuasiNewton, 3 secant conditions
Point estimation will terminate when objective function delta < 0.0001
Estimation of standard errors disabled; will compute point estimates only.
Size of G: 364x3412
Performing five EM steps to prime main algorithm
1 (EM) 	Elapsed: 0.03	Loglikelihood: -446868	(delta): 1.28736e+06
2 (EM) 	Elapsed: 0.027	Loglikelihood: -420811	(delta): 26056.6
3 (EM) 	Elapsed: 0.026	Loglikelihood: -416284	(delta): 4527.36
4 (EM) 	Elapsed: 0.026	Loglikelihood: -413675	(delta): 2608.64
5 (EM) 	Elapsed: 0.026	Loglikelihood: -411797	(delta): 1878.71
Initial loglikelihood: -411797
Starting main algorithm
1 (QN/Block) 	Elapsed: 0.112	Loglikelihood: -358792	(delta): 53004.5
2 (QN/Block) 	Elapsed: 0.104	Loglikelihood: -339850	(delta): 18942.4
3 (QN/Block) 	Elapsed: 0.108	Loglikelihood: -330157	(delta): 9692.75
4 (QN/Block) 	Elapsed: 0.12	Loglikelihood: -324254	(delta): 5903.31
5 (QN/Block) 	Elapsed: 0.102	Loglikelihood: -322279	(delta): 1974.78
6 (QN/Block) 	Elapsed: 0.103	Loglikelihood: -321890	(delta): 388.631
7 (QN/Block) 	Elapsed: 0.139	Loglikelihood: -321802	(delta): 88.7183
8 (QN/Block) 	Elapsed: 0.12	Loglikelihood: -321781	(delta): 20.4758
9 (QN/Block) 	Elapsed: 0.119	Loglikelihood: -321776	(delta): 5.52968
10 (QN/Block) 	Elapsed: 0.124	Loglikelihood: -321775	(delta): 0.267961
11 (QN/Block) 	Elapsed: 0.11	Loglikelihood: -321775	(delta): 0.0130586
12 (QN/Block) 	Elapsed: 0.107	Loglikelihood: -321775	(delta): 0.00204019
13 (QN/Block) 	Elapsed: 0.132	Loglikelihood: -321775	(delta): 0.000482335
14 (QN/Block) 	Elapsed: 0.112	Loglikelihood: -321775	(delta): 0.000241124
15 (QN/Block) 	Elapsed: 0.137	Loglikelihood: -321775	(delta): 7.97327e-05
Summary: 
Converged in 15 iterations (1.915 sec)
Loglikelihood: -321775.320895
Fst divergences between estimated populations: 
	Pop0	Pop1	
Pop0	
Pop1	0.343	
Pop2	0.320	0.334	
CV error (K=3): 0.19804
Writing output files.
