****                   ADMIXTURE Version 1.3.0                  ****
****                    Copyright 2008-2015                     ****
****           David Alexander, Suyash Shringarpure,            ****
****                John  Novembre, Ken Lange                   ****
****                                                            ****
****                 Please cite our paper!                     ****
****   Information at www.genetics.ucla.edu/software/admixture  ****

Cross-validation will be performed.  Folds=5.
Parallel execution requested.  Will use 10 threads.
Random seed: 1722617321
Point estimation method: Block relaxation algorithm
Convergence acceleration algorithm: QuasiNewton, 3 secant conditions
Point estimation will terminate when objective function delta < 0.0001
Estimation of standard errors disabled; will compute point estimates only.
Size of G: 364x3412
Performing five EM steps to prime main algorithm
1 (EM) 	Elapsed: 0.063	Loglikelihood: -449298	(delta): 1.22524e+06
2 (EM) 	Elapsed: 0.061	Loglikelihood: -421730	(delta): 27567.3
3 (EM) 	Elapsed: 0.061	Loglikelihood: -416791	(delta): 4939.42
4 (EM) 	Elapsed: 0.061	Loglikelihood: -413937	(delta): 2854.1
5 (EM) 	Elapsed: 0.059	Loglikelihood: -411804	(delta): 2133.17
Initial loglikelihood: -411804
Starting main algorithm
1 (QN/Block) 	Elapsed: 0.165	Loglikelihood: -346418	(delta): 65385.9
2 (QN/Block) 	Elapsed: 0.137	Loglikelihood: -324272	(delta): 22146.1
3 (QN/Block) 	Elapsed: 0.126	Loglikelihood: -315223	(delta): 9048.78
4 (QN/Block) 	Elapsed: 0.135	Loglikelihood: -305882	(delta): 9340.71
5 (QN/Block) 	Elapsed: 0.124	Loglikelihood: -301351	(delta): 4531.26
6 (QN/Block) 	Elapsed: 0.144	Loglikelihood: -300102	(delta): 1249.1
7 (QN/Block) 	Elapsed: 0.134	Loglikelihood: -299908	(delta): 194.317
8 (QN/Block) 	Elapsed: 0.156	Loglikelihood: -299895	(delta): 12.27
9 (QN/Block) 	Elapsed: 0.145	Loglikelihood: -299894	(delta): 1.78762
10 (QN/Block) 	Elapsed: 0.159	Loglikelihood: -299893	(delta): 0.0804667
11 (QN/Block) 	Elapsed: 0.131	Loglikelihood: -299893	(delta): 0.0193709
12 (QN/Block) 	Elapsed: 0.142	Loglikelihood: -299893	(delta): 0.0183953
13 (QN/Block) 	Elapsed: 0.133	Loglikelihood: -299893	(delta): 0.0099825
14 (QN/Block) 	Elapsed: 0.13	Loglikelihood: -299893	(delta): 0.00218194
15 (QN/Block) 	Elapsed: 0.125	Loglikelihood: -299893	(delta): 0.000163937
16 (QN/Block) 	Elapsed: 0.132	Loglikelihood: -299893	(delta): 0.000175196
17 (QN/Block) 	Elapsed: 0.131	Loglikelihood: -299893	(delta): 3.52291e-05
Summary: 
Converged in 17 iterations (2.711 sec)
Loglikelihood: -299893.372432
Fst divergences between estimated populations: 
	Pop0	Pop1	Pop2	
Pop0	
Pop1	0.390	
Pop2	0.420	0.406	
Pop3	0.382	0.338	0.279	
CV error (K=4): 0.18084
Writing output files.
