****                   ADMIXTURE Version 1.3.0                  ****
****                    Copyright 2008-2015                     ****
****           David Alexander, Suyash Shringarpure,            ****
****                John  Novembre, Ken Lange                   ****
****                                                            ****
****                 Please cite our paper!                     ****
****   Information at www.genetics.ucla.edu/software/admixture  ****

Cross-validation will be performed.  Folds=5.
Parallel execution requested.  Will use 10 threads.
Random seed: 1722617393
Point estimation method: Block relaxation algorithm
Convergence acceleration algorithm: QuasiNewton, 3 secant conditions
Point estimation will terminate when objective function delta < 0.0001
Estimation of standard errors disabled; will compute point estimates only.
Size of G: 364x3412
Performing five EM steps to prime main algorithm
1 (EM) 	Elapsed: 0.021	Loglikelihood: -435913	(delta): 1.44911e+06
2 (EM) 	Elapsed: 0.019	Loglikelihood: -418895	(delta): 17017.9
3 (EM) 	Elapsed: 0.02	Loglikelihood: -415619	(delta): 3275.41
4 (EM) 	Elapsed: 0.019	Loglikelihood: -413993	(delta): 1626.83
5 (EM) 	Elapsed: 0.019	Loglikelihood: -413095	(delta): 897.36
Initial loglikelihood: -413095
Starting main algorithm
1 (QN/Block) 	Elapsed: 0.06	Loglikelihood: -387473	(delta): 25622.3
2 (QN/Block) 	Elapsed: 0.06	Loglikelihood: -376272	(delta): 11200.9
3 (QN/Block) 	Elapsed: 0.063	Loglikelihood: -369406	(delta): 6865.55
4 (QN/Block) 	Elapsed: 0.065	Loglikelihood: -364775	(delta): 4631.52
5 (QN/Block) 	Elapsed: 0.065	Loglikelihood: -360813	(delta): 3961.66
6 (QN/Block) 	Elapsed: 0.064	Loglikelihood: -352705	(delta): 8108.52
7 (QN/Block) 	Elapsed: 0.063	Loglikelihood: -351432	(delta): 1272.65
8 (QN/Block) 	Elapsed: 0.064	Loglikelihood: -351066	(delta): 366.197
9 (QN/Block) 	Elapsed: 0.063	Loglikelihood: -350986	(delta): 80.1677
10 (QN/Block) 	Elapsed: 0.063	Loglikelihood: -350979	(delta): 6.66348
11 (QN/Block) 	Elapsed: 0.063	Loglikelihood: -350979	(delta): 0.0768741
12 (QN/Block) 	Elapsed: 0.063	Loglikelihood: -350979	(delta): 0.04824
13 (QN/Block) 	Elapsed: 0.063	Loglikelihood: -350979	(delta): 0.00623879
14 (QN/Block) 	Elapsed: 0.065	Loglikelihood: -350979	(delta): 0.00199576
15 (QN/Block) 	Elapsed: 0.063	Loglikelihood: -350979	(delta): 0.000872674
16 (QN/Block) 	Elapsed: 0.063	Loglikelihood: -350979	(delta): 9.99375e-05
Summary: 
Converged in 16 iterations (1.136 sec)
Loglikelihood: -350978.902636
Fst divergences between estimated populations: 
	Pop0	
Pop0	
Pop1	0.247	
CV error (K=2): 0.22240
Writing output files.
