****                   ADMIXTURE Version 1.3.0                  ****
****                    Copyright 2008-2015                     ****
****           David Alexander, Suyash Shringarpure,            ****
****                John  Novembre, Ken Lange                   ****
****                                                            ****
****                 Please cite our paper!                     ****
****   Information at www.genetics.ucla.edu/software/admixture  ****

Cross-validation will be performed.  Folds=5.
Parallel execution requested.  Will use 10 threads.
Random seed: 1722617366
Point estimation method: Block relaxation algorithm
Convergence acceleration algorithm: QuasiNewton, 3 secant conditions
Point estimation will terminate when objective function delta < 0.0001
Estimation of standard errors disabled; will compute point estimates only.
Size of G: 364x3412
Performing five EM steps to prime main algorithm
1 (EM) 	Elapsed: 0.037	Loglikelihood: -445739	(delta): 1.2928e+06
2 (EM) 	Elapsed: 0.034	Loglikelihood: -421684	(delta): 24054.6
3 (EM) 	Elapsed: 0.034	Loglikelihood: -417048	(delta): 4636.33
4 (EM) 	Elapsed: 0.034	Loglikelihood: -414682	(delta): 2365.4
5 (EM) 	Elapsed: 0.034	Loglikelihood: -413128	(delta): 1554.51
Initial loglikelihood: -413128
Starting main algorithm
1 (QN/Block) 	Elapsed: 0.107	Loglikelihood: -366927	(delta): 46200.4
2 (QN/Block) 	Elapsed: 0.108	Loglikelihood: -347339	(delta): 19588.6
3 (QN/Block) 	Elapsed: 0.113	Loglikelihood: -335243	(delta): 12096.3
4 (QN/Block) 	Elapsed: 0.113	Loglikelihood: -329832	(delta): 5410.51
5 (QN/Block) 	Elapsed: 0.112	Loglikelihood: -327661	(delta): 2171.12
6 (QN/Block) 	Elapsed: 0.115	Loglikelihood: -327213	(delta): 448.154
7 (QN/Block) 	Elapsed: 0.113	Loglikelihood: -327157	(delta): 55.7121
8 (QN/Block) 	Elapsed: 0.113	Loglikelihood: -327145	(delta): 12.1
9 (QN/Block) 	Elapsed: 0.112	Loglikelihood: -327144	(delta): 1.10979
10 (QN/Block) 	Elapsed: 0.112	Loglikelihood: -327144	(delta): 0.0995072
11 (QN/Block) 	Elapsed: 0.112	Loglikelihood: -327144	(delta): 0.0104304
12 (QN/Block) 	Elapsed: 0.112	Loglikelihood: -327144	(delta): 0.0031081
13 (QN/Block) 	Elapsed: 0.114	Loglikelihood: -327144	(delta): 0.000951879
14 (QN/Block) 	Elapsed: 0.113	Loglikelihood: -327144	(delta): 0.00081198
15 (QN/Block) 	Elapsed: 0.114	Loglikelihood: -327144	(delta): 7.06326e-05
Summary: 
Converged in 15 iterations (1.9 sec)
Loglikelihood: -327143.692879
Fst divergences between estimated populations: 
	Pop0	Pop1	
Pop0	
Pop1	0.264	
Pop2	0.320	0.279	
CV error (K=3): 0.20343
Writing output files.
