****                   ADMIXTURE Version 1.3.0                  ****
****                    Copyright 2008-2015                     ****
****           David Alexander, Suyash Shringarpure,            ****
****                John  Novembre, Ken Lange                   ****
****                                                            ****
****                 Please cite our paper!                     ****
****   Information at www.genetics.ucla.edu/software/admixture  ****

Cross-validation will be performed.  Folds=5.
Parallel execution requested.  Will use 10 threads.
Random seed: 1722617348
Point estimation method: Block relaxation algorithm
Convergence acceleration algorithm: QuasiNewton, 3 secant conditions
Point estimation will terminate when objective function delta < 0.0001
Estimation of standard errors disabled; will compute point estimates only.
Size of G: 364x3412
Performing five EM steps to prime main algorithm
1 (EM) 	Elapsed: 0.024	Loglikelihood: -436659	(delta): 1.41524e+06
2 (EM) 	Elapsed: 0.021	Loglikelihood: -419184	(delta): 17474.6
3 (EM) 	Elapsed: 0.021	Loglikelihood: -416054	(delta): 3130.59
4 (EM) 	Elapsed: 0.021	Loglikelihood: -414499	(delta): 1554.97
5 (EM) 	Elapsed: 0.021	Loglikelihood: -413690	(delta): 809.017
Initial loglikelihood: -413690
Starting main algorithm
1 (QN/Block) 	Elapsed: 0.063	Loglikelihood: -382887	(delta): 30803
2 (QN/Block) 	Elapsed: 0.064	Loglikelihood: -369084	(delta): 13802.9
3 (QN/Block) 	Elapsed: 0.076	Loglikelihood: -362439	(delta): 6644.97
4 (QN/Block) 	Elapsed: 0.071	Loglikelihood: -357300	(delta): 5138.97
5 (QN/Block) 	Elapsed: 0.08	Loglikelihood: -352999	(delta): 4301.35
6 (QN/Block) 	Elapsed: 0.072	Loglikelihood: -351457	(delta): 1541.86
7 (QN/Block) 	Elapsed: 0.07	Loglikelihood: -351111	(delta): 345.841
8 (QN/Block) 	Elapsed: 0.068	Loglikelihood: -351004	(delta): 106.383
9 (QN/Block) 	Elapsed: 0.077	Loglikelihood: -350980	(delta): 24.1609
10 (QN/Block) 	Elapsed: 0.089	Loglikelihood: -350979	(delta): 1.40227
11 (QN/Block) 	Elapsed: 0.067	Loglikelihood: -350979	(delta): 0.0142548
12 (QN/Block) 	Elapsed: 0.08	Loglikelihood: -350979	(delta): 0.00337112
13 (QN/Block) 	Elapsed: 0.068	Loglikelihood: -350979	(delta): 0.00155473
14 (QN/Block) 	Elapsed: 0.082	Loglikelihood: -350979	(delta): 0.000930979
15 (QN/Block) 	Elapsed: 0.078	Loglikelihood: -350979	(delta): 0.000431732
16 (QN/Block) 	Elapsed: 0.068	Loglikelihood: -350979	(delta): 1.5828e-05
Summary: 
Converged in 16 iterations (1.32 sec)
Loglikelihood: -350978.902632
Fst divergences between estimated populations: 
	Pop0	
Pop0	
Pop1	0.247	
CV error (K=2): 0.22223
Writing output files.
