****                   ADMIXTURE Version 1.3.0                  ****
****                    Copyright 2008-2015                     ****
****           David Alexander, Suyash Shringarpure,            ****
****                John  Novembre, Ken Lange                   ****
****                                                            ****
****                 Please cite our paper!                     ****
****   Information at www.genetics.ucla.edu/software/admixture  ****

Cross-validation will be performed.  Folds=5.
Parallel execution requested.  Will use 10 threads.
Random seed: 1722618087
Point estimation method: Block relaxation algorithm
Convergence acceleration algorithm: QuasiNewton, 3 secant conditions
Point estimation will terminate when objective function delta < 0.0001
Estimation of standard errors disabled; will compute point estimates only.
Size of G: 364x3412
Performing five EM steps to prime main algorithm
1 (EM) 	Elapsed: 0.087	Loglikelihood: -454018	(delta): 1.14819e+06
2 (EM) 	Elapsed: 0.086	Loglikelihood: -422574	(delta): 31444
3 (EM) 	Elapsed: 0.086	Loglikelihood: -417866	(delta): 4707.25
4 (EM) 	Elapsed: 0.086	Loglikelihood: -415279	(delta): 2587.2
5 (EM) 	Elapsed: 0.085	Loglikelihood: -413299	(delta): 1980.45
Initial loglikelihood: -413299
Starting main algorithm
1 (QN/Block) 	Elapsed: 0.256	Loglikelihood: -336723	(delta): 76575.7
2 (QN/Block) 	Elapsed: 0.257	Loglikelihood: -301045	(delta): 35678
3 (QN/Block) 	Elapsed: 0.264	Loglikelihood: -288501	(delta): 12543.7
4 (QN/Block) 	Elapsed: 0.264	Loglikelihood: -282430	(delta): 6070.85
5 (QN/Block) 	Elapsed: 0.278	Loglikelihood: -280569	(delta): 1861.2
6 (QN/Block) 	Elapsed: 0.27	Loglikelihood: -280148	(delta): 420.798
7 (QN/Block) 	Elapsed: 0.275	Loglikelihood: -280047	(delta): 101.262
8 (QN/Block) 	Elapsed: 0.266	Loglikelihood: -280023	(delta): 24.5101
9 (QN/Block) 	Elapsed: 0.278	Loglikelihood: -280007	(delta): 15.9124
10 (QN/Block) 	Elapsed: 0.268	Loglikelihood: -279998	(delta): 9.07099
11 (QN/Block) 	Elapsed: 0.269	Loglikelihood: -279996	(delta): 1.76381
12 (QN/Block) 	Elapsed: 0.275	Loglikelihood: -279995	(delta): 0.50444
13 (QN/Block) 	Elapsed: 0.274	Loglikelihood: -279995	(delta): 0.590664
14 (QN/Block) 	Elapsed: 0.264	Loglikelihood: -279994	(delta): 0.651395
15 (QN/Block) 	Elapsed: 0.267	Loglikelihood: -279994	(delta): 0.456881
16 (QN/Block) 	Elapsed: 0.277	Loglikelihood: -279992	(delta): 1.089
17 (QN/Block) 	Elapsed: 0.28	Loglikelihood: -279989	(delta): 3.93659
18 (QN/Block) 	Elapsed: 0.274	Loglikelihood: -279987	(delta): 1.52718
19 (QN/Block) 	Elapsed: 0.276	Loglikelihood: -279986	(delta): 1.17065
20 (QN/Block) 	Elapsed: 0.275	Loglikelihood: -279985	(delta): 0.521754
21 (QN/Block) 	Elapsed: 0.27	Loglikelihood: -279985	(delta): 0.128909
22 (QN/Block) 	Elapsed: 0.279	Loglikelihood: -279985	(delta): 0.0647627
23 (QN/Block) 	Elapsed: 0.274	Loglikelihood: -279985	(delta): 0.0258126
24 (QN/Block) 	Elapsed: 0.278	Loglikelihood: -279985	(delta): 0.0169824
25 (QN/Block) 	Elapsed: 0.267	Loglikelihood: -279985	(delta): 0.0244876
26 (QN/Block) 	Elapsed: 0.279	Loglikelihood: -279985	(delta): 0.0226067
27 (QN/Block) 	Elapsed: 0.265	Loglikelihood: -279985	(delta): 0.445737
28 (QN/Block) 	Elapsed: 0.288	Loglikelihood: -279983	(delta): 1.11149
29 (QN/Block) 	Elapsed: 0.274	Loglikelihood: -279983	(delta): 0.0102106
30 (QN/Block) 	Elapsed: 0.267	Loglikelihood: -279983	(delta): 0.00279824
31 (QN/Block) 	Elapsed: 0.285	Loglikelihood: -279983	(delta): 0.00218072
32 (QN/Block) 	Elapsed: 0.281	Loglikelihood: -279983	(delta): 0.000908648
33 (QN/Block) 	Elapsed: 0.275	Loglikelihood: -279983	(delta): 0.000186609
34 (QN/Block) 	Elapsed: 0.275	Loglikelihood: -279983	(delta): 9.36372e-05
Summary: 
Converged in 34 iterations (9.764 sec)
Loglikelihood: -279983.474689
Fst divergences between estimated populations: 
	Pop0	Pop1	Pop2	Pop3	Pop4	Pop5	
Pop0	
Pop1	0.443	
Pop2	0.444	0.364	
Pop3	0.426	0.363	0.321	
Pop4	0.448	0.350	0.103	0.322	
Pop5	0.475	0.407	0.304	0.394	0.292	
Pop6	0.087	0.450	0.448	0.430	0.452	0.479	
CV error (K=7): 0.17235
Writing output files.
