****                   ADMIXTURE Version 1.3.0                  ****
****                    Copyright 2008-2015                     ****
****           David Alexander, Suyash Shringarpure,            ****
****                John  Novembre, Ken Lange                   ****
****                                                            ****
****                 Please cite our paper!                     ****
****   Information at www.genetics.ucla.edu/software/admixture  ****

Cross-validation will be performed.  Folds=5.
Parallel execution requested.  Will use 10 threads.
Random seed: 1722617439
Point estimation method: Block relaxation algorithm
Convergence acceleration algorithm: QuasiNewton, 3 secant conditions
Point estimation will terminate when objective function delta < 0.0001
Estimation of standard errors disabled; will compute point estimates only.
Size of G: 364x3412
Performing five EM steps to prime main algorithm
1 (EM) 	Elapsed: 0.055	Loglikelihood: -452992	(delta): 1.19592e+06
2 (EM) 	Elapsed: 0.052	Loglikelihood: -422836	(delta): 30156.5
3 (EM) 	Elapsed: 0.052	Loglikelihood: -417696	(delta): 5139.87
4 (EM) 	Elapsed: 0.052	Loglikelihood: -414962	(delta): 2734.05
5 (EM) 	Elapsed: 0.052	Loglikelihood: -412918	(delta): 2044.17
Initial loglikelihood: -412918
Starting main algorithm
1 (QN/Block) 	Elapsed: 0.177	Loglikelihood: -340615	(delta): 72302.2
2 (QN/Block) 	Elapsed: 0.178	Loglikelihood: -320701	(delta): 19914.2
3 (QN/Block) 	Elapsed: 0.148	Loglikelihood: -312974	(delta): 7727.51
4 (QN/Block) 	Elapsed: 0.147	Loglikelihood: -308390	(delta): 4583.48
5 (QN/Block) 	Elapsed: 0.183	Loglikelihood: -297490	(delta): 10900.2
6 (QN/Block) 	Elapsed: 0.151	Loglikelihood: -295203	(delta): 2287.34
7 (QN/Block) 	Elapsed: 0.17	Loglikelihood: -294344	(delta): 858.244
8 (QN/Block) 	Elapsed: 0.161	Loglikelihood: -293870	(delta): 474.101
9 (QN/Block) 	Elapsed: 0.149	Loglikelihood: -293707	(delta): 163.617
10 (QN/Block) 	Elapsed: 0.176	Loglikelihood: -293674	(delta): 32.2469
11 (QN/Block) 	Elapsed: 0.148	Loglikelihood: -293671	(delta): 3.44886
12 (QN/Block) 	Elapsed: 0.15	Loglikelihood: -293667	(delta): 4.05034
13 (QN/Block) 	Elapsed: 0.152	Loglikelihood: -293662	(delta): 5.17106
14 (QN/Block) 	Elapsed: 0.15	Loglikelihood: -293656	(delta): 5.32315
15 (QN/Block) 	Elapsed: 0.153	Loglikelihood: -293651	(delta): 5.43855
16 (QN/Block) 	Elapsed: 0.172	Loglikelihood: -293648	(delta): 3.06306
17 (QN/Block) 	Elapsed: 0.153	Loglikelihood: -293647	(delta): 0.611593
18 (QN/Block) 	Elapsed: 0.147	Loglikelihood: -293647	(delta): 0.0827805
19 (QN/Block) 	Elapsed: 0.154	Loglikelihood: -293647	(delta): 0.0571287
20 (QN/Block) 	Elapsed: 0.19	Loglikelihood: -293647	(delta): 0.00967794
21 (QN/Block) 	Elapsed: 0.143	Loglikelihood: -293647	(delta): 0.00593717
22 (QN/Block) 	Elapsed: 0.149	Loglikelihood: -293647	(delta): 0.00398809
23 (QN/Block) 	Elapsed: 0.153	Loglikelihood: -293647	(delta): 0.00244468
24 (QN/Block) 	Elapsed: 0.143	Loglikelihood: -293647	(delta): 0.00106001
25 (QN/Block) 	Elapsed: 0.165	Loglikelihood: -293647	(delta): 0.00199601
26 (QN/Block) 	Elapsed: 0.166	Loglikelihood: -293647	(delta): 0.000122959
27 (QN/Block) 	Elapsed: 0.148	Loglikelihood: -293647	(delta): 5.98782e-07
Summary: 
Converged in 27 iterations (4.594 sec)
Loglikelihood: -293647.091505
Fst divergences between estimated populations: 
	Pop0	Pop1	Pop2	Pop3	
Pop0	
Pop1	0.425	
Pop2	0.302	0.394	
Pop3	0.407	0.393	0.362	
Pop4	0.292	0.398	0.101	0.348	
CV error (K=5): 0.17876
Writing output files.
