****                   ADMIXTURE Version 1.3.0                  ****
****                    Copyright 2008-2015                     ****
****           David Alexander, Suyash Shringarpure,            ****
****                John  Novembre, Ken Lange                   ****
****                                                            ****
****                 Please cite our paper!                     ****
****   Information at www.genetics.ucla.edu/software/admixture  ****

Cross-validation will be performed.  Folds=5.
Parallel execution requested.  Will use 10 threads.
Random seed: 1722617434
Point estimation method: Block relaxation algorithm
Convergence acceleration algorithm: QuasiNewton, 3 secant conditions
Point estimation will terminate when objective function delta < 0.0001
Estimation of standard errors disabled; will compute point estimates only.
Size of G: 364x3412
Performing five EM steps to prime main algorithm
1 (EM) 	Elapsed: 0.055	Loglikelihood: -452800	(delta): 1.20302e+06
2 (EM) 	Elapsed: 0.052	Loglikelihood: -422907	(delta): 29892.7
3 (EM) 	Elapsed: 0.052	Loglikelihood: -417850	(delta): 5056.91
4 (EM) 	Elapsed: 0.052	Loglikelihood: -415240	(delta): 2609.52
5 (EM) 	Elapsed: 0.052	Loglikelihood: -413305	(delta): 1935.67
Initial loglikelihood: -413305
Starting main algorithm
1 (QN/Block) 	Elapsed: 0.148	Loglikelihood: -348891	(delta): 64413.6
2 (QN/Block) 	Elapsed: 0.152	Loglikelihood: -327756	(delta): 21134.7
3 (QN/Block) 	Elapsed: 0.148	Loglikelihood: -319460	(delta): 8296.64
4 (QN/Block) 	Elapsed: 0.153	Loglikelihood: -309588	(delta): 9872
5 (QN/Block) 	Elapsed: 0.152	Loglikelihood: -298243	(delta): 11344.4
6 (QN/Block) 	Elapsed: 0.152	Loglikelihood: -294611	(delta): 3632.83
7 (QN/Block) 	Elapsed: 0.154	Loglikelihood: -293744	(delta): 866.284
8 (QN/Block) 	Elapsed: 0.153	Loglikelihood: -293663	(delta): 81.1464
9 (QN/Block) 	Elapsed: 0.147	Loglikelihood: -293650	(delta): 13.1534
10 (QN/Block) 	Elapsed: 0.161	Loglikelihood: -293648	(delta): 2.50015
11 (QN/Block) 	Elapsed: 0.151	Loglikelihood: -293647	(delta): 0.316719
12 (QN/Block) 	Elapsed: 0.15	Loglikelihood: -293647	(delta): 0.129663
13 (QN/Block) 	Elapsed: 0.15	Loglikelihood: -293647	(delta): 0.0189446
14 (QN/Block) 	Elapsed: 0.154	Loglikelihood: -293647	(delta): 0.00425456
15 (QN/Block) 	Elapsed: 0.153	Loglikelihood: -293647	(delta): 0.00469704
16 (QN/Block) 	Elapsed: 0.154	Loglikelihood: -293647	(delta): 0.000499097
17 (QN/Block) 	Elapsed: 0.156	Loglikelihood: -293647	(delta): 0.000500405
18 (QN/Block) 	Elapsed: 0.154	Loglikelihood: -293647	(delta): 0.00094461
19 (QN/Block) 	Elapsed: 0.168	Loglikelihood: -293647	(delta): 3.14388e-05
Summary: 
Converged in 19 iterations (3.218 sec)
Loglikelihood: -293647.105355
Fst divergences between estimated populations: 
	Pop0	Pop1	Pop2	Pop3	
Pop0	
Pop1	0.394	
Pop2	0.302	0.425	
Pop3	0.101	0.398	0.292	
Pop4	0.362	0.393	0.407	0.348	
CV error (K=5): 0.17874
Writing output files.
