****                   ADMIXTURE Version 1.3.0                  ****
****                    Copyright 2008-2015                     ****
****           David Alexander, Suyash Shringarpure,            ****
****                John  Novembre, Ken Lange                   ****
****                                                            ****
****                 Please cite our paper!                     ****
****   Information at www.genetics.ucla.edu/software/admixture  ****

Cross-validation will be performed.  Folds=5.
Parallel execution requested.  Will use 10 threads.
Random seed: 1722617552
Point estimation method: Block relaxation algorithm
Convergence acceleration algorithm: QuasiNewton, 3 secant conditions
Point estimation will terminate when objective function delta < 0.0001
Estimation of standard errors disabled; will compute point estimates only.
Size of G: 364x3412
Performing five EM steps to prime main algorithm
1 (EM) 	Elapsed: 0.055	Loglikelihood: -451438	(delta): 1.18622e+06
2 (EM) 	Elapsed: 0.05	Loglikelihood: -422110	(delta): 29327.9
3 (EM) 	Elapsed: 0.051	Loglikelihood: -417263	(delta): 4847.49
4 (EM) 	Elapsed: 0.05	Loglikelihood: -414429	(delta): 2833.6
5 (EM) 	Elapsed: 0.051	Loglikelihood: -412274	(delta): 2155.14
Initial loglikelihood: -412274
Starting main algorithm
1 (QN/Block) 	Elapsed: 0.146	Loglikelihood: -341490	(delta): 70783.6
2 (QN/Block) 	Elapsed: 0.147	Loglikelihood: -308203	(delta): 33287.2
3 (QN/Block) 	Elapsed: 0.151	Loglikelihood: -297352	(delta): 10851.5
4 (QN/Block) 	Elapsed: 0.147	Loglikelihood: -290219	(delta): 7133.12
5 (QN/Block) 	Elapsed: 0.146	Loglikelihood: -287633	(delta): 2585.31
6 (QN/Block) 	Elapsed: 0.149	Loglikelihood: -287145	(delta): 488.493
7 (QN/Block) 	Elapsed: 0.148	Loglikelihood: -287053	(delta): 92.1462
8 (QN/Block) 	Elapsed: 0.143	Loglikelihood: -287028	(delta): 24.8468
9 (QN/Block) 	Elapsed: 0.151	Loglikelihood: -287016	(delta): 11.3844
10 (QN/Block) 	Elapsed: 0.144	Loglikelihood: -287012	(delta): 4.3671
11 (QN/Block) 	Elapsed: 0.149	Loglikelihood: -287012	(delta): 0.0657361
12 (QN/Block) 	Elapsed: 0.147	Loglikelihood: -287012	(delta): 0.00648253
13 (QN/Block) 	Elapsed: 0.154	Loglikelihood: -287012	(delta): 0.000669621
14 (QN/Block) 	Elapsed: 0.145	Loglikelihood: -287012	(delta): 0.000487706
15 (QN/Block) 	Elapsed: 0.144	Loglikelihood: -287012	(delta): 8.44113e-05
Summary: 
Converged in 15 iterations (2.501 sec)
Loglikelihood: -287011.933865
Fst divergences between estimated populations: 
	Pop0	Pop1	Pop2	Pop3	
Pop0	
Pop1	0.418	
Pop2	0.436	0.362	
Pop3	0.428	0.307	0.340	
Pop4	0.467	0.394	0.407	0.280	
CV error (K=5): 0.17200
Writing output files.
