****                   ADMIXTURE Version 1.3.0                  ****
****                    Copyright 2008-2015                     ****
****           David Alexander, Suyash Shringarpure,            ****
****                John  Novembre, Ken Lange                   ****
****                                                            ****
****                 Please cite our paper!                     ****
****   Information at www.genetics.ucla.edu/software/admixture  ****

Cross-validation will be performed.  Folds=5.
Parallel execution requested.  Will use 10 threads.
Random seed: 1722618747
Point estimation method: Block relaxation algorithm
Convergence acceleration algorithm: QuasiNewton, 3 secant conditions
Point estimation will terminate when objective function delta < 0.0001
Estimation of standard errors disabled; will compute point estimates only.
Size of G: 364x3412
Performing five EM steps to prime main algorithm
1 (EM) 	Elapsed: 0.141	Loglikelihood: -450292	(delta): 1.1537e+06
2 (EM) 	Elapsed: 0.137	Loglikelihood: -420200	(delta): 30092.8
3 (EM) 	Elapsed: 0.138	Loglikelihood: -415432	(delta): 4767.19
4 (EM) 	Elapsed: 0.138	Loglikelihood: -412557	(delta): 2875.61
5 (EM) 	Elapsed: 0.137	Loglikelihood: -410178	(delta): 2379.15
Initial loglikelihood: -410178
Starting main algorithm
1 (QN/Block) 	Elapsed: 0.305	Loglikelihood: -321758	(delta): 88419.8
2 (QN/Block) 	Elapsed: 0.303	Loglikelihood: -294518	(delta): 27239.9
3 (QN/Block) 	Elapsed: 0.309	Loglikelihood: -284945	(delta): 9572.66
4 (QN/Block) 	Elapsed: 0.308	Loglikelihood: -280688	(delta): 4257.01
5 (QN/Block) 	Elapsed: 0.308	Loglikelihood: -278722	(delta): 1966.44
6 (QN/Block) 	Elapsed: 0.308	Loglikelihood: -278125	(delta): 596.489
7 (QN/Block) 	Elapsed: 0.308	Loglikelihood: -277994	(delta): 131.251
8 (QN/Block) 	Elapsed: 0.31	Loglikelihood: -277941	(delta): 52.8285
9 (QN/Block) 	Elapsed: 0.308	Loglikelihood: -277939	(delta): 2.66518
10 (QN/Block) 	Elapsed: 0.31	Loglikelihood: -277899	(delta): 39.9952
11 (QN/Block) 	Elapsed: 0.306	Loglikelihood: -277882	(delta): 16.0751
12 (QN/Block) 	Elapsed: 0.31	Loglikelihood: -277872	(delta): 10.3942
13 (QN/Block) 	Elapsed: 0.313	Loglikelihood: -277866	(delta): 5.81875
14 (QN/Block) 	Elapsed: 0.309	Loglikelihood: -277862	(delta): 4.7229
15 (QN/Block) 	Elapsed: 0.309	Loglikelihood: -277856	(delta): 5.3922
16 (QN/Block) 	Elapsed: 0.313	Loglikelihood: -277853	(delta): 3.65221
17 (QN/Block) 	Elapsed: 0.312	Loglikelihood: -277843	(delta): 9.48211
18 (QN/Block) 	Elapsed: 0.312	Loglikelihood: -277837	(delta): 5.97842
19 (QN/Block) 	Elapsed: 0.31	Loglikelihood: -277833	(delta): 3.76187
20 (QN/Block) 	Elapsed: 0.313	Loglikelihood: -277829	(delta): 4.60719
21 (QN/Block) 	Elapsed: 0.31	Loglikelihood: -277825	(delta): 3.74851
22 (QN/Block) 	Elapsed: 0.315	Loglikelihood: -277822	(delta): 3.14798
23 (QN/Block) 	Elapsed: 0.311	Loglikelihood: -277821	(delta): 1.25995
24 (QN/Block) 	Elapsed: 0.311	Loglikelihood: -277820	(delta): 0.544289
25 (QN/Block) 	Elapsed: 0.311	Loglikelihood: -277819	(delta): 0.601684
26 (QN/Block) 	Elapsed: 0.311	Loglikelihood: -277819	(delta): 0.692619
27 (QN/Block) 	Elapsed: 0.313	Loglikelihood: -277818	(delta): 0.661122
28 (QN/Block) 	Elapsed: 0.311	Loglikelihood: -277817	(delta): 0.589986
29 (QN/Block) 	Elapsed: 0.309	Loglikelihood: -277816	(delta): 0.980445
30 (QN/Block) 	Elapsed: 0.313	Loglikelihood: -277815	(delta): 1.45952
31 (QN/Block) 	Elapsed: 0.311	Loglikelihood: -277813	(delta): 2.24111
32 (QN/Block) 	Elapsed: 0.308	Loglikelihood: -277809	(delta): 3.56998
33 (QN/Block) 	Elapsed: 0.308	Loglikelihood: -277807	(delta): 2.32299
34 (QN/Block) 	Elapsed: 0.308	Loglikelihood: -277806	(delta): 1.27818
35 (QN/Block) 	Elapsed: 0.305	Loglikelihood: -277805	(delta): 0.929645
36 (QN/Block) 	Elapsed: 0.306	Loglikelihood: -277804	(delta): 0.556049
37 (QN/Block) 	Elapsed: 0.307	Loglikelihood: -277803	(delta): 0.881002
38 (QN/Block) 	Elapsed: 0.312	Loglikelihood: -277802	(delta): 1.24787
39 (QN/Block) 	Elapsed: 0.312	Loglikelihood: -277801	(delta): 0.756632
40 (QN/Block) 	Elapsed: 0.312	Loglikelihood: -277800	(delta): 1.14259
41 (QN/Block) 	Elapsed: 0.308	Loglikelihood: -277799	(delta): 1.29563
42 (QN/Block) 	Elapsed: 0.311	Loglikelihood: -277798	(delta): 1.13653
43 (QN/Block) 	Elapsed: 0.312	Loglikelihood: -277797	(delta): 0.807252
44 (QN/Block) 	Elapsed: 0.311	Loglikelihood: -277796	(delta): 0.595634
45 (QN/Block) 	Elapsed: 0.312	Loglikelihood: -277796	(delta): 0.237882
46 (QN/Block) 	Elapsed: 0.313	Loglikelihood: -277795	(delta): 0.627901
47 (QN/Block) 	Elapsed: 0.312	Loglikelihood: -277795	(delta): 0.590731
48 (QN/Block) 	Elapsed: 0.312	Loglikelihood: -277794	(delta): 0.420213
49 (QN/Block) 	Elapsed: 0.311	Loglikelihood: -277794	(delta): 0.31689
50 (QN/Block) 	Elapsed: 0.311	Loglikelihood: -277794	(delta): 0.139003
51 (QN/Block) 	Elapsed: 0.311	Loglikelihood: -277794	(delta): 0.136243
52 (QN/Block) 	Elapsed: 0.31	Loglikelihood: -277794	(delta): 0.185116
53 (QN/Block) 	Elapsed: 0.31	Loglikelihood: -277794	(delta): 0.021487
54 (QN/Block) 	Elapsed: 0.309	Loglikelihood: -277794	(delta): 0.00978059
55 (QN/Block) 	Elapsed: 0.313	Loglikelihood: -277794	(delta): 0.00769143
56 (QN/Block) 	Elapsed: 0.312	Loglikelihood: -277794	(delta): 0.00204484
57 (QN/Block) 	Elapsed: 0.311	Loglikelihood: -277794	(delta): 0.00108208
58 (QN/Block) 	Elapsed: 0.31	Loglikelihood: -277794	(delta): 0.000659206
59 (QN/Block) 	Elapsed: 0.311	Loglikelihood: -277794	(delta): 0.00136046
60 (QN/Block) 	Elapsed: 0.312	Loglikelihood: -277794	(delta): 0.000509122
61 (QN/Block) 	Elapsed: 0.308	Loglikelihood: -277794	(delta): 0.000101152
62 (QN/Block) 	Elapsed: 0.313	Loglikelihood: -277794	(delta): 0.000424084
63 (QN/Block) 	Elapsed: 0.312	Loglikelihood: -277794	(delta): 3.83208e-05
Summary: 
Converged in 63 iterations (20.362 sec)
Loglikelihood: -277793.540808
Fst divergences between estimated populations: 
	Pop0	Pop1	Pop2	Pop3	Pop4	Pop5	Pop6	
Pop0	
Pop1	0.325	
Pop2	0.367	0.355	
Pop3	0.368	0.358	0.038	
Pop4	0.418	0.443	0.438	0.443	
Pop5	0.395	0.294	0.412	0.413	0.468	
Pop6	0.325	0.024	0.357	0.359	0.442	0.296	
Pop7	0.327	0.116	0.376	0.375	0.441	0.311	0.120	
CV error (K=8): 0.17544
Writing output files.
