****                   ADMIXTURE Version 1.3.0                  ****
****                    Copyright 2008-2015                     ****
****           David Alexander, Suyash Shringarpure,            ****
****                John  Novembre, Ken Lange                   ****
****                                                            ****
****                 Please cite our paper!                     ****
****   Information at www.genetics.ucla.edu/software/admixture  ****

Cross-validation will be performed.  Folds=5.
Parallel execution requested.  Will use 10 threads.
Random seed: 1722617420
Point estimation method: Block relaxation algorithm
Convergence acceleration algorithm: QuasiNewton, 3 secant conditions
Point estimation will terminate when objective function delta < 0.0001
Estimation of standard errors disabled; will compute point estimates only.
Size of G: 364x3412
Performing five EM steps to prime main algorithm
1 (EM) 	Elapsed: 0.03	Loglikelihood: -446799	(delta): 1.29811e+06
2 (EM) 	Elapsed: 0.026	Loglikelihood: -421227	(delta): 25571.2
3 (EM) 	Elapsed: 0.026	Loglikelihood: -416799	(delta): 4428.41
4 (EM) 	Elapsed: 0.026	Loglikelihood: -414402	(delta): 2396.76
5 (EM) 	Elapsed: 0.026	Loglikelihood: -412819	(delta): 1583.38
Initial loglikelihood: -412819
Starting main algorithm
1 (QN/Block) 	Elapsed: 0.079	Loglikelihood: -367494	(delta): 45324.6
2 (QN/Block) 	Elapsed: 0.079	Loglikelihood: -350702	(delta): 16792.1
3 (QN/Block) 	Elapsed: 0.082	Loglikelihood: -341250	(delta): 9451.79
4 (QN/Block) 	Elapsed: 0.082	Loglikelihood: -332066	(delta): 9184.68
5 (QN/Block) 	Elapsed: 0.084	Loglikelihood: -327844	(delta): 4221.71
6 (QN/Block) 	Elapsed: 0.085	Loglikelihood: -327161	(delta): 683.072
7 (QN/Block) 	Elapsed: 0.085	Loglikelihood: -326911	(delta): 249.519
8 (QN/Block) 	Elapsed: 0.084	Loglikelihood: -326827	(delta): 84.4774
9 (QN/Block) 	Elapsed: 0.086	Loglikelihood: -326800	(delta): 26.7625
10 (QN/Block) 	Elapsed: 0.083	Loglikelihood: -326797	(delta): 3.12336
11 (QN/Block) 	Elapsed: 0.085	Loglikelihood: -326796	(delta): 1.45273
12 (QN/Block) 	Elapsed: 0.083	Loglikelihood: -326795	(delta): 0.221668
13 (QN/Block) 	Elapsed: 0.085	Loglikelihood: -326795	(delta): 0.0306876
14 (QN/Block) 	Elapsed: 0.084	Loglikelihood: -326795	(delta): 0.0070566
15 (QN/Block) 	Elapsed: 0.082	Loglikelihood: -326795	(delta): 0.00459991
16 (QN/Block) 	Elapsed: 0.082	Loglikelihood: -326795	(delta): 0.0030045
17 (QN/Block) 	Elapsed: 0.084	Loglikelihood: -326795	(delta): 0.000392735
18 (QN/Block) 	Elapsed: 0.084	Loglikelihood: -326795	(delta): 9.78743e-05
Summary: 
Converged in 18 iterations (1.667 sec)
Loglikelihood: -326795.270228
Fst divergences between estimated populations: 
	Pop0	Pop1	
Pop0	
Pop1	0.227	
Pop2	0.285	0.276	
CV error (K=3): 0.20303
Writing output files.
