****                   ADMIXTURE Version 1.3.0                  ****
****                    Copyright 2008-2015                     ****
****           David Alexander, Suyash Shringarpure,            ****
****                John  Novembre, Ken Lange                   ****
****                                                            ****
****                 Please cite our paper!                     ****
****   Information at www.genetics.ucla.edu/software/admixture  ****

Cross-validation will be performed.  Folds=5.
Parallel execution requested.  Will use 10 threads.
Random seed: 1722617557
Point estimation method: Block relaxation algorithm
Convergence acceleration algorithm: QuasiNewton, 3 secant conditions
Point estimation will terminate when objective function delta < 0.0001
Estimation of standard errors disabled; will compute point estimates only.
Size of G: 364x3412
Performing five EM steps to prime main algorithm
1 (EM) 	Elapsed: 0.054	Loglikelihood: -448360	(delta): 1.19608e+06
2 (EM) 	Elapsed: 0.05	Loglikelihood: -421324	(delta): 27035.8
3 (EM) 	Elapsed: 0.05	Loglikelihood: -416802	(delta): 4521.78
4 (EM) 	Elapsed: 0.05	Loglikelihood: -414221	(delta): 2581.43
5 (EM) 	Elapsed: 0.05	Loglikelihood: -412244	(delta): 1976.88
Initial loglikelihood: -412244
Starting main algorithm
1 (QN/Block) 	Elapsed: 0.131	Loglikelihood: -345195	(delta): 67049.1
2 (QN/Block) 	Elapsed: 0.131	Loglikelihood: -314455	(delta): 30739.9
3 (QN/Block) 	Elapsed: 0.134	Loglikelihood: -302307	(delta): 12148.1
4 (QN/Block) 	Elapsed: 0.134	Loglikelihood: -296806	(delta): 5500.6
5 (QN/Block) 	Elapsed: 0.134	Loglikelihood: -294926	(delta): 1880.55
6 (QN/Block) 	Elapsed: 0.135	Loglikelihood: -294505	(delta): 420.79
7 (QN/Block) 	Elapsed: 0.134	Loglikelihood: -294429	(delta): 76.1559
8 (QN/Block) 	Elapsed: 0.134	Loglikelihood: -294404	(delta): 24.1738
9 (QN/Block) 	Elapsed: 0.137	Loglikelihood: -294388	(delta): 16.2584
10 (QN/Block) 	Elapsed: 0.137	Loglikelihood: -294379	(delta): 8.72498
11 (QN/Block) 	Elapsed: 0.137	Loglikelihood: -294376	(delta): 3.30475
12 (QN/Block) 	Elapsed: 0.137	Loglikelihood: -294376	(delta): 0.165229
13 (QN/Block) 	Elapsed: 0.136	Loglikelihood: -294376	(delta): 0.0406427
14 (QN/Block) 	Elapsed: 0.134	Loglikelihood: -294376	(delta): 0.0396726
15 (QN/Block) 	Elapsed: 0.136	Loglikelihood: -294376	(delta): 0.00988461
16 (QN/Block) 	Elapsed: 0.133	Loglikelihood: -294376	(delta): 0.00153488
17 (QN/Block) 	Elapsed: 0.135	Loglikelihood: -294376	(delta): 0.00105744
18 (QN/Block) 	Elapsed: 0.133	Loglikelihood: -294376	(delta): 6.0251e-05
Summary: 
Converged in 18 iterations (2.713 sec)
Loglikelihood: -294375.927895
Fst divergences between estimated populations: 
	Pop0	Pop1	Pop2	Pop3	
Pop0	
Pop1	0.434	
Pop2	0.102	0.438	
Pop3	0.363	0.433	0.349	
Pop4	0.246	0.408	0.238	0.350	
CV error (K=5): 0.17949
Writing output files.
