****                   ADMIXTURE Version 1.3.0                  ****
****                    Copyright 2008-2015                     ****
****           David Alexander, Suyash Shringarpure,            ****
****                John  Novembre, Ken Lange                   ****
****                                                            ****
****                 Please cite our paper!                     ****
****   Information at www.genetics.ucla.edu/software/admixture  ****

Cross-validation will be performed.  Folds=5.
Parallel execution requested.  Will use 10 threads.
Random seed: 1722617384
Point estimation method: Block relaxation algorithm
Convergence acceleration algorithm: QuasiNewton, 3 secant conditions
Point estimation will terminate when objective function delta < 0.0001
Estimation of standard errors disabled; will compute point estimates only.
Size of G: 364x3412
Performing five EM steps to prime main algorithm
1 (EM) 	Elapsed: 0.037	Loglikelihood: -448254	(delta): 1.28757e+06
2 (EM) 	Elapsed: 0.035	Loglikelihood: -422159	(delta): 26094.2
3 (EM) 	Elapsed: 0.035	Loglikelihood: -417606	(delta): 4553.13
4 (EM) 	Elapsed: 0.035	Loglikelihood: -415337	(delta): 2269.21
5 (EM) 	Elapsed: 0.035	Loglikelihood: -413855	(delta): 1482.15
Initial loglikelihood: -413855
Starting main algorithm
1 (QN/Block) 	Elapsed: 0.114	Loglikelihood: -382234	(delta): 31620.9
2 (QN/Block) 	Elapsed: 0.116	Loglikelihood: -343745	(delta): 38489.1
3 (QN/Block) 	Elapsed: 0.12	Loglikelihood: -335134	(delta): 8611.33
4 (QN/Block) 	Elapsed: 0.119	Loglikelihood: -329521	(delta): 5613
5 (QN/Block) 	Elapsed: 0.123	Loglikelihood: -327427	(delta): 2093.97
6 (QN/Block) 	Elapsed: 0.145	Loglikelihood: -326980	(delta): 446.526
7 (QN/Block) 	Elapsed: 0.178	Loglikelihood: -326854	(delta): 126.454
8 (QN/Block) 	Elapsed: 0.142	Loglikelihood: -326807	(delta): 46.795
9 (QN/Block) 	Elapsed: 0.146	Loglikelihood: -326798	(delta): 9.09955
10 (QN/Block) 	Elapsed: 0.171	Loglikelihood: -326796	(delta): 1.69149
11 (QN/Block) 	Elapsed: 0.121	Loglikelihood: -326796	(delta): 0.41365
12 (QN/Block) 	Elapsed: 0.156	Loglikelihood: -326795	(delta): 0.102307
13 (QN/Block) 	Elapsed: 0.128	Loglikelihood: -326795	(delta): 0.0215714
14 (QN/Block) 	Elapsed: 0.135	Loglikelihood: -326795	(delta): 0.00679121
15 (QN/Block) 	Elapsed: 0.117	Loglikelihood: -326795	(delta): 0.00460041
16 (QN/Block) 	Elapsed: 0.126	Loglikelihood: -326795	(delta): 0.000581236
17 (QN/Block) 	Elapsed: 0.157	Loglikelihood: -326795	(delta): 0.000981915
18 (QN/Block) 	Elapsed: 0.154	Loglikelihood: -326795	(delta): 5.51363e-05
Summary: 
Converged in 18 iterations (2.687 sec)
Loglikelihood: -326795.443652
Fst divergences between estimated populations: 
	Pop0	Pop1	
Pop0	
Pop1	0.276	
Pop2	0.227	0.285	
CV error (K=3): 0.20304
Writing output files.
