****                   ADMIXTURE Version 1.3.0                  ****
****                    Copyright 2008-2015                     ****
****           David Alexander, Suyash Shringarpure,            ****
****                John  Novembre, Ken Lange                   ****
****                                                            ****
****                 Please cite our paper!                     ****
****   Information at www.genetics.ucla.edu/software/admixture  ****

Cross-validation will be performed.  Folds=5.
Parallel execution requested.  Will use 10 threads.
Random seed: 1722617516
Point estimation method: Block relaxation algorithm
Convergence acceleration algorithm: QuasiNewton, 3 secant conditions
Point estimation will terminate when objective function delta < 0.0001
Estimation of standard errors disabled; will compute point estimates only.
Size of G: 364x3412
Performing five EM steps to prime main algorithm
1 (EM) 	Elapsed: 0.056	Loglikelihood: -450651	(delta): 1.19507e+06
2 (EM) 	Elapsed: 0.054	Loglikelihood: -421976	(delta): 28674.6
3 (EM) 	Elapsed: 0.055	Loglikelihood: -417283	(delta): 4693.2
4 (EM) 	Elapsed: 0.054	Loglikelihood: -414682	(delta): 2601.36
5 (EM) 	Elapsed: 0.054	Loglikelihood: -412701	(delta): 1980.22
Initial loglikelihood: -412701
Starting main algorithm
1 (QN/Block) 	Elapsed: 0.166	Loglikelihood: -347845	(delta): 64856.6
2 (QN/Block) 	Elapsed: 0.167	Loglikelihood: -315488	(delta): 32357.2
3 (QN/Block) 	Elapsed: 0.171	Loglikelihood: -303603	(delta): 11884.6
4 (QN/Block) 	Elapsed: 0.169	Loglikelihood: -297400	(delta): 6203.1
5 (QN/Block) 	Elapsed: 0.168	Loglikelihood: -294703	(delta): 2697.17
6 (QN/Block) 	Elapsed: 0.17	Loglikelihood: -293993	(delta): 710.24
7 (QN/Block) 	Elapsed: 0.168	Loglikelihood: -293792	(delta): 200.335
8 (QN/Block) 	Elapsed: 0.169	Loglikelihood: -293690	(delta): 102.632
9 (QN/Block) 	Elapsed: 0.172	Loglikelihood: -293658	(delta): 32.0419
10 (QN/Block) 	Elapsed: 0.17	Loglikelihood: -293650	(delta): 7.38541
11 (QN/Block) 	Elapsed: 0.169	Loglikelihood: -293648	(delta): 1.7714
12 (QN/Block) 	Elapsed: 0.169	Loglikelihood: -293647	(delta): 1.05334
13 (QN/Block) 	Elapsed: 0.168	Loglikelihood: -293647	(delta): 0.159416
14 (QN/Block) 	Elapsed: 0.169	Loglikelihood: -293647	(delta): 0.0873884
15 (QN/Block) 	Elapsed: 0.168	Loglikelihood: -293647	(delta): 0.0228305
16 (QN/Block) 	Elapsed: 0.168	Loglikelihood: -293647	(delta): 0.00614376
17 (QN/Block) 	Elapsed: 0.168	Loglikelihood: -293647	(delta): 0.00220988
18 (QN/Block) 	Elapsed: 0.169	Loglikelihood: -293647	(delta): 0.00239324
19 (QN/Block) 	Elapsed: 0.168	Loglikelihood: -293647	(delta): 0.00027546
20 (QN/Block) 	Elapsed: 0.169	Loglikelihood: -293647	(delta): 0.000262709
21 (QN/Block) 	Elapsed: 0.169	Loglikelihood: -293647	(delta): 0.000154093
22 (QN/Block) 	Elapsed: 0.169	Loglikelihood: -293647	(delta): 0.000133558
23 (QN/Block) 	Elapsed: 0.168	Loglikelihood: -293647	(delta): 6.86166e-05
Summary: 
Converged in 23 iterations (4.202 sec)
Loglikelihood: -293647.059195
Fst divergences between estimated populations: 
	Pop0	Pop1	Pop2	Pop3	
Pop0	
Pop1	0.362	
Pop2	0.393	0.394	
Pop3	0.407	0.302	0.425	
Pop4	0.348	0.101	0.398	0.292	
CV error (K=5): 0.17904
Writing output files.
