****                   ADMIXTURE Version 1.3.0                  ****
****                    Copyright 2008-2015                     ****
****           David Alexander, Suyash Shringarpure,            ****
****                John  Novembre, Ken Lange                   ****
****                                                            ****
****                 Please cite our paper!                     ****
****   Information at www.genetics.ucla.edu/software/admixture  ****

Cross-validation will be performed.  Folds=5.
Parallel execution requested.  Will use 10 threads.
Random seed: 1722617559
Point estimation method: Block relaxation algorithm
Convergence acceleration algorithm: QuasiNewton, 3 secant conditions
Point estimation will terminate when objective function delta < 0.0001
Estimation of standard errors disabled; will compute point estimates only.
Size of G: 364x3412
Performing five EM steps to prime main algorithm
1 (EM) 	Elapsed: 0.062	Loglikelihood: -451164	(delta): 1.16179e+06
2 (EM) 	Elapsed: 0.059	Loglikelihood: -421325	(delta): 29839.3
3 (EM) 	Elapsed: 0.059	Loglikelihood: -416419	(delta): 4905.92
4 (EM) 	Elapsed: 0.059	Loglikelihood: -413393	(delta): 3025.72
5 (EM) 	Elapsed: 0.059	Loglikelihood: -410894	(delta): 2499.79
Initial loglikelihood: -410894
Starting main algorithm
1 (QN/Block) 	Elapsed: 0.205	Loglikelihood: -329767	(delta): 81126.2
2 (QN/Block) 	Elapsed: 0.195	Loglikelihood: -301411	(delta): 28356.2
3 (QN/Block) 	Elapsed: 0.2	Loglikelihood: -289274	(delta): 12136.9
4 (QN/Block) 	Elapsed: 0.199	Loglikelihood: -283358	(delta): 5915.91
5 (QN/Block) 	Elapsed: 0.199	Loglikelihood: -281410	(delta): 1948.11
6 (QN/Block) 	Elapsed: 0.201	Loglikelihood: -280962	(delta): 448.055
7 (QN/Block) 	Elapsed: 0.199	Loglikelihood: -280852	(delta): 109.737
8 (QN/Block) 	Elapsed: 0.2	Loglikelihood: -280829	(delta): 23.4407
9 (QN/Block) 	Elapsed: 0.2	Loglikelihood: -280823	(delta): 5.60442
10 (QN/Block) 	Elapsed: 0.202	Loglikelihood: -280822	(delta): 1.27695
11 (QN/Block) 	Elapsed: 0.203	Loglikelihood: -280822	(delta): 0.290316
12 (QN/Block) 	Elapsed: 0.201	Loglikelihood: -280822	(delta): 0.114155
13 (QN/Block) 	Elapsed: 0.201	Loglikelihood: -280822	(delta): 0.0435153
14 (QN/Block) 	Elapsed: 0.201	Loglikelihood: -280822	(delta): 0.0266171
15 (QN/Block) 	Elapsed: 0.199	Loglikelihood: -280822	(delta): 0.0155194
16 (QN/Block) 	Elapsed: 0.199	Loglikelihood: -280822	(delta): 0.00599246
17 (QN/Block) 	Elapsed: 0.2	Loglikelihood: -280822	(delta): 0.00368715
18 (QN/Block) 	Elapsed: 0.203	Loglikelihood: -280822	(delta): 0.00157829
19 (QN/Block) 	Elapsed: 0.202	Loglikelihood: -280822	(delta): 0.00110304
20 (QN/Block) 	Elapsed: 0.203	Loglikelihood: -280822	(delta): 0.000417879
21 (QN/Block) 	Elapsed: 0.2	Loglikelihood: -280822	(delta): 8.13423e-06
Summary: 
Converged in 21 iterations (4.557 sec)
Loglikelihood: -280821.669212
Fst divergences between estimated populations: 
	Pop0	Pop1	Pop2	Pop3	Pop4	
Pop0	
Pop1	0.441	
Pop2	0.350	0.436	
Pop3	0.103	0.436	0.364	
Pop4	0.292	0.468	0.407	0.304	
Pop5	0.322	0.418	0.362	0.321	0.394	
CV error (K=6): 0.16953
Writing output files.
