****                   ADMIXTURE Version 1.3.0                  ****
****                    Copyright 2008-2015                     ****
****           David Alexander, Suyash Shringarpure,            ****
****                John  Novembre, Ken Lange                   ****
****                                                            ****
****                 Please cite our paper!                     ****
****   Information at www.genetics.ucla.edu/software/admixture  ****

Cross-validation will be performed.  Folds=5.
Parallel execution requested.  Will use 10 threads.
Random seed: 1722618286
Point estimation method: Block relaxation algorithm
Convergence acceleration algorithm: QuasiNewton, 3 secant conditions
Point estimation will terminate when objective function delta < 0.0001
Estimation of standard errors disabled; will compute point estimates only.
Size of G: 364x3412
Performing five EM steps to prime main algorithm
1 (EM) 	Elapsed: 0.128	Loglikelihood: -450969	(delta): 1.14426e+06
2 (EM) 	Elapsed: 0.126	Loglikelihood: -419920	(delta): 31048.3
3 (EM) 	Elapsed: 0.125	Loglikelihood: -414723	(delta): 5197.44
4 (EM) 	Elapsed: 0.126	Loglikelihood: -411488	(delta): 3234.75
5 (EM) 	Elapsed: 0.125	Loglikelihood: -408654	(delta): 2834.16
Initial loglikelihood: -408654
Starting main algorithm
1 (QN/Block) 	Elapsed: 0.354	Loglikelihood: -319187	(delta): 89466.9
2 (QN/Block) 	Elapsed: 0.343	Loglikelihood: -299186	(delta): 20001
3 (QN/Block) 	Elapsed: 0.361	Loglikelihood: -293243	(delta): 5943.11
4 (QN/Block) 	Elapsed: 0.35	Loglikelihood: -285370	(delta): 7872.43
5 (QN/Block) 	Elapsed: 0.351	Loglikelihood: -280266	(delta): 5104.27
6 (QN/Block) 	Elapsed: 0.352	Loglikelihood: -278813	(delta): 1453.62
7 (QN/Block) 	Elapsed: 0.359	Loglikelihood: -278329	(delta): 483.71
8 (QN/Block) 	Elapsed: 0.346	Loglikelihood: -278153	(delta): 176.048
9 (QN/Block) 	Elapsed: 0.347	Loglikelihood: -278058	(delta): 94.5864
10 (QN/Block) 	Elapsed: 0.375	Loglikelihood: -278001	(delta): 56.8414
11 (QN/Block) 	Elapsed: 0.377	Loglikelihood: -277974	(delta): 27.7286
12 (QN/Block) 	Elapsed: 0.352	Loglikelihood: -277958	(delta): 15.8633
13 (QN/Block) 	Elapsed: 0.355	Loglikelihood: -277933	(delta): 25.1484
14 (QN/Block) 	Elapsed: 0.352	Loglikelihood: -277907	(delta): 25.8621
15 (QN/Block) 	Elapsed: 0.38	Loglikelihood: -277892	(delta): 14.717
16 (QN/Block) 	Elapsed: 0.372	Loglikelihood: -277880	(delta): 11.9855
17 (QN/Block) 	Elapsed: 0.355	Loglikelihood: -277875	(delta): 5.43833
18 (QN/Block) 	Elapsed: 0.372	Loglikelihood: -277871	(delta): 4.06697
19 (QN/Block) 	Elapsed: 0.356	Loglikelihood: -277867	(delta): 3.5522
20 (QN/Block) 	Elapsed: 0.366	Loglikelihood: -277863	(delta): 3.61106
21 (QN/Block) 	Elapsed: 0.351	Loglikelihood: -277863	(delta): 0.87594
22 (QN/Block) 	Elapsed: 0.372	Loglikelihood: -277862	(delta): 0.85225
23 (QN/Block) 	Elapsed: 0.348	Loglikelihood: -277860	(delta): 1.26451
24 (QN/Block) 	Elapsed: 0.351	Loglikelihood: -277860	(delta): 0.889185
25 (QN/Block) 	Elapsed: 0.356	Loglikelihood: -277859	(delta): 0.909516
26 (QN/Block) 	Elapsed: 0.375	Loglikelihood: -277857	(delta): 1.38266
27 (QN/Block) 	Elapsed: 0.354	Loglikelihood: -277856	(delta): 0.91749
28 (QN/Block) 	Elapsed: 0.354	Loglikelihood: -277854	(delta): 1.84734
29 (QN/Block) 	Elapsed: 0.373	Loglikelihood: -277852	(delta): 2.89698
30 (QN/Block) 	Elapsed: 0.351	Loglikelihood: -277849	(delta): 2.14443
31 (QN/Block) 	Elapsed: 0.375	Loglikelihood: -277848	(delta): 1.54634
32 (QN/Block) 	Elapsed: 0.349	Loglikelihood: -277847	(delta): 0.678908
33 (QN/Block) 	Elapsed: 0.383	Loglikelihood: -277844	(delta): 3.30669
34 (QN/Block) 	Elapsed: 0.355	Loglikelihood: -277842	(delta): 2.24221
35 (QN/Block) 	Elapsed: 0.367	Loglikelihood: -277841	(delta): 0.764299
36 (QN/Block) 	Elapsed: 0.356	Loglikelihood: -277840	(delta): 0.621705
37 (QN/Block) 	Elapsed: 0.359	Loglikelihood: -277840	(delta): 0.392527
38 (QN/Block) 	Elapsed: 0.368	Loglikelihood: -277840	(delta): 0.221331
39 (QN/Block) 	Elapsed: 0.378	Loglikelihood: -277840	(delta): 0.108506
40 (QN/Block) 	Elapsed: 0.392	Loglikelihood: -277839	(delta): 0.137154
41 (QN/Block) 	Elapsed: 0.356	Loglikelihood: -277839	(delta): 0.0929603
42 (QN/Block) 	Elapsed: 0.354	Loglikelihood: -277839	(delta): 0.517446
43 (QN/Block) 	Elapsed: 0.375	Loglikelihood: -277839	(delta): 0.165847
44 (QN/Block) 	Elapsed: 0.359	Loglikelihood: -277839	(delta): 0.0719511
45 (QN/Block) 	Elapsed: 0.375	Loglikelihood: -277838	(delta): 0.0810416
46 (QN/Block) 	Elapsed: 0.397	Loglikelihood: -277838	(delta): 0.103952
47 (QN/Block) 	Elapsed: 0.38	Loglikelihood: -277838	(delta): 0.173441
48 (QN/Block) 	Elapsed: 0.361	Loglikelihood: -277838	(delta): 0.237045
49 (QN/Block) 	Elapsed: 0.356	Loglikelihood: -277838	(delta): 0.233556
50 (QN/Block) 	Elapsed: 0.373	Loglikelihood: -277837	(delta): 0.350471
51 (QN/Block) 	Elapsed: 0.351	Loglikelihood: -277837	(delta): 0.0686737
52 (QN/Block) 	Elapsed: 0.353	Loglikelihood: -277837	(delta): 0.175809
53 (QN/Block) 	Elapsed: 0.357	Loglikelihood: -277837	(delta): 0.164258
54 (QN/Block) 	Elapsed: 0.404	Loglikelihood: -277837	(delta): 0.0798578
55 (QN/Block) 	Elapsed: 0.358	Loglikelihood: -277837	(delta): 0.0397252
56 (QN/Block) 	Elapsed: 0.373	Loglikelihood: -277837	(delta): 0.0107071
57 (QN/Block) 	Elapsed: 0.358	Loglikelihood: -277837	(delta): 0.0125045
58 (QN/Block) 	Elapsed: 0.351	Loglikelihood: -277837	(delta): 0.0253702
59 (QN/Block) 	Elapsed: 0.36	Loglikelihood: -277837	(delta): 0.0535871
60 (QN/Block) 	Elapsed: 0.375	Loglikelihood: -277837	(delta): 0.0617653
61 (QN/Block) 	Elapsed: 0.355	Loglikelihood: -277837	(delta): 0.078995
62 (QN/Block) 	Elapsed: 0.354	Loglikelihood: -277837	(delta): 0.00749356
63 (QN/Block) 	Elapsed: 0.356	Loglikelihood: -277837	(delta): 0.00620568
64 (QN/Block) 	Elapsed: 0.358	Loglikelihood: -277837	(delta): 0.00945597
65 (QN/Block) 	Elapsed: 0.377	Loglikelihood: -277837	(delta): 0.0359608
66 (QN/Block) 	Elapsed: 0.353	Loglikelihood: -277836	(delta): 0.0593421
67 (QN/Block) 	Elapsed: 0.358	Loglikelihood: -277836	(delta): 0.146577
68 (QN/Block) 	Elapsed: 0.374	Loglikelihood: -277836	(delta): 0.66212
69 (QN/Block) 	Elapsed: 0.372	Loglikelihood: -277835	(delta): 0.23985
70 (QN/Block) 	Elapsed: 0.354	Loglikelihood: -277835	(delta): 0.118069
71 (QN/Block) 	Elapsed: 0.377	Loglikelihood: -277835	(delta): 0.233998
72 (QN/Block) 	Elapsed: 0.373	Loglikelihood: -277835	(delta): 0.134651
73 (QN/Block) 	Elapsed: 0.361	Loglikelihood: -277835	(delta): 0.0491067
74 (QN/Block) 	Elapsed: 0.349	Loglikelihood: -277835	(delta): 0.0529347
75 (QN/Block) 	Elapsed: 0.377	Loglikelihood: -277834	(delta): 0.728785
76 (QN/Block) 	Elapsed: 0.352	Loglikelihood: -277833	(delta): 1.07358
77 (QN/Block) 	Elapsed: 0.349	Loglikelihood: -277833	(delta): 0.324412
78 (QN/Block) 	Elapsed: 0.353	Loglikelihood: -277832	(delta): 0.243712
79 (QN/Block) 	Elapsed: 0.358	Loglikelihood: -277832	(delta): 0.141398
80 (QN/Block) 	Elapsed: 0.363	Loglikelihood: -277832	(delta): 0.207666
81 (QN/Block) 	Elapsed: 0.363	Loglikelihood: -277832	(delta): 0.133104
82 (QN/Block) 	Elapsed: 0.383	Loglikelihood: -277832	(delta): 0.039595
83 (QN/Block) 	Elapsed: 0.358	Loglikelihood: -277832	(delta): 0.0471787
84 (QN/Block) 	Elapsed: 0.357	Loglikelihood: -277832	(delta): 0.165094
85 (QN/Block) 	Elapsed: 0.359	Loglikelihood: -277832	(delta): 0.193697
86 (QN/Block) 	Elapsed: 0.363	Loglikelihood: -277831	(delta): 0.278839
87 (QN/Block) 	Elapsed: 0.357	Loglikelihood: -277831	(delta): 0.35193
88 (QN/Block) 	Elapsed: 0.354	Loglikelihood: -277831	(delta): 0.0940582
89 (QN/Block) 	Elapsed: 0.357	Loglikelihood: -277831	(delta): 0.00676862
90 (QN/Block) 	Elapsed: 0.358	Loglikelihood: -277831	(delta): 0.00433822
91 (QN/Block) 	Elapsed: 0.355	Loglikelihood: -277831	(delta): 0.00137783
92 (QN/Block) 	Elapsed: 0.352	Loglikelihood: -277831	(delta): 0.000419636
93 (QN/Block) 	Elapsed: 0.348	Loglikelihood: -277831	(delta): 8.63622e-05
Summary: 
Converged in 93 iterations (34.471 sec)
Loglikelihood: -277830.794924
Fst divergences between estimated populations: 
	Pop0	Pop1	Pop2	Pop3	Pop4	Pop5	Pop6	
Pop0	
Pop1	0.296	
Pop2	0.310	0.117	
Pop3	0.295	0.026	0.117	
Pop4	0.468	0.444	0.440	0.441	
Pop5	0.395	0.325	0.327	0.324	0.418	
Pop6	0.412	0.356	0.374	0.354	0.438	0.367	
Pop7	0.413	0.360	0.375	0.357	0.442	0.368	0.039	
CV error (K=8): 0.17491
Writing output files.
