****                   ADMIXTURE Version 1.3.0                  ****
****                    Copyright 2008-2015                     ****
****           David Alexander, Suyash Shringarpure,            ****
****                John  Novembre, Ken Lange                   ****
****                                                            ****
****                 Please cite our paper!                     ****
****   Information at www.genetics.ucla.edu/software/admixture  ****

Cross-validation will be performed.  Folds=5.
Parallel execution requested.  Will use 10 threads.
Random seed: 1722617385
Point estimation method: Block relaxation algorithm
Convergence acceleration algorithm: QuasiNewton, 3 secant conditions
Point estimation will terminate when objective function delta < 0.0001
Estimation of standard errors disabled; will compute point estimates only.
Size of G: 364x3412
Performing five EM steps to prime main algorithm
1 (EM) 	Elapsed: 0.074	Loglikelihood: -453691	(delta): 1.16776e+06
2 (EM) 	Elapsed: 0.071	Loglikelihood: -422216	(delta): 31474.7
3 (EM) 	Elapsed: 0.071	Loglikelihood: -417286	(delta): 4929.96
4 (EM) 	Elapsed: 0.071	Loglikelihood: -414594	(delta): 2691.41
5 (EM) 	Elapsed: 0.071	Loglikelihood: -412548	(delta): 2046.65
Initial loglikelihood: -412548
Starting main algorithm
1 (QN/Block) 	Elapsed: 0.206	Loglikelihood: -333723	(delta): 78824.5
2 (QN/Block) 	Elapsed: 0.206	Loglikelihood: -308808	(delta): 24915.4
3 (QN/Block) 	Elapsed: 0.23	Loglikelihood: -299085	(delta): 9722.62
4 (QN/Block) 	Elapsed: 0.216	Loglikelihood: -292002	(delta): 7083.38
5 (QN/Block) 	Elapsed: 0.215	Loglikelihood: -286594	(delta): 5408.24
6 (QN/Block) 	Elapsed: 0.214	Loglikelihood: -282789	(delta): 3804.31
7 (QN/Block) 	Elapsed: 0.21	Loglikelihood: -281230	(delta): 1559.78
8 (QN/Block) 	Elapsed: 0.213	Loglikelihood: -280898	(delta): 331.659
9 (QN/Block) 	Elapsed: 0.21	Loglikelihood: -280832	(delta): 66.0109
10 (QN/Block) 	Elapsed: 0.212	Loglikelihood: -280823	(delta): 8.67393
11 (QN/Block) 	Elapsed: 0.215	Loglikelihood: -280822	(delta): 1.04952
12 (QN/Block) 	Elapsed: 0.211	Loglikelihood: -280822	(delta): 0.296403
13 (QN/Block) 	Elapsed: 0.216	Loglikelihood: -280822	(delta): 0.115196
14 (QN/Block) 	Elapsed: 0.216	Loglikelihood: -280822	(delta): 0.0319678
15 (QN/Block) 	Elapsed: 0.211	Loglikelihood: -280822	(delta): 0.00723263
16 (QN/Block) 	Elapsed: 0.209	Loglikelihood: -280822	(delta): 0.0034742
17 (QN/Block) 	Elapsed: 0.21	Loglikelihood: -280822	(delta): 0.00194184
18 (QN/Block) 	Elapsed: 0.217	Loglikelihood: -280822	(delta): 0.000863105
19 (QN/Block) 	Elapsed: 0.221	Loglikelihood: -280822	(delta): 0.000262676
20 (QN/Block) 	Elapsed: 0.216	Loglikelihood: -280822	(delta): 9.06351e-07
Summary: 
Converged in 20 iterations (4.702 sec)
Loglikelihood: -280821.723293
Fst divergences between estimated populations: 
	Pop0	Pop1	Pop2	Pop3	Pop4	
Pop0	
Pop1	0.322	
Pop2	0.418	0.441	
Pop3	0.362	0.350	0.436	
Pop4	0.394	0.292	0.468	0.407	
Pop5	0.321	0.103	0.436	0.364	0.304	
CV error (K=6): 0.16999
Writing output files.
