****                   ADMIXTURE Version 1.3.0                  ****
****                    Copyright 2008-2015                     ****
****           David Alexander, Suyash Shringarpure,            ****
****                John  Novembre, Ken Lange                   ****
****                                                            ****
****                 Please cite our paper!                     ****
****   Information at www.genetics.ucla.edu/software/admixture  ****

Cross-validation will be performed.  Folds=5.
Parallel execution requested.  Will use 10 threads.
Random seed: 1722617326
Point estimation method: Block relaxation algorithm
Convergence acceleration algorithm: QuasiNewton, 3 secant conditions
Point estimation will terminate when objective function delta < 0.0001
Estimation of standard errors disabled; will compute point estimates only.
Size of G: 364x3412
Performing five EM steps to prime main algorithm
1 (EM) 	Elapsed: 0.041	Loglikelihood: -445743	(delta): 1.27107e+06
2 (EM) 	Elapsed: 0.038	Loglikelihood: -421051	(delta): 24691.2
3 (EM) 	Elapsed: 0.038	Loglikelihood: -417140	(delta): 3911.25
4 (EM) 	Elapsed: 0.038	Loglikelihood: -415011	(delta): 2129.58
5 (EM) 	Elapsed: 0.038	Loglikelihood: -413617	(delta): 1393.7
Initial loglikelihood: -413617
Starting main algorithm
1 (QN/Block) 	Elapsed: 0.113	Loglikelihood: -361635	(delta): 51982.2
2 (QN/Block) 	Elapsed: 0.157	Loglikelihood: -340418	(delta): 21216.6
3 (QN/Block) 	Elapsed: 0.122	Loglikelihood: -330755	(delta): 9663.37
4 (QN/Block) 	Elapsed: 0.125	Loglikelihood: -323672	(delta): 7082.29
5 (QN/Block) 	Elapsed: 0.137	Loglikelihood: -321598	(delta): 2074.61
6 (QN/Block) 	Elapsed: 0.135	Loglikelihood: -321103	(delta): 495.191
7 (QN/Block) 	Elapsed: 0.121	Loglikelihood: -320995	(delta): 107.496
8 (QN/Block) 	Elapsed: 0.153	Loglikelihood: -320976	(delta): 18.771
9 (QN/Block) 	Elapsed: 0.14	Loglikelihood: -320973	(delta): 3.8007
10 (QN/Block) 	Elapsed: 0.143	Loglikelihood: -320972	(delta): 0.383522
11 (QN/Block) 	Elapsed: 0.121	Loglikelihood: -320972	(delta): 0.108961
12 (QN/Block) 	Elapsed: 0.118	Loglikelihood: -320972	(delta): 0.0100687
13 (QN/Block) 	Elapsed: 0.148	Loglikelihood: -320972	(delta): 0.0106783
14 (QN/Block) 	Elapsed: 0.159	Loglikelihood: -320972	(delta): 0.000390486
15 (QN/Block) 	Elapsed: 0.127	Loglikelihood: -320972	(delta): 0.000302279
16 (QN/Block) 	Elapsed: 0.123	Loglikelihood: -320972	(delta): 0.000463928
17 (QN/Block) 	Elapsed: 0.148	Loglikelihood: -320972	(delta): 0.000262094
18 (QN/Block) 	Elapsed: 0.157	Loglikelihood: -320972	(delta): 5.29343e-05
Summary: 
Converged in 18 iterations (2.691 sec)
Loglikelihood: -320972.017680
Fst divergences between estimated populations: 
	Pop0	Pop1	
Pop0	
Pop1	0.319	
Pop2	0.338	0.296	
CV error (K=3): 0.19716
Writing output files.
