****                   ADMIXTURE Version 1.3.0                  ****
****                    Copyright 2008-2015                     ****
****           David Alexander, Suyash Shringarpure,            ****
****                John  Novembre, Ken Lange                   ****
****                                                            ****
****                 Please cite our paper!                     ****
****   Information at www.genetics.ucla.edu/software/admixture  ****

Cross-validation will be performed.  Folds=5.
Parallel execution requested.  Will use 10 threads.
Random seed: 1722617296
Point estimation method: Block relaxation algorithm
Convergence acceleration algorithm: QuasiNewton, 3 secant conditions
Point estimation will terminate when objective function delta < 0.0001
Estimation of standard errors disabled; will compute point estimates only.
Size of G: 364x3412
Performing five EM steps to prime main algorithm
1 (EM) 	Elapsed: 0.048	Loglikelihood: -443116	(delta): 1.29495e+06
2 (EM) 	Elapsed: 0.046	Loglikelihood: -420826	(delta): 22290.5
3 (EM) 	Elapsed: 0.046	Loglikelihood: -417054	(delta): 3772.04
4 (EM) 	Elapsed: 0.046	Loglikelihood: -414907	(delta): 2146.65
5 (EM) 	Elapsed: 0.046	Loglikelihood: -413516	(delta): 1390.7
Initial loglikelihood: -413516
Starting main algorithm
1 (QN/Block) 	Elapsed: 0.149	Loglikelihood: -361165	(delta): 52351.9
2 (QN/Block) 	Elapsed: 0.134	Loglikelihood: -342288	(delta): 18876.9
3 (QN/Block) 	Elapsed: 0.154	Loglikelihood: -334140	(delta): 8148.13
4 (QN/Block) 	Elapsed: 0.141	Loglikelihood: -329159	(delta): 4980.32
5 (QN/Block) 	Elapsed: 0.148	Loglikelihood: -327291	(delta): 1868.03
6 (QN/Block) 	Elapsed: 0.15	Loglikelihood: -326883	(delta): 408.607
7 (QN/Block) 	Elapsed: 0.143	Loglikelihood: -326818	(delta): 65.0314
8 (QN/Block) 	Elapsed: 0.111	Loglikelihood: -326801	(delta): 16.9385
9 (QN/Block) 	Elapsed: 0.116	Loglikelihood: -326796	(delta): 4.44979
10 (QN/Block) 	Elapsed: 0.114	Loglikelihood: -326795	(delta): 0.668829
11 (QN/Block) 	Elapsed: 0.132	Loglikelihood: -326795	(delta): 0.151214
12 (QN/Block) 	Elapsed: 0.12	Loglikelihood: -326795	(delta): 0.0398583
13 (QN/Block) 	Elapsed: 0.147	Loglikelihood: -326795	(delta): 0.0192594
14 (QN/Block) 	Elapsed: 0.11	Loglikelihood: -326795	(delta): 0.00463806
15 (QN/Block) 	Elapsed: 0.152	Loglikelihood: -326795	(delta): 0.00220129
16 (QN/Block) 	Elapsed: 0.111	Loglikelihood: -326795	(delta): 0.00112735
17 (QN/Block) 	Elapsed: 0.129	Loglikelihood: -326795	(delta): 0.000775697
18 (QN/Block) 	Elapsed: 0.128	Loglikelihood: -326795	(delta): 0.000178913
19 (QN/Block) 	Elapsed: 0.119	Loglikelihood: -326795	(delta): 2.76278e-05
Summary: 
Converged in 19 iterations (2.79 sec)
Loglikelihood: -326795.279209
Fst divergences between estimated populations: 
	Pop0	Pop1	
Pop0	
Pop1	0.276	
Pop2	0.285	0.227	
CV error (K=3): 0.20332
Writing output files.
