****                   ADMIXTURE Version 1.3.0                  ****
****                    Copyright 2008-2015                     ****
****           David Alexander, Suyash Shringarpure,            ****
****                John  Novembre, Ken Lange                   ****
****                                                            ****
****                 Please cite our paper!                     ****
****   Information at www.genetics.ucla.edu/software/admixture  ****

Cross-validation will be performed.  Folds=5.
Parallel execution requested.  Will use 10 threads.
Random seed: 1722617315
Point estimation method: Block relaxation algorithm
Convergence acceleration algorithm: QuasiNewton, 3 secant conditions
Point estimation will terminate when objective function delta < 0.0001
Estimation of standard errors disabled; will compute point estimates only.
Size of G: 364x3412
Performing five EM steps to prime main algorithm
1 (EM) 	Elapsed: 0.027	Loglikelihood: -434691	(delta): 1.4608e+06
2 (EM) 	Elapsed: 0.026	Loglikelihood: -418190	(delta): 16500.4
3 (EM) 	Elapsed: 0.026	Loglikelihood: -415020	(delta): 3170.57
4 (EM) 	Elapsed: 0.026	Loglikelihood: -413361	(delta): 1658.88
5 (EM) 	Elapsed: 0.026	Loglikelihood: -412373	(delta): 987.388
Initial loglikelihood: -412373
Starting main algorithm
1 (QN/Block) 	Elapsed: 0.088	Loglikelihood: -373774	(delta): 38599.3
2 (QN/Block) 	Elapsed: 0.083	Loglikelihood: -363467	(delta): 10306.7
3 (QN/Block) 	Elapsed: 0.089	Loglikelihood: -356520	(delta): 6946.89
4 (QN/Block) 	Elapsed: 0.092	Loglikelihood: -352939	(delta): 3580.93
5 (QN/Block) 	Elapsed: 0.096	Loglikelihood: -351492	(delta): 1447.62
6 (QN/Block) 	Elapsed: 0.11	Loglikelihood: -351127	(delta): 364.799
7 (QN/Block) 	Elapsed: 0.111	Loglikelihood: -350993	(delta): 133.828
8 (QN/Block) 	Elapsed: 0.095	Loglikelihood: -350979	(delta): 14.0807
9 (QN/Block) 	Elapsed: 0.114	Loglikelihood: -350979	(delta): 0.140565
10 (QN/Block) 	Elapsed: 0.128	Loglikelihood: -350979	(delta): 0.0418003
11 (QN/Block) 	Elapsed: 0.11	Loglikelihood: -350979	(delta): 0.00753396
12 (QN/Block) 	Elapsed: 0.096	Loglikelihood: -350979	(delta): 0.0100715
13 (QN/Block) 	Elapsed: 0.108	Loglikelihood: -350979	(delta): 0.00376681
14 (QN/Block) 	Elapsed: 0.105	Loglikelihood: -350979	(delta): 0.00135437
15 (QN/Block) 	Elapsed: 0.099	Loglikelihood: -350979	(delta): 2.11625e-05
Summary: 
Converged in 15 iterations (1.694 sec)
Loglikelihood: -350978.902670
Fst divergences between estimated populations: 
	Pop0	
Pop0	
Pop1	0.247	
CV error (K=2): 0.22235
Writing output files.
