****                   ADMIXTURE Version 1.3.0                  ****
****                    Copyright 2008-2015                     ****
****           David Alexander, Suyash Shringarpure,            ****
****                John  Novembre, Ken Lange                   ****
****                                                            ****
****                 Please cite our paper!                     ****
****   Information at www.genetics.ucla.edu/software/admixture  ****

Cross-validation will be performed.  Folds=5.
Parallel execution requested.  Will use 10 threads.
Random seed: 1722617464
Point estimation method: Block relaxation algorithm
Convergence acceleration algorithm: QuasiNewton, 3 secant conditions
Point estimation will terminate when objective function delta < 0.0001
Estimation of standard errors disabled; will compute point estimates only.
Size of G: 364x3412
Performing five EM steps to prime main algorithm
1 (EM) 	Elapsed: 0.027	Loglikelihood: -446179	(delta): 1.28375e+06
2 (EM) 	Elapsed: 0.026	Loglikelihood: -421431	(delta): 24747.9
3 (EM) 	Elapsed: 0.026	Loglikelihood: -417173	(delta): 4258.11
4 (EM) 	Elapsed: 0.025	Loglikelihood: -414763	(delta): 2410.2
5 (EM) 	Elapsed: 0.026	Loglikelihood: -413071	(delta): 1691.68
Initial loglikelihood: -413071
Starting main algorithm
1 (QN/Block) 	Elapsed: 0.108	Loglikelihood: -361756	(delta): 51315.5
2 (QN/Block) 	Elapsed: 0.098	Loglikelihood: -341052	(delta): 20703.3
3 (QN/Block) 	Elapsed: 0.101	Loglikelihood: -332729	(delta): 8323.17
4 (QN/Block) 	Elapsed: 0.109	Loglikelihood: -325669	(delta): 7060.06
5 (QN/Block) 	Elapsed: 0.126	Loglikelihood: -323275	(delta): 2394.3
6 (QN/Block) 	Elapsed: 0.115	Loglikelihood: -322941	(delta): 334.296
7 (QN/Block) 	Elapsed: 0.104	Loglikelihood: -322893	(delta): 47.3606
8 (QN/Block) 	Elapsed: 0.111	Loglikelihood: -322886	(delta): 6.73213
9 (QN/Block) 	Elapsed: 0.111	Loglikelihood: -322883	(delta): 3.89007
10 (QN/Block) 	Elapsed: 0.115	Loglikelihood: -322882	(delta): 0.877414
11 (QN/Block) 	Elapsed: 0.105	Loglikelihood: -322882	(delta): 0.0836687
12 (QN/Block) 	Elapsed: 0.123	Loglikelihood: -322882	(delta): 0.00339685
13 (QN/Block) 	Elapsed: 0.106	Loglikelihood: -322882	(delta): 0.00486544
14 (QN/Block) 	Elapsed: 0.106	Loglikelihood: -322882	(delta): 0.0021154
15 (QN/Block) 	Elapsed: 0.117	Loglikelihood: -322882	(delta): 0.000761651
16 (QN/Block) 	Elapsed: 0.113	Loglikelihood: -322882	(delta): 0.000252061
17 (QN/Block) 	Elapsed: 0.118	Loglikelihood: -322882	(delta): 7.47642e-05
Summary: 
Converged in 17 iterations (2.049 sec)
Loglikelihood: -322881.566725
Fst divergences between estimated populations: 
	Pop0	Pop1	
Pop0	
Pop1	0.310	
Pop2	0.378	0.358	
CV error (K=3): 0.19929
Writing output files.
