****                   ADMIXTURE Version 1.3.0                  ****
****                    Copyright 2008-2015                     ****
****           David Alexander, Suyash Shringarpure,            ****
****                John  Novembre, Ken Lange                   ****
****                                                            ****
****                 Please cite our paper!                     ****
****   Information at www.genetics.ucla.edu/software/admixture  ****

Cross-validation will be performed.  Folds=5.
Parallel execution requested.  Will use 10 threads.
Random seed: 1722617475
Point estimation method: Block relaxation algorithm
Convergence acceleration algorithm: QuasiNewton, 3 secant conditions
Point estimation will terminate when objective function delta < 0.0001
Estimation of standard errors disabled; will compute point estimates only.
Size of G: 364x3412
Performing five EM steps to prime main algorithm
1 (EM) 	Elapsed: 0.046	Loglikelihood: -448150	(delta): 1.22786e+06
2 (EM) 	Elapsed: 0.044	Loglikelihood: -421946	(delta): 26204.7
3 (EM) 	Elapsed: 0.044	Loglikelihood: -417245	(delta): 4700.66
4 (EM) 	Elapsed: 0.044	Loglikelihood: -414600	(delta): 2644.66
5 (EM) 	Elapsed: 0.044	Loglikelihood: -412717	(delta): 1883.5
Initial loglikelihood: -412717
Starting main algorithm
1 (QN/Block) 	Elapsed: 0.131	Loglikelihood: -352956	(delta): 59761.2
2 (QN/Block) 	Elapsed: 0.132	Loglikelihood: -330194	(delta): 22761.3
3 (QN/Block) 	Elapsed: 0.136	Loglikelihood: -321398	(delta): 8796.11
4 (QN/Block) 	Elapsed: 0.134	Loglikelihood: -315954	(delta): 5444.7
5 (QN/Block) 	Elapsed: 0.134	Loglikelihood: -313789	(delta): 2164.89
6 (QN/Block) 	Elapsed: 0.135	Loglikelihood: -313365	(delta): 423.967
7 (QN/Block) 	Elapsed: 0.135	Loglikelihood: -313254	(delta): 110.568
8 (QN/Block) 	Elapsed: 0.134	Loglikelihood: -313226	(delta): 28.4908
9 (QN/Block) 	Elapsed: 0.133	Loglikelihood: -313222	(delta): 3.19392
10 (QN/Block) 	Elapsed: 0.136	Loglikelihood: -313221	(delta): 1.44195
11 (QN/Block) 	Elapsed: 0.137	Loglikelihood: -313220	(delta): 1.048
12 (QN/Block) 	Elapsed: 0.138	Loglikelihood: -313219	(delta): 1.24206
13 (QN/Block) 	Elapsed: 0.137	Loglikelihood: -313217	(delta): 1.89745
14 (QN/Block) 	Elapsed: 0.137	Loglikelihood: -313213	(delta): 3.5028
15 (QN/Block) 	Elapsed: 0.137	Loglikelihood: -313207	(delta): 6.63031
16 (QN/Block) 	Elapsed: 0.137	Loglikelihood: -313192	(delta): 14.5576
17 (QN/Block) 	Elapsed: 0.137	Loglikelihood: -313140	(delta): 52.2649
18 (QN/Block) 	Elapsed: 0.138	Loglikelihood: -311321	(delta): 1818.7
19 (QN/Block) 	Elapsed: 0.137	Loglikelihood: -302293	(delta): 9028.31
20 (QN/Block) 	Elapsed: 0.137	Loglikelihood: -300838	(delta): 1454.77
21 (QN/Block) 	Elapsed: 0.135	Loglikelihood: -300135	(delta): 702.717
22 (QN/Block) 	Elapsed: 0.137	Loglikelihood: -299932	(delta): 202.903
23 (QN/Block) 	Elapsed: 0.134	Loglikelihood: -299896	(delta): 35.9579
24 (QN/Block) 	Elapsed: 0.133	Loglikelihood: -299894	(delta): 2.82746
25 (QN/Block) 	Elapsed: 0.135	Loglikelihood: -299893	(delta): 0.165767
26 (QN/Block) 	Elapsed: 0.134	Loglikelihood: -299893	(delta): 0.0189851
27 (QN/Block) 	Elapsed: 0.135	Loglikelihood: -299893	(delta): 0.0131941
28 (QN/Block) 	Elapsed: 0.135	Loglikelihood: -299893	(delta): 0.00494086
29 (QN/Block) 	Elapsed: 0.134	Loglikelihood: -299893	(delta): 0.00445878
30 (QN/Block) 	Elapsed: 0.134	Loglikelihood: -299893	(delta): 0.00405953
31 (QN/Block) 	Elapsed: 0.136	Loglikelihood: -299893	(delta): 0.00185968
32 (QN/Block) 	Elapsed: 0.138	Loglikelihood: -299893	(delta): 0.00172606
33 (QN/Block) 	Elapsed: 0.137	Loglikelihood: -299893	(delta): 0.00106059
34 (QN/Block) 	Elapsed: 0.136	Loglikelihood: -299893	(delta): 7.57374e-05
Summary: 
Converged in 34 iterations (4.889 sec)
Loglikelihood: -299893.414400
Fst divergences between estimated populations: 
	Pop0	Pop1	Pop2	
Pop0	
Pop1	0.390	
Pop2	0.382	0.338	
Pop3	0.420	0.406	0.279	
CV error (K=4): 0.18069
Writing output files.
