****                   ADMIXTURE Version 1.3.0                  ****
****                    Copyright 2008-2015                     ****
****           David Alexander, Suyash Shringarpure,            ****
****                John  Novembre, Ken Lange                   ****
****                                                            ****
****                 Please cite our paper!                     ****
****   Information at www.genetics.ucla.edu/software/admixture  ****

Cross-validation will be performed.  Folds=5.
Parallel execution requested.  Will use 10 threads.
Random seed: 1722617809
Point estimation method: Block relaxation algorithm
Convergence acceleration algorithm: QuasiNewton, 3 secant conditions
Point estimation will terminate when objective function delta < 0.0001
Estimation of standard errors disabled; will compute point estimates only.
Size of G: 364x3412
Performing five EM steps to prime main algorithm
1 (EM) 	Elapsed: 0.096	Loglikelihood: -451334	(delta): 1.16135e+06
2 (EM) 	Elapsed: 0.137	Loglikelihood: -421420	(delta): 29913.9
3 (EM) 	Elapsed: 0.093	Loglikelihood: -417113	(delta): 4307.12
4 (EM) 	Elapsed: 0.093	Loglikelihood: -414655	(delta): 2457.5
5 (EM) 	Elapsed: 0.093	Loglikelihood: -412758	(delta): 1897.37
Initial loglikelihood: -412758
Starting main algorithm
1 (QN/Block) 	Elapsed: 0.276	Loglikelihood: -336111	(delta): 76646.9
2 (QN/Block) 	Elapsed: 0.274	Loglikelihood: -300759	(delta): 35351.9
3 (QN/Block) 	Elapsed: 0.279	Loglikelihood: -288300	(delta): 12459.3
4 (QN/Block) 	Elapsed: 0.278	Loglikelihood: -282664	(delta): 5635.2
5 (QN/Block) 	Elapsed: 0.277	Loglikelihood: -280088	(delta): 2576.76
6 (QN/Block) 	Elapsed: 0.277	Loglikelihood: -279238	(delta): 849.652
7 (QN/Block) 	Elapsed: 0.318	Loglikelihood: -279065	(delta): 173.362
8 (QN/Block) 	Elapsed: 0.279	Loglikelihood: -279004	(delta): 60.6067
9 (QN/Block) 	Elapsed: 0.281	Loglikelihood: -278967	(delta): 36.8696
10 (QN/Block) 	Elapsed: 0.276	Loglikelihood: -278942	(delta): 25.1679
11 (QN/Block) 	Elapsed: 0.277	Loglikelihood: -278926	(delta): 15.8164
12 (QN/Block) 	Elapsed: 0.278	Loglikelihood: -278918	(delta): 8.42044
13 (QN/Block) 	Elapsed: 0.28	Loglikelihood: -278912	(delta): 5.63761
14 (QN/Block) 	Elapsed: 0.281	Loglikelihood: -278907	(delta): 4.6205
15 (QN/Block) 	Elapsed: 0.279	Loglikelihood: -278902	(delta): 5.07387
16 (QN/Block) 	Elapsed: 0.28	Loglikelihood: -278899	(delta): 3.68033
17 (QN/Block) 	Elapsed: 0.278	Loglikelihood: -278896	(delta): 3.05488
18 (QN/Block) 	Elapsed: 0.278	Loglikelihood: -278893	(delta): 2.73219
19 (QN/Block) 	Elapsed: 0.279	Loglikelihood: -278891	(delta): 2.09509
20 (QN/Block) 	Elapsed: 0.276	Loglikelihood: -278890	(delta): 1.12259
21 (QN/Block) 	Elapsed: 0.278	Loglikelihood: -278889	(delta): 0.55895
22 (QN/Block) 	Elapsed: 0.282	Loglikelihood: -278889	(delta): 0.177659
23 (QN/Block) 	Elapsed: 0.282	Loglikelihood: -278889	(delta): 0.21839
24 (QN/Block) 	Elapsed: 0.281	Loglikelihood: -278888	(delta): 0.348684
25 (QN/Block) 	Elapsed: 0.282	Loglikelihood: -278888	(delta): 0.269604
26 (QN/Block) 	Elapsed: 0.28	Loglikelihood: -278888	(delta): 0.0345695
27 (QN/Block) 	Elapsed: 0.276	Loglikelihood: -278888	(delta): 0.010548
28 (QN/Block) 	Elapsed: 0.281	Loglikelihood: -278888	(delta): 0.0153194
29 (QN/Block) 	Elapsed: 0.278	Loglikelihood: -278888	(delta): 0.00157996
30 (QN/Block) 	Elapsed: 0.277	Loglikelihood: -278888	(delta): 0.000133086
31 (QN/Block) 	Elapsed: 0.278	Loglikelihood: -278888	(delta): 1.44746e-05
Summary: 
Converged in 31 iterations (9.251 sec)
Loglikelihood: -278888.027096
Fst divergences between estimated populations: 
	Pop0	Pop1	Pop2	Pop3	Pop4	Pop5	
Pop0	
Pop1	0.322	
Pop2	0.328	0.026	
Pop3	0.363	0.350	0.355	
Pop4	0.328	0.113	0.124	0.372	
Pop5	0.395	0.290	0.299	0.408	0.312	
Pop6	0.418	0.441	0.445	0.436	0.441	0.468	
CV error (K=7): 0.17234
Writing output files.
