****                   ADMIXTURE Version 1.3.0                  ****
****                    Copyright 2008-2015                     ****
****           David Alexander, Suyash Shringarpure,            ****
****                John  Novembre, Ken Lange                   ****
****                                                            ****
****                 Please cite our paper!                     ****
****   Information at www.genetics.ucla.edu/software/admixture  ****

Cross-validation will be performed.  Folds=5.
Parallel execution requested.  Will use 10 threads.
Random seed: 1722617331
Point estimation method: Block relaxation algorithm
Convergence acceleration algorithm: QuasiNewton, 3 secant conditions
Point estimation will terminate when objective function delta < 0.0001
Estimation of standard errors disabled; will compute point estimates only.
Size of G: 364x3412
Performing five EM steps to prime main algorithm
1 (EM) 	Elapsed: 0.072	Loglikelihood: -449838	(delta): 1.19462e+06
2 (EM) 	Elapsed: 0.068	Loglikelihood: -421665	(delta): 28172.2
3 (EM) 	Elapsed: 0.067	Loglikelihood: -416964	(delta): 4701.54
4 (EM) 	Elapsed: 0.067	Loglikelihood: -414237	(delta): 2726.74
5 (EM) 	Elapsed: 0.068	Loglikelihood: -412145	(delta): 2091.89
Initial loglikelihood: -412145
Starting main algorithm
1 (QN/Block) 	Elapsed: 0.206	Loglikelihood: -340803	(delta): 71342.3
2 (QN/Block) 	Elapsed: 0.206	Loglikelihood: -314552	(delta): 26251.1
3 (QN/Block) 	Elapsed: 0.213	Loglikelihood: -303885	(delta): 10666.4
4 (QN/Block) 	Elapsed: 0.21	Loglikelihood: -296197	(delta): 7688.08
5 (QN/Block) 	Elapsed: 0.216	Loglikelihood: -294158	(delta): 2039.17
6 (QN/Block) 	Elapsed: 0.213	Loglikelihood: -293749	(delta): 409.228
7 (QN/Block) 	Elapsed: 0.206	Loglikelihood: -293693	(delta): 55.7426
8 (QN/Block) 	Elapsed: 0.208	Loglikelihood: -293681	(delta): 12.5343
9 (QN/Block) 	Elapsed: 0.228	Loglikelihood: -293675	(delta): 5.37079
10 (QN/Block) 	Elapsed: 0.213	Loglikelihood: -293671	(delta): 4.67673
11 (QN/Block) 	Elapsed: 0.212	Loglikelihood: -293665	(delta): 5.84597
12 (QN/Block) 	Elapsed: 0.214	Loglikelihood: -293659	(delta): 5.80273
13 (QN/Block) 	Elapsed: 0.212	Loglikelihood: -293653	(delta): 5.7604
14 (QN/Block) 	Elapsed: 0.221	Loglikelihood: -293649	(delta): 4.22122
15 (QN/Block) 	Elapsed: 0.25	Loglikelihood: -293647	(delta): 1.64935
16 (QN/Block) 	Elapsed: 0.213	Loglikelihood: -293647	(delta): 0.137743
17 (QN/Block) 	Elapsed: 0.216	Loglikelihood: -293647	(delta): 0.0629984
18 (QN/Block) 	Elapsed: 0.205	Loglikelihood: -293647	(delta): 0.00898509
19 (QN/Block) 	Elapsed: 0.203	Loglikelihood: -293647	(delta): 0.0068872
20 (QN/Block) 	Elapsed: 0.207	Loglikelihood: -293647	(delta): 0.00339285
21 (QN/Block) 	Elapsed: 0.203	Loglikelihood: -293647	(delta): 0.00417878
22 (QN/Block) 	Elapsed: 0.21	Loglikelihood: -293647	(delta): 0.000321039
23 (QN/Block) 	Elapsed: 0.211	Loglikelihood: -293647	(delta): 5.99619e-05
Summary: 
Converged in 23 iterations (5.307 sec)
Loglikelihood: -293647.088844
Fst divergences between estimated populations: 
	Pop0	Pop1	Pop2	Pop3	
Pop0	
Pop1	0.394	
Pop2	0.101	0.398	
Pop3	0.362	0.393	0.348	
Pop4	0.302	0.425	0.292	0.407	
CV error (K=5): 0.17897
Writing output files.
