****                   ADMIXTURE Version 1.3.0                  ****
****                    Copyright 2008-2015                     ****
****           David Alexander, Suyash Shringarpure,            ****
****                John  Novembre, Ken Lange                   ****
****                                                            ****
****                 Please cite our paper!                     ****
****   Information at www.genetics.ucla.edu/software/admixture  ****

Cross-validation will be performed.  Folds=5.
Parallel execution requested.  Will use 10 threads.
Random seed: 1722617513
Point estimation method: Block relaxation algorithm
Convergence acceleration algorithm: QuasiNewton, 3 secant conditions
Point estimation will terminate when objective function delta < 0.0001
Estimation of standard errors disabled; will compute point estimates only.
Size of G: 364x3412
Performing five EM steps to prime main algorithm
1 (EM) 	Elapsed: 0.081	Loglikelihood: -452485	(delta): 1.15291e+06
2 (EM) 	Elapsed: 0.078	Loglikelihood: -421575	(delta): 30910
3 (EM) 	Elapsed: 0.078	Loglikelihood: -416786	(delta): 4789.44
4 (EM) 	Elapsed: 0.078	Loglikelihood: -414058	(delta): 2727.87
5 (EM) 	Elapsed: 0.078	Loglikelihood: -411864	(delta): 2193.98
Initial loglikelihood: -411864
Starting main algorithm
1 (QN/Block) 	Elapsed: 0.243	Loglikelihood: -334486	(delta): 77377.9
2 (QN/Block) 	Elapsed: 0.243	Loglikelihood: -307427	(delta): 27058.7
3 (QN/Block) 	Elapsed: 0.25	Loglikelihood: -297529	(delta): 9898.82
4 (QN/Block) 	Elapsed: 0.248	Loglikelihood: -285875	(delta): 11653.4
5 (QN/Block) 	Elapsed: 0.252	Loglikelihood: -280958	(delta): 4917.38
6 (QN/Block) 	Elapsed: 0.25	Loglikelihood: -279468	(delta): 1489.64
7 (QN/Block) 	Elapsed: 0.258	Loglikelihood: -279247	(delta): 220.946
8 (QN/Block) 	Elapsed: 0.28	Loglikelihood: -279159	(delta): 88.3279
9 (QN/Block) 	Elapsed: 0.25	Loglikelihood: -279126	(delta): 33.1302
10 (QN/Block) 	Elapsed: 0.257	Loglikelihood: -279083	(delta): 42.2241
11 (QN/Block) 	Elapsed: 0.273	Loglikelihood: -279048	(delta): 35.6307
12 (QN/Block) 	Elapsed: 0.254	Loglikelihood: -279025	(delta): 22.4677
13 (QN/Block) 	Elapsed: 0.252	Loglikelihood: -279005	(delta): 20.5795
14 (QN/Block) 	Elapsed: 0.255	Loglikelihood: -278990	(delta): 14.9138
15 (QN/Block) 	Elapsed: 0.285	Loglikelihood: -278983	(delta): 7.23495
16 (QN/Block) 	Elapsed: 0.253	Loglikelihood: -278979	(delta): 3.50549
17 (QN/Block) 	Elapsed: 0.254	Loglikelihood: -278975	(delta): 4.24571
18 (QN/Block) 	Elapsed: 0.256	Loglikelihood: -278970	(delta): 4.47757
19 (QN/Block) 	Elapsed: 0.253	Loglikelihood: -278964	(delta): 6.87447
20 (QN/Block) 	Elapsed: 0.252	Loglikelihood: -278958	(delta): 5.12581
21 (QN/Block) 	Elapsed: 0.248	Loglikelihood: -278954	(delta): 3.92565
22 (QN/Block) 	Elapsed: 0.253	Loglikelihood: -278951	(delta): 3.52414
23 (QN/Block) 	Elapsed: 0.257	Loglikelihood: -278948	(delta): 2.58338
24 (QN/Block) 	Elapsed: 0.256	Loglikelihood: -278947	(delta): 1.86621
25 (QN/Block) 	Elapsed: 0.259	Loglikelihood: -278945	(delta): 1.44279
26 (QN/Block) 	Elapsed: 0.254	Loglikelihood: -278943	(delta): 1.90558
27 (QN/Block) 	Elapsed: 0.256	Loglikelihood: -278942	(delta): 0.85081
28 (QN/Block) 	Elapsed: 0.253	Loglikelihood: -278942	(delta): 0.362373
29 (QN/Block) 	Elapsed: 0.251	Loglikelihood: -278941	(delta): 0.560056
30 (QN/Block) 	Elapsed: 0.251	Loglikelihood: -278941	(delta): 0.582987
31 (QN/Block) 	Elapsed: 0.268	Loglikelihood: -278938	(delta): 2.89142
32 (QN/Block) 	Elapsed: 0.255	Loglikelihood: -278935	(delta): 2.63574
33 (QN/Block) 	Elapsed: 0.259	Loglikelihood: -278933	(delta): 2.20269
34 (QN/Block) 	Elapsed: 0.256	Loglikelihood: -278931	(delta): 1.85394
35 (QN/Block) 	Elapsed: 0.254	Loglikelihood: -278931	(delta): 0.353249
36 (QN/Block) 	Elapsed: 0.255	Loglikelihood: -278931	(delta): 0.333633
37 (QN/Block) 	Elapsed: 0.25	Loglikelihood: -278930	(delta): 0.185796
38 (QN/Block) 	Elapsed: 0.255	Loglikelihood: -278930	(delta): 0.180876
39 (QN/Block) 	Elapsed: 0.257	Loglikelihood: -278930	(delta): 0.13623
40 (QN/Block) 	Elapsed: 0.252	Loglikelihood: -278930	(delta): 0.228813
41 (QN/Block) 	Elapsed: 0.285	Loglikelihood: -278929	(delta): 0.47677
42 (QN/Block) 	Elapsed: 0.257	Loglikelihood: -278928	(delta): 1.26422
43 (QN/Block) 	Elapsed: 0.251	Loglikelihood: -278928	(delta): 0.259928
44 (QN/Block) 	Elapsed: 0.253	Loglikelihood: -278928	(delta): 0.0975259
45 (QN/Block) 	Elapsed: 0.281	Loglikelihood: -278927	(delta): 0.222831
46 (QN/Block) 	Elapsed: 0.253	Loglikelihood: -278927	(delta): 0.614275
47 (QN/Block) 	Elapsed: 0.255	Loglikelihood: -278926	(delta): 1.08472
48 (QN/Block) 	Elapsed: 0.255	Loglikelihood: -278925	(delta): 0.695878
49 (QN/Block) 	Elapsed: 0.253	Loglikelihood: -278925	(delta): 0.301091
50 (QN/Block) 	Elapsed: 0.251	Loglikelihood: -278925	(delta): 0.263004
51 (QN/Block) 	Elapsed: 0.252	Loglikelihood: -278924	(delta): 0.196867
52 (QN/Block) 	Elapsed: 0.261	Loglikelihood: -278924	(delta): 0.138023
53 (QN/Block) 	Elapsed: 0.251	Loglikelihood: -278924	(delta): 0.0430432
54 (QN/Block) 	Elapsed: 0.251	Loglikelihood: -278924	(delta): 0.0248515
55 (QN/Block) 	Elapsed: 0.296	Loglikelihood: -278924	(delta): 0.0230188
56 (QN/Block) 	Elapsed: 0.254	Loglikelihood: -278924	(delta): 0.0119978
57 (QN/Block) 	Elapsed: 0.259	Loglikelihood: -278924	(delta): 0.0272247
58 (QN/Block) 	Elapsed: 0.26	Loglikelihood: -278924	(delta): 0.00789162
59 (QN/Block) 	Elapsed: 0.259	Loglikelihood: -278924	(delta): 0.00778592
60 (QN/Block) 	Elapsed: 0.261	Loglikelihood: -278924	(delta): 0.00933325
61 (QN/Block) 	Elapsed: 0.252	Loglikelihood: -278924	(delta): 0.0265069
62 (QN/Block) 	Elapsed: 0.261	Loglikelihood: -278924	(delta): 0.22164
63 (QN/Block) 	Elapsed: 0.255	Loglikelihood: -278924	(delta): 0.217582
64 (QN/Block) 	Elapsed: 0.266	Loglikelihood: -278923	(delta): 0.114252
65 (QN/Block) 	Elapsed: 0.252	Loglikelihood: -278923	(delta): 0.0460887
66 (QN/Block) 	Elapsed: 0.261	Loglikelihood: -278923	(delta): 0.0529874
67 (QN/Block) 	Elapsed: 0.252	Loglikelihood: -278923	(delta): 0.0280748
68 (QN/Block) 	Elapsed: 0.259	Loglikelihood: -278923	(delta): 0.00869127
69 (QN/Block) 	Elapsed: 0.26	Loglikelihood: -278923	(delta): 0.00216826
70 (QN/Block) 	Elapsed: 0.25	Loglikelihood: -278923	(delta): 0.00547338
71 (QN/Block) 	Elapsed: 0.247	Loglikelihood: -278923	(delta): 0.00467054
72 (QN/Block) 	Elapsed: 0.282	Loglikelihood: -278923	(delta): 0.00252244
73 (QN/Block) 	Elapsed: 0.249	Loglikelihood: -278923	(delta): 0.00120814
74 (QN/Block) 	Elapsed: 0.277	Loglikelihood: -278923	(delta): 0.00149846
75 (QN/Block) 	Elapsed: 0.257	Loglikelihood: -278923	(delta): 0.00245898
76 (QN/Block) 	Elapsed: 0.259	Loglikelihood: -278923	(delta): 0.00403135
77 (QN/Block) 	Elapsed: 0.257	Loglikelihood: -278923	(delta): 0.00632117
78 (QN/Block) 	Elapsed: 0.265	Loglikelihood: -278923	(delta): 0.00921266
79 (QN/Block) 	Elapsed: 0.252	Loglikelihood: -278923	(delta): 0.0122368
80 (QN/Block) 	Elapsed: 0.254	Loglikelihood: -278923	(delta): 0.0146504
81 (QN/Block) 	Elapsed: 0.253	Loglikelihood: -278923	(delta): 0.015786
82 (QN/Block) 	Elapsed: 0.27	Loglikelihood: -278923	(delta): 0.0154452
83 (QN/Block) 	Elapsed: 0.252	Loglikelihood: -278923	(delta): 0.0280867
84 (QN/Block) 	Elapsed: 0.252	Loglikelihood: -278923	(delta): 0.0238627
85 (QN/Block) 	Elapsed: 0.252	Loglikelihood: -278923	(delta): 0.00689299
86 (QN/Block) 	Elapsed: 0.252	Loglikelihood: -278923	(delta): 0.00133058
87 (QN/Block) 	Elapsed: 0.25	Loglikelihood: -278923	(delta): 0.0003121
88 (QN/Block) 	Elapsed: 0.274	Loglikelihood: -278923	(delta): 0.000108626
89 (QN/Block) 	Elapsed: 0.246	Loglikelihood: -278923	(delta): 6.72171e-05
Summary: 
Converged in 89 iterations (23.438 sec)
Loglikelihood: -278923.165272
Fst divergences between estimated populations: 
	Pop0	Pop1	Pop2	Pop3	Pop4	Pop5	
Pop0	
Pop1	0.125	
Pop2	0.296	0.311	
Pop3	0.444	0.441	0.468	
Pop4	0.028	0.108	0.295	0.442	
Pop5	0.327	0.327	0.395	0.418	0.323	
Pop6	0.354	0.371	0.408	0.436	0.352	0.363	
CV error (K=7): 0.17228
Writing output files.
