****                   ADMIXTURE Version 1.3.0                  ****
****                    Copyright 2008-2015                     ****
****           David Alexander, Suyash Shringarpure,            ****
****                John  Novembre, Ken Lange                   ****
****                                                            ****
****                 Please cite our paper!                     ****
****   Information at www.genetics.ucla.edu/software/admixture  ****

Cross-validation will be performed.  Folds=5.
Parallel execution requested.  Will use 10 threads.
Random seed: 1722617446
Point estimation method: Block relaxation algorithm
Convergence acceleration algorithm: QuasiNewton, 3 secant conditions
Point estimation will terminate when objective function delta < 0.0001
Estimation of standard errors disabled; will compute point estimates only.
Size of G: 364x3412
Performing five EM steps to prime main algorithm
1 (EM) 	Elapsed: 0.054	Loglikelihood: -450791	(delta): 1.19774e+06
2 (EM) 	Elapsed: 0.052	Loglikelihood: -422044	(delta): 28746.7
3 (EM) 	Elapsed: 0.052	Loglikelihood: -417138	(delta): 4906.32
4 (EM) 	Elapsed: 0.052	Loglikelihood: -414341	(delta): 2796.3
5 (EM) 	Elapsed: 0.053	Loglikelihood: -412244	(delta): 2097.57
Initial loglikelihood: -412244
Starting main algorithm
1 (QN/Block) 	Elapsed: 0.137	Loglikelihood: -337667	(delta): 74576.8
2 (QN/Block) 	Elapsed: 0.137	Loglikelihood: -310803	(delta): 26864.2
3 (QN/Block) 	Elapsed: 0.142	Loglikelihood: -302105	(delta): 8698.01
4 (QN/Block) 	Elapsed: 0.139	Loglikelihood: -296479	(delta): 5625.39
5 (QN/Block) 	Elapsed: 0.14	Loglikelihood: -294493	(delta): 1985.89
6 (QN/Block) 	Elapsed: 0.141	Loglikelihood: -294006	(delta): 487.325
7 (QN/Block) 	Elapsed: 0.139	Loglikelihood: -293839	(delta): 167.139
8 (QN/Block) 	Elapsed: 0.142	Loglikelihood: -293706	(delta): 133.269
9 (QN/Block) 	Elapsed: 0.143	Loglikelihood: -293658	(delta): 47.2841
10 (QN/Block) 	Elapsed: 0.147	Loglikelihood: -293650	(delta): 8.03107
11 (QN/Block) 	Elapsed: 0.163	Loglikelihood: -293648	(delta): 2.83308
12 (QN/Block) 	Elapsed: 0.161	Loglikelihood: -293647	(delta): 0.329399
13 (QN/Block) 	Elapsed: 0.161	Loglikelihood: -293647	(delta): 0.126568
14 (QN/Block) 	Elapsed: 0.161	Loglikelihood: -293647	(delta): 0.02439
15 (QN/Block) 	Elapsed: 0.161	Loglikelihood: -293647	(delta): 0.00728949
16 (QN/Block) 	Elapsed: 0.161	Loglikelihood: -293647	(delta): 0.0050002
17 (QN/Block) 	Elapsed: 0.161	Loglikelihood: -293647	(delta): 0.0049023
18 (QN/Block) 	Elapsed: 0.161	Loglikelihood: -293647	(delta): 0.000609889
19 (QN/Block) 	Elapsed: 0.164	Loglikelihood: -293647	(delta): 0.000111594
20 (QN/Block) 	Elapsed: 0.161	Loglikelihood: -293647	(delta): 0.000285148
21 (QN/Block) 	Elapsed: 0.161	Loglikelihood: -293647	(delta): 0.000133264
22 (QN/Block) 	Elapsed: 0.161	Loglikelihood: -293647	(delta): 1.94186e-05
Summary: 
Converged in 22 iterations (3.654 sec)
Loglikelihood: -293647.077392
Fst divergences between estimated populations: 
	Pop0	Pop1	Pop2	Pop3	
Pop0	
Pop1	0.302	
Pop2	0.394	0.425	
Pop3	0.101	0.292	0.398	
Pop4	0.362	0.407	0.393	0.348	
CV error (K=5): 0.17884
Writing output files.
