****                   ADMIXTURE Version 1.3.0                  ****
****                    Copyright 2008-2015                     ****
****           David Alexander, Suyash Shringarpure,            ****
****                John  Novembre, Ken Lange                   ****
****                                                            ****
****                 Please cite our paper!                     ****
****   Information at www.genetics.ucla.edu/software/admixture  ****

Cross-validation will be performed.  Folds=5.
Parallel execution requested.  Will use 10 threads.
Random seed: 1722617300
Point estimation method: Block relaxation algorithm
Convergence acceleration algorithm: QuasiNewton, 3 secant conditions
Point estimation will terminate when objective function delta < 0.0001
Estimation of standard errors disabled; will compute point estimates only.
Size of G: 364x3412
Performing five EM steps to prime main algorithm
1 (EM) 	Elapsed: 0.029	Loglikelihood: -434138	(delta): 1.40247e+06
2 (EM) 	Elapsed: 0.029	Loglikelihood: -418384	(delta): 15754.1
3 (EM) 	Elapsed: 0.028	Loglikelihood: -415345	(delta): 3039.18
4 (EM) 	Elapsed: 0.028	Loglikelihood: -413561	(delta): 1784.09
5 (EM) 	Elapsed: 0.028	Loglikelihood: -412376	(delta): 1184.62
Initial loglikelihood: -412376
Starting main algorithm
1 (QN/Block) 	Elapsed: 0.089	Loglikelihood: -373895	(delta): 38481.4
2 (QN/Block) 	Elapsed: 0.11	Loglikelihood: -362176	(delta): 11718.3
3 (QN/Block) 	Elapsed: 0.093	Loglikelihood: -354966	(delta): 7210.23
4 (QN/Block) 	Elapsed: 0.098	Loglikelihood: -351261	(delta): 3704.88
5 (QN/Block) 	Elapsed: 0.092	Loglikelihood: -350045	(delta): 1216.61
6 (QN/Block) 	Elapsed: 0.115	Loglikelihood: -349929	(delta): 115.709
7 (QN/Block) 	Elapsed: 0.119	Loglikelihood: -349922	(delta): 7.1861
8 (QN/Block) 	Elapsed: 0.095	Loglikelihood: -349919	(delta): 2.16767
9 (QN/Block) 	Elapsed: 0.1	Loglikelihood: -349919	(delta): 0.173538
10 (QN/Block) 	Elapsed: 0.114	Loglikelihood: -349919	(delta): 0.0225121
11 (QN/Block) 	Elapsed: 0.095	Loglikelihood: -349919	(delta): 0.00854841
12 (QN/Block) 	Elapsed: 0.109	Loglikelihood: -349919	(delta): 0.00627145
13 (QN/Block) 	Elapsed: 0.093	Loglikelihood: -349919	(delta): 0.00244759
14 (QN/Block) 	Elapsed: 0.09	Loglikelihood: -349919	(delta): 0.00213946
15 (QN/Block) 	Elapsed: 0.101	Loglikelihood: -349919	(delta): 0.000824699
16 (QN/Block) 	Elapsed: 0.093	Loglikelihood: -349919	(delta): 7.4986e-06
Summary: 
Converged in 16 iterations (1.794 sec)
Loglikelihood: -349919.259554
Fst divergences between estimated populations: 
	Pop0	
Pop0	
Pop1	0.249	
CV error (K=2): 0.22103
Writing output files.
