****                   ADMIXTURE Version 1.3.0                  ****
****                    Copyright 2008-2015                     ****
****           David Alexander, Suyash Shringarpure,            ****
****                John  Novembre, Ken Lange                   ****
****                                                            ****
****                 Please cite our paper!                     ****
****   Information at www.genetics.ucla.edu/software/admixture  ****

Cross-validation will be performed.  Folds=5.
Parallel execution requested.  Will use 10 threads.
Random seed: 1722617422
Point estimation method: Block relaxation algorithm
Convergence acceleration algorithm: QuasiNewton, 3 secant conditions
Point estimation will terminate when objective function delta < 0.0001
Estimation of standard errors disabled; will compute point estimates only.
Size of G: 364x3412
Performing five EM steps to prime main algorithm
1 (EM) 	Elapsed: 0.06	Loglikelihood: -451022	(delta): 1.19722e+06
2 (EM) 	Elapsed: 0.057	Loglikelihood: -422065	(delta): 28957.1
3 (EM) 	Elapsed: 0.057	Loglikelihood: -417270	(delta): 4794.82
4 (EM) 	Elapsed: 0.057	Loglikelihood: -414619	(delta): 2651.36
5 (EM) 	Elapsed: 0.057	Loglikelihood: -412644	(delta): 1975.13
Initial loglikelihood: -412644
Starting main algorithm
1 (QN/Block) 	Elapsed: 0.165	Loglikelihood: -338802	(delta): 73842.1
2 (QN/Block) 	Elapsed: 0.172	Loglikelihood: -313226	(delta): 25575.9
3 (QN/Block) 	Elapsed: 0.17	Loglikelihood: -302989	(delta): 10236.5
4 (QN/Block) 	Elapsed: 0.166	Loglikelihood: -295902	(delta): 7087.35
5 (QN/Block) 	Elapsed: 0.163	Loglikelihood: -294204	(delta): 1698.09
6 (QN/Block) 	Elapsed: 0.164	Loglikelihood: -293772	(delta): 431.968
7 (QN/Block) 	Elapsed: 0.171	Loglikelihood: -293696	(delta): 75.7105
8 (QN/Block) 	Elapsed: 0.162	Loglikelihood: -293680	(delta): 15.6992
9 (QN/Block) 	Elapsed: 0.172	Loglikelihood: -293671	(delta): 9.84964
10 (QN/Block) 	Elapsed: 0.165	Loglikelihood: -293656	(delta): 14.3537
11 (QN/Block) 	Elapsed: 0.165	Loglikelihood: -293650	(delta): 6.23472
12 (QN/Block) 	Elapsed: 0.168	Loglikelihood: -293648	(delta): 1.85382
13 (QN/Block) 	Elapsed: 0.163	Loglikelihood: -293647	(delta): 0.90846
14 (QN/Block) 	Elapsed: 0.162	Loglikelihood: -293647	(delta): 0.0757034
15 (QN/Block) 	Elapsed: 0.174	Loglikelihood: -293647	(delta): 0.0348631
16 (QN/Block) 	Elapsed: 0.165	Loglikelihood: -293647	(delta): 0.0093932
17 (QN/Block) 	Elapsed: 0.171	Loglikelihood: -293647	(delta): 0.00336088
18 (QN/Block) 	Elapsed: 0.167	Loglikelihood: -293647	(delta): 0.00463874
19 (QN/Block) 	Elapsed: 0.167	Loglikelihood: -293647	(delta): 0.000668344
20 (QN/Block) 	Elapsed: 0.162	Loglikelihood: -293647	(delta): 0.000446488
21 (QN/Block) 	Elapsed: 0.165	Loglikelihood: -293647	(delta): 1.60633e-05
Summary: 
Converged in 21 iterations (3.834 sec)
Loglikelihood: -293647.082915
Fst divergences between estimated populations: 
	Pop0	Pop1	Pop2	Pop3	
Pop0	
Pop1	0.348	
Pop2	0.101	0.362	
Pop3	0.292	0.407	0.302	
Pop4	0.398	0.393	0.394	0.425	
CV error (K=5): 0.17879
Writing output files.
