****                   ADMIXTURE Version 1.3.0                  ****
****                    Copyright 2008-2015                     ****
****           David Alexander, Suyash Shringarpure,            ****
****                John  Novembre, Ken Lange                   ****
****                                                            ****
****                 Please cite our paper!                     ****
****   Information at www.genetics.ucla.edu/software/admixture  ****

Cross-validation will be performed.  Folds=5.
Parallel execution requested.  Will use 10 threads.
Random seed: 1722617395
Point estimation method: Block relaxation algorithm
Convergence acceleration algorithm: QuasiNewton, 3 secant conditions
Point estimation will terminate when objective function delta < 0.0001
Estimation of standard errors disabled; will compute point estimates only.
Size of G: 364x3412
Performing five EM steps to prime main algorithm
1 (EM) 	Elapsed: 0.05	Loglikelihood: -449838	(delta): 1.24325e+06
2 (EM) 	Elapsed: 0.05	Loglikelihood: -422534	(delta): 27304.6
3 (EM) 	Elapsed: 0.05	Loglikelihood: -417695	(delta): 4838.15
4 (EM) 	Elapsed: 0.05	Loglikelihood: -415041	(delta): 2654.72
5 (EM) 	Elapsed: 0.05	Loglikelihood: -413122	(delta): 1918.81
Initial loglikelihood: -413122
Starting main algorithm
1 (QN/Block) 	Elapsed: 0.143	Loglikelihood: -349795	(delta): 63327.4
2 (QN/Block) 	Elapsed: 0.181	Loglikelihood: -327398	(delta): 22396.8
3 (QN/Block) 	Elapsed: 0.148	Loglikelihood: -316784	(delta): 10613.5
4 (QN/Block) 	Elapsed: 0.177	Loglikelihood: -310477	(delta): 6307.5
5 (QN/Block) 	Elapsed: 0.164	Loglikelihood: -308053	(delta): 2424.23
6 (QN/Block) 	Elapsed: 0.155	Loglikelihood: -307628	(delta): 424.322
7 (QN/Block) 	Elapsed: 0.175	Loglikelihood: -307542	(delta): 86.1838
8 (QN/Block) 	Elapsed: 0.178	Loglikelihood: -307519	(delta): 22.8546
9 (QN/Block) 	Elapsed: 0.156	Loglikelihood: -307514	(delta): 4.70285
10 (QN/Block) 	Elapsed: 0.14	Loglikelihood: -307513	(delta): 1.14234
11 (QN/Block) 	Elapsed: 0.153	Loglikelihood: -307513	(delta): 0.271147
12 (QN/Block) 	Elapsed: 0.139	Loglikelihood: -307513	(delta): 0.0535946
13 (QN/Block) 	Elapsed: 0.139	Loglikelihood: -307513	(delta): 0.0291415
14 (QN/Block) 	Elapsed: 0.141	Loglikelihood: -307513	(delta): 0.00880876
15 (QN/Block) 	Elapsed: 0.154	Loglikelihood: -307513	(delta): 0.000832607
16 (QN/Block) 	Elapsed: 0.157	Loglikelihood: -307513	(delta): 0.000199998
17 (QN/Block) 	Elapsed: 0.161	Loglikelihood: -307513	(delta): 4.17283e-05
Summary: 
Converged in 17 iterations (2.962 sec)
Loglikelihood: -307512.963947
Fst divergences between estimated populations: 
	Pop0	Pop1	Pop2	
Pop0	
Pop1	0.334	
Pop2	0.336	0.307	
Pop3	0.358	0.339	0.362	
CV error (K=4): 0.18834
Writing output files.
