****                   ADMIXTURE Version 1.3.0                  ****
****                    Copyright 2008-2015                     ****
****           David Alexander, Suyash Shringarpure,            ****
****                John  Novembre, Ken Lange                   ****
****                                                            ****
****                 Please cite our paper!                     ****
****   Information at www.genetics.ucla.edu/software/admixture  ****

Cross-validation will be performed.  Folds=5.
Parallel execution requested.  Will use 10 threads.
Random seed: 1722617719
Point estimation method: Block relaxation algorithm
Convergence acceleration algorithm: QuasiNewton, 3 secant conditions
Point estimation will terminate when objective function delta < 0.0001
Estimation of standard errors disabled; will compute point estimates only.
Size of G: 364x3412
Performing five EM steps to prime main algorithm
1 (EM) 	Elapsed: 0.125	Loglikelihood: -453174	(delta): 1.14373e+06
2 (EM) 	Elapsed: 0.123	Loglikelihood: -420746	(delta): 32427.4
3 (EM) 	Elapsed: 0.123	Loglikelihood: -415823	(delta): 4923.26
4 (EM) 	Elapsed: 0.124	Loglikelihood: -412910	(delta): 2913.42
5 (EM) 	Elapsed: 0.123	Loglikelihood: -410373	(delta): 2536.37
Initial loglikelihood: -410373
Starting main algorithm
1 (QN/Block) 	Elapsed: 0.321	Loglikelihood: -323350	(delta): 87023
2 (QN/Block) 	Elapsed: 0.319	Loglikelihood: -298090	(delta): 25260.3
3 (QN/Block) 	Elapsed: 0.322	Loglikelihood: -286738	(delta): 11352.3
4 (QN/Block) 	Elapsed: 0.321	Loglikelihood: -281573	(delta): 5164.81
5 (QN/Block) 	Elapsed: 0.322	Loglikelihood: -279412	(delta): 2160.37
6 (QN/Block) 	Elapsed: 0.321	Loglikelihood: -278640	(delta): 772.279
7 (QN/Block) 	Elapsed: 0.322	Loglikelihood: -278435	(delta): 205.598
8 (QN/Block) 	Elapsed: 0.321	Loglikelihood: -278344	(delta): 90.5933
9 (QN/Block) 	Elapsed: 0.321	Loglikelihood: -278289	(delta): 54.9931
10 (QN/Block) 	Elapsed: 0.322	Loglikelihood: -278262	(delta): 27.449
11 (QN/Block) 	Elapsed: 0.326	Loglikelihood: -278234	(delta): 27.7762
12 (QN/Block) 	Elapsed: 0.328	Loglikelihood: -278213	(delta): 20.7312
13 (QN/Block) 	Elapsed: 0.324	Loglikelihood: -278197	(delta): 15.5413
14 (QN/Block) 	Elapsed: 0.321	Loglikelihood: -278190	(delta): 7.91028
15 (QN/Block) 	Elapsed: 0.321	Loglikelihood: -278186	(delta): 3.29887
16 (QN/Block) 	Elapsed: 0.321	Loglikelihood: -278184	(delta): 2.69013
17 (QN/Block) 	Elapsed: 0.326	Loglikelihood: -278182	(delta): 1.7994
18 (QN/Block) 	Elapsed: 0.327	Loglikelihood: -278180	(delta): 2.18646
19 (QN/Block) 	Elapsed: 0.323	Loglikelihood: -278179	(delta): 0.9269
20 (QN/Block) 	Elapsed: 0.323	Loglikelihood: -278178	(delta): 1.00514
21 (QN/Block) 	Elapsed: 0.319	Loglikelihood: -278177	(delta): 0.411179
22 (QN/Block) 	Elapsed: 0.321	Loglikelihood: -278177	(delta): 0.215432
23 (QN/Block) 	Elapsed: 0.323	Loglikelihood: -278177	(delta): 0.130972
24 (QN/Block) 	Elapsed: 0.322	Loglikelihood: -278177	(delta): 0.215982
25 (QN/Block) 	Elapsed: 0.322	Loglikelihood: -278176	(delta): 0.282909
26 (QN/Block) 	Elapsed: 0.323	Loglikelihood: -278176	(delta): 0.162166
27 (QN/Block) 	Elapsed: 0.324	Loglikelihood: -278176	(delta): 0.10311
28 (QN/Block) 	Elapsed: 0.322	Loglikelihood: -278176	(delta): 0.105484
29 (QN/Block) 	Elapsed: 0.323	Loglikelihood: -278176	(delta): 0.0794534
30 (QN/Block) 	Elapsed: 0.321	Loglikelihood: -278176	(delta): 0.0774595
31 (QN/Block) 	Elapsed: 0.322	Loglikelihood: -278176	(delta): 0.0220866
32 (QN/Block) 	Elapsed: 0.32	Loglikelihood: -278176	(delta): 0.0091089
33 (QN/Block) 	Elapsed: 0.322	Loglikelihood: -278176	(delta): 0.00541007
34 (QN/Block) 	Elapsed: 0.321	Loglikelihood: -278176	(delta): 0.00320266
35 (QN/Block) 	Elapsed: 0.321	Loglikelihood: -278176	(delta): 0.00167433
36 (QN/Block) 	Elapsed: 0.321	Loglikelihood: -278176	(delta): 0.00167982
37 (QN/Block) 	Elapsed: 0.321	Loglikelihood: -278176	(delta): 0.00116462
38 (QN/Block) 	Elapsed: 0.321	Loglikelihood: -278176	(delta): 0.000610484
39 (QN/Block) 	Elapsed: 0.321	Loglikelihood: -278176	(delta): 9.67763e-05
Summary: 
Converged in 39 iterations (13.26 sec)
Loglikelihood: -278175.824279
Fst divergences between estimated populations: 
	Pop0	Pop1	Pop2	Pop3	Pop4	Pop5	Pop6	
Pop0	
Pop1	0.413	
Pop2	0.395	0.368	
Pop3	0.308	0.374	0.326	
Pop4	0.296	0.359	0.327	0.124	
Pop5	0.468	0.443	0.418	0.438	0.445	
Pop6	0.410	0.037	0.367	0.375	0.356	0.437	
Pop7	0.309	0.369	0.329	0.061	0.094	0.448	0.368	
CV error (K=8): 0.17412
Writing output files.
