****                   ADMIXTURE Version 1.3.0                  ****
****                    Copyright 2008-2015                     ****
****           David Alexander, Suyash Shringarpure,            ****
****                John  Novembre, Ken Lange                   ****
****                                                            ****
****                 Please cite our paper!                     ****
****   Information at www.genetics.ucla.edu/software/admixture  ****

Cross-validation will be performed.  Folds=5.
Parallel execution requested.  Will use 10 threads.
Random seed: 1722617404
Point estimation method: Block relaxation algorithm
Convergence acceleration algorithm: QuasiNewton, 3 secant conditions
Point estimation will terminate when objective function delta < 0.0001
Estimation of standard errors disabled; will compute point estimates only.
Size of G: 364x3412
Performing five EM steps to prime main algorithm
1 (EM) 	Elapsed: 0.049	Loglikelihood: -450211	(delta): 1.20288e+06
2 (EM) 	Elapsed: 0.047	Loglikelihood: -422680	(delta): 27530.7
3 (EM) 	Elapsed: 0.047	Loglikelihood: -417910	(delta): 4770.39
4 (EM) 	Elapsed: 0.047	Loglikelihood: -415342	(delta): 2568.21
5 (EM) 	Elapsed: 0.046	Loglikelihood: -413547	(delta): 1794.72
Initial loglikelihood: -413547
Starting main algorithm
1 (QN/Block) 	Elapsed: 0.132	Loglikelihood: -363421	(delta): 50125.9
2 (QN/Block) 	Elapsed: 0.131	Loglikelihood: -325375	(delta): 38046.3
3 (QN/Block) 	Elapsed: 0.133	Loglikelihood: -310842	(delta): 14533
4 (QN/Block) 	Elapsed: 0.133	Loglikelihood: -303873	(delta): 6969.05
5 (QN/Block) 	Elapsed: 0.132	Loglikelihood: -300946	(delta): 2926.88
6 (QN/Block) 	Elapsed: 0.136	Loglikelihood: -300062	(delta): 883.672
7 (QN/Block) 	Elapsed: 0.141	Loglikelihood: -299947	(delta): 114.966
8 (QN/Block) 	Elapsed: 0.134	Loglikelihood: -299913	(delta): 33.879
9 (QN/Block) 	Elapsed: 0.139	Loglikelihood: -299901	(delta): 11.8412
10 (QN/Block) 	Elapsed: 0.148	Loglikelihood: -299895	(delta): 6.29975
11 (QN/Block) 	Elapsed: 0.147	Loglikelihood: -299894	(delta): 1.52475
12 (QN/Block) 	Elapsed: 0.136	Loglikelihood: -299894	(delta): 0.101775
13 (QN/Block) 	Elapsed: 0.137	Loglikelihood: -299894	(delta): 0.0626436
14 (QN/Block) 	Elapsed: 0.137	Loglikelihood: -299894	(delta): 0.00252304
15 (QN/Block) 	Elapsed: 0.134	Loglikelihood: -299894	(delta): 0.00214369
16 (QN/Block) 	Elapsed: 0.138	Loglikelihood: -299894	(delta): 0.00188958
17 (QN/Block) 	Elapsed: 0.133	Loglikelihood: -299894	(delta): 0.000392802
18 (QN/Block) 	Elapsed: 0.138	Loglikelihood: -299894	(delta): 0.000207776
19 (QN/Block) 	Elapsed: 0.132	Loglikelihood: -299894	(delta): 4.94643e-06
Summary: 
Converged in 19 iterations (2.888 sec)
Loglikelihood: -299893.503447
Fst divergences between estimated populations: 
	Pop0	Pop1	Pop2	
Pop0	
Pop1	0.382	
Pop2	0.338	0.390	
Pop3	0.279	0.420	0.406	
CV error (K=4): 0.18073
Writing output files.
