****                   ADMIXTURE Version 1.3.0                  ****
****                    Copyright 2008-2015                     ****
****           David Alexander, Suyash Shringarpure,            ****
****                John  Novembre, Ken Lange                   ****
****                                                            ****
****                 Please cite our paper!                     ****
****   Information at www.genetics.ucla.edu/software/admixture  ****

Cross-validation will be performed.  Folds=5.
Parallel execution requested.  Will use 10 threads.
Random seed: 1722617392
Point estimation method: Block relaxation algorithm
Convergence acceleration algorithm: QuasiNewton, 3 secant conditions
Point estimation will terminate when objective function delta < 0.0001
Estimation of standard errors disabled; will compute point estimates only.
Size of G: 364x3412
Performing five EM steps to prime main algorithm
1 (EM) 	Elapsed: 0.074	Loglikelihood: -452480	(delta): 1.13713e+06
2 (EM) 	Elapsed: 0.071	Loglikelihood: -422355	(delta): 30125.2
3 (EM) 	Elapsed: 0.072	Loglikelihood: -417631	(delta): 4723.89
4 (EM) 	Elapsed: 0.071	Loglikelihood: -415063	(delta): 2568.39
5 (EM) 	Elapsed: 0.071	Loglikelihood: -413122	(delta): 1941.15
Initial loglikelihood: -413122
Starting main algorithm
1 (QN/Block) 	Elapsed: 0.208	Loglikelihood: -334950	(delta): 78171.4
2 (QN/Block) 	Elapsed: 0.207	Loglikelihood: -306358	(delta): 28592.2
3 (QN/Block) 	Elapsed: 0.214	Loglikelihood: -291661	(delta): 14696.7
4 (QN/Block) 	Elapsed: 0.216	Loglikelihood: -284163	(delta): 7498.56
5 (QN/Block) 	Elapsed: 0.214	Loglikelihood: -281633	(delta): 2529.81
6 (QN/Block) 	Elapsed: 0.213	Loglikelihood: -280993	(delta): 639.709
7 (QN/Block) 	Elapsed: 0.215	Loglikelihood: -280876	(delta): 116.849
8 (QN/Block) 	Elapsed: 0.214	Loglikelihood: -280839	(delta): 37.6434
9 (QN/Block) 	Elapsed: 0.216	Loglikelihood: -280825	(delta): 13.4116
10 (QN/Block) 	Elapsed: 0.22	Loglikelihood: -280823	(delta): 2.68641
11 (QN/Block) 	Elapsed: 0.218	Loglikelihood: -280822	(delta): 0.76436
12 (QN/Block) 	Elapsed: 0.219	Loglikelihood: -280822	(delta): 0.167439
13 (QN/Block) 	Elapsed: 0.216	Loglikelihood: -280822	(delta): 0.0407209
14 (QN/Block) 	Elapsed: 0.234	Loglikelihood: -280822	(delta): 0.0298554
15 (QN/Block) 	Elapsed: 0.212	Loglikelihood: -280822	(delta): 0.0144471
16 (QN/Block) 	Elapsed: 0.219	Loglikelihood: -280822	(delta): 0.00626901
17 (QN/Block) 	Elapsed: 0.215	Loglikelihood: -280822	(delta): 0.00556151
18 (QN/Block) 	Elapsed: 0.208	Loglikelihood: -280822	(delta): 0.00197267
19 (QN/Block) 	Elapsed: 0.203	Loglikelihood: -280822	(delta): 3.60038e-06
Summary: 
Converged in 19 iterations (4.506 sec)
Loglikelihood: -280821.675266
Fst divergences between estimated populations: 
	Pop0	Pop1	Pop2	Pop3	Pop4	
Pop0	
Pop1	0.350	
Pop2	0.407	0.292	
Pop3	0.362	0.322	0.394	
Pop4	0.436	0.441	0.468	0.418	
Pop5	0.364	0.103	0.304	0.321	0.436	
CV error (K=6): 0.17012
Writing output files.
