****                   ADMIXTURE Version 1.3.0                  ****
****                    Copyright 2008-2015                     ****
****           David Alexander, Suyash Shringarpure,            ****
****                John  Novembre, Ken Lange                   ****
****                                                            ****
****                 Please cite our paper!                     ****
****   Information at www.genetics.ucla.edu/software/admixture  ****

Cross-validation will be performed.  Folds=5.
Parallel execution requested.  Will use 10 threads.
Random seed: 1722617300
Point estimation method: Block relaxation algorithm
Convergence acceleration algorithm: QuasiNewton, 3 secant conditions
Point estimation will terminate when objective function delta < 0.0001
Estimation of standard errors disabled; will compute point estimates only.
Size of G: 364x3412
Performing five EM steps to prime main algorithm
1 (EM) 	Elapsed: 0.061	Loglikelihood: -448313	(delta): 1.22536e+06
2 (EM) 	Elapsed: 0.055	Loglikelihood: -421080	(delta): 27233.1
3 (EM) 	Elapsed: 0.054	Loglikelihood: -416001	(delta): 5079.72
4 (EM) 	Elapsed: 0.054	Loglikelihood: -413083	(delta): 2917.63
5 (EM) 	Elapsed: 0.054	Loglikelihood: -410813	(delta): 2269.88
Initial loglikelihood: -410813
Starting main algorithm
1 (QN/Block) 	Elapsed: 0.194	Loglikelihood: -338706	(delta): 72107.4
2 (QN/Block) 	Elapsed: 0.173	Loglikelihood: -316509	(delta): 22196.4
3 (QN/Block) 	Elapsed: 0.178	Loglikelihood: -309155	(delta): 7354.46
4 (QN/Block) 	Elapsed: 0.153	Loglikelihood: -302982	(delta): 6172.88
5 (QN/Block) 	Elapsed: 0.166	Loglikelihood: -300545	(delta): 2436.88
6 (QN/Block) 	Elapsed: 0.153	Loglikelihood: -299979	(delta): 565.595
7 (QN/Block) 	Elapsed: 0.171	Loglikelihood: -299908	(delta): 71.0558
8 (QN/Block) 	Elapsed: 0.174	Loglikelihood: -299899	(delta): 8.88127
9 (QN/Block) 	Elapsed: 0.158	Loglikelihood: -299896	(delta): 3.69823
10 (QN/Block) 	Elapsed: 0.162	Loglikelihood: -299894	(delta): 1.764
11 (QN/Block) 	Elapsed: 0.183	Loglikelihood: -299893	(delta): 0.503008
12 (QN/Block) 	Elapsed: 0.159	Loglikelihood: -299893	(delta): 0.0211852
13 (QN/Block) 	Elapsed: 0.216	Loglikelihood: -299893	(delta): 0.0053566
14 (QN/Block) 	Elapsed: 0.19	Loglikelihood: -299893	(delta): 0.00224916
15 (QN/Block) 	Elapsed: 0.167	Loglikelihood: -299893	(delta): 0.00143336
16 (QN/Block) 	Elapsed: 0.168	Loglikelihood: -299893	(delta): 0.000305202
17 (QN/Block) 	Elapsed: 0.189	Loglikelihood: -299893	(delta): 3.61702e-05
Summary: 
Converged in 17 iterations (3.285 sec)
Loglikelihood: -299893.401626
Fst divergences between estimated populations: 
	Pop0	Pop1	Pop2	
Pop0	
Pop1	0.279	
Pop2	0.382	0.420	
Pop3	0.338	0.406	0.390	
CV error (K=4): 0.18098
Writing output files.
