****                   ADMIXTURE Version 1.3.0                  ****
****                    Copyright 2008-2015                     ****
****           David Alexander, Suyash Shringarpure,            ****
****                John  Novembre, Ken Lange                   ****
****                                                            ****
****                 Please cite our paper!                     ****
****   Information at www.genetics.ucla.edu/software/admixture  ****

Cross-validation will be performed.  Folds=5.
Parallel execution requested.  Will use 10 threads.
Random seed: 1722617318
Point estimation method: Block relaxation algorithm
Convergence acceleration algorithm: QuasiNewton, 3 secant conditions
Point estimation will terminate when objective function delta < 0.0001
Estimation of standard errors disabled; will compute point estimates only.
Size of G: 364x3412
Performing five EM steps to prime main algorithm
1 (EM) 	Elapsed: 0.16	Loglikelihood: -452072	(delta): 1.14937e+06
2 (EM) 	Elapsed: 0.159	Loglikelihood: -421044	(delta): 31027.6
3 (EM) 	Elapsed: 0.157	Loglikelihood: -416304	(delta): 4739.75
4 (EM) 	Elapsed: 0.157	Loglikelihood: -413458	(delta): 2846.83
5 (EM) 	Elapsed: 0.158	Loglikelihood: -411026	(delta): 2431.98
Initial loglikelihood: -411026
Starting main algorithm
1 (QN/Block) 	Elapsed: 0.365	Loglikelihood: -321153	(delta): 89872.3
2 (QN/Block) 	Elapsed: 0.364	Loglikelihood: -298762	(delta): 22391.5
3 (QN/Block) 	Elapsed: 0.375	Loglikelihood: -288406	(delta): 10355.5
4 (QN/Block) 	Elapsed: 0.374	Loglikelihood: -281647	(delta): 6758.82
5 (QN/Block) 	Elapsed: 0.363	Loglikelihood: -278807	(delta): 2840.73
6 (QN/Block) 	Elapsed: 0.357	Loglikelihood: -277906	(delta): 900.293
7 (QN/Block) 	Elapsed: 0.347	Loglikelihood: -277670	(delta): 236.735
8 (QN/Block) 	Elapsed: 0.339	Loglikelihood: -277523	(delta): 146.683
9 (QN/Block) 	Elapsed: 0.339	Loglikelihood: -277410	(delta): 113.171
10 (QN/Block) 	Elapsed: 0.338	Loglikelihood: -277355	(delta): 55.1029
11 (QN/Block) 	Elapsed: 0.336	Loglikelihood: -277323	(delta): 31.3006
12 (QN/Block) 	Elapsed: 0.336	Loglikelihood: -277301	(delta): 22.6674
13 (QN/Block) 	Elapsed: 0.319	Loglikelihood: -277280	(delta): 20.5822
14 (QN/Block) 	Elapsed: 0.315	Loglikelihood: -277263	(delta): 17.0281
15 (QN/Block) 	Elapsed: 0.317	Loglikelihood: -277254	(delta): 9.18946
16 (QN/Block) 	Elapsed: 0.319	Loglikelihood: -277250	(delta): 4.37286
17 (QN/Block) 	Elapsed: 0.315	Loglikelihood: -277245	(delta): 4.09708
18 (QN/Block) 	Elapsed: 0.311	Loglikelihood: -277241	(delta): 4.52989
19 (QN/Block) 	Elapsed: 0.31	Loglikelihood: -277236	(delta): 4.51583
20 (QN/Block) 	Elapsed: 0.311	Loglikelihood: -277230	(delta): 6.197
21 (QN/Block) 	Elapsed: 0.313	Loglikelihood: -277222	(delta): 8.62857
22 (QN/Block) 	Elapsed: 0.313	Loglikelihood: -277218	(delta): 3.32533
23 (QN/Block) 	Elapsed: 0.313	Loglikelihood: -277213	(delta): 5.56863
24 (QN/Block) 	Elapsed: 0.312	Loglikelihood: -277207	(delta): 5.88182
25 (QN/Block) 	Elapsed: 0.31	Loglikelihood: -277204	(delta): 2.71458
26 (QN/Block) 	Elapsed: 0.313	Loglikelihood: -277203	(delta): 0.664505
27 (QN/Block) 	Elapsed: 0.308	Loglikelihood: -277203	(delta): 0.792874
28 (QN/Block) 	Elapsed: 0.31	Loglikelihood: -277201	(delta): 1.3445
29 (QN/Block) 	Elapsed: 0.313	Loglikelihood: -277201	(delta): 0.636654
30 (QN/Block) 	Elapsed: 0.313	Loglikelihood: -277200	(delta): 0.796175
31 (QN/Block) 	Elapsed: 0.31	Loglikelihood: -277199	(delta): 0.579127
32 (QN/Block) 	Elapsed: 0.313	Loglikelihood: -277199	(delta): 0.362351
33 (QN/Block) 	Elapsed: 0.312	Loglikelihood: -277199	(delta): 0.131917
34 (QN/Block) 	Elapsed: 0.313	Loglikelihood: -277199	(delta): 0.213621
35 (QN/Block) 	Elapsed: 0.31	Loglikelihood: -277198	(delta): 0.238245
36 (QN/Block) 	Elapsed: 0.31	Loglikelihood: -277198	(delta): 0.17926
37 (QN/Block) 	Elapsed: 0.312	Loglikelihood: -277198	(delta): 0.286064
38 (QN/Block) 	Elapsed: 0.312	Loglikelihood: -277198	(delta): 0.270966
39 (QN/Block) 	Elapsed: 0.311	Loglikelihood: -277197	(delta): 0.555912
40 (QN/Block) 	Elapsed: 0.31	Loglikelihood: -277197	(delta): 0.185895
41 (QN/Block) 	Elapsed: 0.312	Loglikelihood: -277197	(delta): 0.147707
42 (QN/Block) 	Elapsed: 0.31	Loglikelihood: -277197	(delta): 0.0752562
43 (QN/Block) 	Elapsed: 0.312	Loglikelihood: -277197	(delta): 0.0978166
44 (QN/Block) 	Elapsed: 0.313	Loglikelihood: -277196	(delta): 0.0855268
45 (QN/Block) 	Elapsed: 0.313	Loglikelihood: -277196	(delta): 0.124659
46 (QN/Block) 	Elapsed: 0.312	Loglikelihood: -277196	(delta): 0.267581
47 (QN/Block) 	Elapsed: 0.311	Loglikelihood: -277196	(delta): 0.275521
48 (QN/Block) 	Elapsed: 0.312	Loglikelihood: -277195	(delta): 0.388786
49 (QN/Block) 	Elapsed: 0.309	Loglikelihood: -277195	(delta): 0.125142
50 (QN/Block) 	Elapsed: 0.312	Loglikelihood: -277195	(delta): 0.0444548
51 (QN/Block) 	Elapsed: 0.31	Loglikelihood: -277195	(delta): 0.052121
52 (QN/Block) 	Elapsed: 0.306	Loglikelihood: -277195	(delta): 0.0276739
53 (QN/Block) 	Elapsed: 0.307	Loglikelihood: -277195	(delta): 0.0253323
54 (QN/Block) 	Elapsed: 0.305	Loglikelihood: -277195	(delta): 0.033435
55 (QN/Block) 	Elapsed: 0.318	Loglikelihood: -277195	(delta): 0.0370485
56 (QN/Block) 	Elapsed: 0.336	Loglikelihood: -277195	(delta): 0.0116532
57 (QN/Block) 	Elapsed: 0.343	Loglikelihood: -277195	(delta): 0.0105412
58 (QN/Block) 	Elapsed: 0.318	Loglikelihood: -277195	(delta): 0.00558254
59 (QN/Block) 	Elapsed: 0.311	Loglikelihood: -277195	(delta): 0.00172468
60 (QN/Block) 	Elapsed: 0.308	Loglikelihood: -277195	(delta): 0.00149724
61 (QN/Block) 	Elapsed: 0.311	Loglikelihood: -277195	(delta): 0.00100464
62 (QN/Block) 	Elapsed: 0.326	Loglikelihood: -277195	(delta): 0.00213867
63 (QN/Block) 	Elapsed: 0.329	Loglikelihood: -277195	(delta): 0.00037221
64 (QN/Block) 	Elapsed: 0.324	Loglikelihood: -277195	(delta): 0.000906348
65 (QN/Block) 	Elapsed: 0.325	Loglikelihood: -277195	(delta): 7.54672e-05
Summary: 
Converged in 65 iterations (21.837 sec)
Loglikelihood: -277195.056084
Fst divergences between estimated populations: 
	Pop0	Pop1	Pop2	Pop3	Pop4	Pop5	Pop6	
Pop0	
Pop1	0.337	
Pop2	0.328	0.056	
Pop3	0.332	0.143	0.129	
Pop4	0.396	0.307	0.300	0.315	
Pop5	0.364	0.363	0.356	0.375	0.408	
Pop6	0.419	0.449	0.447	0.443	0.468	0.436	
Pop7	0.327	0.058	0.029	0.124	0.296	0.354	0.443	
CV error (K=8): 0.17461
Writing output files.
