****                   ADMIXTURE Version 1.3.0                  ****
****                    Copyright 2008-2015                     ****
****           David Alexander, Suyash Shringarpure,            ****
****                John  Novembre, Ken Lange                   ****
****                                                            ****
****                 Please cite our paper!                     ****
****   Information at www.genetics.ucla.edu/software/admixture  ****

Cross-validation will be performed.  Folds=5.
Parallel execution requested.  Will use 10 threads.
Random seed: 1722617604
Point estimation method: Block relaxation algorithm
Convergence acceleration algorithm: QuasiNewton, 3 secant conditions
Point estimation will terminate when objective function delta < 0.0001
Estimation of standard errors disabled; will compute point estimates only.
Size of G: 364x3412
Performing five EM steps to prime main algorithm
1 (EM) 	Elapsed: 0.07	Loglikelihood: -452043	(delta): 1.17705e+06
2 (EM) 	Elapsed: 0.067	Loglikelihood: -422001	(delta): 30041.4
3 (EM) 	Elapsed: 0.067	Loglikelihood: -417511	(delta): 4490.77
4 (EM) 	Elapsed: 0.067	Loglikelihood: -414944	(delta): 2566.7
5 (EM) 	Elapsed: 0.068	Loglikelihood: -412938	(delta): 2006.07
Initial loglikelihood: -412938
Starting main algorithm
1 (QN/Block) 	Elapsed: 0.232	Loglikelihood: -341549	(delta): 71388.4
2 (QN/Block) 	Elapsed: 0.237	Loglikelihood: -310605	(delta): 30944.8
3 (QN/Block) 	Elapsed: 0.24	Loglikelihood: -299090	(delta): 11514.5
4 (QN/Block) 	Elapsed: 0.228	Loglikelihood: -287619	(delta): 11471.4
5 (QN/Block) 	Elapsed: 0.237	Loglikelihood: -282600	(delta): 5018.86
6 (QN/Block) 	Elapsed: 0.243	Loglikelihood: -281294	(delta): 1306.05
7 (QN/Block) 	Elapsed: 0.232	Loglikelihood: -280953	(delta): 340.802
8 (QN/Block) 	Elapsed: 0.231	Loglikelihood: -280864	(delta): 89.0625
9 (QN/Block) 	Elapsed: 0.238	Loglikelihood: -280834	(delta): 30.2377
10 (QN/Block) 	Elapsed: 0.265	Loglikelihood: -280824	(delta): 10.1019
11 (QN/Block) 	Elapsed: 0.24	Loglikelihood: -280822	(delta): 1.55632
12 (QN/Block) 	Elapsed: 0.254	Loglikelihood: -280822	(delta): 0.23499
13 (QN/Block) 	Elapsed: 0.253	Loglikelihood: -280822	(delta): 0.0928348
14 (QN/Block) 	Elapsed: 0.253	Loglikelihood: -280822	(delta): 0.0362186
15 (QN/Block) 	Elapsed: 0.258	Loglikelihood: -280822	(delta): 0.0348835
16 (QN/Block) 	Elapsed: 0.256	Loglikelihood: -280822	(delta): 0.0042231
17 (QN/Block) 	Elapsed: 0.253	Loglikelihood: -280822	(delta): 0.00369555
18 (QN/Block) 	Elapsed: 0.282	Loglikelihood: -280822	(delta): 9.15e-05
Summary: 
Converged in 18 iterations (4.814 sec)
Loglikelihood: -280821.663389
Fst divergences between estimated populations: 
	Pop0	Pop1	Pop2	Pop3	Pop4	
Pop0	
Pop1	0.350	
Pop2	0.441	0.436	
Pop3	0.322	0.362	0.418	
Pop4	0.103	0.364	0.436	0.321	
Pop5	0.292	0.407	0.468	0.394	0.304	
CV error (K=6): 0.16998
Writing output files.
