****                   ADMIXTURE Version 1.3.0                  ****
****                    Copyright 2008-2015                     ****
****           David Alexander, Suyash Shringarpure,            ****
****                John  Novembre, Ken Lange                   ****
****                                                            ****
****                 Please cite our paper!                     ****
****   Information at www.genetics.ucla.edu/software/admixture  ****

Cross-validation will be performed.  Folds=5.
Parallel execution requested.  Will use 10 threads.
Random seed: 1722617366
Point estimation method: Block relaxation algorithm
Convergence acceleration algorithm: QuasiNewton, 3 secant conditions
Point estimation will terminate when objective function delta < 0.0001
Estimation of standard errors disabled; will compute point estimates only.
Size of G: 364x3412
Performing five EM steps to prime main algorithm
1 (EM) 	Elapsed: 0.05	Loglikelihood: -451031	(delta): 1.22223e+06
2 (EM) 	Elapsed: 0.047	Loglikelihood: -422427	(delta): 28604.6
3 (EM) 	Elapsed: 0.047	Loglikelihood: -417749	(delta): 4677.5
4 (EM) 	Elapsed: 0.047	Loglikelihood: -415224	(delta): 2525.37
5 (EM) 	Elapsed: 0.047	Loglikelihood: -413366	(delta): 1858.01
Initial loglikelihood: -413366
Starting main algorithm
1 (QN/Block) 	Elapsed: 0.136	Loglikelihood: -352089	(delta): 61277.4
2 (QN/Block) 	Elapsed: 0.138	Loglikelihood: -331509	(delta): 20579.4
3 (QN/Block) 	Elapsed: 0.144	Loglikelihood: -323036	(delta): 8473.65
4 (QN/Block) 	Elapsed: 0.142	Loglikelihood: -316544	(delta): 6491.35
5 (QN/Block) 	Elapsed: 0.144	Loglikelihood: -313814	(delta): 2730.01
6 (QN/Block) 	Elapsed: 0.143	Loglikelihood: -313349	(delta): 464.874
7 (QN/Block) 	Elapsed: 0.145	Loglikelihood: -313243	(delta): 105.807
8 (QN/Block) 	Elapsed: 0.143	Loglikelihood: -313223	(delta): 20.4326
9 (QN/Block) 	Elapsed: 0.142	Loglikelihood: -313204	(delta): 19.2287
10 (QN/Block) 	Elapsed: 0.146	Loglikelihood: -313165	(delta): 39.1686
11 (QN/Block) 	Elapsed: 0.148	Loglikelihood: -303943	(delta): 9222
12 (QN/Block) 	Elapsed: 0.143	Loglikelihood: -301148	(delta): 2794.14
13 (QN/Block) 	Elapsed: 0.142	Loglikelihood: -300284	(delta): 864.924
14 (QN/Block) 	Elapsed: 0.142	Loglikelihood: -299918	(delta): 365.391
15 (QN/Block) 	Elapsed: 0.143	Loglikelihood: -299895	(delta): 22.8031
16 (QN/Block) 	Elapsed: 0.143	Loglikelihood: -299894	(delta): 1.59855
17 (QN/Block) 	Elapsed: 0.144	Loglikelihood: -299893	(delta): 0.303442
18 (QN/Block) 	Elapsed: 0.142	Loglikelihood: -299893	(delta): 0.0240155
19 (QN/Block) 	Elapsed: 0.143	Loglikelihood: -299893	(delta): 0.0264302
20 (QN/Block) 	Elapsed: 0.144	Loglikelihood: -299893	(delta): 0.00595874
21 (QN/Block) 	Elapsed: 0.144	Loglikelihood: -299893	(delta): 0.00689734
22 (QN/Block) 	Elapsed: 0.142	Loglikelihood: -299893	(delta): 0.00794055
23 (QN/Block) 	Elapsed: 0.147	Loglikelihood: -299893	(delta): 0.000123959
24 (QN/Block) 	Elapsed: 0.143	Loglikelihood: -299893	(delta): 3.22551e-05
Summary: 
Converged in 24 iterations (3.734 sec)
Loglikelihood: -299893.404014
Fst divergences between estimated populations: 
	Pop0	Pop1	Pop2	
Pop0	
Pop1	0.390	
Pop2	0.420	0.406	
Pop3	0.382	0.338	0.279	
CV error (K=4): 0.18118
Writing output files.
