****                   ADMIXTURE Version 1.3.0                  ****
****                    Copyright 2008-2015                     ****
****           David Alexander, Suyash Shringarpure,            ****
****                John  Novembre, Ken Lange                   ****
****                                                            ****
****                 Please cite our paper!                     ****
****   Information at www.genetics.ucla.edu/software/admixture  ****

Cross-validation will be performed.  Folds=5.
Parallel execution requested.  Will use 10 threads.
Random seed: 1722617497
Point estimation method: Block relaxation algorithm
Convergence acceleration algorithm: QuasiNewton, 3 secant conditions
Point estimation will terminate when objective function delta < 0.0001
Estimation of standard errors disabled; will compute point estimates only.
Size of G: 364x3412
Performing five EM steps to prime main algorithm
1 (EM) 	Elapsed: 0.062	Loglikelihood: -451928	(delta): 1.16382e+06
2 (EM) 	Elapsed: 0.059	Loglikelihood: -421694	(delta): 30234.1
3 (EM) 	Elapsed: 0.059	Loglikelihood: -416461	(delta): 5232.23
4 (EM) 	Elapsed: 0.059	Loglikelihood: -413427	(delta): 3034.32
5 (EM) 	Elapsed: 0.059	Loglikelihood: -410959	(delta): 2467.88
Initial loglikelihood: -410959
Starting main algorithm
1 (QN/Block) 	Elapsed: 0.188	Loglikelihood: -327962	(delta): 82996.8
2 (QN/Block) 	Elapsed: 0.188	Loglikelihood: -296375	(delta): 31587.2
3 (QN/Block) 	Elapsed: 0.193	Loglikelihood: -287580	(delta): 8795.35
4 (QN/Block) 	Elapsed: 0.191	Loglikelihood: -283102	(delta): 4477.51
5 (QN/Block) 	Elapsed: 0.192	Loglikelihood: -281244	(delta): 1858.66
6 (QN/Block) 	Elapsed: 0.195	Loglikelihood: -280875	(delta): 368.385
7 (QN/Block) 	Elapsed: 0.192	Loglikelihood: -280828	(delta): 46.8585
8 (QN/Block) 	Elapsed: 0.191	Loglikelihood: -280823	(delta): 5.26373
9 (QN/Block) 	Elapsed: 0.196	Loglikelihood: -280822	(delta): 1.04622
10 (QN/Block) 	Elapsed: 0.194	Loglikelihood: -280822	(delta): 0.185603
11 (QN/Block) 	Elapsed: 0.195	Loglikelihood: -280822	(delta): 0.0509691
12 (QN/Block) 	Elapsed: 0.192	Loglikelihood: -280822	(delta): 0.0350651
13 (QN/Block) 	Elapsed: 0.192	Loglikelihood: -280822	(delta): 0.0199252
14 (QN/Block) 	Elapsed: 0.192	Loglikelihood: -280822	(delta): 0.00629523
15 (QN/Block) 	Elapsed: 0.192	Loglikelihood: -280822	(delta): 0.00479288
16 (QN/Block) 	Elapsed: 0.193	Loglikelihood: -280822	(delta): 0.00153903
17 (QN/Block) 	Elapsed: 0.193	Loglikelihood: -280822	(delta): 0.00087014
18 (QN/Block) 	Elapsed: 0.192	Loglikelihood: -280822	(delta): 4.52644e-05
Summary: 
Converged in 18 iterations (3.804 sec)
Loglikelihood: -280821.859372
Fst divergences between estimated populations: 
	Pop0	Pop1	Pop2	Pop3	Pop4	
Pop0	
Pop1	0.436	
Pop2	0.436	0.364	
Pop3	0.441	0.350	0.103	
Pop4	0.468	0.407	0.304	0.292	
Pop5	0.418	0.362	0.321	0.322	0.394	
CV error (K=6): 0.16936
Writing output files.
