****                   ADMIXTURE Version 1.3.0                  ****
****                    Copyright 2008-2015                     ****
****           David Alexander, Suyash Shringarpure,            ****
****                John  Novembre, Ken Lange                   ****
****                                                            ****
****                 Please cite our paper!                     ****
****   Information at www.genetics.ucla.edu/software/admixture  ****

Cross-validation will be performed.  Folds=5.
Parallel execution requested.  Will use 10 threads.
Random seed: 1722617319
Point estimation method: Block relaxation algorithm
Convergence acceleration algorithm: QuasiNewton, 3 secant conditions
Point estimation will terminate when objective function delta < 0.0001
Estimation of standard errors disabled; will compute point estimates only.
Size of G: 364x3412
Performing five EM steps to prime main algorithm
1 (EM) 	Elapsed: 0.034	Loglikelihood: -445527	(delta): 1.29858e+06
2 (EM) 	Elapsed: 0.029	Loglikelihood: -421349	(delta): 24177.7
3 (EM) 	Elapsed: 0.029	Loglikelihood: -416989	(delta): 4360.11
4 (EM) 	Elapsed: 0.029	Loglikelihood: -414502	(delta): 2487.66
5 (EM) 	Elapsed: 0.029	Loglikelihood: -412761	(delta): 1740.3
Initial loglikelihood: -412761
Starting main algorithm
1 (QN/Block) 	Elapsed: 0.09	Loglikelihood: -356098	(delta): 56663.1
2 (QN/Block) 	Elapsed: 0.09	Loglikelihood: -341773	(delta): 14324.8
3 (QN/Block) 	Elapsed: 0.096	Loglikelihood: -334721	(delta): 7052.16
4 (QN/Block) 	Elapsed: 0.095	Loglikelihood: -329275	(delta): 5446.08
5 (QN/Block) 	Elapsed: 0.096	Loglikelihood: -327493	(delta): 1782.17
6 (QN/Block) 	Elapsed: 0.094	Loglikelihood: -327217	(delta): 276.118
7 (QN/Block) 	Elapsed: 0.096	Loglikelihood: -327169	(delta): 47.6177
8 (QN/Block) 	Elapsed: 0.095	Loglikelihood: -327155	(delta): 14.7311
9 (QN/Block) 	Elapsed: 0.098	Loglikelihood: -327146	(delta): 8.3871
10 (QN/Block) 	Elapsed: 0.099	Loglikelihood: -327145	(delta): 1.05847
11 (QN/Block) 	Elapsed: 0.099	Loglikelihood: -327144	(delta): 1.21027
12 (QN/Block) 	Elapsed: 0.099	Loglikelihood: -327144	(delta): 0.115981
13 (QN/Block) 	Elapsed: 0.094	Loglikelihood: -327144	(delta): 0.000998055
14 (QN/Block) 	Elapsed: 0.095	Loglikelihood: -327144	(delta): 0.000896772
15 (QN/Block) 	Elapsed: 0.095	Loglikelihood: -327144	(delta): 0.000848421
16 (QN/Block) 	Elapsed: 0.094	Loglikelihood: -327144	(delta): 0.00019719
17 (QN/Block) 	Elapsed: 0.094	Loglikelihood: -327144	(delta): 9.13798e-05
Summary: 
Converged in 17 iterations (1.814 sec)
Loglikelihood: -327143.746383
Fst divergences between estimated populations: 
	Pop0	Pop1	
Pop0	
Pop1	0.320	
Pop2	0.279	0.264	
CV error (K=3): 0.20366
Writing output files.
