****                   ADMIXTURE Version 1.3.0                  ****
****                    Copyright 2008-2015                     ****
****           David Alexander, Suyash Shringarpure,            ****
****                John  Novembre, Ken Lange                   ****
****                                                            ****
****                 Please cite our paper!                     ****
****   Information at www.genetics.ucla.edu/software/admixture  ****

Cross-validation will be performed.  Folds=5.
Parallel execution requested.  Will use 10 threads.
Random seed: 1722617402
Point estimation method: Block relaxation algorithm
Convergence acceleration algorithm: QuasiNewton, 3 secant conditions
Point estimation will terminate when objective function delta < 0.0001
Estimation of standard errors disabled; will compute point estimates only.
Size of G: 364x3412
Performing five EM steps to prime main algorithm
1 (EM) 	Elapsed: 0.023	Loglikelihood: -433264	(delta): 1.43952e+06
2 (EM) 	Elapsed: 0.021	Loglikelihood: -418634	(delta): 14630.2
3 (EM) 	Elapsed: 0.021	Loglikelihood: -415618	(delta): 3015.95
4 (EM) 	Elapsed: 0.021	Loglikelihood: -414191	(delta): 1426.73
5 (EM) 	Elapsed: 0.021	Loglikelihood: -413472	(delta): 719.289
Initial loglikelihood: -413472
Starting main algorithm
1 (QN/Block) 	Elapsed: 0.064	Loglikelihood: -380582	(delta): 32889.1
2 (QN/Block) 	Elapsed: 0.065	Loglikelihood: -366082	(delta): 14500.2
3 (QN/Block) 	Elapsed: 0.068	Loglikelihood: -356698	(delta): 9384.23
4 (QN/Block) 	Elapsed: 0.069	Loglikelihood: -351131	(delta): 5567.22
5 (QN/Block) 	Elapsed: 0.069	Loglikelihood: -350078	(delta): 1052.5
6 (QN/Block) 	Elapsed: 0.071	Loglikelihood: -349928	(delta): 150.621
7 (QN/Block) 	Elapsed: 0.067	Loglikelihood: -349920	(delta): 7.73325
8 (QN/Block) 	Elapsed: 0.07	Loglikelihood: -349919	(delta): 0.584737
9 (QN/Block) 	Elapsed: 0.068	Loglikelihood: -349919	(delta): 0.0413663
10 (QN/Block) 	Elapsed: 0.067	Loglikelihood: -349919	(delta): 0.0107142
11 (QN/Block) 	Elapsed: 0.067	Loglikelihood: -349919	(delta): 0.00988374
12 (QN/Block) 	Elapsed: 0.067	Loglikelihood: -349919	(delta): 0.00908093
13 (QN/Block) 	Elapsed: 0.071	Loglikelihood: -349919	(delta): 0.0092578
14 (QN/Block) 	Elapsed: 0.071	Loglikelihood: -349919	(delta): 7.76225e-05
Summary: 
Converged in 14 iterations (1.098 sec)
Loglikelihood: -349919.259574
Fst divergences between estimated populations: 
	Pop0	
Pop0	
Pop1	0.249	
CV error (K=2): 0.22106
Writing output files.
