****                   ADMIXTURE Version 1.3.0                  ****
****                    Copyright 2008-2015                     ****
****           David Alexander, Suyash Shringarpure,            ****
****                John  Novembre, Ken Lange                   ****
****                                                            ****
****                 Please cite our paper!                     ****
****   Information at www.genetics.ucla.edu/software/admixture  ****

Cross-validation will be performed.  Folds=5.
Parallel execution requested.  Will use 10 threads.
Random seed: 1722617552
Point estimation method: Block relaxation algorithm
Convergence acceleration algorithm: QuasiNewton, 3 secant conditions
Point estimation will terminate when objective function delta < 0.0001
Estimation of standard errors disabled; will compute point estimates only.
Size of G: 364x3412
Performing five EM steps to prime main algorithm
1 (EM) 	Elapsed: 0.105	Loglikelihood: -453476	(delta): 1.13634e+06
2 (EM) 	Elapsed: 0.102	Loglikelihood: -421308	(delta): 32167.4
3 (EM) 	Elapsed: 0.101	Loglikelihood: -416092	(delta): 5215.87
4 (EM) 	Elapsed: 0.101	Loglikelihood: -413083	(delta): 3009.65
5 (EM) 	Elapsed: 0.101	Loglikelihood: -410580	(delta): 2503.13
Initial loglikelihood: -410580
Starting main algorithm
1 (QN/Block) 	Elapsed: 0.317	Loglikelihood: -326984	(delta): 83595.6
2 (QN/Block) 	Elapsed: 0.319	Loglikelihood: -301470	(delta): 25514.1
3 (QN/Block) 	Elapsed: 0.325	Loglikelihood: -290346	(delta): 11123.5
4 (QN/Block) 	Elapsed: 0.323	Loglikelihood: -282121	(delta): 8225.88
5 (QN/Block) 	Elapsed: 0.328	Loglikelihood: -279092	(delta): 3028.75
6 (QN/Block) 	Elapsed: 0.323	Loglikelihood: -278161	(delta): 930.379
7 (QN/Block) 	Elapsed: 0.323	Loglikelihood: -277974	(delta): 187.426
8 (QN/Block) 	Elapsed: 0.329	Loglikelihood: -277912	(delta): 62.0655
9 (QN/Block) 	Elapsed: 0.329	Loglikelihood: -277893	(delta): 19.1163
10 (QN/Block) 	Elapsed: 0.328	Loglikelihood: -277879	(delta): 14.2015
11 (QN/Block) 	Elapsed: 0.328	Loglikelihood: -277866	(delta): 13.0339
12 (QN/Block) 	Elapsed: 0.328	Loglikelihood: -277856	(delta): 9.36558
13 (QN/Block) 	Elapsed: 0.329	Loglikelihood: -277844	(delta): 12.2415
14 (QN/Block) 	Elapsed: 0.326	Loglikelihood: -277832	(delta): 11.6654
15 (QN/Block) 	Elapsed: 0.328	Loglikelihood: -277828	(delta): 4.64981
16 (QN/Block) 	Elapsed: 0.326	Loglikelihood: -277823	(delta): 4.63091
17 (QN/Block) 	Elapsed: 0.328	Loglikelihood: -277820	(delta): 3.22783
18 (QN/Block) 	Elapsed: 0.327	Loglikelihood: -277817	(delta): 2.90337
19 (QN/Block) 	Elapsed: 0.328	Loglikelihood: -277814	(delta): 2.47884
20 (QN/Block) 	Elapsed: 0.323	Loglikelihood: -277813	(delta): 1.54783
21 (QN/Block) 	Elapsed: 0.327	Loglikelihood: -277812	(delta): 1.13449
22 (QN/Block) 	Elapsed: 0.327	Loglikelihood: -277811	(delta): 0.910534
23 (QN/Block) 	Elapsed: 0.325	Loglikelihood: -277810	(delta): 0.811948
24 (QN/Block) 	Elapsed: 0.327	Loglikelihood: -277809	(delta): 1.20665
25 (QN/Block) 	Elapsed: 0.325	Loglikelihood: -277808	(delta): 0.727817
26 (QN/Block) 	Elapsed: 0.327	Loglikelihood: -277806	(delta): 2.04033
27 (QN/Block) 	Elapsed: 0.327	Loglikelihood: -277805	(delta): 1.10875
28 (QN/Block) 	Elapsed: 0.324	Loglikelihood: -277804	(delta): 0.477493
29 (QN/Block) 	Elapsed: 0.328	Loglikelihood: -277804	(delta): 0.464514
30 (QN/Block) 	Elapsed: 0.324	Loglikelihood: -277804	(delta): 0.178514
31 (QN/Block) 	Elapsed: 0.323	Loglikelihood: -277804	(delta): 0.0653143
32 (QN/Block) 	Elapsed: 0.323	Loglikelihood: -277804	(delta): 0.0329022
33 (QN/Block) 	Elapsed: 0.328	Loglikelihood: -277803	(delta): 0.259817
34 (QN/Block) 	Elapsed: 0.328	Loglikelihood: -277803	(delta): 0.150621
35 (QN/Block) 	Elapsed: 0.329	Loglikelihood: -277803	(delta): 0.0277066
36 (QN/Block) 	Elapsed: 0.324	Loglikelihood: -277803	(delta): 0.0380967
37 (QN/Block) 	Elapsed: 0.323	Loglikelihood: -277803	(delta): 0.0274612
38 (QN/Block) 	Elapsed: 0.329	Loglikelihood: -277803	(delta): 0.020376
39 (QN/Block) 	Elapsed: 0.328	Loglikelihood: -277803	(delta): 0.0283418
40 (QN/Block) 	Elapsed: 0.328	Loglikelihood: -277803	(delta): 0.0529928
41 (QN/Block) 	Elapsed: 0.329	Loglikelihood: -277803	(delta): 0.0995297
42 (QN/Block) 	Elapsed: 0.328	Loglikelihood: -277803	(delta): 0.187485
43 (QN/Block) 	Elapsed: 0.328	Loglikelihood: -277802	(delta): 0.346969
44 (QN/Block) 	Elapsed: 0.328	Loglikelihood: -277802	(delta): 0.178941
45 (QN/Block) 	Elapsed: 0.324	Loglikelihood: -277802	(delta): 0.0335962
46 (QN/Block) 	Elapsed: 0.323	Loglikelihood: -277802	(delta): 0.00365059
47 (QN/Block) 	Elapsed: 0.323	Loglikelihood: -277802	(delta): 0.000749913
48 (QN/Block) 	Elapsed: 0.323	Loglikelihood: -277802	(delta): 0.000125864
49 (QN/Block) 	Elapsed: 0.323	Loglikelihood: -277802	(delta): 1.74511e-05
Summary: 
Converged in 49 iterations (16.584 sec)
Loglikelihood: -277802.215129
Fst divergences between estimated populations: 
	Pop0	Pop1	Pop2	Pop3	Pop4	Pop5	Pop6	
Pop0	
Pop1	0.040	
Pop2	0.375	0.376	
Pop3	0.415	0.410	0.311	
Pop4	0.359	0.358	0.125	0.299	
Pop5	0.357	0.356	0.111	0.292	0.027	
Pop6	0.369	0.367	0.327	0.395	0.327	0.324	
Pop7	0.444	0.438	0.441	0.468	0.445	0.441	0.418	
CV error (K=8): 0.17476
Writing output files.
