****                   ADMIXTURE Version 1.3.0                  ****
****                    Copyright 2008-2015                     ****
****           David Alexander, Suyash Shringarpure,            ****
****                John  Novembre, Ken Lange                   ****
****                                                            ****
****                 Please cite our paper!                     ****
****   Information at www.genetics.ucla.edu/software/admixture  ****

Cross-validation will be performed.  Folds=5.
Parallel execution requested.  Will use 10 threads.
Random seed: 1722617474
Point estimation method: Block relaxation algorithm
Convergence acceleration algorithm: QuasiNewton, 3 secant conditions
Point estimation will terminate when objective function delta < 0.0001
Estimation of standard errors disabled; will compute point estimates only.
Size of G: 364x3412
Performing five EM steps to prime main algorithm
1 (EM) 	Elapsed: 0.03	Loglikelihood: -446812	(delta): 1.28796e+06
2 (EM) 	Elapsed: 0.026	Loglikelihood: -421611	(delta): 25201.3
3 (EM) 	Elapsed: 0.026	Loglikelihood: -417187	(delta): 4424.39
4 (EM) 	Elapsed: 0.027	Loglikelihood: -414825	(delta): 2361.92
5 (EM) 	Elapsed: 0.026	Loglikelihood: -413215	(delta): 1609.99
Initial loglikelihood: -413215
Starting main algorithm
1 (QN/Block) 	Elapsed: 0.085	Loglikelihood: -356009	(delta): 57205.5
2 (QN/Block) 	Elapsed: 0.087	Loglikelihood: -336269	(delta): 19740.7
3 (QN/Block) 	Elapsed: 0.092	Loglikelihood: -328907	(delta): 7361.53
4 (QN/Block) 	Elapsed: 0.098	Loglikelihood: -323326	(delta): 5580.94
5 (QN/Block) 	Elapsed: 0.102	Loglikelihood: -321396	(delta): 1930.33
6 (QN/Block) 	Elapsed: 0.102	Loglikelihood: -321040	(delta): 356.251
7 (QN/Block) 	Elapsed: 0.096	Loglikelihood: -320989	(delta): 51.0011
8 (QN/Block) 	Elapsed: 0.098	Loglikelihood: -320974	(delta): 14.4258
9 (QN/Block) 	Elapsed: 0.108	Loglikelihood: -320972	(delta): 1.98105
10 (QN/Block) 	Elapsed: 0.098	Loglikelihood: -320972	(delta): 0.30663
11 (QN/Block) 	Elapsed: 0.089	Loglikelihood: -320972	(delta): 0.0259654
12 (QN/Block) 	Elapsed: 0.092	Loglikelihood: -320972	(delta): 0.0125505
13 (QN/Block) 	Elapsed: 0.109	Loglikelihood: -320972	(delta): 0.00557315
14 (QN/Block) 	Elapsed: 0.098	Loglikelihood: -320972	(delta): 0.00116287
15 (QN/Block) 	Elapsed: 0.093	Loglikelihood: -320972	(delta): 7.0862e-05
Summary: 
Converged in 15 iterations (1.613 sec)
Loglikelihood: -320971.879519
Fst divergences between estimated populations: 
	Pop0	Pop1	
Pop0	
Pop1	0.319	
Pop2	0.338	0.296	
CV error (K=3): 0.19710
Writing output files.
