****                   ADMIXTURE Version 1.3.0                  ****
****                    Copyright 2008-2015                     ****
****           David Alexander, Suyash Shringarpure,            ****
****                John  Novembre, Ken Lange                   ****
****                                                            ****
****                 Please cite our paper!                     ****
****   Information at www.genetics.ucla.edu/software/admixture  ****

Cross-validation will be performed.  Folds=5.
Parallel execution requested.  Will use 10 threads.
Random seed: 1722617385
Point estimation method: Block relaxation algorithm
Convergence acceleration algorithm: QuasiNewton, 3 secant conditions
Point estimation will terminate when objective function delta < 0.0001
Estimation of standard errors disabled; will compute point estimates only.
Size of G: 364x3412
Performing five EM steps to prime main algorithm
1 (EM) 	Elapsed: 0.053	Loglikelihood: -449692	(delta): 1.24778e+06
2 (EM) 	Elapsed: 0.051	Loglikelihood: -421549	(delta): 28143.2
3 (EM) 	Elapsed: 0.05	Loglikelihood: -415928	(delta): 5621.56
4 (EM) 	Elapsed: 0.05	Loglikelihood: -412682	(delta): 3245.83
5 (EM) 	Elapsed: 0.051	Loglikelihood: -410192	(delta): 2489.49
Initial loglikelihood: -410192
Starting main algorithm
1 (QN/Block) 	Elapsed: 0.131	Loglikelihood: -349104	(delta): 61087.9
2 (QN/Block) 	Elapsed: 0.13	Loglikelihood: -325590	(delta): 23514.1
3 (QN/Block) 	Elapsed: 0.136	Loglikelihood: -315624	(delta): 9966.48
4 (QN/Block) 	Elapsed: 0.135	Loglikelihood: -306754	(delta): 8869.38
5 (QN/Block) 	Elapsed: 0.137	Loglikelihood: -303009	(delta): 3745.93
6 (QN/Block) 	Elapsed: 0.137	Loglikelihood: -301671	(delta): 1337.93
7 (QN/Block) 	Elapsed: 0.137	Loglikelihood: -300886	(delta): 784.733
8 (QN/Block) 	Elapsed: 0.136	Loglikelihood: -300640	(delta): 245.464
9 (QN/Block) 	Elapsed: 0.138	Loglikelihood: -300588	(delta): 51.9116
10 (QN/Block) 	Elapsed: 0.135	Loglikelihood: -300584	(delta): 4.86685
11 (QN/Block) 	Elapsed: 0.137	Loglikelihood: -300581	(delta): 2.11965
12 (QN/Block) 	Elapsed: 0.136	Loglikelihood: -300581	(delta): 0.187065
13 (QN/Block) 	Elapsed: 0.135	Loglikelihood: -300581	(delta): 0.0294976
14 (QN/Block) 	Elapsed: 0.134	Loglikelihood: -300581	(delta): 0.00704525
15 (QN/Block) 	Elapsed: 0.134	Loglikelihood: -300581	(delta): 0.00166777
16 (QN/Block) 	Elapsed: 0.134	Loglikelihood: -300581	(delta): 0.000530808
17 (QN/Block) 	Elapsed: 0.138	Loglikelihood: -300581	(delta): 0.000204402
18 (QN/Block) 	Elapsed: 0.135	Loglikelihood: -300581	(delta): 0.000169947
19 (QN/Block) 	Elapsed: 0.132	Loglikelihood: -300581	(delta): 3.83393e-05
Summary: 
Converged in 19 iterations (2.879 sec)
Loglikelihood: -300581.261136
Fst divergences between estimated populations: 
	Pop0	Pop1	Pop2	
Pop0	
Pop1	0.348	
Pop2	0.406	0.433	
Pop3	0.223	0.338	0.425	
CV error (K=4): 0.18188
Writing output files.
