****                   ADMIXTURE Version 1.3.0                  ****
****                    Copyright 2008-2015                     ****
****           David Alexander, Suyash Shringarpure,            ****
****                John  Novembre, Ken Lange                   ****
****                                                            ****
****                 Please cite our paper!                     ****
****   Information at www.genetics.ucla.edu/software/admixture  ****

Cross-validation will be performed.  Folds=5.
Parallel execution requested.  Will use 10 threads.
Random seed: 1722617405
Point estimation method: Block relaxation algorithm
Convergence acceleration algorithm: QuasiNewton, 3 secant conditions
Point estimation will terminate when objective function delta < 0.0001
Estimation of standard errors disabled; will compute point estimates only.
Size of G: 364x3412
Performing five EM steps to prime main algorithm
1 (EM) 	Elapsed: 0.034	Loglikelihood: -444078	(delta): 1.2671e+06
2 (EM) 	Elapsed: 0.03	Loglikelihood: -420878	(delta): 23199.8
3 (EM) 	Elapsed: 0.03	Loglikelihood: -416383	(delta): 4494.76
4 (EM) 	Elapsed: 0.03	Loglikelihood: -413801	(delta): 2581.91
5 (EM) 	Elapsed: 0.03	Loglikelihood: -411988	(delta): 1813.22
Initial loglikelihood: -411988
Starting main algorithm
1 (QN/Block) 	Elapsed: 0.093	Loglikelihood: -356102	(delta): 55886.3
2 (QN/Block) 	Elapsed: 0.094	Loglikelihood: -342132	(delta): 13970
3 (QN/Block) 	Elapsed: 0.099	Loglikelihood: -334642	(delta): 7489.71
4 (QN/Block) 	Elapsed: 0.098	Loglikelihood: -329300	(delta): 5342.57
5 (QN/Block) 	Elapsed: 0.099	Loglikelihood: -327522	(delta): 1778.23
6 (QN/Block) 	Elapsed: 0.098	Loglikelihood: -327222	(delta): 299.567
7 (QN/Block) 	Elapsed: 0.099	Loglikelihood: -327164	(delta): 57.8495
8 (QN/Block) 	Elapsed: 0.103	Loglikelihood: -327150	(delta): 13.8072
9 (QN/Block) 	Elapsed: 0.103	Loglikelihood: -327145	(delta): 5.50625
10 (QN/Block) 	Elapsed: 0.103	Loglikelihood: -327144	(delta): 0.931376
11 (QN/Block) 	Elapsed: 0.1	Loglikelihood: -327144	(delta): 0.021821
12 (QN/Block) 	Elapsed: 0.101	Loglikelihood: -327144	(delta): 0.00770592
13 (QN/Block) 	Elapsed: 0.098	Loglikelihood: -327144	(delta): 0.0037847
14 (QN/Block) 	Elapsed: 0.099	Loglikelihood: -327144	(delta): 0.00140642
15 (QN/Block) 	Elapsed: 0.099	Loglikelihood: -327144	(delta): 0.00108567
16 (QN/Block) 	Elapsed: 0.098	Loglikelihood: -327144	(delta): 0.000494906
17 (QN/Block) 	Elapsed: 0.099	Loglikelihood: -327144	(delta): 0.000111454
18 (QN/Block) 	Elapsed: 0.099	Loglikelihood: -327144	(delta): 4.71824e-05
Summary: 
Converged in 18 iterations (1.986 sec)
Loglikelihood: -327143.802869
Fst divergences between estimated populations: 
	Pop0	Pop1	
Pop0	
Pop1	0.320	
Pop2	0.264	0.279	
CV error (K=3): 0.20305
Writing output files.
