****                   ADMIXTURE Version 1.3.0                  ****
****                    Copyright 2008-2015                     ****
****           David Alexander, Suyash Shringarpure,            ****
****                John  Novembre, Ken Lange                   ****
****                                                            ****
****                 Please cite our paper!                     ****
****   Information at www.genetics.ucla.edu/software/admixture  ****

Cross-validation will be performed.  Folds=5.
Parallel execution requested.  Will use 10 threads.
Random seed: 1722617460
Point estimation method: Block relaxation algorithm
Convergence acceleration algorithm: QuasiNewton, 3 secant conditions
Point estimation will terminate when objective function delta < 0.0001
Estimation of standard errors disabled; will compute point estimates only.
Size of G: 364x3412
Performing five EM steps to prime main algorithm
1 (EM) 	Elapsed: 0.067	Loglikelihood: -450669	(delta): 1.17172e+06
2 (EM) 	Elapsed: 0.066	Loglikelihood: -421212	(delta): 29457.5
3 (EM) 	Elapsed: 0.066	Loglikelihood: -416518	(delta): 4693.42
4 (EM) 	Elapsed: 0.066	Loglikelihood: -413729	(delta): 2789.39
5 (EM) 	Elapsed: 0.066	Loglikelihood: -411541	(delta): 2187.63
Initial loglikelihood: -411541
Starting main algorithm
1 (QN/Block) 	Elapsed: 0.209	Loglikelihood: -332738	(delta): 78803.1
2 (QN/Block) 	Elapsed: 0.21	Loglikelihood: -306545	(delta): 26192.8
3 (QN/Block) 	Elapsed: 0.214	Loglikelihood: -297946	(delta): 8599.71
4 (QN/Block) 	Elapsed: 0.213	Loglikelihood: -293600	(delta): 4345.59
5 (QN/Block) 	Elapsed: 0.213	Loglikelihood: -292017	(delta): 1582.95
6 (QN/Block) 	Elapsed: 0.215	Loglikelihood: -291597	(delta): 420.293
7 (QN/Block) 	Elapsed: 0.217	Loglikelihood: -291214	(delta): 383.385
8 (QN/Block) 	Elapsed: 0.217	Loglikelihood: -287934	(delta): 3279.67
9 (QN/Block) 	Elapsed: 0.217	Loglikelihood: -283124	(delta): 4809.68
10 (QN/Block) 	Elapsed: 0.213	Loglikelihood: -281419	(delta): 1704.9
11 (QN/Block) 	Elapsed: 0.213	Loglikelihood: -280976	(delta): 443.442
12 (QN/Block) 	Elapsed: 0.213	Loglikelihood: -280842	(delta): 134.306
13 (QN/Block) 	Elapsed: 0.214	Loglikelihood: -280822	(delta): 19.4899
14 (QN/Block) 	Elapsed: 0.213	Loglikelihood: -280822	(delta): 0.268421
15 (QN/Block) 	Elapsed: 0.213	Loglikelihood: -280822	(delta): 0.0961279
16 (QN/Block) 	Elapsed: 0.213	Loglikelihood: -280822	(delta): 0.0333472
17 (QN/Block) 	Elapsed: 0.215	Loglikelihood: -280822	(delta): 0.0370853
18 (QN/Block) 	Elapsed: 0.214	Loglikelihood: -280822	(delta): 0.000826393
19 (QN/Block) 	Elapsed: 0.217	Loglikelihood: -280822	(delta): 0.000121251
20 (QN/Block) 	Elapsed: 0.213	Loglikelihood: -280822	(delta): 9.36985e-05
Summary: 
Converged in 20 iterations (4.656 sec)
Loglikelihood: -280821.647228
Fst divergences between estimated populations: 
	Pop0	Pop1	Pop2	Pop3	Pop4	
Pop0	
Pop1	0.441	
Pop2	0.468	0.292	
Pop3	0.436	0.350	0.407	
Pop4	0.436	0.103	0.304	0.364	
Pop5	0.418	0.322	0.394	0.362	0.321	
CV error (K=6): 0.17045
Writing output files.
