****                   ADMIXTURE Version 1.3.0                  ****
****                    Copyright 2008-2015                     ****
****           David Alexander, Suyash Shringarpure,            ****
****                John  Novembre, Ken Lange                   ****
****                                                            ****
****                 Please cite our paper!                     ****
****   Information at www.genetics.ucla.edu/software/admixture  ****

Cross-validation will be performed.  Folds=5.
Parallel execution requested.  Will use 10 threads.
Random seed: 1722617431
Point estimation method: Block relaxation algorithm
Convergence acceleration algorithm: QuasiNewton, 3 secant conditions
Point estimation will terminate when objective function delta < 0.0001
Estimation of standard errors disabled; will compute point estimates only.
Size of G: 364x3412
Performing five EM steps to prime main algorithm
1 (EM) 	Elapsed: 0.042	Loglikelihood: -448692	(delta): 1.22361e+06
2 (EM) 	Elapsed: 0.039	Loglikelihood: -421206	(delta): 27486.1
3 (EM) 	Elapsed: 0.039	Loglikelihood: -416177	(delta): 5028.56
4 (EM) 	Elapsed: 0.039	Loglikelihood: -413234	(delta): 2942.85
5 (EM) 	Elapsed: 0.039	Loglikelihood: -411041	(delta): 2193.16
Initial loglikelihood: -411041
Starting main algorithm
1 (QN/Block) 	Elapsed: 0.118	Loglikelihood: -348973	(delta): 62068
2 (QN/Block) 	Elapsed: 0.119	Loglikelihood: -326230	(delta): 22742.9
3 (QN/Block) 	Elapsed: 0.123	Loglikelihood: -317393	(delta): 8837.31
4 (QN/Block) 	Elapsed: 0.121	Loglikelihood: -311873	(delta): 5519.77
5 (QN/Block) 	Elapsed: 0.122	Loglikelihood: -310170	(delta): 1703.52
6 (QN/Block) 	Elapsed: 0.122	Loglikelihood: -309771	(delta): 398.818
7 (QN/Block) 	Elapsed: 0.121	Loglikelihood: -309704	(delta): 66.722
8 (QN/Block) 	Elapsed: 0.125	Loglikelihood: -309694	(delta): 10.1732
9 (QN/Block) 	Elapsed: 0.122	Loglikelihood: -309693	(delta): 0.907049
10 (QN/Block) 	Elapsed: 0.122	Loglikelihood: -309693	(delta): 0.05737
11 (QN/Block) 	Elapsed: 0.122	Loglikelihood: -309693	(delta): 0.0246964
12 (QN/Block) 	Elapsed: 0.123	Loglikelihood: -309693	(delta): 0.0325575
13 (QN/Block) 	Elapsed: 0.125	Loglikelihood: -309693	(delta): 0.00897401
14 (QN/Block) 	Elapsed: 0.124	Loglikelihood: -309693	(delta): 0.00516122
15 (QN/Block) 	Elapsed: 0.125	Loglikelihood: -309693	(delta): 0.00264833
16 (QN/Block) 	Elapsed: 0.125	Loglikelihood: -309693	(delta): 0.00174482
17 (QN/Block) 	Elapsed: 0.121	Loglikelihood: -309693	(delta): 5.98091e-05
Summary: 
Converged in 17 iterations (2.315 sec)
Loglikelihood: -309692.913660
Fst divergences between estimated populations: 
	Pop0	Pop1	Pop2	
Pop0	
Pop1	0.434	
Pop2	0.409	0.324	
Pop3	0.414	0.362	0.292	
CV error (K=4): 0.18987
Writing output files.
