****                   ADMIXTURE Version 1.3.0                  ****
****                    Copyright 2008-2015                     ****
****           David Alexander, Suyash Shringarpure,            ****
****                John  Novembre, Ken Lange                   ****
****                                                            ****
****                 Please cite our paper!                     ****
****   Information at www.genetics.ucla.edu/software/admixture  ****

Cross-validation will be performed.  Folds=5.
Parallel execution requested.  Will use 10 threads.
Random seed: 1722617316
Point estimation method: Block relaxation algorithm
Convergence acceleration algorithm: QuasiNewton, 3 secant conditions
Point estimation will terminate when objective function delta < 0.0001
Estimation of standard errors disabled; will compute point estimates only.
Size of G: 364x3412
Performing five EM steps to prime main algorithm
1 (EM) 	Elapsed: 0.051	Loglikelihood: -449751	(delta): 1.23139e+06
2 (EM) 	Elapsed: 0.049	Loglikelihood: -422166	(delta): 27584.9
3 (EM) 	Elapsed: 0.049	Loglikelihood: -417501	(delta): 4664.94
4 (EM) 	Elapsed: 0.049	Loglikelihood: -414927	(delta): 2574.22
5 (EM) 	Elapsed: 0.049	Loglikelihood: -413171	(delta): 1756.03
Initial loglikelihood: -413171
Starting main algorithm
1 (QN/Block) 	Elapsed: 0.152	Loglikelihood: -350935	(delta): 62235.4
2 (QN/Block) 	Elapsed: 0.137	Loglikelihood: -328899	(delta): 22036.4
3 (QN/Block) 	Elapsed: 0.142	Loglikelihood: -321122	(delta): 7776.56
4 (QN/Block) 	Elapsed: 0.142	Loglikelihood: -316586	(delta): 4536.61
5 (QN/Block) 	Elapsed: 0.151	Loglikelihood: -315109	(delta): 1477.04
6 (QN/Block) 	Elapsed: 0.145	Loglikelihood: -314588	(delta): 520.955
7 (QN/Block) 	Elapsed: 0.159	Loglikelihood: -314492	(delta): 95.6506
8 (QN/Block) 	Elapsed: 0.153	Loglikelihood: -314461	(delta): 30.9678
9 (QN/Block) 	Elapsed: 0.149	Loglikelihood: -314454	(delta): 7.45383
10 (QN/Block) 	Elapsed: 0.16	Loglikelihood: -314453	(delta): 0.772676
11 (QN/Block) 	Elapsed: 0.174	Loglikelihood: -314452	(delta): 0.641033
12 (QN/Block) 	Elapsed: 0.158	Loglikelihood: -314452	(delta): 0.13067
13 (QN/Block) 	Elapsed: 0.142	Loglikelihood: -314452	(delta): 0.0324068
14 (QN/Block) 	Elapsed: 0.133	Loglikelihood: -314452	(delta): 0.00452301
15 (QN/Block) 	Elapsed: 0.144	Loglikelihood: -314452	(delta): 0.00106018
16 (QN/Block) 	Elapsed: 0.146	Loglikelihood: -314452	(delta): 0.000110006
17 (QN/Block) 	Elapsed: 0.155	Loglikelihood: -314452	(delta): 3.39052e-05
Summary: 
Converged in 17 iterations (2.841 sec)
Loglikelihood: -314451.921483
Fst divergences between estimated populations: 
	Pop0	Pop1	Pop2	
Pop0	
Pop1	0.104	
Pop2	0.348	0.361	
Pop3	0.325	0.320	0.330	
CV error (K=4): 0.19516
Writing output files.
