****                   ADMIXTURE Version 1.3.0                  ****
****                    Copyright 2008-2015                     ****
****           David Alexander, Suyash Shringarpure,            ****
****                John  Novembre, Ken Lange                   ****
****                                                            ****
****                 Please cite our paper!                     ****
****   Information at www.genetics.ucla.edu/software/admixture  ****

Cross-validation will be performed.  Folds=5.
Parallel execution requested.  Will use 10 threads.
Random seed: 1722617612
Point estimation method: Block relaxation algorithm
Convergence acceleration algorithm: QuasiNewton, 3 secant conditions
Point estimation will terminate when objective function delta < 0.0001
Estimation of standard errors disabled; will compute point estimates only.
Size of G: 364x3412
Performing five EM steps to prime main algorithm
1 (EM) 	Elapsed: 0.079	Loglikelihood: -452031	(delta): 1.18457e+06
2 (EM) 	Elapsed: 0.076	Loglikelihood: -422300	(delta): 29731.4
3 (EM) 	Elapsed: 0.075	Loglikelihood: -417681	(delta): 4619
4 (EM) 	Elapsed: 0.076	Loglikelihood: -415092	(delta): 2589.03
5 (EM) 	Elapsed: 0.075	Loglikelihood: -413149	(delta): 1942.75
Initial loglikelihood: -413149
Starting main algorithm
1 (QN/Block) 	Elapsed: 0.236	Loglikelihood: -336612	(delta): 76536.8
2 (QN/Block) 	Elapsed: 0.247	Loglikelihood: -301548	(delta): 35064.6
3 (QN/Block) 	Elapsed: 0.255	Loglikelihood: -290385	(delta): 11162.6
4 (QN/Block) 	Elapsed: 0.254	Loglikelihood: -283698	(delta): 6686.87
5 (QN/Block) 	Elapsed: 0.255	Loglikelihood: -281420	(delta): 2278.14
6 (QN/Block) 	Elapsed: 0.258	Loglikelihood: -280965	(delta): 454.696
7 (QN/Block) 	Elapsed: 0.256	Loglikelihood: -280866	(delta): 99.2507
8 (QN/Block) 	Elapsed: 0.257	Loglikelihood: -280836	(delta): 30.3564
9 (QN/Block) 	Elapsed: 0.257	Loglikelihood: -280826	(delta): 9.91539
10 (QN/Block) 	Elapsed: 0.257	Loglikelihood: -280822	(delta): 3.42433
11 (QN/Block) 	Elapsed: 0.258	Loglikelihood: -280822	(delta): 0.0937752
12 (QN/Block) 	Elapsed: 0.254	Loglikelihood: -280822	(delta): 0.0596951
13 (QN/Block) 	Elapsed: 0.254	Loglikelihood: -280822	(delta): 0.0371938
14 (QN/Block) 	Elapsed: 0.254	Loglikelihood: -280822	(delta): 0.00550155
15 (QN/Block) 	Elapsed: 0.255	Loglikelihood: -280822	(delta): 0.0022806
16 (QN/Block) 	Elapsed: 0.257	Loglikelihood: -280822	(delta): 0.00125794
17 (QN/Block) 	Elapsed: 0.257	Loglikelihood: -280822	(delta): 0.000828672
18 (QN/Block) 	Elapsed: 0.259	Loglikelihood: -280822	(delta): 0.00053119
19 (QN/Block) 	Elapsed: 0.254	Loglikelihood: -280822	(delta): 1.97702e-06
Summary: 
Converged in 19 iterations (5.257 sec)
Loglikelihood: -280822.124822
Fst divergences between estimated populations: 
	Pop0	Pop1	Pop2	Pop3	Pop4	
Pop0	
Pop1	0.468	
Pop2	0.292	0.441	
Pop3	0.407	0.436	0.350	
Pop4	0.304	0.436	0.103	0.364	
Pop5	0.394	0.418	0.322	0.362	0.321	
CV error (K=6): 0.17019
Writing output files.
