****                   ADMIXTURE Version 1.3.0                  ****
****                    Copyright 2008-2015                     ****
****           David Alexander, Suyash Shringarpure,            ****
****                John  Novembre, Ken Lange                   ****
****                                                            ****
****                 Please cite our paper!                     ****
****   Information at www.genetics.ucla.edu/software/admixture  ****

Cross-validation will be performed.  Folds=5.
Parallel execution requested.  Will use 10 threads.
Random seed: 1722617736
Point estimation method: Block relaxation algorithm
Convergence acceleration algorithm: QuasiNewton, 3 secant conditions
Point estimation will terminate when objective function delta < 0.0001
Estimation of standard errors disabled; will compute point estimates only.
Size of G: 364x3412
Performing five EM steps to prime main algorithm
1 (EM) 	Elapsed: 0.125	Loglikelihood: -451682	(delta): 1.13384e+06
2 (EM) 	Elapsed: 0.122	Loglikelihood: -420442	(delta): 31239.2
3 (EM) 	Elapsed: 0.122	Loglikelihood: -415804	(delta): 4638.87
4 (EM) 	Elapsed: 0.121	Loglikelihood: -412922	(delta): 2881.39
5 (EM) 	Elapsed: 0.122	Loglikelihood: -410428	(delta): 2493.88
Initial loglikelihood: -410428
Starting main algorithm
1 (QN/Block) 	Elapsed: 0.326	Loglikelihood: -325714	(delta): 84714.5
2 (QN/Block) 	Elapsed: 0.34	Loglikelihood: -293905	(delta): 31809.2
3 (QN/Block) 	Elapsed: 0.361	Loglikelihood: -284486	(delta): 9418.65
4 (QN/Block) 	Elapsed: 0.355	Loglikelihood: -279729	(delta): 4757.2
5 (QN/Block) 	Elapsed: 0.334	Loglikelihood: -278127	(delta): 1601.84
6 (QN/Block) 	Elapsed: 0.344	Loglikelihood: -277653	(delta): 474.173
7 (QN/Block) 	Elapsed: 0.349	Loglikelihood: -277480	(delta): 173.168
8 (QN/Block) 	Elapsed: 0.363	Loglikelihood: -277354	(delta): 125.518
9 (QN/Block) 	Elapsed: 0.339	Loglikelihood: -277311	(delta): 42.9568
10 (QN/Block) 	Elapsed: 0.333	Loglikelihood: -277298	(delta): 13.2363
11 (QN/Block) 	Elapsed: 0.335	Loglikelihood: -277291	(delta): 6.58026
12 (QN/Block) 	Elapsed: 0.354	Loglikelihood: -277289	(delta): 2.72779
13 (QN/Block) 	Elapsed: 0.34	Loglikelihood: -277286	(delta): 2.47898
14 (QN/Block) 	Elapsed: 0.361	Loglikelihood: -277283	(delta): 2.69973
15 (QN/Block) 	Elapsed: 0.345	Loglikelihood: -277281	(delta): 2.88693
16 (QN/Block) 	Elapsed: 0.332	Loglikelihood: -277278	(delta): 2.88709
17 (QN/Block) 	Elapsed: 0.336	Loglikelihood: -277275	(delta): 2.99798
18 (QN/Block) 	Elapsed: 0.331	Loglikelihood: -277273	(delta): 1.80972
19 (QN/Block) 	Elapsed: 0.353	Loglikelihood: -277271	(delta): 1.33274
20 (QN/Block) 	Elapsed: 0.35	Loglikelihood: -277271	(delta): 0.576381
21 (QN/Block) 	Elapsed: 0.365	Loglikelihood: -277270	(delta): 0.591515
22 (QN/Block) 	Elapsed: 0.344	Loglikelihood: -277270	(delta): 0.536079
23 (QN/Block) 	Elapsed: 0.339	Loglikelihood: -277269	(delta): 0.873707
24 (QN/Block) 	Elapsed: 0.382	Loglikelihood: -277268	(delta): 0.514038
25 (QN/Block) 	Elapsed: 0.332	Loglikelihood: -277268	(delta): 0.805636
26 (QN/Block) 	Elapsed: 0.358	Loglikelihood: -277267	(delta): 0.773412
27 (QN/Block) 	Elapsed: 0.336	Loglikelihood: -277266	(delta): 0.320793
28 (QN/Block) 	Elapsed: 0.334	Loglikelihood: -277266	(delta): 0.289781
29 (QN/Block) 	Elapsed: 0.345	Loglikelihood: -277266	(delta): 0.0902166
30 (QN/Block) 	Elapsed: 0.332	Loglikelihood: -277265	(delta): 0.62619
31 (QN/Block) 	Elapsed: 0.334	Loglikelihood: -277265	(delta): 0.601009
32 (QN/Block) 	Elapsed: 0.341	Loglikelihood: -277264	(delta): 0.610485
33 (QN/Block) 	Elapsed: 0.331	Loglikelihood: -277264	(delta): 0.349294
34 (QN/Block) 	Elapsed: 0.347	Loglikelihood: -277264	(delta): 0.26329
35 (QN/Block) 	Elapsed: 0.357	Loglikelihood: -277264	(delta): 0.131966
36 (QN/Block) 	Elapsed: 0.335	Loglikelihood: -277263	(delta): 0.154714
37 (QN/Block) 	Elapsed: 0.328	Loglikelihood: -277263	(delta): 0.177885
38 (QN/Block) 	Elapsed: 0.33	Loglikelihood: -277263	(delta): 0.0391128
39 (QN/Block) 	Elapsed: 0.336	Loglikelihood: -277263	(delta): 0.0179172
40 (QN/Block) 	Elapsed: 0.333	Loglikelihood: -277263	(delta): 0.00763465
41 (QN/Block) 	Elapsed: 0.327	Loglikelihood: -277263	(delta): 0.00202613
42 (QN/Block) 	Elapsed: 0.326	Loglikelihood: -277263	(delta): 0.000983262
43 (QN/Block) 	Elapsed: 0.331	Loglikelihood: -277263	(delta): 0.000384047
44 (QN/Block) 	Elapsed: 0.342	Loglikelihood: -277263	(delta): 0.000939276
45 (QN/Block) 	Elapsed: 0.338	Loglikelihood: -277263	(delta): 0.000248269
46 (QN/Block) 	Elapsed: 0.333	Loglikelihood: -277263	(delta): 0.000252945
47 (QN/Block) 	Elapsed: 0.329	Loglikelihood: -277263	(delta): 5.98193e-05
Summary: 
Converged in 47 iterations (16.756 sec)
Loglikelihood: -277263.118416
Fst divergences between estimated populations: 
	Pop0	Pop1	Pop2	Pop3	Pop4	Pop5	Pop6	
Pop0	
Pop1	0.408	
Pop2	0.308	0.362	
Pop3	0.468	0.436	0.450	
Pop4	0.293	0.355	0.039	0.444	
Pop5	0.302	0.357	0.053	0.446	0.047	
Pop6	0.316	0.375	0.128	0.444	0.131	0.138	
Pop7	0.395	0.363	0.333	0.418	0.326	0.332	0.331	
CV error (K=8): 0.17495
Writing output files.
