****                   ADMIXTURE Version 1.3.0                  ****
****                    Copyright 2008-2015                     ****
****           David Alexander, Suyash Shringarpure,            ****
****                John  Novembre, Ken Lange                   ****
****                                                            ****
****                 Please cite our paper!                     ****
****   Information at www.genetics.ucla.edu/software/admixture  ****

Cross-validation will be performed.  Folds=5.
Parallel execution requested.  Will use 10 threads.
Random seed: 1722617306
Point estimation method: Block relaxation algorithm
Convergence acceleration algorithm: QuasiNewton, 3 secant conditions
Point estimation will terminate when objective function delta < 0.0001
Estimation of standard errors disabled; will compute point estimates only.
Size of G: 364x3412
Performing five EM steps to prime main algorithm
1 (EM) 	Elapsed: 0.026	Loglikelihood: -435158	(delta): 1.39438e+06
2 (EM) 	Elapsed: 0.025	Loglikelihood: -418204	(delta): 16953.3
3 (EM) 	Elapsed: 0.024	Loglikelihood: -415199	(delta): 3005.46
4 (EM) 	Elapsed: 0.024	Loglikelihood: -413835	(delta): 1363.61
5 (EM) 	Elapsed: 0.024	Loglikelihood: -413178	(delta): 657.482
Initial loglikelihood: -413178
Starting main algorithm
1 (QN/Block) 	Elapsed: 0.069	Loglikelihood: -389634	(delta): 23543.3
2 (QN/Block) 	Elapsed: 0.091	Loglikelihood: -378388	(delta): 11246
3 (QN/Block) 	Elapsed: 0.081	Loglikelihood: -371793	(delta): 6595.83
4 (QN/Block) 	Elapsed: 0.09	Loglikelihood: -367012	(delta): 4780.83
5 (QN/Block) 	Elapsed: 0.102	Loglikelihood: -363091	(delta): 3920.31
6 (QN/Block) 	Elapsed: 0.088	Loglikelihood: -353676	(delta): 9415.45
7 (QN/Block) 	Elapsed: 0.101	Loglikelihood: -351711	(delta): 1965.17
8 (QN/Block) 	Elapsed: 0.089	Loglikelihood: -351187	(delta): 523.665
9 (QN/Block) 	Elapsed: 0.076	Loglikelihood: -351004	(delta): 183.035
10 (QN/Block) 	Elapsed: 0.078	Loglikelihood: -350983	(delta): 20.792
11 (QN/Block) 	Elapsed: 0.087	Loglikelihood: -350980	(delta): 3.7167
12 (QN/Block) 	Elapsed: 0.078	Loglikelihood: -350979	(delta): 0.677569
13 (QN/Block) 	Elapsed: 0.078	Loglikelihood: -350979	(delta): 0.0358187
14 (QN/Block) 	Elapsed: 0.088	Loglikelihood: -350979	(delta): 0.0143743
15 (QN/Block) 	Elapsed: 0.077	Loglikelihood: -350979	(delta): 0.0108614
16 (QN/Block) 	Elapsed: 0.083	Loglikelihood: -350979	(delta): 0.00250598
17 (QN/Block) 	Elapsed: 0.089	Loglikelihood: -350979	(delta): 0.000324054
18 (QN/Block) 	Elapsed: 0.093	Loglikelihood: -350979	(delta): 0.000553374
19 (QN/Block) 	Elapsed: 0.09	Loglikelihood: -350979	(delta): 8.42197e-05
Summary: 
Converged in 19 iterations (1.795 sec)
Loglikelihood: -350978.902803
Fst divergences between estimated populations: 
	Pop0	
Pop0	
Pop1	0.247	
CV error (K=2): 0.22203
Writing output files.
