****                   ADMIXTURE Version 1.3.0                  ****
****                    Copyright 2008-2015                     ****
****           David Alexander, Suyash Shringarpure,            ****
****                John  Novembre, Ken Lange                   ****
****                                                            ****
****                 Please cite our paper!                     ****
****   Information at www.genetics.ucla.edu/software/admixture  ****

Cross-validation will be performed.  Folds=5.
Parallel execution requested.  Will use 10 threads.
Random seed: 1722617339
Point estimation method: Block relaxation algorithm
Convergence acceleration algorithm: QuasiNewton, 3 secant conditions
Point estimation will terminate when objective function delta < 0.0001
Estimation of standard errors disabled; will compute point estimates only.
Size of G: 364x3412
Performing five EM steps to prime main algorithm
1 (EM) 	Elapsed: 0.085	Loglikelihood: -451972	(delta): 1.16845e+06
2 (EM) 	Elapsed: 0.081	Loglikelihood: -422041	(delta): 29931.5
3 (EM) 	Elapsed: 0.081	Loglikelihood: -417179	(delta): 4861.7
4 (EM) 	Elapsed: 0.082	Loglikelihood: -414420	(delta): 2759.11
5 (EM) 	Elapsed: 0.081	Loglikelihood: -412253	(delta): 2166.62
Initial loglikelihood: -412253
Starting main algorithm
1 (QN/Block) 	Elapsed: 0.244	Loglikelihood: -337017	(delta): 75236.1
2 (QN/Block) 	Elapsed: 0.246	Loglikelihood: -307696	(delta): 29320.9
3 (QN/Block) 	Elapsed: 0.267	Loglikelihood: -291364	(delta): 16332.3
4 (QN/Block) 	Elapsed: 0.253	Loglikelihood: -284416	(delta): 6947.8
5 (QN/Block) 	Elapsed: 0.252	Loglikelihood: -281633	(delta): 2783.01
6 (QN/Block) 	Elapsed: 0.254	Loglikelihood: -281088	(delta): 544.804
7 (QN/Block) 	Elapsed: 0.252	Loglikelihood: -280889	(delta): 199.508
8 (QN/Block) 	Elapsed: 0.255	Loglikelihood: -280834	(delta): 54.8623
9 (QN/Block) 	Elapsed: 0.259	Loglikelihood: -280824	(delta): 9.45941
10 (QN/Block) 	Elapsed: 0.27	Loglikelihood: -280822	(delta): 2.20315
11 (QN/Block) 	Elapsed: 0.254	Loglikelihood: -280822	(delta): 0.406542
12 (QN/Block) 	Elapsed: 0.255	Loglikelihood: -280822	(delta): 0.130752
13 (QN/Block) 	Elapsed: 0.253	Loglikelihood: -280822	(delta): 0.0439194
14 (QN/Block) 	Elapsed: 0.258	Loglikelihood: -280822	(delta): 0.0433021
15 (QN/Block) 	Elapsed: 0.25	Loglikelihood: -280822	(delta): 0.00973937
16 (QN/Block) 	Elapsed: 0.25	Loglikelihood: -280822	(delta): 0.00299242
17 (QN/Block) 	Elapsed: 0.254	Loglikelihood: -280822	(delta): 0.00297996
18 (QN/Block) 	Elapsed: 0.266	Loglikelihood: -280822	(delta): 0.00145364
19 (QN/Block) 	Elapsed: 0.266	Loglikelihood: -280822	(delta): 0.00093163
20 (QN/Block) 	Elapsed: 0.268	Loglikelihood: -280822	(delta): 1.89216e-06
Summary: 
Converged in 20 iterations (5.603 sec)
Loglikelihood: -280821.636092
Fst divergences between estimated populations: 
	Pop0	Pop1	Pop2	Pop3	Pop4	
Pop0	
Pop1	0.321	
Pop2	0.322	0.103	
Pop3	0.362	0.364	0.350	
Pop4	0.394	0.304	0.292	0.407	
Pop5	0.418	0.436	0.441	0.436	0.468	
CV error (K=6): 0.17004
Writing output files.
