****                   ADMIXTURE Version 1.3.0                  ****
****                    Copyright 2008-2015                     ****
****           David Alexander, Suyash Shringarpure,            ****
****                John  Novembre, Ken Lange                   ****
****                                                            ****
****                 Please cite our paper!                     ****
****   Information at www.genetics.ucla.edu/software/admixture  ****

Cross-validation will be performed.  Folds=5.
Parallel execution requested.  Will use 10 threads.
Random seed: 1722617405
Point estimation method: Block relaxation algorithm
Convergence acceleration algorithm: QuasiNewton, 3 secant conditions
Point estimation will terminate when objective function delta < 0.0001
Estimation of standard errors disabled; will compute point estimates only.
Size of G: 364x3412
Performing five EM steps to prime main algorithm
1 (EM) 	Elapsed: 0.095	Loglikelihood: -450876	(delta): 1.16497e+06
2 (EM) 	Elapsed: 0.093	Loglikelihood: -421408	(delta): 29468
3 (EM) 	Elapsed: 0.093	Loglikelihood: -416786	(delta): 4621.83
4 (EM) 	Elapsed: 0.093	Loglikelihood: -414129	(delta): 2656.84
5 (EM) 	Elapsed: 0.093	Loglikelihood: -411974	(delta): 2155.74
Initial loglikelihood: -411974
Starting main algorithm
1 (QN/Block) 	Elapsed: 0.187	Loglikelihood: -332105	(delta): 79869.1
2 (QN/Block) 	Elapsed: 0.19	Loglikelihood: -304354	(delta): 27750.8
3 (QN/Block) 	Elapsed: 0.194	Loglikelihood: -290601	(delta): 13753.2
4 (QN/Block) 	Elapsed: 0.193	Loglikelihood: -284008	(delta): 6592.86
5 (QN/Block) 	Elapsed: 0.192	Loglikelihood: -281353	(delta): 2654.31
6 (QN/Block) 	Elapsed: 0.193	Loglikelihood: -280929	(delta): 423.984
7 (QN/Block) 	Elapsed: 0.192	Loglikelihood: -280845	(delta): 84.5827
8 (QN/Block) 	Elapsed: 0.195	Loglikelihood: -280826	(delta): 18.5938
9 (QN/Block) 	Elapsed: 0.194	Loglikelihood: -280823	(delta): 2.87466
10 (QN/Block) 	Elapsed: 0.192	Loglikelihood: -280822	(delta): 1.32604
11 (QN/Block) 	Elapsed: 0.192	Loglikelihood: -280822	(delta): 0.194302
12 (QN/Block) 	Elapsed: 0.192	Loglikelihood: -280822	(delta): 0.0559439
13 (QN/Block) 	Elapsed: 0.193	Loglikelihood: -280822	(delta): 0.0390978
14 (QN/Block) 	Elapsed: 0.192	Loglikelihood: -280822	(delta): 0.0130969
15 (QN/Block) 	Elapsed: 0.192	Loglikelihood: -280822	(delta): 0.00413712
16 (QN/Block) 	Elapsed: 0.193	Loglikelihood: -280822	(delta): 0.00511601
17 (QN/Block) 	Elapsed: 0.194	Loglikelihood: -280822	(delta): 0.00158462
18 (QN/Block) 	Elapsed: 0.199	Loglikelihood: -280822	(delta): 0.000419026
19 (QN/Block) 	Elapsed: 0.197	Loglikelihood: -280822	(delta): 2.92138e-06
Summary: 
Converged in 19 iterations (4.192 sec)
Loglikelihood: -280821.692350
Fst divergences between estimated populations: 
	Pop0	Pop1	Pop2	Pop3	Pop4	
Pop0	
Pop1	0.321	
Pop2	0.322	0.103	
Pop3	0.418	0.436	0.441	
Pop4	0.362	0.364	0.350	0.436	
Pop5	0.394	0.304	0.292	0.468	0.407	
CV error (K=6): 0.16966
Writing output files.
