****                   ADMIXTURE Version 1.3.0                  ****
****                    Copyright 2008-2015                     ****
****           David Alexander, Suyash Shringarpure,            ****
****                John  Novembre, Ken Lange                   ****
****                                                            ****
****                 Please cite our paper!                     ****
****   Information at www.genetics.ucla.edu/software/admixture  ****

Cross-validation will be performed.  Folds=5.
Parallel execution requested.  Will use 10 threads.
Random seed: 1722617512
Point estimation method: Block relaxation algorithm
Convergence acceleration algorithm: QuasiNewton, 3 secant conditions
Point estimation will terminate when objective function delta < 0.0001
Estimation of standard errors disabled; will compute point estimates only.
Size of G: 364x3412
Performing five EM steps to prime main algorithm
1 (EM) 	Elapsed: 0.044	Loglikelihood: -450452	(delta): 1.2186e+06
2 (EM) 	Elapsed: 0.043	Loglikelihood: -422310	(delta): 28142
3 (EM) 	Elapsed: 0.042	Loglikelihood: -417892	(delta): 4417.67
4 (EM) 	Elapsed: 0.042	Loglikelihood: -415494	(delta): 2397.91
5 (EM) 	Elapsed: 0.043	Loglikelihood: -413738	(delta): 1756.32
Initial loglikelihood: -413738
Starting main algorithm
1 (QN/Block) 	Elapsed: 0.126	Loglikelihood: -348849	(delta): 64888.7
2 (QN/Block) 	Elapsed: 0.126	Loglikelihood: -329195	(delta): 19653.9
3 (QN/Block) 	Elapsed: 0.129	Loglikelihood: -320829	(delta): 8366
4 (QN/Block) 	Elapsed: 0.129	Loglikelihood: -316774	(delta): 4055.53
5 (QN/Block) 	Elapsed: 0.132	Loglikelihood: -314943	(delta): 1831.33
6 (QN/Block) 	Elapsed: 0.129	Loglikelihood: -314543	(delta): 400.075
7 (QN/Block) 	Elapsed: 0.129	Loglikelihood: -314468	(delta): 74.5721
8 (QN/Block) 	Elapsed: 0.129	Loglikelihood: -314455	(delta): 13.3454
9 (QN/Block) 	Elapsed: 0.129	Loglikelihood: -314453	(delta): 1.83243
10 (QN/Block) 	Elapsed: 0.129	Loglikelihood: -314452	(delta): 0.619433
11 (QN/Block) 	Elapsed: 0.129	Loglikelihood: -314452	(delta): 0.181918
12 (QN/Block) 	Elapsed: 0.131	Loglikelihood: -314452	(delta): 0.0560807
13 (QN/Block) 	Elapsed: 0.132	Loglikelihood: -314452	(delta): 0.0211364
14 (QN/Block) 	Elapsed: 0.129	Loglikelihood: -314452	(delta): 0.00452454
15 (QN/Block) 	Elapsed: 0.129	Loglikelihood: -314452	(delta): 0.000903506
16 (QN/Block) 	Elapsed: 0.132	Loglikelihood: -314452	(delta): 0.000298329
17 (QN/Block) 	Elapsed: 0.13	Loglikelihood: -314452	(delta): 0.000470726
18 (QN/Block) 	Elapsed: 0.131	Loglikelihood: -314452	(delta): 0.000112427
19 (QN/Block) 	Elapsed: 0.129	Loglikelihood: -314452	(delta): 0.000119081
20 (QN/Block) 	Elapsed: 0.131	Loglikelihood: -314452	(delta): 0.000130704
21 (QN/Block) 	Elapsed: 0.131	Loglikelihood: -314452	(delta): 1.91878e-05
Summary: 
Converged in 21 iterations (2.976 sec)
Loglikelihood: -314451.889538
Fst divergences between estimated populations: 
	Pop0	Pop1	Pop2	
Pop0	
Pop1	0.348	
Pop2	0.330	0.325	
Pop3	0.361	0.104	0.320	
CV error (K=4): 0.19471
Writing output files.
