****                   ADMIXTURE Version 1.3.0                  ****
****                    Copyright 2008-2015                     ****
****           David Alexander, Suyash Shringarpure,            ****
****                John  Novembre, Ken Lange                   ****
****                                                            ****
****                 Please cite our paper!                     ****
****   Information at www.genetics.ucla.edu/software/admixture  ****

Cross-validation will be performed.  Folds=5.
Parallel execution requested.  Will use 10 threads.
Random seed: 1722617382
Point estimation method: Block relaxation algorithm
Convergence acceleration algorithm: QuasiNewton, 3 secant conditions
Point estimation will terminate when objective function delta < 0.0001
Estimation of standard errors disabled; will compute point estimates only.
Size of G: 364x3412
Performing five EM steps to prime main algorithm
1 (EM) 	Elapsed: 0.024	Loglikelihood: -436525	(delta): 1.40481e+06
2 (EM) 	Elapsed: 0.021	Loglikelihood: -419346	(delta): 17179
3 (EM) 	Elapsed: 0.021	Loglikelihood: -416186	(delta): 3160.02
4 (EM) 	Elapsed: 0.021	Loglikelihood: -414556	(delta): 1629.94
5 (EM) 	Elapsed: 0.021	Loglikelihood: -413645	(delta): 911.059
Initial loglikelihood: -413645
Starting main algorithm
1 (QN/Block) 	Elapsed: 0.07	Loglikelihood: -381018	(delta): 32627.1
2 (QN/Block) 	Elapsed: 0.064	Loglikelihood: -367061	(delta): 13957
3 (QN/Block) 	Elapsed: 0.082	Loglikelihood: -357066	(delta): 9994.95
4 (QN/Block) 	Elapsed: 0.077	Loglikelihood: -352310	(delta): 4755.27
5 (QN/Block) 	Elapsed: 0.074	Loglikelihood: -350194	(delta): 2116.06
6 (QN/Block) 	Elapsed: 0.07	Loglikelihood: -349937	(delta): 257.035
7 (QN/Block) 	Elapsed: 0.07	Loglikelihood: -349920	(delta): 17.1213
8 (QN/Block) 	Elapsed: 0.069	Loglikelihood: -349919	(delta): 0.657503
9 (QN/Block) 	Elapsed: 0.068	Loglikelihood: -349919	(delta): 0.109966
10 (QN/Block) 	Elapsed: 0.07	Loglikelihood: -349919	(delta): 0.0338637
11 (QN/Block) 	Elapsed: 0.067	Loglikelihood: -349919	(delta): 0.0179342
12 (QN/Block) 	Elapsed: 0.066	Loglikelihood: -349919	(delta): 0.0102589
13 (QN/Block) 	Elapsed: 0.076	Loglikelihood: -349919	(delta): 0.00318024
14 (QN/Block) 	Elapsed: 0.075	Loglikelihood: -349919	(delta): 0.00155211
15 (QN/Block) 	Elapsed: 0.069	Loglikelihood: -349919	(delta): 7.13649e-06
Summary: 
Converged in 15 iterations (1.21 sec)
Loglikelihood: -349919.259554
Fst divergences between estimated populations: 
	Pop0	
Pop0	
Pop1	0.249	
CV error (K=2): 0.22123
Writing output files.
