****                   ADMIXTURE Version 1.3.0                  ****
****                    Copyright 2008-2015                     ****
****           David Alexander, Suyash Shringarpure,            ****
****                John  Novembre, Ken Lange                   ****
****                                                            ****
****                 Please cite our paper!                     ****
****   Information at www.genetics.ucla.edu/software/admixture  ****

Cross-validation will be performed.  Folds=5.
Parallel execution requested.  Will use 10 threads.
Random seed: 1722617490
Point estimation method: Block relaxation algorithm
Convergence acceleration algorithm: QuasiNewton, 3 secant conditions
Point estimation will terminate when objective function delta < 0.0001
Estimation of standard errors disabled; will compute point estimates only.
Size of G: 364x3412
Performing five EM steps to prime main algorithm
1 (EM) 	Elapsed: 0.081	Loglikelihood: -453407	(delta): 1.15623e+06
2 (EM) 	Elapsed: 0.078	Loglikelihood: -422193	(delta): 31213.7
3 (EM) 	Elapsed: 0.078	Loglikelihood: -417646	(delta): 4546.71
4 (EM) 	Elapsed: 0.078	Loglikelihood: -415193	(delta): 2452.92
5 (EM) 	Elapsed: 0.077	Loglikelihood: -413362	(delta): 1831.35
Initial loglikelihood: -413362
Starting main algorithm
1 (QN/Block) 	Elapsed: 0.24	Loglikelihood: -336423	(delta): 76938.6
2 (QN/Block) 	Elapsed: 0.243	Loglikelihood: -311943	(delta): 24480.6
3 (QN/Block) 	Elapsed: 0.248	Loglikelihood: -298494	(delta): 13448.9
4 (QN/Block) 	Elapsed: 0.245	Loglikelihood: -285622	(delta): 12871.3
5 (QN/Block) 	Elapsed: 0.248	Loglikelihood: -280671	(delta): 4951.86
6 (QN/Block) 	Elapsed: 0.246	Loglikelihood: -279367	(delta): 1303.57
7 (QN/Block) 	Elapsed: 0.247	Loglikelihood: -279054	(delta): 312.804
8 (QN/Block) 	Elapsed: 0.244	Loglikelihood: -278956	(delta): 97.7654
9 (QN/Block) 	Elapsed: 0.247	Loglikelihood: -278924	(delta): 32.3658
10 (QN/Block) 	Elapsed: 0.246	Loglikelihood: -278909	(delta): 15.0917
11 (QN/Block) 	Elapsed: 0.246	Loglikelihood: -278901	(delta): 7.96433
12 (QN/Block) 	Elapsed: 0.246	Loglikelihood: -278880	(delta): 21.3565
13 (QN/Block) 	Elapsed: 0.246	Loglikelihood: -278868	(delta): 11.4059
14 (QN/Block) 	Elapsed: 0.247	Loglikelihood: -278859	(delta): 9.5411
15 (QN/Block) 	Elapsed: 0.246	Loglikelihood: -278856	(delta): 3.03364
16 (QN/Block) 	Elapsed: 0.247	Loglikelihood: -278853	(delta): 2.67528
17 (QN/Block) 	Elapsed: 0.248	Loglikelihood: -278851	(delta): 1.77082
18 (QN/Block) 	Elapsed: 0.25	Loglikelihood: -278850	(delta): 0.794987
19 (QN/Block) 	Elapsed: 0.248	Loglikelihood: -278850	(delta): 0.63881
20 (QN/Block) 	Elapsed: 0.25	Loglikelihood: -278850	(delta): 0.235417
21 (QN/Block) 	Elapsed: 0.245	Loglikelihood: -278849	(delta): 0.157208
22 (QN/Block) 	Elapsed: 0.25	Loglikelihood: -278849	(delta): 0.0603497
23 (QN/Block) 	Elapsed: 0.25	Loglikelihood: -278849	(delta): 0.095858
24 (QN/Block) 	Elapsed: 0.248	Loglikelihood: -278849	(delta): 0.0971877
25 (QN/Block) 	Elapsed: 0.248	Loglikelihood: -278849	(delta): 0.129045
26 (QN/Block) 	Elapsed: 0.248	Loglikelihood: -278849	(delta): 0.170055
27 (QN/Block) 	Elapsed: 0.248	Loglikelihood: -278849	(delta): 0.22257
28 (QN/Block) 	Elapsed: 0.247	Loglikelihood: -278848	(delta): 0.0851692
29 (QN/Block) 	Elapsed: 0.243	Loglikelihood: -278848	(delta): 0.0354248
30 (QN/Block) 	Elapsed: 0.246	Loglikelihood: -278848	(delta): 0.126012
31 (QN/Block) 	Elapsed: 0.245	Loglikelihood: -278848	(delta): 0.00396376
32 (QN/Block) 	Elapsed: 0.245	Loglikelihood: -278848	(delta): 0.000291617
33 (QN/Block) 	Elapsed: 0.244	Loglikelihood: -278848	(delta): 0.000564395
34 (QN/Block) 	Elapsed: 0.247	Loglikelihood: -278848	(delta): 0.00018316
35 (QN/Block) 	Elapsed: 0.247	Loglikelihood: -278848	(delta): 0.00018009
36 (QN/Block) 	Elapsed: 0.249	Loglikelihood: -278848	(delta): 0.000263701
37 (QN/Block) 	Elapsed: 0.247	Loglikelihood: -278848	(delta): 0.000389117
38 (QN/Block) 	Elapsed: 0.25	Loglikelihood: -278848	(delta): 0.000560701
39 (QN/Block) 	Elapsed: 0.248	Loglikelihood: -278848	(delta): 0.000776912
40 (QN/Block) 	Elapsed: 0.248	Loglikelihood: -278848	(delta): 0.00102343
41 (QN/Block) 	Elapsed: 0.248	Loglikelihood: -278848	(delta): 0.00126918
42 (QN/Block) 	Elapsed: 0.249	Loglikelihood: -278848	(delta): 0.00146933
43 (QN/Block) 	Elapsed: 0.244	Loglikelihood: -278848	(delta): 0.00369662
44 (QN/Block) 	Elapsed: 0.245	Loglikelihood: -278848	(delta): 0.00979995
45 (QN/Block) 	Elapsed: 0.244	Loglikelihood: -278848	(delta): 0.020983
46 (QN/Block) 	Elapsed: 0.248	Loglikelihood: -278848	(delta): 0.0687198
47 (QN/Block) 	Elapsed: 0.249	Loglikelihood: -278848	(delta): 0.164218
48 (QN/Block) 	Elapsed: 0.247	Loglikelihood: -278848	(delta): 0.482849
49 (QN/Block) 	Elapsed: 0.247	Loglikelihood: -278847	(delta): 0.620194
50 (QN/Block) 	Elapsed: 0.247	Loglikelihood: -278847	(delta): 0.0733273
51 (QN/Block) 	Elapsed: 0.244	Loglikelihood: -278847	(delta): 0.017162
52 (QN/Block) 	Elapsed: 0.248	Loglikelihood: -278847	(delta): 0.00408439
53 (QN/Block) 	Elapsed: 0.245	Loglikelihood: -278847	(delta): 0.0479542
54 (QN/Block) 	Elapsed: 0.248	Loglikelihood: -278847	(delta): 0.0709583
55 (QN/Block) 	Elapsed: 0.249	Loglikelihood: -278847	(delta): 0.00225136
56 (QN/Block) 	Elapsed: 0.245	Loglikelihood: -278847	(delta): 0.00112278
57 (QN/Block) 	Elapsed: 0.249	Loglikelihood: -278847	(delta): 0.000495562
58 (QN/Block) 	Elapsed: 0.247	Loglikelihood: -278847	(delta): 0.000549903
59 (QN/Block) 	Elapsed: 0.247	Loglikelihood: -278847	(delta): 0.000710885
60 (QN/Block) 	Elapsed: 0.247	Loglikelihood: -278847	(delta): 0.00094133
61 (QN/Block) 	Elapsed: 0.247	Loglikelihood: -278847	(delta): 0.00125592
62 (QN/Block) 	Elapsed: 0.247	Loglikelihood: -278847	(delta): 0.00168416
63 (QN/Block) 	Elapsed: 0.247	Loglikelihood: -278847	(delta): 0.00226962
64 (QN/Block) 	Elapsed: 0.247	Loglikelihood: -278847	(delta): 0.00307501
65 (QN/Block) 	Elapsed: 0.248	Loglikelihood: -278847	(delta): 0.00419095
66 (QN/Block) 	Elapsed: 0.25	Loglikelihood: -278847	(delta): 0.0057486
67 (QN/Block) 	Elapsed: 0.249	Loglikelihood: -278847	(delta): 0.00794339
68 (QN/Block) 	Elapsed: 0.249	Loglikelihood: -278847	(delta): 0.0110656
69 (QN/Block) 	Elapsed: 0.25	Loglikelihood: -278847	(delta): 0.0155173
70 (QN/Block) 	Elapsed: 0.248	Loglikelihood: -278847	(delta): 0.0182732
71 (QN/Block) 	Elapsed: 0.247	Loglikelihood: -278847	(delta): 0.00252964
72 (QN/Block) 	Elapsed: 0.243	Loglikelihood: -278847	(delta): 0.00512338
73 (QN/Block) 	Elapsed: 0.243	Loglikelihood: -278847	(delta): 0.00072823
74 (QN/Block) 	Elapsed: 0.243	Loglikelihood: -278847	(delta): 0.000123242
75 (QN/Block) 	Elapsed: 0.245	Loglikelihood: -278847	(delta): 4.30366e-05
Summary: 
Converged in 75 iterations (19.046 sec)
Loglikelihood: -278846.651487
Fst divergences between estimated populations: 
	Pop0	Pop1	Pop2	Pop3	Pop4	Pop5	
Pop0	
Pop1	0.312	
Pop2	0.441	0.468	
Pop3	0.120	0.298	0.441	
Pop4	0.372	0.408	0.436	0.353	
Pop5	0.118	0.293	0.444	0.028	0.353	
Pop6	0.328	0.395	0.418	0.324	0.363	0.327	
CV error (K=7): 0.17269
Writing output files.
