****                   ADMIXTURE Version 1.3.0                  ****
****                    Copyright 2008-2015                     ****
****           David Alexander, Suyash Shringarpure,            ****
****                John  Novembre, Ken Lange                   ****
****                                                            ****
****                 Please cite our paper!                     ****
****   Information at www.genetics.ucla.edu/software/admixture  ****

Cross-validation will be performed.  Folds=5.
Parallel execution requested.  Will use 10 threads.
Random seed: 1722617289
Point estimation method: Block relaxation algorithm
Convergence acceleration algorithm: QuasiNewton, 3 secant conditions
Point estimation will terminate when objective function delta < 0.0001
Estimation of standard errors disabled; will compute point estimates only.
Size of G: 364x3412
Performing five EM steps to prime main algorithm
1 (EM) 	Elapsed: 0.217	Loglikelihood: -452062	(delta): 1.13111e+06
2 (EM) 	Elapsed: 0.216	Loglikelihood: -421194	(delta): 30868
3 (EM) 	Elapsed: 0.22	Loglikelihood: -416390	(delta): 4803.76
4 (EM) 	Elapsed: 0.221	Loglikelihood: -413628	(delta): 2762.58
5 (EM) 	Elapsed: 0.222	Loglikelihood: -411393	(delta): 2234.96
Initial loglikelihood: -411393
Starting main algorithm
1 (QN/Block) 	Elapsed: 0.464	Loglikelihood: -328616	(delta): 82776.2
2 (QN/Block) 	Elapsed: 0.466	Loglikelihood: -296043	(delta): 32573.8
3 (QN/Block) 	Elapsed: 0.475	Loglikelihood: -286143	(delta): 9900.05
4 (QN/Block) 	Elapsed: 0.466	Loglikelihood: -281172	(delta): 4970.49
5 (QN/Block) 	Elapsed: 0.465	Loglikelihood: -279195	(delta): 1977.49
6 (QN/Block) 	Elapsed: 0.464	Loglikelihood: -278614	(delta): 580.383
7 (QN/Block) 	Elapsed: 0.439	Loglikelihood: -278389	(delta): 224.92
8 (QN/Block) 	Elapsed: 0.44	Loglikelihood: -278295	(delta): 94.5081
9 (QN/Block) 	Elapsed: 0.429	Loglikelihood: -278263	(delta): 31.7815
10 (QN/Block) 	Elapsed: 0.381	Loglikelihood: -278247	(delta): 16.1728
11 (QN/Block) 	Elapsed: 0.387	Loglikelihood: -278234	(delta): 12.7845
12 (QN/Block) 	Elapsed: 0.386	Loglikelihood: -278226	(delta): 7.98758
13 (QN/Block) 	Elapsed: 0.382	Loglikelihood: -278221	(delta): 5.07172
14 (QN/Block) 	Elapsed: 0.368	Loglikelihood: -278212	(delta): 9.25408
15 (QN/Block) 	Elapsed: 0.362	Loglikelihood: -278196	(delta): 15.4485
16 (QN/Block) 	Elapsed: 0.348	Loglikelihood: -278186	(delta): 9.96793
17 (QN/Block) 	Elapsed: 0.346	Loglikelihood: -278179	(delta): 7.38606
18 (QN/Block) 	Elapsed: 0.362	Loglikelihood: -278174	(delta): 4.43086
19 (QN/Block) 	Elapsed: 0.372	Loglikelihood: -278172	(delta): 1.95753
20 (QN/Block) 	Elapsed: 0.371	Loglikelihood: -278171	(delta): 1.35675
21 (QN/Block) 	Elapsed: 0.37	Loglikelihood: -278170	(delta): 1.59669
22 (QN/Block) 	Elapsed: 0.362	Loglikelihood: -278168	(delta): 1.61432
23 (QN/Block) 	Elapsed: 0.367	Loglikelihood: -278165	(delta): 3.08335
24 (QN/Block) 	Elapsed: 0.364	Loglikelihood: -278163	(delta): 2.31423
25 (QN/Block) 	Elapsed: 0.37	Loglikelihood: -278160	(delta): 2.25124
26 (QN/Block) 	Elapsed: 0.353	Loglikelihood: -278159	(delta): 1.10431
27 (QN/Block) 	Elapsed: 0.345	Loglikelihood: -278156	(delta): 3.245
28 (QN/Block) 	Elapsed: 0.345	Loglikelihood: -278155	(delta): 0.763258
29 (QN/Block) 	Elapsed: 0.349	Loglikelihood: -278154	(delta): 0.688533
30 (QN/Block) 	Elapsed: 0.347	Loglikelihood: -278153	(delta): 1.01263
31 (QN/Block) 	Elapsed: 0.343	Loglikelihood: -278153	(delta): 0.566132
32 (QN/Block) 	Elapsed: 0.344	Loglikelihood: -278153	(delta): 0.283886
33 (QN/Block) 	Elapsed: 0.343	Loglikelihood: -278152	(delta): 0.186973
34 (QN/Block) 	Elapsed: 0.344	Loglikelihood: -278152	(delta): 0.0773434
35 (QN/Block) 	Elapsed: 0.341	Loglikelihood: -278152	(delta): 0.055159
36 (QN/Block) 	Elapsed: 0.343	Loglikelihood: -278152	(delta): 0.0442166
37 (QN/Block) 	Elapsed: 0.343	Loglikelihood: -278152	(delta): 0.0882032
38 (QN/Block) 	Elapsed: 0.343	Loglikelihood: -278152	(delta): 0.0529182
39 (QN/Block) 	Elapsed: 0.343	Loglikelihood: -278152	(delta): 0.0948605
40 (QN/Block) 	Elapsed: 0.345	Loglikelihood: -278152	(delta): 0.0284552
41 (QN/Block) 	Elapsed: 0.346	Loglikelihood: -278152	(delta): 0.0107295
42 (QN/Block) 	Elapsed: 0.345	Loglikelihood: -278152	(delta): 0.0107487
43 (QN/Block) 	Elapsed: 0.346	Loglikelihood: -278152	(delta): 0.00789146
44 (QN/Block) 	Elapsed: 0.343	Loglikelihood: -278152	(delta): 0.00730831
45 (QN/Block) 	Elapsed: 0.346	Loglikelihood: -278152	(delta): 0.00524494
46 (QN/Block) 	Elapsed: 0.346	Loglikelihood: -278152	(delta): 0.00671422
47 (QN/Block) 	Elapsed: 0.344	Loglikelihood: -278152	(delta): 0.00980615
48 (QN/Block) 	Elapsed: 0.343	Loglikelihood: -278152	(delta): 0.0214548
49 (QN/Block) 	Elapsed: 0.346	Loglikelihood: -278152	(delta): 0.0852623
50 (QN/Block) 	Elapsed: 0.345	Loglikelihood: -278152	(delta): 0.00487268
51 (QN/Block) 	Elapsed: 0.341	Loglikelihood: -278152	(delta): 0.00819614
52 (QN/Block) 	Elapsed: 0.342	Loglikelihood: -278152	(delta): 0.00464991
53 (QN/Block) 	Elapsed: 0.345	Loglikelihood: -278152	(delta): 0.0014974
54 (QN/Block) 	Elapsed: 0.342	Loglikelihood: -278152	(delta): 0.00409698
55 (QN/Block) 	Elapsed: 0.343	Loglikelihood: -278152	(delta): 0.0718387
56 (QN/Block) 	Elapsed: 0.347	Loglikelihood: -278152	(delta): 0.0892005
57 (QN/Block) 	Elapsed: 0.34	Loglikelihood: -278152	(delta): 0.0794848
58 (QN/Block) 	Elapsed: 0.342	Loglikelihood: -278152	(delta): 0.00834101
59 (QN/Block) 	Elapsed: 0.341	Loglikelihood: -278152	(delta): 0.00202687
60 (QN/Block) 	Elapsed: 0.341	Loglikelihood: -278152	(delta): 0.00118112
61 (QN/Block) 	Elapsed: 0.342	Loglikelihood: -278152	(delta): 0.000549178
62 (QN/Block) 	Elapsed: 0.342	Loglikelihood: -278152	(delta): 0.000260515
63 (QN/Block) 	Elapsed: 0.342	Loglikelihood: -278152	(delta): 0.000104745
64 (QN/Block) 	Elapsed: 0.341	Loglikelihood: -278152	(delta): 6.41893e-05
Summary: 
Converged in 64 iterations (24.684 sec)
Loglikelihood: -278151.543161
Fst divergences between estimated populations: 
	Pop0	Pop1	Pop2	Pop3	Pop4	Pop5	Pop6	
Pop0	
Pop1	0.364	
Pop2	0.412	0.308	
Pop3	0.357	0.092	0.296	
Pop4	0.438	0.443	0.468	0.444	
Pop5	0.038	0.365	0.412	0.358	0.442	
Pop6	0.375	0.062	0.308	0.121	0.439	0.375	
Pop7	0.366	0.324	0.395	0.326	0.418	0.368	0.327	
CV error (K=8): 0.17436
Writing output files.
