****                   ADMIXTURE Version 1.3.0                  ****
****                    Copyright 2008-2015                     ****
****           David Alexander, Suyash Shringarpure,            ****
****                John  Novembre, Ken Lange                   ****
****                                                            ****
****                 Please cite our paper!                     ****
****   Information at www.genetics.ucla.edu/software/admixture  ****

Cross-validation will be performed.  Folds=5.
Parallel execution requested.  Will use 10 threads.
Random seed: 1722617453
Point estimation method: Block relaxation algorithm
Convergence acceleration algorithm: QuasiNewton, 3 secant conditions
Point estimation will terminate when objective function delta < 0.0001
Estimation of standard errors disabled; will compute point estimates only.
Size of G: 364x3412
Performing five EM steps to prime main algorithm
1 (EM) 	Elapsed: 0.039	Loglikelihood: -450039	(delta): 1.23753e+06
2 (EM) 	Elapsed: 0.038	Loglikelihood: -421378	(delta): 28660.6
3 (EM) 	Elapsed: 0.037	Loglikelihood: -416392	(delta): 4986.36
4 (EM) 	Elapsed: 0.037	Loglikelihood: -413477	(delta): 2915.24
5 (EM) 	Elapsed: 0.038	Loglikelihood: -411195	(delta): 2281.83
Initial loglikelihood: -411195
Starting main algorithm
1 (QN/Block) 	Elapsed: 0.117	Loglikelihood: -340242	(delta): 70952.4
2 (QN/Block) 	Elapsed: 0.118	Loglikelihood: -317498	(delta): 22744.8
3 (QN/Block) 	Elapsed: 0.121	Loglikelihood: -307718	(delta): 9780.04
4 (QN/Block) 	Elapsed: 0.121	Loglikelihood: -302511	(delta): 5207.02
5 (QN/Block) 	Elapsed: 0.122	Loglikelihood: -300540	(delta): 1970.3
6 (QN/Block) 	Elapsed: 0.123	Loglikelihood: -299987	(delta): 552.847
7 (QN/Block) 	Elapsed: 0.121	Loglikelihood: -299904	(delta): 83.3901
8 (QN/Block) 	Elapsed: 0.124	Loglikelihood: -299894	(delta): 10.0606
9 (QN/Block) 	Elapsed: 0.124	Loglikelihood: -299894	(delta): 0.393926
10 (QN/Block) 	Elapsed: 0.12	Loglikelihood: -299893	(delta): 0.109763
11 (QN/Block) 	Elapsed: 0.124	Loglikelihood: -299893	(delta): 0.0196746
12 (QN/Block) 	Elapsed: 0.12	Loglikelihood: -299893	(delta): 0.00661635
13 (QN/Block) 	Elapsed: 0.124	Loglikelihood: -299893	(delta): 0.00226137
14 (QN/Block) 	Elapsed: 0.124	Loglikelihood: -299893	(delta): 7.55558e-05
Summary: 
Converged in 14 iterations (1.923 sec)
Loglikelihood: -299893.403475
Fst divergences between estimated populations: 
	Pop0	Pop1	Pop2	
Pop0	
Pop1	0.420	
Pop2	0.382	0.279	
Pop3	0.390	0.406	0.338	
CV error (K=4): 0.18079
Writing output files.
