****                   ADMIXTURE Version 1.3.0                  ****
****                    Copyright 2008-2015                     ****
****           David Alexander, Suyash Shringarpure,            ****
****                John  Novembre, Ken Lange                   ****
****                                                            ****
****                 Please cite our paper!                     ****
****   Information at www.genetics.ucla.edu/software/admixture  ****

Cross-validation will be performed.  Folds=5.
Parallel execution requested.  Will use 10 threads.
Random seed: 1722618246
Point estimation method: Block relaxation algorithm
Convergence acceleration algorithm: QuasiNewton, 3 secant conditions
Point estimation will terminate when objective function delta < 0.0001
Estimation of standard errors disabled; will compute point estimates only.
Size of G: 364x3412
Performing five EM steps to prime main algorithm
1 (EM) 	Elapsed: 0.095	Loglikelihood: -452663	(delta): 1.15233e+06
2 (EM) 	Elapsed: 0.093	Loglikelihood: -421994	(delta): 30668.5
3 (EM) 	Elapsed: 0.092	Loglikelihood: -417568	(delta): 4426.2
4 (EM) 	Elapsed: 0.092	Loglikelihood: -415046	(delta): 2521.77
5 (EM) 	Elapsed: 0.092	Loglikelihood: -413098	(delta): 1948.07
Initial loglikelihood: -413098
Starting main algorithm
1 (QN/Block) 	Elapsed: 0.271	Loglikelihood: -333393	(delta): 79705.1
2 (QN/Block) 	Elapsed: 0.276	Loglikelihood: -302425	(delta): 30968.3
3 (QN/Block) 	Elapsed: 0.278	Loglikelihood: -289235	(delta): 13189.8
4 (QN/Block) 	Elapsed: 0.273	Loglikelihood: -282730	(delta): 6504.34
5 (QN/Block) 	Elapsed: 0.291	Loglikelihood: -280084	(delta): 2646.68
6 (QN/Block) 	Elapsed: 0.273	Loglikelihood: -279226	(delta): 857.631
7 (QN/Block) 	Elapsed: 0.279	Loglikelihood: -279034	(delta): 191.845
8 (QN/Block) 	Elapsed: 0.272	Loglikelihood: -278957	(delta): 76.7604
9 (QN/Block) 	Elapsed: 0.273	Loglikelihood: -278917	(delta): 40.6149
10 (QN/Block) 	Elapsed: 0.284	Loglikelihood: -278890	(delta): 26.7935
11 (QN/Block) 	Elapsed: 0.287	Loglikelihood: -278870	(delta): 20.3754
12 (QN/Block) 	Elapsed: 0.276	Loglikelihood: -278838	(delta): 31.9345
13 (QN/Block) 	Elapsed: 0.286	Loglikelihood: -278829	(delta): 8.69938
14 (QN/Block) 	Elapsed: 0.276	Loglikelihood: -278822	(delta): 6.67544
15 (QN/Block) 	Elapsed: 0.283	Loglikelihood: -278816	(delta): 6.56836
16 (QN/Block) 	Elapsed: 0.274	Loglikelihood: -278808	(delta): 7.97546
17 (QN/Block) 	Elapsed: 0.279	Loglikelihood: -278802	(delta): 5.80295
18 (QN/Block) 	Elapsed: 0.286	Loglikelihood: -278799	(delta): 3.50541
19 (QN/Block) 	Elapsed: 0.278	Loglikelihood: -278797	(delta): 1.83348
20 (QN/Block) 	Elapsed: 0.278	Loglikelihood: -278796	(delta): 0.680846
21 (QN/Block) 	Elapsed: 0.273	Loglikelihood: -278795	(delta): 0.756017
22 (QN/Block) 	Elapsed: 0.278	Loglikelihood: -278795	(delta): 0.618616
23 (QN/Block) 	Elapsed: 0.271	Loglikelihood: -278794	(delta): 0.277152
24 (QN/Block) 	Elapsed: 0.277	Loglikelihood: -278794	(delta): 0.186337
25 (QN/Block) 	Elapsed: 0.28	Loglikelihood: -278794	(delta): 0.21355
26 (QN/Block) 	Elapsed: 0.277	Loglikelihood: -278794	(delta): 0.138685
27 (QN/Block) 	Elapsed: 0.272	Loglikelihood: -278794	(delta): 0.0144337
28 (QN/Block) 	Elapsed: 0.279	Loglikelihood: -278794	(delta): 0.00571701
29 (QN/Block) 	Elapsed: 0.275	Loglikelihood: -278794	(delta): 0.00382016
30 (QN/Block) 	Elapsed: 0.283	Loglikelihood: -278794	(delta): 0.00243744
31 (QN/Block) 	Elapsed: 0.272	Loglikelihood: -278794	(delta): 0.000469895
32 (QN/Block) 	Elapsed: 0.278	Loglikelihood: -278794	(delta): 0.000282985
33 (QN/Block) 	Elapsed: 0.28	Loglikelihood: -278794	(delta): 0.000175098
34 (QN/Block) 	Elapsed: 0.288	Loglikelihood: -278794	(delta): 3.23136e-05
Summary: 
Converged in 34 iterations (9.99 sec)
Loglikelihood: -278793.801063
Fst divergences between estimated populations: 
	Pop0	Pop1	Pop2	Pop3	Pop4	Pop5	
Pop0	
Pop1	0.324	
Pop2	0.418	0.442	
Pop3	0.395	0.294	0.468	
Pop4	0.363	0.352	0.436	0.408	
Pop5	0.326	0.117	0.440	0.310	0.371	
Pop6	0.326	0.030	0.443	0.298	0.354	0.117	
CV error (K=7): 0.17214
Writing output files.
