****                   ADMIXTURE Version 1.3.0                  ****
****                    Copyright 2008-2015                     ****
****           David Alexander, Suyash Shringarpure,            ****
****                John  Novembre, Ken Lange                   ****
****                                                            ****
****                 Please cite our paper!                     ****
****   Information at www.genetics.ucla.edu/software/admixture  ****

Cross-validation will be performed.  Folds=5.
Parallel execution requested.  Will use 10 threads.
Random seed: 1722617594
Point estimation method: Block relaxation algorithm
Convergence acceleration algorithm: QuasiNewton, 3 secant conditions
Point estimation will terminate when objective function delta < 0.0001
Estimation of standard errors disabled; will compute point estimates only.
Size of G: 364x3412
Performing five EM steps to prime main algorithm
1 (EM) 	Elapsed: 0.054	Loglikelihood: -453480	(delta): 1.19275e+06
2 (EM) 	Elapsed: 0.05	Loglikelihood: -422368	(delta): 31111.7
3 (EM) 	Elapsed: 0.05	Loglikelihood: -416867	(delta): 5501.25
4 (EM) 	Elapsed: 0.05	Loglikelihood: -413701	(delta): 3165.99
5 (EM) 	Elapsed: 0.05	Loglikelihood: -411307	(delta): 2393.81
Initial loglikelihood: -411307
Starting main algorithm
1 (QN/Block) 	Elapsed: 0.133	Loglikelihood: -342541	(delta): 68766.4
2 (QN/Block) 	Elapsed: 0.133	Loglikelihood: -326173	(delta): 16367.4
3 (QN/Block) 	Elapsed: 0.137	Loglikelihood: -316080	(delta): 10093.4
4 (QN/Block) 	Elapsed: 0.136	Loglikelihood: -309936	(delta): 6143.99
5 (QN/Block) 	Elapsed: 0.136	Loglikelihood: -307704	(delta): 2231.54
6 (QN/Block) 	Elapsed: 0.137	Loglikelihood: -307214	(delta): 490.199
7 (QN/Block) 	Elapsed: 0.138	Loglikelihood: -307062	(delta): 152.087
8 (QN/Block) 	Elapsed: 0.137	Loglikelihood: -307015	(delta): 47.5904
9 (QN/Block) 	Elapsed: 0.138	Loglikelihood: -306981	(delta): 33.9917
10 (QN/Block) 	Elapsed: 0.139	Loglikelihood: -306238	(delta): 742.176
11 (QN/Block) 	Elapsed: 0.139	Loglikelihood: -296522	(delta): 9716.38
12 (QN/Block) 	Elapsed: 0.14	Loglikelihood: -294991	(delta): 1530.77
13 (QN/Block) 	Elapsed: 0.138	Loglikelihood: -294330	(delta): 661.144
14 (QN/Block) 	Elapsed: 0.139	Loglikelihood: -293961	(delta): 369.228
15 (QN/Block) 	Elapsed: 0.138	Loglikelihood: -293772	(delta): 189.241
16 (QN/Block) 	Elapsed: 0.14	Loglikelihood: -293688	(delta): 83.2355
17 (QN/Block) 	Elapsed: 0.14	Loglikelihood: -293674	(delta): 14.2173
18 (QN/Block) 	Elapsed: 0.14	Loglikelihood: -293667	(delta): 7.4378
19 (QN/Block) 	Elapsed: 0.139	Loglikelihood: -293661	(delta): 5.46409
20 (QN/Block) 	Elapsed: 0.14	Loglikelihood: -293656	(delta): 5.34745
21 (QN/Block) 	Elapsed: 0.14	Loglikelihood: -293651	(delta): 5.37291
22 (QN/Block) 	Elapsed: 0.138	Loglikelihood: -293648	(delta): 2.73539
23 (QN/Block) 	Elapsed: 0.14	Loglikelihood: -293647	(delta): 0.650159
24 (QN/Block) 	Elapsed: 0.136	Loglikelihood: -293647	(delta): 0.0944225
25 (QN/Block) 	Elapsed: 0.136	Loglikelihood: -293647	(delta): 0.0554705
26 (QN/Block) 	Elapsed: 0.137	Loglikelihood: -293647	(delta): 0.0113673
27 (QN/Block) 	Elapsed: 0.137	Loglikelihood: -293647	(delta): 0.00314397
28 (QN/Block) 	Elapsed: 0.135	Loglikelihood: -293647	(delta): 0.00561605
29 (QN/Block) 	Elapsed: 0.14	Loglikelihood: -293647	(delta): 0.000136742
30 (QN/Block) 	Elapsed: 0.136	Loglikelihood: -293647	(delta): 9.76626e-06
Summary: 
Converged in 30 iterations (4.445 sec)
Loglikelihood: -293647.058639
Fst divergences between estimated populations: 
	Pop0	Pop1	Pop2	Pop3	
Pop0	
Pop1	0.362	
Pop2	0.407	0.302	
Pop3	0.393	0.394	0.425	
Pop4	0.348	0.101	0.292	0.398	
CV error (K=5): 0.17920
Writing output files.
