****                   ADMIXTURE Version 1.3.0                  ****
****                    Copyright 2008-2015                     ****
****           David Alexander, Suyash Shringarpure,            ****
****                John  Novembre, Ken Lange                   ****
****                                                            ****
****                 Please cite our paper!                     ****
****   Information at www.genetics.ucla.edu/software/admixture  ****

Cross-validation will be performed.  Folds=5.
Parallel execution requested.  Will use 10 threads.
Random seed: 1722617372
Point estimation method: Block relaxation algorithm
Convergence acceleration algorithm: QuasiNewton, 3 secant conditions
Point estimation will terminate when objective function delta < 0.0001
Estimation of standard errors disabled; will compute point estimates only.
Size of G: 364x3412
Performing five EM steps to prime main algorithm
1 (EM) 	Elapsed: 0.05	Loglikelihood: -448948	(delta): 1.21957e+06
2 (EM) 	Elapsed: 0.047	Loglikelihood: -422149	(delta): 26799.1
3 (EM) 	Elapsed: 0.047	Loglikelihood: -417571	(delta): 4577.86
4 (EM) 	Elapsed: 0.047	Loglikelihood: -415049	(delta): 2521.89
5 (EM) 	Elapsed: 0.047	Loglikelihood: -413279	(delta): 1770.27
Initial loglikelihood: -413279
Starting main algorithm
1 (QN/Block) 	Elapsed: 0.136	Loglikelihood: -356151	(delta): 57127.7
2 (QN/Block) 	Elapsed: 0.135	Loglikelihood: -339332	(delta): 16818.9
3 (QN/Block) 	Elapsed: 0.142	Loglikelihood: -329638	(delta): 9694.48
4 (QN/Block) 	Elapsed: 0.144	Loglikelihood: -320438	(delta): 9199.17
5 (QN/Block) 	Elapsed: 0.142	Loglikelihood: -315143	(delta): 5295.86
6 (QN/Block) 	Elapsed: 0.143	Loglikelihood: -313738	(delta): 1404.37
7 (QN/Block) 	Elapsed: 0.144	Loglikelihood: -313368	(delta): 370.36
8 (QN/Block) 	Elapsed: 0.143	Loglikelihood: -313258	(delta): 109.682
9 (QN/Block) 	Elapsed: 0.147	Loglikelihood: -313231	(delta): 27.1757
10 (QN/Block) 	Elapsed: 0.146	Loglikelihood: -313224	(delta): 6.95865
11 (QN/Block) 	Elapsed: 0.148	Loglikelihood: -313246	(delta): -21.9721
12 (QN/Block) 	Elapsed: 0.148	Loglikelihood: -313234	(delta): 12.1499
13 (QN/Block) 	Elapsed: 0.147	Loglikelihood: -313221	(delta): 13.3288
14 (QN/Block) 	Elapsed: 0.148	Loglikelihood: -313204	(delta): 16.1769
15 (QN/Block) 	Elapsed: 0.149	Loglikelihood: -313176	(delta): 28.0876
16 (QN/Block) 	Elapsed: 0.149	Loglikelihood: -313004	(delta): 172.723
17 (QN/Block) 	Elapsed: 0.148	Loglikelihood: -304608	(delta): 8395.64
18 (QN/Block) 	Elapsed: 0.149	Loglikelihood: -301687	(delta): 2920.43
19 (QN/Block) 	Elapsed: 0.148	Loglikelihood: -300823	(delta): 864.779
20 (QN/Block) 	Elapsed: 0.145	Loglikelihood: -300214	(delta): 608.368
21 (QN/Block) 	Elapsed: 0.148	Loglikelihood: -299991	(delta): 223.542
22 (QN/Block) 	Elapsed: 0.147	Loglikelihood: -299904	(delta): 86.7734
23 (QN/Block) 	Elapsed: 0.146	Loglikelihood: -299894	(delta): 9.73144
24 (QN/Block) 	Elapsed: 0.141	Loglikelihood: -299893	(delta): 0.795699
25 (QN/Block) 	Elapsed: 0.142	Loglikelihood: -299893	(delta): 0.0266365
26 (QN/Block) 	Elapsed: 0.144	Loglikelihood: -299893	(delta): 0.0173449
27 (QN/Block) 	Elapsed: 0.143	Loglikelihood: -299893	(delta): 0.0063339
28 (QN/Block) 	Elapsed: 0.142	Loglikelihood: -299893	(delta): 0.00385698
29 (QN/Block) 	Elapsed: 0.142	Loglikelihood: -299893	(delta): 0.00597466
30 (QN/Block) 	Elapsed: 0.147	Loglikelihood: -299893	(delta): 0.00284939
31 (QN/Block) 	Elapsed: 0.143	Loglikelihood: -299893	(delta): 4.76078e-05
Summary: 
Converged in 31 iterations (4.797 sec)
Loglikelihood: -299893.398917
Fst divergences between estimated populations: 
	Pop0	Pop1	Pop2	
Pop0	
Pop1	0.420	
Pop2	0.406	0.390	
Pop3	0.279	0.382	0.338	
CV error (K=4): 0.18090
Writing output files.
