****                   ADMIXTURE Version 1.3.0                  ****
****                    Copyright 2008-2015                     ****
****           David Alexander, Suyash Shringarpure,            ****
****                John  Novembre, Ken Lange                   ****
****                                                            ****
****                 Please cite our paper!                     ****
****   Information at www.genetics.ucla.edu/software/admixture  ****

Cross-validation will be performed.  Folds=5.
Parallel execution requested.  Will use 10 threads.
Random seed: 1722617529
Point estimation method: Block relaxation algorithm
Convergence acceleration algorithm: QuasiNewton, 3 secant conditions
Point estimation will terminate when objective function delta < 0.0001
Estimation of standard errors disabled; will compute point estimates only.
Size of G: 364x3412
Performing five EM steps to prime main algorithm
1 (EM) 	Elapsed: 0.059	Loglikelihood: -450924	(delta): 1.20526e+06
2 (EM) 	Elapsed: 0.054	Loglikelihood: -422278	(delta): 28645.4
3 (EM) 	Elapsed: 0.054	Loglikelihood: -417608	(delta): 4670.5
4 (EM) 	Elapsed: 0.055	Loglikelihood: -415052	(delta): 2555.49
5 (EM) 	Elapsed: 0.055	Loglikelihood: -413212	(delta): 1840.78
Initial loglikelihood: -413212
Starting main algorithm
1 (QN/Block) 	Elapsed: 0.197	Loglikelihood: -346823	(delta): 66388.1
2 (QN/Block) 	Elapsed: 0.212	Loglikelihood: -314451	(delta): 32372.9
3 (QN/Block) 	Elapsed: 0.229	Loglikelihood: -297275	(delta): 17175.4
4 (QN/Block) 	Elapsed: 0.167	Loglikelihood: -290874	(delta): 6401.55
5 (QN/Block) 	Elapsed: 0.168	Loglikelihood: -287922	(delta): 2951.93
6 (QN/Block) 	Elapsed: 0.165	Loglikelihood: -287178	(delta): 743.23
7 (QN/Block) 	Elapsed: 0.165	Loglikelihood: -287036	(delta): 142.168
8 (QN/Block) 	Elapsed: 0.174	Loglikelihood: -287013	(delta): 23.6833
9 (QN/Block) 	Elapsed: 0.168	Loglikelihood: -287012	(delta): 0.46187
10 (QN/Block) 	Elapsed: 0.193	Loglikelihood: -287012	(delta): 0.112387
11 (QN/Block) 	Elapsed: 0.209	Loglikelihood: -287012	(delta): 0.030214
12 (QN/Block) 	Elapsed: 0.168	Loglikelihood: -287012	(delta): 0.0146698
13 (QN/Block) 	Elapsed: 0.173	Loglikelihood: -287012	(delta): 0.00521289
14 (QN/Block) 	Elapsed: 0.171	Loglikelihood: -287012	(delta): 0.000874597
15 (QN/Block) 	Elapsed: 0.195	Loglikelihood: -287012	(delta): 0.000483056
16 (QN/Block) 	Elapsed: 0.176	Loglikelihood: -287012	(delta): 0.000108906
17 (QN/Block) 	Elapsed: 0.167	Loglikelihood: -287012	(delta): 5.25469e-05
Summary: 
Converged in 17 iterations (3.413 sec)
Loglikelihood: -287011.995087
Fst divergences between estimated populations: 
	Pop0	Pop1	Pop2	Pop3	
Pop0	
Pop1	0.418	
Pop2	0.307	0.428	
Pop3	0.394	0.467	0.280	
Pop4	0.362	0.436	0.340	0.407	
CV error (K=5): 0.17204
Writing output files.
