****                   ADMIXTURE Version 1.3.0                  ****
****                    Copyright 2008-2015                     ****
****           David Alexander, Suyash Shringarpure,            ****
****                John  Novembre, Ken Lange                   ****
****                                                            ****
****                 Please cite our paper!                     ****
****   Information at www.genetics.ucla.edu/software/admixture  ****

Cross-validation will be performed.  Folds=5.
Parallel execution requested.  Will use 10 threads.
Random seed: 1722618964
Point estimation method: Block relaxation algorithm
Convergence acceleration algorithm: QuasiNewton, 3 secant conditions
Point estimation will terminate when objective function delta < 0.0001
Estimation of standard errors disabled; will compute point estimates only.
Size of G: 364x3412
Performing five EM steps to prime main algorithm
1 (EM) 	Elapsed: 0.142	Loglikelihood: -451917	(delta): 1.13161e+06
2 (EM) 	Elapsed: 0.14	Loglikelihood: -420872	(delta): 31045
3 (EM) 	Elapsed: 0.14	Loglikelihood: -416289	(delta): 4582.95
4 (EM) 	Elapsed: 0.14	Loglikelihood: -413699	(delta): 2589.45
5 (EM) 	Elapsed: 0.139	Loglikelihood: -411619	(delta): 2080.74
Initial loglikelihood: -411619
Starting main algorithm
1 (QN/Block) 	Elapsed: 0.349	Loglikelihood: -331189	(delta): 80430.2
2 (QN/Block) 	Elapsed: 0.35	Loglikelihood: -302102	(delta): 29086.9
3 (QN/Block) 	Elapsed: 0.354	Loglikelihood: -286556	(delta): 15545.3
4 (QN/Block) 	Elapsed: 0.354	Loglikelihood: -280367	(delta): 6189.23
5 (QN/Block) 	Elapsed: 0.354	Loglikelihood: -278236	(delta): 2130.98
6 (QN/Block) 	Elapsed: 0.354	Loglikelihood: -277732	(delta): 503.686
7 (QN/Block) 	Elapsed: 0.354	Loglikelihood: -277580	(delta): 151.956
8 (QN/Block) 	Elapsed: 0.354	Loglikelihood: -277506	(delta): 74.3459
9 (QN/Block) 	Elapsed: 0.354	Loglikelihood: -277448	(delta): 58.1287
10 (QN/Block) 	Elapsed: 0.354	Loglikelihood: -277415	(delta): 33.4096
11 (QN/Block) 	Elapsed: 0.354	Loglikelihood: -277384	(delta): 30.196
12 (QN/Block) 	Elapsed: 0.354	Loglikelihood: -277363	(delta): 21.644
13 (QN/Block) 	Elapsed: 0.355	Loglikelihood: -277332	(delta): 31.1068
14 (QN/Block) 	Elapsed: 0.357	Loglikelihood: -277314	(delta): 17.7678
15 (QN/Block) 	Elapsed: 0.357	Loglikelihood: -277301	(delta): 12.5211
16 (QN/Block) 	Elapsed: 0.359	Loglikelihood: -277287	(delta): 14.0593
17 (QN/Block) 	Elapsed: 0.355	Loglikelihood: -277277	(delta): 10.0664
18 (QN/Block) 	Elapsed: 0.357	Loglikelihood: -277267	(delta): 10.4073
19 (QN/Block) 	Elapsed: 0.359	Loglikelihood: -277261	(delta): 6.19935
20 (QN/Block) 	Elapsed: 0.356	Loglikelihood: -277255	(delta): 5.64821
21 (QN/Block) 	Elapsed: 0.358	Loglikelihood: -277249	(delta): 5.98334
22 (QN/Block) 	Elapsed: 0.357	Loglikelihood: -277245	(delta): 4.46128
23 (QN/Block) 	Elapsed: 0.356	Loglikelihood: -277241	(delta): 3.1396
24 (QN/Block) 	Elapsed: 0.357	Loglikelihood: -277238	(delta): 3.63616
25 (QN/Block) 	Elapsed: 0.355	Loglikelihood: -277236	(delta): 1.32036
26 (QN/Block) 	Elapsed: 0.357	Loglikelihood: -277235	(delta): 1.34401
27 (QN/Block) 	Elapsed: 0.359	Loglikelihood: -277234	(delta): 1.08886
28 (QN/Block) 	Elapsed: 0.358	Loglikelihood: -277233	(delta): 1.06075
29 (QN/Block) 	Elapsed: 0.358	Loglikelihood: -277232	(delta): 1.36753
30 (QN/Block) 	Elapsed: 0.356	Loglikelihood: -277230	(delta): 1.66168
31 (QN/Block) 	Elapsed: 0.357	Loglikelihood: -277228	(delta): 2.08503
32 (QN/Block) 	Elapsed: 0.358	Loglikelihood: -277226	(delta): 1.82699
33 (QN/Block) 	Elapsed: 0.357	Loglikelihood: -277222	(delta): 3.73516
34 (QN/Block) 	Elapsed: 0.359	Loglikelihood: -277220	(delta): 2.0959
35 (QN/Block) 	Elapsed: 0.358	Loglikelihood: -277219	(delta): 1.24141
36 (QN/Block) 	Elapsed: 0.358	Loglikelihood: -277217	(delta): 1.5094
37 (QN/Block) 	Elapsed: 0.358	Loglikelihood: -277216	(delta): 1.04745
38 (QN/Block) 	Elapsed: 0.354	Loglikelihood: -277215	(delta): 0.969034
39 (QN/Block) 	Elapsed: 0.353	Loglikelihood: -277214	(delta): 1.09887
40 (QN/Block) 	Elapsed: 0.353	Loglikelihood: -277213	(delta): 0.832439
41 (QN/Block) 	Elapsed: 0.354	Loglikelihood: -277213	(delta): 0.63699
42 (QN/Block) 	Elapsed: 0.355	Loglikelihood: -277212	(delta): 0.659426
43 (QN/Block) 	Elapsed: 0.358	Loglikelihood: -277212	(delta): 0.268659
44 (QN/Block) 	Elapsed: 0.359	Loglikelihood: -277212	(delta): 0.330706
45 (QN/Block) 	Elapsed: 0.359	Loglikelihood: -277211	(delta): 0.581567
46 (QN/Block) 	Elapsed: 0.358	Loglikelihood: -277210	(delta): 1.13915
47 (QN/Block) 	Elapsed: 0.358	Loglikelihood: -277209	(delta): 0.485853
48 (QN/Block) 	Elapsed: 0.359	Loglikelihood: -277209	(delta): 0.252647
49 (QN/Block) 	Elapsed: 0.356	Loglikelihood: -277209	(delta): 0.188983
50 (QN/Block) 	Elapsed: 0.359	Loglikelihood: -277209	(delta): 0.358412
51 (QN/Block) 	Elapsed: 0.358	Loglikelihood: -277208	(delta): 0.11709
52 (QN/Block) 	Elapsed: 0.358	Loglikelihood: -277208	(delta): 0.14697
53 (QN/Block) 	Elapsed: 0.357	Loglikelihood: -277208	(delta): 0.298007
54 (QN/Block) 	Elapsed: 0.357	Loglikelihood: -277207	(delta): 0.71628
55 (QN/Block) 	Elapsed: 0.358	Loglikelihood: -277207	(delta): 0.637709
56 (QN/Block) 	Elapsed: 0.353	Loglikelihood: -277206	(delta): 0.986566
57 (QN/Block) 	Elapsed: 0.359	Loglikelihood: -277204	(delta): 1.85441
58 (QN/Block) 	Elapsed: 0.358	Loglikelihood: -277202	(delta): 1.69647
59 (QN/Block) 	Elapsed: 0.357	Loglikelihood: -277200	(delta): 1.84433
60 (QN/Block) 	Elapsed: 0.358	Loglikelihood: -277199	(delta): 1.35323
61 (QN/Block) 	Elapsed: 0.358	Loglikelihood: -277198	(delta): 1.09125
62 (QN/Block) 	Elapsed: 0.358	Loglikelihood: -277196	(delta): 1.79792
63 (QN/Block) 	Elapsed: 0.357	Loglikelihood: -277193	(delta): 2.54787
64 (QN/Block) 	Elapsed: 0.355	Loglikelihood: -277193	(delta): 0.590338
65 (QN/Block) 	Elapsed: 0.355	Loglikelihood: -277192	(delta): 0.456708
66 (QN/Block) 	Elapsed: 0.354	Loglikelihood: -277192	(delta): 0.459888
67 (QN/Block) 	Elapsed: 0.358	Loglikelihood: -277191	(delta): 1.23204
68 (QN/Block) 	Elapsed: 0.353	Loglikelihood: -277190	(delta): 0.448091
69 (QN/Block) 	Elapsed: 0.358	Loglikelihood: -277190	(delta): 0.11777
70 (QN/Block) 	Elapsed: 0.353	Loglikelihood: -277190	(delta): 0.0392125
71 (QN/Block) 	Elapsed: 0.355	Loglikelihood: -277190	(delta): 0.00452501
72 (QN/Block) 	Elapsed: 0.353	Loglikelihood: -277190	(delta): 0.00445406
73 (QN/Block) 	Elapsed: 0.354	Loglikelihood: -277190	(delta): 0.0051009
74 (QN/Block) 	Elapsed: 0.355	Loglikelihood: -277190	(delta): 0.00292831
75 (QN/Block) 	Elapsed: 0.355	Loglikelihood: -277190	(delta): 0.0029511
76 (QN/Block) 	Elapsed: 0.355	Loglikelihood: -277190	(delta): 0.00124228
77 (QN/Block) 	Elapsed: 0.353	Loglikelihood: -277190	(delta): 0.000549297
78 (QN/Block) 	Elapsed: 0.353	Loglikelihood: -277190	(delta): 0.000134302
79 (QN/Block) 	Elapsed: 0.353	Loglikelihood: -277190	(delta): 3.85807e-05
Summary: 
Converged in 79 iterations (28.986 sec)
Loglikelihood: -277190.093035
Fst divergences between estimated populations: 
	Pop0	Pop1	Pop2	Pop3	Pop4	Pop5	Pop6	
Pop0	
Pop1	0.304	
Pop2	0.033	0.293	
Pop3	0.329	0.395	0.326	
Pop4	0.134	0.317	0.125	0.332	
Pop5	0.042	0.302	0.042	0.328	0.135	
Pop6	0.446	0.468	0.443	0.418	0.444	0.446	
Pop7	0.358	0.408	0.353	0.363	0.377	0.358	0.436	
CV error (K=8): 0.17485
Writing output files.
