****                   ADMIXTURE Version 1.3.0                  ****
****                    Copyright 2008-2015                     ****
****           David Alexander, Suyash Shringarpure,            ****
****                John  Novembre, Ken Lange                   ****
****                                                            ****
****                 Please cite our paper!                     ****
****   Information at www.genetics.ucla.edu/software/admixture  ****

Cross-validation will be performed.  Folds=5.
Parallel execution requested.  Will use 10 threads.
Random seed: 1722617362
Point estimation method: Block relaxation algorithm
Convergence acceleration algorithm: QuasiNewton, 3 secant conditions
Point estimation will terminate when objective function delta < 0.0001
Estimation of standard errors disabled; will compute point estimates only.
Size of G: 364x3412
Performing five EM steps to prime main algorithm
1 (EM) 	Elapsed: 0.037	Loglikelihood: -447563	(delta): 1.29316e+06
2 (EM) 	Elapsed: 0.034	Loglikelihood: -422029	(delta): 25533.9
3 (EM) 	Elapsed: 0.034	Loglikelihood: -417525	(delta): 4504.07
4 (EM) 	Elapsed: 0.034	Loglikelihood: -415244	(delta): 2281.46
5 (EM) 	Elapsed: 0.034	Loglikelihood: -413747	(delta): 1497.03
Initial loglikelihood: -413747
Starting main algorithm
1 (QN/Block) 	Elapsed: 0.097	Loglikelihood: -361519	(delta): 52227.1
2 (QN/Block) 	Elapsed: 0.097	Loglikelihood: -340796	(delta): 20723.5
3 (QN/Block) 	Elapsed: 0.102	Loglikelihood: -333026	(delta): 7770.18
4 (QN/Block) 	Elapsed: 0.102	Loglikelihood: -328371	(delta): 4654.88
5 (QN/Block) 	Elapsed: 0.103	Loglikelihood: -327055	(delta): 1315.84
6 (QN/Block) 	Elapsed: 0.105	Loglikelihood: -326854	(delta): 200.903
7 (QN/Block) 	Elapsed: 0.103	Loglikelihood: -326821	(delta): 32.8711
8 (QN/Block) 	Elapsed: 0.105	Loglikelihood: -326798	(delta): 22.849
9 (QN/Block) 	Elapsed: 0.104	Loglikelihood: -326796	(delta): 2.76055
10 (QN/Block) 	Elapsed: 0.104	Loglikelihood: -326795	(delta): 0.257117
11 (QN/Block) 	Elapsed: 0.103	Loglikelihood: -326795	(delta): 0.0780305
12 (QN/Block) 	Elapsed: 0.105	Loglikelihood: -326795	(delta): 0.0308449
13 (QN/Block) 	Elapsed: 0.102	Loglikelihood: -326795	(delta): 0.0162192
14 (QN/Block) 	Elapsed: 0.103	Loglikelihood: -326795	(delta): 0.00450664
15 (QN/Block) 	Elapsed: 0.103	Loglikelihood: -326795	(delta): 0.00361385
16 (QN/Block) 	Elapsed: 0.107	Loglikelihood: -326795	(delta): 0.000515482
17 (QN/Block) 	Elapsed: 0.102	Loglikelihood: -326795	(delta): 4.93124e-05
Summary: 
Converged in 17 iterations (1.967 sec)
Loglikelihood: -326795.299575
Fst divergences between estimated populations: 
	Pop0	Pop1	
Pop0	
Pop1	0.276	
Pop2	0.285	0.227	
CV error (K=3): 0.20323
Writing output files.
