****                   ADMIXTURE Version 1.3.0                  ****
****                    Copyright 2008-2015                     ****
****           David Alexander, Suyash Shringarpure,            ****
****                John  Novembre, Ken Lange                   ****
****                                                            ****
****                 Please cite our paper!                     ****
****   Information at www.genetics.ucla.edu/software/admixture  ****

Cross-validation will be performed.  Folds=5.
Parallel execution requested.  Will use 10 threads.
Random seed: 1722617323
Point estimation method: Block relaxation algorithm
Convergence acceleration algorithm: QuasiNewton, 3 secant conditions
Point estimation will terminate when objective function delta < 0.0001
Estimation of standard errors disabled; will compute point estimates only.
Size of G: 364x3412
Performing five EM steps to prime main algorithm
1 (EM) 	Elapsed: 0.079	Loglikelihood: -451742	(delta): 1.14895e+06
2 (EM) 	Elapsed: 0.076	Loglikelihood: -421635	(delta): 30107
3 (EM) 	Elapsed: 0.077	Loglikelihood: -416941	(delta): 4693.69
4 (EM) 	Elapsed: 0.076	Loglikelihood: -414351	(delta): 2589.55
5 (EM) 	Elapsed: 0.076	Loglikelihood: -412370	(delta): 1980.91
Initial loglikelihood: -412370
Starting main algorithm
1 (QN/Block) 	Elapsed: 0.223	Loglikelihood: -333757	(delta): 78613.5
2 (QN/Block) 	Elapsed: 0.219	Loglikelihood: -310228	(delta): 23528.6
3 (QN/Block) 	Elapsed: 0.224	Loglikelihood: -299487	(delta): 10741.5
4 (QN/Block) 	Elapsed: 0.222	Loglikelihood: -293179	(delta): 6307.45
5 (QN/Block) 	Elapsed: 0.226	Loglikelihood: -285266	(delta): 7913.5
6 (QN/Block) 	Elapsed: 0.223	Loglikelihood: -281894	(delta): 3372.08
7 (QN/Block) 	Elapsed: 0.223	Loglikelihood: -281107	(delta): 787.012
8 (QN/Block) 	Elapsed: 0.222	Loglikelihood: -280871	(delta): 236.181
9 (QN/Block) 	Elapsed: 0.23	Loglikelihood: -280826	(delta): 44.395
10 (QN/Block) 	Elapsed: 0.223	Loglikelihood: -280822	(delta): 3.85362
11 (QN/Block) 	Elapsed: 0.228	Loglikelihood: -280822	(delta): 0.530363
12 (QN/Block) 	Elapsed: 0.225	Loglikelihood: -280822	(delta): 0.0749281
13 (QN/Block) 	Elapsed: 0.227	Loglikelihood: -280822	(delta): 0.0442863
14 (QN/Block) 	Elapsed: 0.227	Loglikelihood: -280822	(delta): 0.0134443
15 (QN/Block) 	Elapsed: 0.226	Loglikelihood: -280822	(delta): 0.00686351
16 (QN/Block) 	Elapsed: 0.228	Loglikelihood: -280822	(delta): 0.003761
17 (QN/Block) 	Elapsed: 0.223	Loglikelihood: -280822	(delta): 0.00289045
18 (QN/Block) 	Elapsed: 0.229	Loglikelihood: -280822	(delta): 0.00137266
19 (QN/Block) 	Elapsed: 0.227	Loglikelihood: -280822	(delta): 0.000731192
20 (QN/Block) 	Elapsed: 0.229	Loglikelihood: -280822	(delta): 0.000268449
21 (QN/Block) 	Elapsed: 0.223	Loglikelihood: -280822	(delta): 1.16625e-05
Summary: 
Converged in 21 iterations (5.183 sec)
Loglikelihood: -280821.688036
Fst divergences between estimated populations: 
	Pop0	Pop1	Pop2	Pop3	Pop4	
Pop0	
Pop1	0.292	
Pop2	0.407	0.350	
Pop3	0.394	0.322	0.362	
Pop4	0.468	0.441	0.436	0.418	
Pop5	0.304	0.103	0.364	0.321	0.436	
CV error (K=6): 0.17020
Writing output files.
