Loading required package: sp
The legacy packages maptools, rgdal, and rgeos, underpinning this package
will retire shortly. Please refer to R-spatial evolution reports on
https://r-spatial.org/r/2023/05/15/evolution4.html for details.
This package is now running under evolution status 0 
terra 1.7.39
Loading required package: magrittr

Attaching package: ‘magrittr’

The following objects are masked from ‘package:terra’:

    extract, inset

The following object is masked from ‘package:raster’:

    extract

This is ENMeval version 2.0.4. 
For worked examples, please consult the vignette: <https://jamiemkass.github.io/ENMeval/articles/ENMeval-2.0-vignette.html>.
── Attaching core tidyverse packages ──────────────────────── tidyverse 2.0.0 ──
✔ dplyr     1.1.2     ✔ readr     2.1.4
✔ forcats   1.0.0     ✔ stringr   1.5.0
✔ ggplot2   3.4.2     ✔ tibble    3.2.1
✔ lubridate 1.9.2     ✔ tidyr     1.3.0
✔ purrr     1.0.1     
── Conflicts ────────────────────────────────────────── tidyverse_conflicts() ──
✖ tidyr::extract()   masks magrittr::extract(), terra::extract(), raster::extract()
✖ dplyr::filter()    masks stats::filter()
✖ magrittr::inset()  masks terra::inset()
✖ dplyr::lag()       masks stats::lag()
✖ dplyr::select()    masks raster::select()
✖ purrr::set_names() masks magrittr::set_names()
ℹ Use the conflicted package (<http://conflicted.r-lib.org/>) to force all conflicts to become errors
