PLINK v1.90b6.21 64-bit (19 Oct 2020)
Options in effect:
  --allow-extra-chr
  --bfile /home/gabe/qmac/analyses/ldprune_qc/it_filt
  --double-id
  --extract snps_for_newhybrids_alb_mue.txt
  --keep-fam inds_for_newhybrids_alb_mue.txt
  --out alb_mue_nhinput
  --recode 12
  --set-missing-var-ids @:#

Hostname: sassy-64
Working directory: /home/gabe/qmac/analyses/new_analyses/newhybrids
Start time: Wed Oct  2 22:00:52 2024

Random number seed: 1727924452
515586 MB RAM detected; reserving 257793 MB for main workspace.
84201 variants loaded from .bim file.
364 people (0 males, 0 females, 364 ambiguous) loaded from .fam.
Ambiguous sex IDs written to alb_mue_nhinput.nosex .
--extract: 200 variants remaining.
--keep-fam: 77 people remaining.
Using 1 thread (no multithreaded calculations invoked).
Before main variant filters, 77 founders and 0 nonfounders present.
Calculating allele frequencies... done.
Total genotyping rate in remaining samples is 0.908442.
200 variants and 77 people pass filters and QC.
Note: No phenotypes present.
--recode ped to alb_mue_nhinput.ped + alb_mue_nhinput.map ... done.

End time: Wed Oct  2 22:00:52 2024
