PLINK v1.90b6.21 64-bit (19 Oct 2020)
Options in effect:
  --allow-extra-chr
  --bfile /home/gabe/qmac/analyses/ldprune_qc/it_filt
  --double-id
  --extract snps_for_newhybrids_alb_bic.txt
  --keep-fam inds_for_newhybrids_alb_bic.txt
  --out alb_bic_nhinput
  --recode 12
  --set-missing-var-ids @:#

Hostname: sassy-64
Working directory: /home/gabe/qmac/analyses/new_analyses/newhybrids
Start time: Mon Sep 30 12:10:03 2024

Random number seed: 1727716203
515586 MB RAM detected; reserving 257793 MB for main workspace.
84201 variants loaded from .bim file.
364 people (0 males, 0 females, 364 ambiguous) loaded from .fam.
Ambiguous sex IDs written to alb_bic_nhinput.nosex .
--extract: 200 variants remaining.
--keep-fam: 84 people remaining.
Using 1 thread (no multithreaded calculations invoked).
Before main variant filters, 84 founders and 0 nonfounders present.
Calculating allele frequencies... done.
Total genotyping rate in remaining samples is 0.908155.
200 variants and 84 people pass filters and QC.
Note: No phenotypes present.
--recode ped to alb_bic_nhinput.ped + alb_bic_nhinput.map ... done.

End time: Mon Sep 30 12:10:03 2024
