PLINK v1.90b6.21 64-bit (19 Oct 2020)
Options in effect:
  --allow-extra-chr
  --bfile it_filt
  --double-id
  --freq
  --out it_filt
  --set-missing-var-ids @:#

Hostname: sassy-64
Working directory: /home/gabe/qmac/analyses/ldprune_qc
Start time: Mon Jul  8 10:47:27 2024

Random number seed: 1720453647
515586 MB RAM detected; reserving 257793 MB for main workspace.
84201 variants loaded from .bim file.
364 people (0 males, 0 females, 364 ambiguous) loaded from .fam.
Ambiguous sex IDs written to it_filt.nosex .
Using 1 thread (no multithreaded calculations invoked).
Before main variant filters, 364 founders and 0 nonfounders present.
Calculating allele frequencies... done.
Total genotyping rate is 0.92266.
--freq: Allele frequencies (founders only) written to it_filt.frq .

End time: Mon Jul  8 10:47:27 2024
