PLINK v1.90b6.21 64-bit (19 Oct 2020)
Options in effect:
  --allow-extra-chr
  --bfile prune_it_filt_50snps
  --double-id
  --freq
  --out prune_it_filt_50snps
  --set-missing-var-ids @:#

Hostname: sassy-64
Working directory: /home/gabe/qmac/analyses/ldprune_qc
Start time: Mon Jul  8 10:47:29 2024

Random number seed: 1720453649
515586 MB RAM detected; reserving 257793 MB for main workspace.
29178 variants loaded from .bim file.
364 people (0 males, 0 females, 364 ambiguous) loaded from .fam.
Ambiguous sex IDs written to prune_it_filt_50snps.nosex .
Using 1 thread (no multithreaded calculations invoked).
Before main variant filters, 364 founders and 0 nonfounders present.
Calculating allele frequencies... done.
Total genotyping rate is 0.921693.
--freq: Allele frequencies (founders only) written to prune_it_filt_50snps.frq
.

End time: Mon Jul  8 10:47:29 2024
