PLINK v1.90b6.21 64-bit (19 Oct 2020)
Options in effect:
  --allow-extra-chr
  --bfile prune_it_filt_500kb
  --double-id
  --freq
  --out prune_it_filt_500kb
  --set-missing-var-ids @:#

Hostname: sassy-64
Working directory: /home/gabe/qmac/analyses/ldprune_qc
Start time: Mon Jul  8 10:47:32 2024

Random number seed: 1720453652
515586 MB RAM detected; reserving 257793 MB for main workspace.
18188 variants loaded from .bim file.
364 people (0 males, 0 females, 364 ambiguous) loaded from .fam.
Ambiguous sex IDs written to prune_it_filt_500kb.nosex .
Using 1 thread (no multithreaded calculations invoked).
Before main variant filters, 364 founders and 0 nonfounders present.
Calculating allele frequencies... done.
Total genotyping rate is 0.916864.
--freq: Allele frequencies (founders only) written to prune_it_filt_500kb.frq .

End time: Mon Jul  8 10:47:32 2024
